CRITICAL - 2023-11-29 13:32:18 --> Call to undefined method App\Controllers\RequestController::respond()
in APPPATH\Controllers\RequestController.php on line 21.
 1 SYSTEMPATH\CodeIgniter.php(919): App\Controllers\RequestController->getReq()
 2 SYSTEMPATH\CodeIgniter.php(494): CodeIgniter\CodeIgniter->runController(Object(App\Controllers\RequestController))
 3 SYSTEMPATH\CodeIgniter.php(353): CodeIgniter\CodeIgniter->handleRequest(null, Object(Config\Cache), false)
 4 FCPATH\index.php(86): CodeIgniter\CodeIgniter->run()
CRITICAL - 2023-11-29 14:01:34 --> Call to undefined function App\Controllers\code_gen()
in APPPATH\Controllers\DatabasePPEController.php on line 30.
 1 SYSTEMPATH\CodeIgniter.php(919): App\Controllers\DatabasePPEController->save()
 2 SYSTEMPATH\CodeIgniter.php(494): CodeIgniter\CodeIgniter->runController(Object(App\Controllers\DatabasePPEController))
 3 SYSTEMPATH\CodeIgniter.php(353): CodeIgniter\CodeIgniter->handleRequest(null, Object(Config\Cache), false)
 4 FCPATH\index.php(86): CodeIgniter\CodeIgniter->run()
CRITICAL - 2023-11-29 14:01:58 --> Call to undefined function App\Controllers\code_gen()
in APPPATH\Controllers\DatabasePPEController.php on line 30.
 1 SYSTEMPATH\CodeIgniter.php(919): App\Controllers\DatabasePPEController->save()
 2 SYSTEMPATH\CodeIgniter.php(494): CodeIgniter\CodeIgniter->runController(Object(App\Controllers\DatabasePPEController))
 3 SYSTEMPATH\CodeIgniter.php(353): CodeIgniter\CodeIgniter->handleRequest(null, Object(Config\Cache), false)
 4 FCPATH\index.php(86): CodeIgniter\CodeIgniter->run()
CRITICAL - 2023-11-29 14:04:56 --> Call to undefined function App\Controllers\code_gen()
in APPPATH\Controllers\DatabasePPEController.php on line 30.
 1 SYSTEMPATH\CodeIgniter.php(919): App\Controllers\DatabasePPEController->save()
 2 SYSTEMPATH\CodeIgniter.php(494): CodeIgniter\CodeIgniter->runController(Object(App\Controllers\DatabasePPEController))
 3 SYSTEMPATH\CodeIgniter.php(353): CodeIgniter\CodeIgniter->handleRequest(null, Object(Config\Cache), false)
 4 FCPATH\index.php(86): CodeIgniter\CodeIgniter->run()
CRITICAL - 2023-11-29 14:06:04 --> Call to undefined function App\Controllers\code_gen()
in APPPATH\Controllers\DatabasePPEController.php on line 30.
 1 SYSTEMPATH\CodeIgniter.php(919): App\Controllers\DatabasePPEController->save()
 2 SYSTEMPATH\CodeIgniter.php(494): CodeIgniter\CodeIgniter->runController(Object(App\Controllers\DatabasePPEController))
 3 SYSTEMPATH\CodeIgniter.php(353): CodeIgniter\CodeIgniter->handleRequest(null, Object(Config\Cache), false)
 4 FCPATH\index.php(86): CodeIgniter\CodeIgniter->run()
CRITICAL - 2023-11-29 14:06:05 --> Call to undefined function App\Controllers\code_gen()
in APPPATH\Controllers\DatabasePPEController.php on line 30.
 1 SYSTEMPATH\CodeIgniter.php(919): App\Controllers\DatabasePPEController->save()
 2 SYSTEMPATH\CodeIgniter.php(494): CodeIgniter\CodeIgniter->runController(Object(App\Controllers\DatabasePPEController))
 3 SYSTEMPATH\CodeIgniter.php(353): CodeIgniter\CodeIgniter->handleRequest(null, Object(Config\Cache), false)
 4 FCPATH\index.php(86): CodeIgniter\CodeIgniter->run()
CRITICAL - 2023-11-29 14:06:05 --> Call to undefined function App\Controllers\code_gen()
in APPPATH\Controllers\DatabasePPEController.php on line 30.
 1 SYSTEMPATH\CodeIgniter.php(919): App\Controllers\DatabasePPEController->save()
 2 SYSTEMPATH\CodeIgniter.php(494): CodeIgniter\CodeIgniter->runController(Object(App\Controllers\DatabasePPEController))
 3 SYSTEMPATH\CodeIgniter.php(353): CodeIgniter\CodeIgniter->handleRequest(null, Object(Config\Cache), false)
 4 FCPATH\index.php(86): CodeIgniter\CodeIgniter->run()
CRITICAL - 2023-11-29 14:06:05 --> Call to undefined function App\Controllers\code_gen()
in APPPATH\Controllers\DatabasePPEController.php on line 30.
 1 SYSTEMPATH\CodeIgniter.php(919): App\Controllers\DatabasePPEController->save()
 2 SYSTEMPATH\CodeIgniter.php(494): CodeIgniter\CodeIgniter->runController(Object(App\Controllers\DatabasePPEController))
 3 SYSTEMPATH\CodeIgniter.php(353): CodeIgniter\CodeIgniter->handleRequest(null, Object(Config\Cache), false)
 4 FCPATH\index.php(86): CodeIgniter\CodeIgniter->run()
CRITICAL - 2023-11-29 14:06:05 --> Call to undefined function App\Controllers\code_gen()
in APPPATH\Controllers\DatabasePPEController.php on line 30.
 1 SYSTEMPATH\CodeIgniter.php(919): App\Controllers\DatabasePPEController->save()
 2 SYSTEMPATH\CodeIgniter.php(494): CodeIgniter\CodeIgniter->runController(Object(App\Controllers\DatabasePPEController))
 3 SYSTEMPATH\CodeIgniter.php(353): CodeIgniter\CodeIgniter->handleRequest(null, Object(Config\Cache), false)
 4 FCPATH\index.php(86): CodeIgniter\CodeIgniter->run()
CRITICAL - 2023-11-29 14:06:05 --> Call to undefined function App\Controllers\code_gen()
in APPPATH\Controllers\DatabasePPEController.php on line 30.
 1 SYSTEMPATH\CodeIgniter.php(919): App\Controllers\DatabasePPEController->save()
 2 SYSTEMPATH\CodeIgniter.php(494): CodeIgniter\CodeIgniter->runController(Object(App\Controllers\DatabasePPEController))
 3 SYSTEMPATH\CodeIgniter.php(353): CodeIgniter\CodeIgniter->handleRequest(null, Object(Config\Cache), false)
 4 FCPATH\index.php(86): CodeIgniter\CodeIgniter->run()
CRITICAL - 2023-11-29 14:06:05 --> Call to undefined function App\Controllers\code_gen()
in APPPATH\Controllers\DatabasePPEController.php on line 30.
 1 SYSTEMPATH\CodeIgniter.php(919): App\Controllers\DatabasePPEController->save()
 2 SYSTEMPATH\CodeIgniter.php(494): CodeIgniter\CodeIgniter->runController(Object(App\Controllers\DatabasePPEController))
 3 SYSTEMPATH\CodeIgniter.php(353): CodeIgniter\CodeIgniter->handleRequest(null, Object(Config\Cache), false)
 4 FCPATH\index.php(86): CodeIgniter\CodeIgniter->run()
CRITICAL - 2023-11-29 14:06:05 --> Call to undefined function App\Controllers\code_gen()
in APPPATH\Controllers\DatabasePPEController.php on line 30.
 1 SYSTEMPATH\CodeIgniter.php(919): App\Controllers\DatabasePPEController->save()
 2 SYSTEMPATH\CodeIgniter.php(494): CodeIgniter\CodeIgniter->runController(Object(App\Controllers\DatabasePPEController))
 3 SYSTEMPATH\CodeIgniter.php(353): CodeIgniter\CodeIgniter->handleRequest(null, Object(Config\Cache), false)
 4 FCPATH\index.php(86): CodeIgniter\CodeIgniter->run()
ERROR - 2023-11-29 15:07:32 --> mysqli_sql_exception: Cannot add or update a child row: a foreign key constraint fails (`dilg`.`databaseppe`, CONSTRAINT `fk_databaseppe_employee` FOREIGN KEY (`empfullname`) REFERENCES `employee` (`empfullname`) ON DELETE RESTRICT ON UPDATE RESTRICT) in C:\laragon\www\dilg\backend\system\Database\MySQLi\Connection.php:306
Stack trace:
#0 C:\laragon\www\dilg\backend\system\Database\MySQLi\Connection.php(306): mysqli->query('INSERT INTO `da...', 0)
#1 C:\laragon\www\dilg\backend\system\Database\BaseConnection.php(692): CodeIgniter\Database\MySQLi\Connection->execute('INSERT INTO `da...')
#2 C:\laragon\www\dilg\backend\system\Database\BaseConnection.php(606): CodeIgniter\Database\BaseConnection->simpleQuery('INSERT INTO `da...')
#3 C:\laragon\www\dilg\backend\system\Database\BaseBuilder.php(2308): CodeIgniter\Database\BaseConnection->query('INSERT INTO `da...', Array, false)
#4 C:\laragon\www\dilg\backend\system\Model.php(319): CodeIgniter\Database\BaseBuilder->insert()
#5 C:\laragon\www\dilg\backend\system\BaseModel.php(788): CodeIgniter\Model->doInsert(Array)
#6 C:\laragon\www\dilg\backend\system\Model.php(715): CodeIgniter\BaseModel->insert(Array, false)
#7 C:\laragon\www\dilg\backend\system\BaseModel.php(698): CodeIgniter\Model->insert(Array, false)
#8 C:\laragon\www\dilg\backend\app\Controllers\DatabasePPEController.php(40): CodeIgniter\BaseModel->save(Array)
#9 C:\laragon\www\dilg\backend\system\CodeIgniter.php(919): App\Controllers\DatabasePPEController->save()
#10 C:\laragon\www\dilg\backend\system\CodeIgniter.php(494): CodeIgniter\CodeIgniter->runController(Object(App\Controllers\DatabasePPEController))
#11 C:\laragon\www\dilg\backend\system\CodeIgniter.php(353): CodeIgniter\CodeIgniter->handleRequest(NULL, Object(Config\Cache), false)
#12 C:\laragon\www\dilg\backend\public\index.php(86): CodeIgniter\CodeIgniter->run()
#13 {main}
CRITICAL - 2023-11-29 15:07:32 --> Cannot add or update a child row: a foreign key constraint fails (`dilg`.`databaseppe`, CONSTRAINT `fk_databaseppe_employee` FOREIGN KEY (`empfullname`) REFERENCES `employee` (`empfullname`) ON DELETE RESTRICT ON UPDATE RESTRICT)
in SYSTEMPATH\Database\BaseConnection.php on line 646.
 1 SYSTEMPATH\Database\BaseBuilder.php(2308): CodeIgniter\Database\BaseConnection->query('INSERT INTO `databaseppe` (`entityname`, `particulars`, `classification`, `empfullname`, `code`) VALUES (:entityname:, :particulars:, :classification:, :empfullname:, :code:)', [...], false)
 2 SYSTEMPATH\Model.php(319): CodeIgniter\Database\BaseBuilder->insert()
 3 SYSTEMPATH\BaseModel.php(788): CodeIgniter\Model->doInsert([...])
 4 SYSTEMPATH\Model.php(715): CodeIgniter\BaseModel->insert([...], false)
 5 SYSTEMPATH\BaseModel.php(698): CodeIgniter\Model->insert([...], false)
 6 APPPATH\Controllers\DatabasePPEController.php(40): CodeIgniter\BaseModel->save([...])
 7 SYSTEMPATH\CodeIgniter.php(919): App\Controllers\DatabasePPEController->save()
 8 SYSTEMPATH\CodeIgniter.php(494): CodeIgniter\CodeIgniter->runController(Object(App\Controllers\DatabasePPEController))
 9 SYSTEMPATH\CodeIgniter.php(353): CodeIgniter\CodeIgniter->handleRequest(null, Object(Config\Cache), false)
10 FCPATH\index.php(86): CodeIgniter\CodeIgniter->run()
ERROR - 2023-11-29 15:07:34 --> mysqli_sql_exception: Cannot add or update a child row: a foreign key constraint fails (`dilg`.`databaseppe`, CONSTRAINT `fk_databaseppe_employee` FOREIGN KEY (`empfullname`) REFERENCES `employee` (`empfullname`) ON DELETE RESTRICT ON UPDATE RESTRICT) in C:\laragon\www\dilg\backend\system\Database\MySQLi\Connection.php:306
Stack trace:
#0 C:\laragon\www\dilg\backend\system\Database\MySQLi\Connection.php(306): mysqli->query('INSERT INTO `da...', 0)
#1 C:\laragon\www\dilg\backend\system\Database\BaseConnection.php(692): CodeIgniter\Database\MySQLi\Connection->execute('INSERT INTO `da...')
#2 C:\laragon\www\dilg\backend\system\Database\BaseConnection.php(606): CodeIgniter\Database\BaseConnection->simpleQuery('INSERT INTO `da...')
#3 C:\laragon\www\dilg\backend\system\Database\BaseBuilder.php(2308): CodeIgniter\Database\BaseConnection->query('INSERT INTO `da...', Array, false)
#4 C:\laragon\www\dilg\backend\system\Model.php(319): CodeIgniter\Database\BaseBuilder->insert()
#5 C:\laragon\www\dilg\backend\system\BaseModel.php(788): CodeIgniter\Model->doInsert(Array)
#6 C:\laragon\www\dilg\backend\system\Model.php(715): CodeIgniter\BaseModel->insert(Array, false)
#7 C:\laragon\www\dilg\backend\system\BaseModel.php(698): CodeIgniter\Model->insert(Array, false)
#8 C:\laragon\www\dilg\backend\app\Controllers\DatabasePPEController.php(40): CodeIgniter\BaseModel->save(Array)
#9 C:\laragon\www\dilg\backend\system\CodeIgniter.php(919): App\Controllers\DatabasePPEController->save()
#10 C:\laragon\www\dilg\backend\system\CodeIgniter.php(494): CodeIgniter\CodeIgniter->runController(Object(App\Controllers\DatabasePPEController))
#11 C:\laragon\www\dilg\backend\system\CodeIgniter.php(353): CodeIgniter\CodeIgniter->handleRequest(NULL, Object(Config\Cache), false)
#12 C:\laragon\www\dilg\backend\public\index.php(86): CodeIgniter\CodeIgniter->run()
#13 {main}
CRITICAL - 2023-11-29 15:07:34 --> Cannot add or update a child row: a foreign key constraint fails (`dilg`.`databaseppe`, CONSTRAINT `fk_databaseppe_employee` FOREIGN KEY (`empfullname`) REFERENCES `employee` (`empfullname`) ON DELETE RESTRICT ON UPDATE RESTRICT)
in SYSTEMPATH\Database\BaseConnection.php on line 646.
 1 SYSTEMPATH\Database\BaseBuilder.php(2308): CodeIgniter\Database\BaseConnection->query('INSERT INTO `databaseppe` (`entityname`, `particulars`, `classification`, `empfullname`, `code`) VALUES (:entityname:, :particulars:, :classification:, :empfullname:, :code:)', [...], false)
 2 SYSTEMPATH\Model.php(319): CodeIgniter\Database\BaseBuilder->insert()
 3 SYSTEMPATH\BaseModel.php(788): CodeIgniter\Model->doInsert([...])
 4 SYSTEMPATH\Model.php(715): CodeIgniter\BaseModel->insert([...], false)
 5 SYSTEMPATH\BaseModel.php(698): CodeIgniter\Model->insert([...], false)
 6 APPPATH\Controllers\DatabasePPEController.php(40): CodeIgniter\BaseModel->save([...])
 7 SYSTEMPATH\CodeIgniter.php(919): App\Controllers\DatabasePPEController->save()
 8 SYSTEMPATH\CodeIgniter.php(494): CodeIgniter\CodeIgniter->runController(Object(App\Controllers\DatabasePPEController))
 9 SYSTEMPATH\CodeIgniter.php(353): CodeIgniter\CodeIgniter->handleRequest(null, Object(Config\Cache), false)
10 FCPATH\index.php(86): CodeIgniter\CodeIgniter->run()
ERROR - 2023-11-29 15:16:28 --> mysqli_sql_exception: Cannot add or update a child row: a foreign key constraint fails (`dilg`.`databaseppe`, CONSTRAINT `fk_databaseppe_employee` FOREIGN KEY (`empfullname`) REFERENCES `employee` (`empfullname`) ON DELETE RESTRICT ON UPDATE RESTRICT) in C:\laragon\www\dilg\backend\system\Database\MySQLi\Connection.php:306
Stack trace:
#0 C:\laragon\www\dilg\backend\system\Database\MySQLi\Connection.php(306): mysqli->query('INSERT INTO `da...', 0)
#1 C:\laragon\www\dilg\backend\system\Database\BaseConnection.php(692): CodeIgniter\Database\MySQLi\Connection->execute('INSERT INTO `da...')
#2 C:\laragon\www\dilg\backend\system\Database\BaseConnection.php(606): CodeIgniter\Database\BaseConnection->simpleQuery('INSERT INTO `da...')
#3 C:\laragon\www\dilg\backend\system\Database\BaseBuilder.php(2308): CodeIgniter\Database\BaseConnection->query('INSERT INTO `da...', Array, false)
#4 C:\laragon\www\dilg\backend\system\Model.php(319): CodeIgniter\Database\BaseBuilder->insert()
#5 C:\laragon\www\dilg\backend\system\BaseModel.php(788): CodeIgniter\Model->doInsert(Array)
#6 C:\laragon\www\dilg\backend\system\Model.php(715): CodeIgniter\BaseModel->insert(Array, false)
#7 C:\laragon\www\dilg\backend\system\BaseModel.php(698): CodeIgniter\Model->insert(Array, false)
#8 C:\laragon\www\dilg\backend\app\Controllers\DatabasePPEController.php(40): CodeIgniter\BaseModel->save(Array)
#9 C:\laragon\www\dilg\backend\system\CodeIgniter.php(919): App\Controllers\DatabasePPEController->save()
#10 C:\laragon\www\dilg\backend\system\CodeIgniter.php(494): CodeIgniter\CodeIgniter->runController(Object(App\Controllers\DatabasePPEController))
#11 C:\laragon\www\dilg\backend\system\CodeIgniter.php(353): CodeIgniter\CodeIgniter->handleRequest(NULL, Object(Config\Cache), false)
#12 C:\laragon\www\dilg\backend\public\index.php(86): CodeIgniter\CodeIgniter->run()
#13 {main}
CRITICAL - 2023-11-29 15:16:28 --> Cannot add or update a child row: a foreign key constraint fails (`dilg`.`databaseppe`, CONSTRAINT `fk_databaseppe_employee` FOREIGN KEY (`empfullname`) REFERENCES `employee` (`empfullname`) ON DELETE RESTRICT ON UPDATE RESTRICT)
in SYSTEMPATH\Database\BaseConnection.php on line 646.
 1 SYSTEMPATH\Database\BaseBuilder.php(2308): CodeIgniter\Database\BaseConnection->query('INSERT INTO `databaseppe` (`entityname`, `particulars`, `classification`, `empfullname`, `code`) VALUES (:entityname:, :particulars:, :classification:, :empfullname:, :code:)', [...], false)
 2 SYSTEMPATH\Model.php(319): CodeIgniter\Database\BaseBuilder->insert()
 3 SYSTEMPATH\BaseModel.php(788): CodeIgniter\Model->doInsert([...])
 4 SYSTEMPATH\Model.php(715): CodeIgniter\BaseModel->insert([...], false)
 5 SYSTEMPATH\BaseModel.php(698): CodeIgniter\Model->insert([...], false)
 6 APPPATH\Controllers\DatabasePPEController.php(40): CodeIgniter\BaseModel->save([...])
 7 SYSTEMPATH\CodeIgniter.php(919): App\Controllers\DatabasePPEController->save()
 8 SYSTEMPATH\CodeIgniter.php(494): CodeIgniter\CodeIgniter->runController(Object(App\Controllers\DatabasePPEController))
 9 SYSTEMPATH\CodeIgniter.php(353): CodeIgniter\CodeIgniter->handleRequest(null, Object(Config\Cache), false)
10 FCPATH\index.php(86): CodeIgniter\CodeIgniter->run()
CRITICAL - 2023-11-29 15:17:41 --> Undefined property: stdClass::$empfullname
in APPPATH\Controllers\DatabasePPEController.php on line 36.
 1 APPPATH\Controllers\DatabasePPEController.php(36): CodeIgniter\Debug\Exceptions->errorHandler(2, 'Undefined property: stdClass::$empfullname', 'C:\\laragon\\www\\dilg\\backend\\app\\Controllers\\DatabasePPEController.php', 36)
 2 SYSTEMPATH\CodeIgniter.php(919): App\Controllers\DatabasePPEController->save()
 3 SYSTEMPATH\CodeIgniter.php(494): CodeIgniter\CodeIgniter->runController(Object(App\Controllers\DatabasePPEController))
 4 SYSTEMPATH\CodeIgniter.php(353): CodeIgniter\CodeIgniter->handleRequest(null, Object(Config\Cache), false)
 5 FCPATH\index.php(86): CodeIgniter\CodeIgniter->run()
CRITICAL - 2023-11-29 15:19:19 --> Undefined property: stdClass::$empfullname
in APPPATH\Controllers\DatabasePPEController.php on line 36.
 1 APPPATH\Controllers\DatabasePPEController.php(36): CodeIgniter\Debug\Exceptions->errorHandler(2, 'Undefined property: stdClass::$empfullname', 'C:\\laragon\\www\\dilg\\backend\\app\\Controllers\\DatabasePPEController.php', 36)
 2 SYSTEMPATH\CodeIgniter.php(919): App\Controllers\DatabasePPEController->save()
 3 SYSTEMPATH\CodeIgniter.php(494): CodeIgniter\CodeIgniter->runController(Object(App\Controllers\DatabasePPEController))
 4 SYSTEMPATH\CodeIgniter.php(353): CodeIgniter\CodeIgniter->handleRequest(null, Object(Config\Cache), false)
 5 FCPATH\index.php(86): CodeIgniter\CodeIgniter->run()
CRITICAL - 2023-11-29 15:19:20 --> Undefined property: stdClass::$empfullname
in APPPATH\Controllers\DatabasePPEController.php on line 36.
 1 APPPATH\Controllers\DatabasePPEController.php(36): CodeIgniter\Debug\Exceptions->errorHandler(2, 'Undefined property: stdClass::$empfullname', 'C:\\laragon\\www\\dilg\\backend\\app\\Controllers\\DatabasePPEController.php', 36)
 2 SYSTEMPATH\CodeIgniter.php(919): App\Controllers\DatabasePPEController->save()
 3 SYSTEMPATH\CodeIgniter.php(494): CodeIgniter\CodeIgniter->runController(Object(App\Controllers\DatabasePPEController))
 4 SYSTEMPATH\CodeIgniter.php(353): CodeIgniter\CodeIgniter->handleRequest(null, Object(Config\Cache), false)
 5 FCPATH\index.php(86): CodeIgniter\CodeIgniter->run()
CRITICAL - 2023-11-29 15:19:20 --> Undefined property: stdClass::$empfullname
in APPPATH\Controllers\DatabasePPEController.php on line 36.
 1 APPPATH\Controllers\DatabasePPEController.php(36): CodeIgniter\Debug\Exceptions->errorHandler(2, 'Undefined property: stdClass::$empfullname', 'C:\\laragon\\www\\dilg\\backend\\app\\Controllers\\DatabasePPEController.php', 36)
 2 SYSTEMPATH\CodeIgniter.php(919): App\Controllers\DatabasePPEController->save()
 3 SYSTEMPATH\CodeIgniter.php(494): CodeIgniter\CodeIgniter->runController(Object(App\Controllers\DatabasePPEController))
 4 SYSTEMPATH\CodeIgniter.php(353): CodeIgniter\CodeIgniter->handleRequest(null, Object(Config\Cache), false)
 5 FCPATH\index.php(86): CodeIgniter\CodeIgniter->run()
CRITICAL - 2023-11-29 15:19:20 --> Undefined property: stdClass::$empfullname
in APPPATH\Controllers\DatabasePPEController.php on line 36.
 1 APPPATH\Controllers\DatabasePPEController.php(36): CodeIgniter\Debug\Exceptions->errorHandler(2, 'Undefined property: stdClass::$empfullname', 'C:\\laragon\\www\\dilg\\backend\\app\\Controllers\\DatabasePPEController.php', 36)
 2 SYSTEMPATH\CodeIgniter.php(919): App\Controllers\DatabasePPEController->save()
 3 SYSTEMPATH\CodeIgniter.php(494): CodeIgniter\CodeIgniter->runController(Object(App\Controllers\DatabasePPEController))
 4 SYSTEMPATH\CodeIgniter.php(353): CodeIgniter\CodeIgniter->handleRequest(null, Object(Config\Cache), false)
 5 FCPATH\index.php(86): CodeIgniter\CodeIgniter->run()
CRITICAL - 2023-11-29 15:21:57 --> Call to undefined method App\Controllers\RequestController::respond()
in APPPATH\Controllers\RequestController.php on line 21.
 1 SYSTEMPATH\CodeIgniter.php(919): App\Controllers\RequestController->getReq()
 2 SYSTEMPATH\CodeIgniter.php(494): CodeIgniter\CodeIgniter->runController(Object(App\Controllers\RequestController))
 3 SYSTEMPATH\CodeIgniter.php(353): CodeIgniter\CodeIgniter->handleRequest(null, Object(Config\Cache), false)
 4 FCPATH\index.php(86): CodeIgniter\CodeIgniter->run()
CRITICAL - 2023-11-29 15:22:12 --> Call to undefined method App\Controllers\RequestController::respond()
in APPPATH\Controllers\RequestController.php on line 21.
 1 SYSTEMPATH\CodeIgniter.php(919): App\Controllers\RequestController->getReq()
 2 SYSTEMPATH\CodeIgniter.php(494): CodeIgniter\CodeIgniter->runController(Object(App\Controllers\RequestController))
 3 SYSTEMPATH\CodeIgniter.php(353): CodeIgniter\CodeIgniter->handleRequest(null, Object(Config\Cache), false)
 4 FCPATH\index.php(86): CodeIgniter\CodeIgniter->run()
CRITICAL - 2023-11-29 15:22:55 --> Undefined property: stdClass::$empfullname
in APPPATH\Controllers\DatabasePPEController.php on line 36.
 1 APPPATH\Controllers\DatabasePPEController.php(36): CodeIgniter\Debug\Exceptions->errorHandler(2, 'Undefined property: stdClass::$empfullname', 'C:\\laragon\\www\\dilg\\backend\\app\\Controllers\\DatabasePPEController.php', 36)
 2 SYSTEMPATH\CodeIgniter.php(919): App\Controllers\DatabasePPEController->save()
 3 SYSTEMPATH\CodeIgniter.php(494): CodeIgniter\CodeIgniter->runController(Object(App\Controllers\DatabasePPEController))
 4 SYSTEMPATH\CodeIgniter.php(353): CodeIgniter\CodeIgniter->handleRequest(null, Object(Config\Cache), false)
 5 FCPATH\index.php(86): CodeIgniter\CodeIgniter->run()
CRITICAL - 2023-11-29 15:32:01 --> Undefined property: stdClass::$empfullname
in APPPATH\Controllers\DatabasePPEController.php on line 36.
 1 APPPATH\Controllers\DatabasePPEController.php(36): CodeIgniter\Debug\Exceptions->errorHandler(2, 'Undefined property: stdClass::$empfullname', 'C:\\laragon\\www\\dilg\\backend\\app\\Controllers\\DatabasePPEController.php', 36)
 2 SYSTEMPATH\CodeIgniter.php(919): App\Controllers\DatabasePPEController->save()
 3 SYSTEMPATH\CodeIgniter.php(494): CodeIgniter\CodeIgniter->runController(Object(App\Controllers\DatabasePPEController))
 4 SYSTEMPATH\CodeIgniter.php(353): CodeIgniter\CodeIgniter->handleRequest(null, Object(Config\Cache), false)
 5 FCPATH\index.php(86): CodeIgniter\CodeIgniter->run()
CRITICAL - 2023-11-29 15:32:02 --> Undefined property: stdClass::$empfullname
in APPPATH\Controllers\DatabasePPEController.php on line 36.
 1 APPPATH\Controllers\DatabasePPEController.php(36): CodeIgniter\Debug\Exceptions->errorHandler(2, 'Undefined property: stdClass::$empfullname', 'C:\\laragon\\www\\dilg\\backend\\app\\Controllers\\DatabasePPEController.php', 36)
 2 SYSTEMPATH\CodeIgniter.php(919): App\Controllers\DatabasePPEController->save()
 3 SYSTEMPATH\CodeIgniter.php(494): CodeIgniter\CodeIgniter->runController(Object(App\Controllers\DatabasePPEController))
 4 SYSTEMPATH\CodeIgniter.php(353): CodeIgniter\CodeIgniter->handleRequest(null, Object(Config\Cache), false)
 5 FCPATH\index.php(86): CodeIgniter\CodeIgniter->run()
CRITICAL - 2023-11-29 15:32:02 --> Undefined property: stdClass::$empfullname
in APPPATH\Controllers\DatabasePPEController.php on line 36.
 1 APPPATH\Controllers\DatabasePPEController.php(36): CodeIgniter\Debug\Exceptions->errorHandler(2, 'Undefined property: stdClass::$empfullname', 'C:\\laragon\\www\\dilg\\backend\\app\\Controllers\\DatabasePPEController.php', 36)
 2 SYSTEMPATH\CodeIgniter.php(919): App\Controllers\DatabasePPEController->save()
 3 SYSTEMPATH\CodeIgniter.php(494): CodeIgniter\CodeIgniter->runController(Object(App\Controllers\DatabasePPEController))
 4 SYSTEMPATH\CodeIgniter.php(353): CodeIgniter\CodeIgniter->handleRequest(null, Object(Config\Cache), false)
 5 FCPATH\index.php(86): CodeIgniter\CodeIgniter->run()
CRITICAL - 2023-11-29 15:32:02 --> Undefined property: stdClass::$empfullname
in APPPATH\Controllers\DatabasePPEController.php on line 36.
 1 APPPATH\Controllers\DatabasePPEController.php(36): CodeIgniter\Debug\Exceptions->errorHandler(2, 'Undefined property: stdClass::$empfullname', 'C:\\laragon\\www\\dilg\\backend\\app\\Controllers\\DatabasePPEController.php', 36)
 2 SYSTEMPATH\CodeIgniter.php(919): App\Controllers\DatabasePPEController->save()
 3 SYSTEMPATH\CodeIgniter.php(494): CodeIgniter\CodeIgniter->runController(Object(App\Controllers\DatabasePPEController))
 4 SYSTEMPATH\CodeIgniter.php(353): CodeIgniter\CodeIgniter->handleRequest(null, Object(Config\Cache), false)
 5 FCPATH\index.php(86): CodeIgniter\CodeIgniter->run()
CRITICAL - 2023-11-29 15:32:19 --> Undefined property: stdClass::$empfullname
in APPPATH\Controllers\DatabasePPEController.php on line 36.
 1 APPPATH\Controllers\DatabasePPEController.php(36): CodeIgniter\Debug\Exceptions->errorHandler(2, 'Undefined property: stdClass::$empfullname', 'C:\\laragon\\www\\dilg\\backend\\app\\Controllers\\DatabasePPEController.php', 36)
 2 SYSTEMPATH\CodeIgniter.php(919): App\Controllers\DatabasePPEController->save()
 3 SYSTEMPATH\CodeIgniter.php(494): CodeIgniter\CodeIgniter->runController(Object(App\Controllers\DatabasePPEController))
 4 SYSTEMPATH\CodeIgniter.php(353): CodeIgniter\CodeIgniter->handleRequest(null, Object(Config\Cache), false)
 5 FCPATH\index.php(86): CodeIgniter\CodeIgniter->run()
ERROR - 2023-11-29 15:32:35 --> mysqli_sql_exception: Cannot add or update a child row: a foreign key constraint fails (`dilg`.`databaseppe`, CONSTRAINT `fk_databaseppe_employee` FOREIGN KEY (`empfullname`) REFERENCES `employee` (`empfullname`) ON DELETE RESTRICT ON UPDATE RESTRICT) in C:\laragon\www\dilg\backend\system\Database\MySQLi\Connection.php:306
Stack trace:
#0 C:\laragon\www\dilg\backend\system\Database\MySQLi\Connection.php(306): mysqli->query('INSERT INTO `da...', 0)
#1 C:\laragon\www\dilg\backend\system\Database\BaseConnection.php(692): CodeIgniter\Database\MySQLi\Connection->execute('INSERT INTO `da...')
#2 C:\laragon\www\dilg\backend\system\Database\BaseConnection.php(606): CodeIgniter\Database\BaseConnection->simpleQuery('INSERT INTO `da...')
#3 C:\laragon\www\dilg\backend\system\Database\BaseBuilder.php(2308): CodeIgniter\Database\BaseConnection->query('INSERT INTO `da...', Array, false)
#4 C:\laragon\www\dilg\backend\system\Model.php(319): CodeIgniter\Database\BaseBuilder->insert()
#5 C:\laragon\www\dilg\backend\system\BaseModel.php(788): CodeIgniter\Model->doInsert(Array)
#6 C:\laragon\www\dilg\backend\system\Model.php(715): CodeIgniter\BaseModel->insert(Array, false)
#7 C:\laragon\www\dilg\backend\system\BaseModel.php(698): CodeIgniter\Model->insert(Array, false)
#8 C:\laragon\www\dilg\backend\app\Controllers\DatabasePPEController.php(40): CodeIgniter\BaseModel->save(Array)
#9 C:\laragon\www\dilg\backend\system\CodeIgniter.php(919): App\Controllers\DatabasePPEController->save()
#10 C:\laragon\www\dilg\backend\system\CodeIgniter.php(494): CodeIgniter\CodeIgniter->runController(Object(App\Controllers\DatabasePPEController))
#11 C:\laragon\www\dilg\backend\system\CodeIgniter.php(353): CodeIgniter\CodeIgniter->handleRequest(NULL, Object(Config\Cache), false)
#12 C:\laragon\www\dilg\backend\public\index.php(86): CodeIgniter\CodeIgniter->run()
#13 {main}
CRITICAL - 2023-11-29 15:32:35 --> Cannot add or update a child row: a foreign key constraint fails (`dilg`.`databaseppe`, CONSTRAINT `fk_databaseppe_employee` FOREIGN KEY (`empfullname`) REFERENCES `employee` (`empfullname`) ON DELETE RESTRICT ON UPDATE RESTRICT)
in SYSTEMPATH\Database\BaseConnection.php on line 646.
 1 SYSTEMPATH\Database\BaseBuilder.php(2308): CodeIgniter\Database\BaseConnection->query('INSERT INTO `databaseppe` (`entityname`, `particulars`, `classification`, `empfullname`, `code`) VALUES (:entityname:, :particulars:, :classification:, :empfullname:, :code:)', [...], false)
 2 SYSTEMPATH\Model.php(319): CodeIgniter\Database\BaseBuilder->insert()
 3 SYSTEMPATH\BaseModel.php(788): CodeIgniter\Model->doInsert([...])
 4 SYSTEMPATH\Model.php(715): CodeIgniter\BaseModel->insert([...], false)
 5 SYSTEMPATH\BaseModel.php(698): CodeIgniter\Model->insert([...], false)
 6 APPPATH\Controllers\DatabasePPEController.php(40): CodeIgniter\BaseModel->save([...])
 7 SYSTEMPATH\CodeIgniter.php(919): App\Controllers\DatabasePPEController->save()
 8 SYSTEMPATH\CodeIgniter.php(494): CodeIgniter\CodeIgniter->runController(Object(App\Controllers\DatabasePPEController))
 9 SYSTEMPATH\CodeIgniter.php(353): CodeIgniter\CodeIgniter->handleRequest(null, Object(Config\Cache), false)
10 FCPATH\index.php(86): CodeIgniter\CodeIgniter->run()
ERROR - 2023-11-29 15:33:25 --> mysqli_sql_exception: Cannot add or update a child row: a foreign key constraint fails (`dilg`.`databaseppe`, CONSTRAINT `fk_databaseppe_employee` FOREIGN KEY (`empfullname`) REFERENCES `employee` (`empfullname`) ON DELETE RESTRICT ON UPDATE RESTRICT) in C:\laragon\www\dilg\backend\system\Database\MySQLi\Connection.php:306
Stack trace:
#0 C:\laragon\www\dilg\backend\system\Database\MySQLi\Connection.php(306): mysqli->query('INSERT INTO `da...', 0)
#1 C:\laragon\www\dilg\backend\system\Database\BaseConnection.php(692): CodeIgniter\Database\MySQLi\Connection->execute('INSERT INTO `da...')
#2 C:\laragon\www\dilg\backend\system\Database\BaseConnection.php(606): CodeIgniter\Database\BaseConnection->simpleQuery('INSERT INTO `da...')
#3 C:\laragon\www\dilg\backend\system\Database\BaseBuilder.php(2308): CodeIgniter\Database\BaseConnection->query('INSERT INTO `da...', Array, false)
#4 C:\laragon\www\dilg\backend\system\Model.php(319): CodeIgniter\Database\BaseBuilder->insert()
#5 C:\laragon\www\dilg\backend\system\BaseModel.php(788): CodeIgniter\Model->doInsert(Array)
#6 C:\laragon\www\dilg\backend\system\Model.php(715): CodeIgniter\BaseModel->insert(Array, false)
#7 C:\laragon\www\dilg\backend\system\BaseModel.php(698): CodeIgniter\Model->insert(Array, false)
#8 C:\laragon\www\dilg\backend\app\Controllers\DatabasePPEController.php(40): CodeIgniter\BaseModel->save(Array)
#9 C:\laragon\www\dilg\backend\system\CodeIgniter.php(919): App\Controllers\DatabasePPEController->save()
#10 C:\laragon\www\dilg\backend\system\CodeIgniter.php(494): CodeIgniter\CodeIgniter->runController(Object(App\Controllers\DatabasePPEController))
#11 C:\laragon\www\dilg\backend\system\CodeIgniter.php(353): CodeIgniter\CodeIgniter->handleRequest(NULL, Object(Config\Cache), false)
#12 C:\laragon\www\dilg\backend\public\index.php(86): CodeIgniter\CodeIgniter->run()
#13 {main}
CRITICAL - 2023-11-29 15:33:25 --> Cannot add or update a child row: a foreign key constraint fails (`dilg`.`databaseppe`, CONSTRAINT `fk_databaseppe_employee` FOREIGN KEY (`empfullname`) REFERENCES `employee` (`empfullname`) ON DELETE RESTRICT ON UPDATE RESTRICT)
in SYSTEMPATH\Database\BaseConnection.php on line 646.
 1 SYSTEMPATH\Database\BaseBuilder.php(2308): CodeIgniter\Database\BaseConnection->query('INSERT INTO `databaseppe` (`entityname`, `particulars`, `classification`, `empfullname`, `code`) VALUES (:entityname:, :particulars:, :classification:, :empfullname:, :code:)', [...], false)
 2 SYSTEMPATH\Model.php(319): CodeIgniter\Database\BaseBuilder->insert()
 3 SYSTEMPATH\BaseModel.php(788): CodeIgniter\Model->doInsert([...])
 4 SYSTEMPATH\Model.php(715): CodeIgniter\BaseModel->insert([...], false)
 5 SYSTEMPATH\BaseModel.php(698): CodeIgniter\Model->insert([...], false)
 6 APPPATH\Controllers\DatabasePPEController.php(40): CodeIgniter\BaseModel->save([...])
 7 SYSTEMPATH\CodeIgniter.php(919): App\Controllers\DatabasePPEController->save()
 8 SYSTEMPATH\CodeIgniter.php(494): CodeIgniter\CodeIgniter->runController(Object(App\Controllers\DatabasePPEController))
 9 SYSTEMPATH\CodeIgniter.php(353): CodeIgniter\CodeIgniter->handleRequest(null, Object(Config\Cache), false)
10 FCPATH\index.php(86): CodeIgniter\CodeIgniter->run()
CRITICAL - 2023-11-29 15:33:28 --> Undefined property: stdClass::$empfullname
in APPPATH\Controllers\DatabasePPEController.php on line 36.
 1 APPPATH\Controllers\DatabasePPEController.php(36): CodeIgniter\Debug\Exceptions->errorHandler(2, 'Undefined property: stdClass::$empfullname', 'C:\\laragon\\www\\dilg\\backend\\app\\Controllers\\DatabasePPEController.php', 36)
 2 SYSTEMPATH\CodeIgniter.php(919): App\Controllers\DatabasePPEController->save()
 3 SYSTEMPATH\CodeIgniter.php(494): CodeIgniter\CodeIgniter->runController(Object(App\Controllers\DatabasePPEController))
 4 SYSTEMPATH\CodeIgniter.php(353): CodeIgniter\CodeIgniter->handleRequest(null, Object(Config\Cache), false)
 5 FCPATH\index.php(86): CodeIgniter\CodeIgniter->run()
CRITICAL - 2023-11-29 15:43:46 --> Undefined property: stdClass::$empfullname
in APPPATH\Controllers\DatabasePPEController.php on line 36.
 1 APPPATH\Controllers\DatabasePPEController.php(36): CodeIgniter\Debug\Exceptions->errorHandler(2, 'Undefined property: stdClass::$empfullname', 'C:\\laragon\\www\\dilg\\backend\\app\\Controllers\\DatabasePPEController.php', 36)
 2 SYSTEMPATH\CodeIgniter.php(919): App\Controllers\DatabasePPEController->save()
 3 SYSTEMPATH\CodeIgniter.php(494): CodeIgniter\CodeIgniter->runController(Object(App\Controllers\DatabasePPEController))
 4 SYSTEMPATH\CodeIgniter.php(353): CodeIgniter\CodeIgniter->handleRequest(null, Object(Config\Cache), false)
 5 FCPATH\index.php(86): CodeIgniter\CodeIgniter->run()
CRITICAL - 2023-11-29 15:44:59 --> Undefined property: stdClass::$empfullname
in APPPATH\Controllers\DatabasePPEController.php on line 36.
 1 APPPATH\Controllers\DatabasePPEController.php(36): CodeIgniter\Debug\Exceptions->errorHandler(2, 'Undefined property: stdClass::$empfullname', 'C:\\laragon\\www\\dilg\\backend\\app\\Controllers\\DatabasePPEController.php', 36)
 2 SYSTEMPATH\CodeIgniter.php(919): App\Controllers\DatabasePPEController->save()
 3 SYSTEMPATH\CodeIgniter.php(494): CodeIgniter\CodeIgniter->runController(Object(App\Controllers\DatabasePPEController))
 4 SYSTEMPATH\CodeIgniter.php(353): CodeIgniter\CodeIgniter->handleRequest(null, Object(Config\Cache), false)
 5 FCPATH\index.php(86): CodeIgniter\CodeIgniter->run()
CRITICAL - 2023-11-29 15:44:59 --> Undefined property: stdClass::$empfullname
in APPPATH\Controllers\DatabasePPEController.php on line 36.
 1 APPPATH\Controllers\DatabasePPEController.php(36): CodeIgniter\Debug\Exceptions->errorHandler(2, 'Undefined property: stdClass::$empfullname', 'C:\\laragon\\www\\dilg\\backend\\app\\Controllers\\DatabasePPEController.php', 36)
 2 SYSTEMPATH\CodeIgniter.php(919): App\Controllers\DatabasePPEController->save()
 3 SYSTEMPATH\CodeIgniter.php(494): CodeIgniter\CodeIgniter->runController(Object(App\Controllers\DatabasePPEController))
 4 SYSTEMPATH\CodeIgniter.php(353): CodeIgniter\CodeIgniter->handleRequest(null, Object(Config\Cache), false)
 5 FCPATH\index.php(86): CodeIgniter\CodeIgniter->run()
CRITICAL - 2023-11-29 15:44:59 --> Undefined property: stdClass::$empfullname
in APPPATH\Controllers\DatabasePPEController.php on line 36.
 1 APPPATH\Controllers\DatabasePPEController.php(36): CodeIgniter\Debug\Exceptions->errorHandler(2, 'Undefined property: stdClass::$empfullname', 'C:\\laragon\\www\\dilg\\backend\\app\\Controllers\\DatabasePPEController.php', 36)
 2 SYSTEMPATH\CodeIgniter.php(919): App\Controllers\DatabasePPEController->save()
 3 SYSTEMPATH\CodeIgniter.php(494): CodeIgniter\CodeIgniter->runController(Object(App\Controllers\DatabasePPEController))
 4 SYSTEMPATH\CodeIgniter.php(353): CodeIgniter\CodeIgniter->handleRequest(null, Object(Config\Cache), false)
 5 FCPATH\index.php(86): CodeIgniter\CodeIgniter->run()
CRITICAL - 2023-11-29 15:44:59 --> Undefined property: stdClass::$empfullname
in APPPATH\Controllers\DatabasePPEController.php on line 36.
 1 APPPATH\Controllers\DatabasePPEController.php(36): CodeIgniter\Debug\Exceptions->errorHandler(2, 'Undefined property: stdClass::$empfullname', 'C:\\laragon\\www\\dilg\\backend\\app\\Controllers\\DatabasePPEController.php', 36)
 2 SYSTEMPATH\CodeIgniter.php(919): App\Controllers\DatabasePPEController->save()
 3 SYSTEMPATH\CodeIgniter.php(494): CodeIgniter\CodeIgniter->runController(Object(App\Controllers\DatabasePPEController))
 4 SYSTEMPATH\CodeIgniter.php(353): CodeIgniter\CodeIgniter->handleRequest(null, Object(Config\Cache), false)
 5 FCPATH\index.php(86): CodeIgniter\CodeIgniter->run()
CRITICAL - 2023-11-29 15:44:59 --> Undefined property: stdClass::$empfullname
in APPPATH\Controllers\DatabasePPEController.php on line 36.
 1 APPPATH\Controllers\DatabasePPEController.php(36): CodeIgniter\Debug\Exceptions->errorHandler(2, 'Undefined property: stdClass::$empfullname', 'C:\\laragon\\www\\dilg\\backend\\app\\Controllers\\DatabasePPEController.php', 36)
 2 SYSTEMPATH\CodeIgniter.php(919): App\Controllers\DatabasePPEController->save()
 3 SYSTEMPATH\CodeIgniter.php(494): CodeIgniter\CodeIgniter->runController(Object(App\Controllers\DatabasePPEController))
 4 SYSTEMPATH\CodeIgniter.php(353): CodeIgniter\CodeIgniter->handleRequest(null, Object(Config\Cache), false)
 5 FCPATH\index.php(86): CodeIgniter\CodeIgniter->run()
CRITICAL - 2023-11-29 15:45:00 --> Undefined property: stdClass::$empfullname
in APPPATH\Controllers\DatabasePPEController.php on line 36.
 1 APPPATH\Controllers\DatabasePPEController.php(36): CodeIgniter\Debug\Exceptions->errorHandler(2, 'Undefined property: stdClass::$empfullname', 'C:\\laragon\\www\\dilg\\backend\\app\\Controllers\\DatabasePPEController.php', 36)
 2 SYSTEMPATH\CodeIgniter.php(919): App\Controllers\DatabasePPEController->save()
 3 SYSTEMPATH\CodeIgniter.php(494): CodeIgniter\CodeIgniter->runController(Object(App\Controllers\DatabasePPEController))
 4 SYSTEMPATH\CodeIgniter.php(353): CodeIgniter\CodeIgniter->handleRequest(null, Object(Config\Cache), false)
 5 FCPATH\index.php(86): CodeIgniter\CodeIgniter->run()
CRITICAL - 2023-11-29 15:45:00 --> Undefined property: stdClass::$empfullname
in APPPATH\Controllers\DatabasePPEController.php on line 36.
 1 APPPATH\Controllers\DatabasePPEController.php(36): CodeIgniter\Debug\Exceptions->errorHandler(2, 'Undefined property: stdClass::$empfullname', 'C:\\laragon\\www\\dilg\\backend\\app\\Controllers\\DatabasePPEController.php', 36)
 2 SYSTEMPATH\CodeIgniter.php(919): App\Controllers\DatabasePPEController->save()
 3 SYSTEMPATH\CodeIgniter.php(494): CodeIgniter\CodeIgniter->runController(Object(App\Controllers\DatabasePPEController))
 4 SYSTEMPATH\CodeIgniter.php(353): CodeIgniter\CodeIgniter->handleRequest(null, Object(Config\Cache), false)
 5 FCPATH\index.php(86): CodeIgniter\CodeIgniter->run()
CRITICAL - 2023-11-29 15:47:04 --> Undefined property: stdClass::$empfullname
in APPPATH\Controllers\DatabasePPEController.php on line 36.
 1 APPPATH\Controllers\DatabasePPEController.php(36): CodeIgniter\Debug\Exceptions->errorHandler(2, 'Undefined property: stdClass::$empfullname', 'C:\\laragon\\www\\dilg\\backend\\app\\Controllers\\DatabasePPEController.php', 36)
 2 SYSTEMPATH\CodeIgniter.php(919): App\Controllers\DatabasePPEController->save()
 3 SYSTEMPATH\CodeIgniter.php(494): CodeIgniter\CodeIgniter->runController(Object(App\Controllers\DatabasePPEController))
 4 SYSTEMPATH\CodeIgniter.php(353): CodeIgniter\CodeIgniter->handleRequest(null, Object(Config\Cache), false)
 5 FCPATH\index.php(86): CodeIgniter\CodeIgniter->run()
CRITICAL - 2023-11-29 16:14:41 --> Undefined property: stdClass::$empfullname
in APPPATH\Controllers\DatabasePPEController.php on line 36.
 1 APPPATH\Controllers\DatabasePPEController.php(36): CodeIgniter\Debug\Exceptions->errorHandler(2, 'Undefined property: stdClass::$empfullname', 'C:\\laragon\\www\\dilg\\backend\\app\\Controllers\\DatabasePPEController.php', 36)
 2 SYSTEMPATH\CodeIgniter.php(919): App\Controllers\DatabasePPEController->save()
 3 SYSTEMPATH\CodeIgniter.php(494): CodeIgniter\CodeIgniter->runController(Object(App\Controllers\DatabasePPEController))
 4 SYSTEMPATH\CodeIgniter.php(353): CodeIgniter\CodeIgniter->handleRequest(null, Object(Config\Cache), false)
 5 FCPATH\index.php(86): CodeIgniter\CodeIgniter->run()
CRITICAL - 2023-11-29 16:14:42 --> Undefined property: stdClass::$empfullname
in APPPATH\Controllers\DatabasePPEController.php on line 36.
 1 APPPATH\Controllers\DatabasePPEController.php(36): CodeIgniter\Debug\Exceptions->errorHandler(2, 'Undefined property: stdClass::$empfullname', 'C:\\laragon\\www\\dilg\\backend\\app\\Controllers\\DatabasePPEController.php', 36)
 2 SYSTEMPATH\CodeIgniter.php(919): App\Controllers\DatabasePPEController->save()
 3 SYSTEMPATH\CodeIgniter.php(494): CodeIgniter\CodeIgniter->runController(Object(App\Controllers\DatabasePPEController))
 4 SYSTEMPATH\CodeIgniter.php(353): CodeIgniter\CodeIgniter->handleRequest(null, Object(Config\Cache), false)
 5 FCPATH\index.php(86): CodeIgniter\CodeIgniter->run()
CRITICAL - 2023-11-29 16:14:43 --> Undefined property: stdClass::$empfullname
in APPPATH\Controllers\DatabasePPEController.php on line 36.
 1 APPPATH\Controllers\DatabasePPEController.php(36): CodeIgniter\Debug\Exceptions->errorHandler(2, 'Undefined property: stdClass::$empfullname', 'C:\\laragon\\www\\dilg\\backend\\app\\Controllers\\DatabasePPEController.php', 36)
 2 SYSTEMPATH\CodeIgniter.php(919): App\Controllers\DatabasePPEController->save()
 3 SYSTEMPATH\CodeIgniter.php(494): CodeIgniter\CodeIgniter->runController(Object(App\Controllers\DatabasePPEController))
 4 SYSTEMPATH\CodeIgniter.php(353): CodeIgniter\CodeIgniter->handleRequest(null, Object(Config\Cache), false)
 5 FCPATH\index.php(86): CodeIgniter\CodeIgniter->run()
CRITICAL - 2023-11-29 16:14:43 --> Undefined property: stdClass::$empfullname
in APPPATH\Controllers\DatabasePPEController.php on line 36.
 1 APPPATH\Controllers\DatabasePPEController.php(36): CodeIgniter\Debug\Exceptions->errorHandler(2, 'Undefined property: stdClass::$empfullname', 'C:\\laragon\\www\\dilg\\backend\\app\\Controllers\\DatabasePPEController.php', 36)
 2 SYSTEMPATH\CodeIgniter.php(919): App\Controllers\DatabasePPEController->save()
 3 SYSTEMPATH\CodeIgniter.php(494): CodeIgniter\CodeIgniter->runController(Object(App\Controllers\DatabasePPEController))
 4 SYSTEMPATH\CodeIgniter.php(353): CodeIgniter\CodeIgniter->handleRequest(null, Object(Config\Cache), false)
 5 FCPATH\index.php(86): CodeIgniter\CodeIgniter->run()
CRITICAL - 2023-11-29 16:20:50 --> Undefined property: stdClass::$empfullname
in APPPATH\Controllers\DatabasePPEController.php on line 36.
 1 APPPATH\Controllers\DatabasePPEController.php(36): CodeIgniter\Debug\Exceptions->errorHandler(2, 'Undefined property: stdClass::$empfullname', 'C:\\laragon\\www\\dilg\\backend\\app\\Controllers\\DatabasePPEController.php', 36)
 2 SYSTEMPATH\CodeIgniter.php(919): App\Controllers\DatabasePPEController->save()
 3 SYSTEMPATH\CodeIgniter.php(494): CodeIgniter\CodeIgniter->runController(Object(App\Controllers\DatabasePPEController))
 4 SYSTEMPATH\CodeIgniter.php(353): CodeIgniter\CodeIgniter->handleRequest(null, Object(Config\Cache), false)
 5 FCPATH\index.php(86): CodeIgniter\CodeIgniter->run()
ERROR - 2023-11-29 16:21:13 --> mysqli_sql_exception: Cannot add or update a child row: a foreign key constraint fails (`dilg`.`databaseppe`, CONSTRAINT `fk_databaseppe_employee` FOREIGN KEY (`empfullname`) REFERENCES `employee` (`empfullname`) ON DELETE RESTRICT ON UPDATE RESTRICT) in C:\laragon\www\dilg\backend\system\Database\MySQLi\Connection.php:306
Stack trace:
#0 C:\laragon\www\dilg\backend\system\Database\MySQLi\Connection.php(306): mysqli->query('INSERT INTO `da...', 0)
#1 C:\laragon\www\dilg\backend\system\Database\BaseConnection.php(692): CodeIgniter\Database\MySQLi\Connection->execute('INSERT INTO `da...')
#2 C:\laragon\www\dilg\backend\system\Database\BaseConnection.php(606): CodeIgniter\Database\BaseConnection->simpleQuery('INSERT INTO `da...')
#3 C:\laragon\www\dilg\backend\system\Database\BaseBuilder.php(2308): CodeIgniter\Database\BaseConnection->query('INSERT INTO `da...', Array, false)
#4 C:\laragon\www\dilg\backend\system\Model.php(319): CodeIgniter\Database\BaseBuilder->insert()
#5 C:\laragon\www\dilg\backend\system\BaseModel.php(788): CodeIgniter\Model->doInsert(Array)
#6 C:\laragon\www\dilg\backend\system\Model.php(715): CodeIgniter\BaseModel->insert(Array, false)
#7 C:\laragon\www\dilg\backend\system\BaseModel.php(698): CodeIgniter\Model->insert(Array, false)
#8 C:\laragon\www\dilg\backend\app\Controllers\DatabasePPEController.php(40): CodeIgniter\BaseModel->save(Array)
#9 C:\laragon\www\dilg\backend\system\CodeIgniter.php(919): App\Controllers\DatabasePPEController->save()
#10 C:\laragon\www\dilg\backend\system\CodeIgniter.php(494): CodeIgniter\CodeIgniter->runController(Object(App\Controllers\DatabasePPEController))
#11 C:\laragon\www\dilg\backend\system\CodeIgniter.php(353): CodeIgniter\CodeIgniter->handleRequest(NULL, Object(Config\Cache), false)
#12 C:\laragon\www\dilg\backend\public\index.php(86): CodeIgniter\CodeIgniter->run()
#13 {main}
CRITICAL - 2023-11-29 16:21:13 --> Cannot add or update a child row: a foreign key constraint fails (`dilg`.`databaseppe`, CONSTRAINT `fk_databaseppe_employee` FOREIGN KEY (`empfullname`) REFERENCES `employee` (`empfullname`) ON DELETE RESTRICT ON UPDATE RESTRICT)
in SYSTEMPATH\Database\BaseConnection.php on line 646.
 1 SYSTEMPATH\Database\BaseBuilder.php(2308): CodeIgniter\Database\BaseConnection->query('INSERT INTO `databaseppe` (`entityname`, `particulars`, `classification`, `empfullname`, `code`) VALUES (:entityname:, :particulars:, :classification:, :empfullname:, :code:)', [...], false)
 2 SYSTEMPATH\Model.php(319): CodeIgniter\Database\BaseBuilder->insert()
 3 SYSTEMPATH\BaseModel.php(788): CodeIgniter\Model->doInsert([...])
 4 SYSTEMPATH\Model.php(715): CodeIgniter\BaseModel->insert([...], false)
 5 SYSTEMPATH\BaseModel.php(698): CodeIgniter\Model->insert([...], false)
 6 APPPATH\Controllers\DatabasePPEController.php(40): CodeIgniter\BaseModel->save([...])
 7 SYSTEMPATH\CodeIgniter.php(919): App\Controllers\DatabasePPEController->save()
 8 SYSTEMPATH\CodeIgniter.php(494): CodeIgniter\CodeIgniter->runController(Object(App\Controllers\DatabasePPEController))
 9 SYSTEMPATH\CodeIgniter.php(353): CodeIgniter\CodeIgniter->handleRequest(null, Object(Config\Cache), false)
10 FCPATH\index.php(86): CodeIgniter\CodeIgniter->run()
ERROR - 2023-11-29 16:21:15 --> mysqli_sql_exception: Cannot add or update a child row: a foreign key constraint fails (`dilg`.`databaseppe`, CONSTRAINT `fk_databaseppe_employee` FOREIGN KEY (`empfullname`) REFERENCES `employee` (`empfullname`) ON DELETE RESTRICT ON UPDATE RESTRICT) in C:\laragon\www\dilg\backend\system\Database\MySQLi\Connection.php:306
Stack trace:
#0 C:\laragon\www\dilg\backend\system\Database\MySQLi\Connection.php(306): mysqli->query('INSERT INTO `da...', 0)
#1 C:\laragon\www\dilg\backend\system\Database\BaseConnection.php(692): CodeIgniter\Database\MySQLi\Connection->execute('INSERT INTO `da...')
#2 C:\laragon\www\dilg\backend\system\Database\BaseConnection.php(606): CodeIgniter\Database\BaseConnection->simpleQuery('INSERT INTO `da...')
#3 C:\laragon\www\dilg\backend\system\Database\BaseBuilder.php(2308): CodeIgniter\Database\BaseConnection->query('INSERT INTO `da...', Array, false)
#4 C:\laragon\www\dilg\backend\system\Model.php(319): CodeIgniter\Database\BaseBuilder->insert()
#5 C:\laragon\www\dilg\backend\system\BaseModel.php(788): CodeIgniter\Model->doInsert(Array)
#6 C:\laragon\www\dilg\backend\system\Model.php(715): CodeIgniter\BaseModel->insert(Array, false)
#7 C:\laragon\www\dilg\backend\system\BaseModel.php(698): CodeIgniter\Model->insert(Array, false)
#8 C:\laragon\www\dilg\backend\app\Controllers\DatabasePPEController.php(40): CodeIgniter\BaseModel->save(Array)
#9 C:\laragon\www\dilg\backend\system\CodeIgniter.php(919): App\Controllers\DatabasePPEController->save()
#10 C:\laragon\www\dilg\backend\system\CodeIgniter.php(494): CodeIgniter\CodeIgniter->runController(Object(App\Controllers\DatabasePPEController))
#11 C:\laragon\www\dilg\backend\system\CodeIgniter.php(353): CodeIgniter\CodeIgniter->handleRequest(NULL, Object(Config\Cache), false)
#12 C:\laragon\www\dilg\backend\public\index.php(86): CodeIgniter\CodeIgniter->run()
#13 {main}
CRITICAL - 2023-11-29 16:21:15 --> Cannot add or update a child row: a foreign key constraint fails (`dilg`.`databaseppe`, CONSTRAINT `fk_databaseppe_employee` FOREIGN KEY (`empfullname`) REFERENCES `employee` (`empfullname`) ON DELETE RESTRICT ON UPDATE RESTRICT)
in SYSTEMPATH\Database\BaseConnection.php on line 646.
 1 SYSTEMPATH\Database\BaseBuilder.php(2308): CodeIgniter\Database\BaseConnection->query('INSERT INTO `databaseppe` (`entityname`, `particulars`, `classification`, `empfullname`, `code`) VALUES (:entityname:, :particulars:, :classification:, :empfullname:, :code:)', [...], false)
 2 SYSTEMPATH\Model.php(319): CodeIgniter\Database\BaseBuilder->insert()
 3 SYSTEMPATH\BaseModel.php(788): CodeIgniter\Model->doInsert([...])
 4 SYSTEMPATH\Model.php(715): CodeIgniter\BaseModel->insert([...], false)
 5 SYSTEMPATH\BaseModel.php(698): CodeIgniter\Model->insert([...], false)
 6 APPPATH\Controllers\DatabasePPEController.php(40): CodeIgniter\BaseModel->save([...])
 7 SYSTEMPATH\CodeIgniter.php(919): App\Controllers\DatabasePPEController->save()
 8 SYSTEMPATH\CodeIgniter.php(494): CodeIgniter\CodeIgniter->runController(Object(App\Controllers\DatabasePPEController))
 9 SYSTEMPATH\CodeIgniter.php(353): CodeIgniter\CodeIgniter->handleRequest(null, Object(Config\Cache), false)
10 FCPATH\index.php(86): CodeIgniter\CodeIgniter->run()
ERROR - 2023-11-29 16:21:15 --> mysqli_sql_exception: Cannot add or update a child row: a foreign key constraint fails (`dilg`.`databaseppe`, CONSTRAINT `fk_databaseppe_employee` FOREIGN KEY (`empfullname`) REFERENCES `employee` (`empfullname`) ON DELETE RESTRICT ON UPDATE RESTRICT) in C:\laragon\www\dilg\backend\system\Database\MySQLi\Connection.php:306
Stack trace:
#0 C:\laragon\www\dilg\backend\system\Database\MySQLi\Connection.php(306): mysqli->query('INSERT INTO `da...', 0)
#1 C:\laragon\www\dilg\backend\system\Database\BaseConnection.php(692): CodeIgniter\Database\MySQLi\Connection->execute('INSERT INTO `da...')
#2 C:\laragon\www\dilg\backend\system\Database\BaseConnection.php(606): CodeIgniter\Database\BaseConnection->simpleQuery('INSERT INTO `da...')
#3 C:\laragon\www\dilg\backend\system\Database\BaseBuilder.php(2308): CodeIgniter\Database\BaseConnection->query('INSERT INTO `da...', Array, false)
#4 C:\laragon\www\dilg\backend\system\Model.php(319): CodeIgniter\Database\BaseBuilder->insert()
#5 C:\laragon\www\dilg\backend\system\BaseModel.php(788): CodeIgniter\Model->doInsert(Array)
#6 C:\laragon\www\dilg\backend\system\Model.php(715): CodeIgniter\BaseModel->insert(Array, false)
#7 C:\laragon\www\dilg\backend\system\BaseModel.php(698): CodeIgniter\Model->insert(Array, false)
#8 C:\laragon\www\dilg\backend\app\Controllers\DatabasePPEController.php(40): CodeIgniter\BaseModel->save(Array)
#9 C:\laragon\www\dilg\backend\system\CodeIgniter.php(919): App\Controllers\DatabasePPEController->save()
#10 C:\laragon\www\dilg\backend\system\CodeIgniter.php(494): CodeIgniter\CodeIgniter->runController(Object(App\Controllers\DatabasePPEController))
#11 C:\laragon\www\dilg\backend\system\CodeIgniter.php(353): CodeIgniter\CodeIgniter->handleRequest(NULL, Object(Config\Cache), false)
#12 C:\laragon\www\dilg\backend\public\index.php(86): CodeIgniter\CodeIgniter->run()
#13 {main}
CRITICAL - 2023-11-29 16:21:15 --> Cannot add or update a child row: a foreign key constraint fails (`dilg`.`databaseppe`, CONSTRAINT `fk_databaseppe_employee` FOREIGN KEY (`empfullname`) REFERENCES `employee` (`empfullname`) ON DELETE RESTRICT ON UPDATE RESTRICT)
in SYSTEMPATH\Database\BaseConnection.php on line 646.
 1 SYSTEMPATH\Database\BaseBuilder.php(2308): CodeIgniter\Database\BaseConnection->query('INSERT INTO `databaseppe` (`entityname`, `particulars`, `classification`, `empfullname`, `code`) VALUES (:entityname:, :particulars:, :classification:, :empfullname:, :code:)', [...], false)
 2 SYSTEMPATH\Model.php(319): CodeIgniter\Database\BaseBuilder->insert()
 3 SYSTEMPATH\BaseModel.php(788): CodeIgniter\Model->doInsert([...])
 4 SYSTEMPATH\Model.php(715): CodeIgniter\BaseModel->insert([...], false)
 5 SYSTEMPATH\BaseModel.php(698): CodeIgniter\Model->insert([...], false)
 6 APPPATH\Controllers\DatabasePPEController.php(40): CodeIgniter\BaseModel->save([...])
 7 SYSTEMPATH\CodeIgniter.php(919): App\Controllers\DatabasePPEController->save()
 8 SYSTEMPATH\CodeIgniter.php(494): CodeIgniter\CodeIgniter->runController(Object(App\Controllers\DatabasePPEController))
 9 SYSTEMPATH\CodeIgniter.php(353): CodeIgniter\CodeIgniter->handleRequest(null, Object(Config\Cache), false)
10 FCPATH\index.php(86): CodeIgniter\CodeIgniter->run()
ERROR - 2023-11-29 16:21:15 --> mysqli_sql_exception: Cannot add or update a child row: a foreign key constraint fails (`dilg`.`databaseppe`, CONSTRAINT `fk_databaseppe_employee` FOREIGN KEY (`empfullname`) REFERENCES `employee` (`empfullname`) ON DELETE RESTRICT ON UPDATE RESTRICT) in C:\laragon\www\dilg\backend\system\Database\MySQLi\Connection.php:306
Stack trace:
#0 C:\laragon\www\dilg\backend\system\Database\MySQLi\Connection.php(306): mysqli->query('INSERT INTO `da...', 0)
#1 C:\laragon\www\dilg\backend\system\Database\BaseConnection.php(692): CodeIgniter\Database\MySQLi\Connection->execute('INSERT INTO `da...')
#2 C:\laragon\www\dilg\backend\system\Database\BaseConnection.php(606): CodeIgniter\Database\BaseConnection->simpleQuery('INSERT INTO `da...')
#3 C:\laragon\www\dilg\backend\system\Database\BaseBuilder.php(2308): CodeIgniter\Database\BaseConnection->query('INSERT INTO `da...', Array, false)
#4 C:\laragon\www\dilg\backend\system\Model.php(319): CodeIgniter\Database\BaseBuilder->insert()
#5 C:\laragon\www\dilg\backend\system\BaseModel.php(788): CodeIgniter\Model->doInsert(Array)
#6 C:\laragon\www\dilg\backend\system\Model.php(715): CodeIgniter\BaseModel->insert(Array, false)
#7 C:\laragon\www\dilg\backend\system\BaseModel.php(698): CodeIgniter\Model->insert(Array, false)
#8 C:\laragon\www\dilg\backend\app\Controllers\DatabasePPEController.php(40): CodeIgniter\BaseModel->save(Array)
#9 C:\laragon\www\dilg\backend\system\CodeIgniter.php(919): App\Controllers\DatabasePPEController->save()
#10 C:\laragon\www\dilg\backend\system\CodeIgniter.php(494): CodeIgniter\CodeIgniter->runController(Object(App\Controllers\DatabasePPEController))
#11 C:\laragon\www\dilg\backend\system\CodeIgniter.php(353): CodeIgniter\CodeIgniter->handleRequest(NULL, Object(Config\Cache), false)
#12 C:\laragon\www\dilg\backend\public\index.php(86): CodeIgniter\CodeIgniter->run()
#13 {main}
CRITICAL - 2023-11-29 16:21:15 --> Cannot add or update a child row: a foreign key constraint fails (`dilg`.`databaseppe`, CONSTRAINT `fk_databaseppe_employee` FOREIGN KEY (`empfullname`) REFERENCES `employee` (`empfullname`) ON DELETE RESTRICT ON UPDATE RESTRICT)
in SYSTEMPATH\Database\BaseConnection.php on line 646.
 1 SYSTEMPATH\Database\BaseBuilder.php(2308): CodeIgniter\Database\BaseConnection->query('INSERT INTO `databaseppe` (`entityname`, `particulars`, `classification`, `empfullname`, `code`) VALUES (:entityname:, :particulars:, :classification:, :empfullname:, :code:)', [...], false)
 2 SYSTEMPATH\Model.php(319): CodeIgniter\Database\BaseBuilder->insert()
 3 SYSTEMPATH\BaseModel.php(788): CodeIgniter\Model->doInsert([...])
 4 SYSTEMPATH\Model.php(715): CodeIgniter\BaseModel->insert([...], false)
 5 SYSTEMPATH\BaseModel.php(698): CodeIgniter\Model->insert([...], false)
 6 APPPATH\Controllers\DatabasePPEController.php(40): CodeIgniter\BaseModel->save([...])
 7 SYSTEMPATH\CodeIgniter.php(919): App\Controllers\DatabasePPEController->save()
 8 SYSTEMPATH\CodeIgniter.php(494): CodeIgniter\CodeIgniter->runController(Object(App\Controllers\DatabasePPEController))
 9 SYSTEMPATH\CodeIgniter.php(353): CodeIgniter\CodeIgniter->handleRequest(null, Object(Config\Cache), false)
10 FCPATH\index.php(86): CodeIgniter\CodeIgniter->run()
ERROR - 2023-11-29 16:22:21 --> mysqli_sql_exception: Cannot add or update a child row: a foreign key constraint fails (`dilg`.`databaseppe`, CONSTRAINT `fk_databaseppe_employee` FOREIGN KEY (`empfullname`) REFERENCES `employee` (`empfullname`) ON DELETE RESTRICT ON UPDATE RESTRICT) in C:\laragon\www\dilg\backend\system\Database\MySQLi\Connection.php:306
Stack trace:
#0 C:\laragon\www\dilg\backend\system\Database\MySQLi\Connection.php(306): mysqli->query('INSERT INTO `da...', 0)
#1 C:\laragon\www\dilg\backend\system\Database\BaseConnection.php(692): CodeIgniter\Database\MySQLi\Connection->execute('INSERT INTO `da...')
#2 C:\laragon\www\dilg\backend\system\Database\BaseConnection.php(606): CodeIgniter\Database\BaseConnection->simpleQuery('INSERT INTO `da...')
#3 C:\laragon\www\dilg\backend\system\Database\BaseBuilder.php(2308): CodeIgniter\Database\BaseConnection->query('INSERT INTO `da...', Array, false)
#4 C:\laragon\www\dilg\backend\system\Model.php(319): CodeIgniter\Database\BaseBuilder->insert()
#5 C:\laragon\www\dilg\backend\system\BaseModel.php(788): CodeIgniter\Model->doInsert(Array)
#6 C:\laragon\www\dilg\backend\system\Model.php(715): CodeIgniter\BaseModel->insert(Array, false)
#7 C:\laragon\www\dilg\backend\system\BaseModel.php(698): CodeIgniter\Model->insert(Array, false)
#8 C:\laragon\www\dilg\backend\app\Controllers\DatabasePPEController.php(40): CodeIgniter\BaseModel->save(Array)
#9 C:\laragon\www\dilg\backend\system\CodeIgniter.php(919): App\Controllers\DatabasePPEController->save()
#10 C:\laragon\www\dilg\backend\system\CodeIgniter.php(494): CodeIgniter\CodeIgniter->runController(Object(App\Controllers\DatabasePPEController))
#11 C:\laragon\www\dilg\backend\system\CodeIgniter.php(353): CodeIgniter\CodeIgniter->handleRequest(NULL, Object(Config\Cache), false)
#12 C:\laragon\www\dilg\backend\public\index.php(86): CodeIgniter\CodeIgniter->run()
#13 {main}
CRITICAL - 2023-11-29 16:22:21 --> Cannot add or update a child row: a foreign key constraint fails (`dilg`.`databaseppe`, CONSTRAINT `fk_databaseppe_employee` FOREIGN KEY (`empfullname`) REFERENCES `employee` (`empfullname`) ON DELETE RESTRICT ON UPDATE RESTRICT)
in SYSTEMPATH\Database\BaseConnection.php on line 646.
 1 SYSTEMPATH\Database\BaseBuilder.php(2308): CodeIgniter\Database\BaseConnection->query('INSERT INTO `databaseppe` (`entityname`, `particulars`, `classification`, `empfullname`, `code`) VALUES (:entityname:, :particulars:, :classification:, :empfullname:, :code:)', [...], false)
 2 SYSTEMPATH\Model.php(319): CodeIgniter\Database\BaseBuilder->insert()
 3 SYSTEMPATH\BaseModel.php(788): CodeIgniter\Model->doInsert([...])
 4 SYSTEMPATH\Model.php(715): CodeIgniter\BaseModel->insert([...], false)
 5 SYSTEMPATH\BaseModel.php(698): CodeIgniter\Model->insert([...], false)
 6 APPPATH\Controllers\DatabasePPEController.php(40): CodeIgniter\BaseModel->save([...])
 7 SYSTEMPATH\CodeIgniter.php(919): App\Controllers\DatabasePPEController->save()
 8 SYSTEMPATH\CodeIgniter.php(494): CodeIgniter\CodeIgniter->runController(Object(App\Controllers\DatabasePPEController))
 9 SYSTEMPATH\CodeIgniter.php(353): CodeIgniter\CodeIgniter->handleRequest(null, Object(Config\Cache), false)
10 FCPATH\index.php(86): CodeIgniter\CodeIgniter->run()
ERROR - 2023-11-29 16:22:22 --> mysqli_sql_exception: Cannot add or update a child row: a foreign key constraint fails (`dilg`.`databaseppe`, CONSTRAINT `fk_databaseppe_employee` FOREIGN KEY (`empfullname`) REFERENCES `employee` (`empfullname`) ON DELETE RESTRICT ON UPDATE RESTRICT) in C:\laragon\www\dilg\backend\system\Database\MySQLi\Connection.php:306
Stack trace:
#0 C:\laragon\www\dilg\backend\system\Database\MySQLi\Connection.php(306): mysqli->query('INSERT INTO `da...', 0)
#1 C:\laragon\www\dilg\backend\system\Database\BaseConnection.php(692): CodeIgniter\Database\MySQLi\Connection->execute('INSERT INTO `da...')
#2 C:\laragon\www\dilg\backend\system\Database\BaseConnection.php(606): CodeIgniter\Database\BaseConnection->simpleQuery('INSERT INTO `da...')
#3 C:\laragon\www\dilg\backend\system\Database\BaseBuilder.php(2308): CodeIgniter\Database\BaseConnection->query('INSERT INTO `da...', Array, false)
#4 C:\laragon\www\dilg\backend\system\Model.php(319): CodeIgniter\Database\BaseBuilder->insert()
#5 C:\laragon\www\dilg\backend\system\BaseModel.php(788): CodeIgniter\Model->doInsert(Array)
#6 C:\laragon\www\dilg\backend\system\Model.php(715): CodeIgniter\BaseModel->insert(Array, false)
#7 C:\laragon\www\dilg\backend\system\BaseModel.php(698): CodeIgniter\Model->insert(Array, false)
#8 C:\laragon\www\dilg\backend\app\Controllers\DatabasePPEController.php(40): CodeIgniter\BaseModel->save(Array)
#9 C:\laragon\www\dilg\backend\system\CodeIgniter.php(919): App\Controllers\DatabasePPEController->save()
#10 C:\laragon\www\dilg\backend\system\CodeIgniter.php(494): CodeIgniter\CodeIgniter->runController(Object(App\Controllers\DatabasePPEController))
#11 C:\laragon\www\dilg\backend\system\CodeIgniter.php(353): CodeIgniter\CodeIgniter->handleRequest(NULL, Object(Config\Cache), false)
#12 C:\laragon\www\dilg\backend\public\index.php(86): CodeIgniter\CodeIgniter->run()
#13 {main}
CRITICAL - 2023-11-29 16:22:22 --> Cannot add or update a child row: a foreign key constraint fails (`dilg`.`databaseppe`, CONSTRAINT `fk_databaseppe_employee` FOREIGN KEY (`empfullname`) REFERENCES `employee` (`empfullname`) ON DELETE RESTRICT ON UPDATE RESTRICT)
in SYSTEMPATH\Database\BaseConnection.php on line 646.
 1 SYSTEMPATH\Database\BaseBuilder.php(2308): CodeIgniter\Database\BaseConnection->query('INSERT INTO `databaseppe` (`entityname`, `particulars`, `classification`, `empfullname`, `code`) VALUES (:entityname:, :particulars:, :classification:, :empfullname:, :code:)', [...], false)
 2 SYSTEMPATH\Model.php(319): CodeIgniter\Database\BaseBuilder->insert()
 3 SYSTEMPATH\BaseModel.php(788): CodeIgniter\Model->doInsert([...])
 4 SYSTEMPATH\Model.php(715): CodeIgniter\BaseModel->insert([...], false)
 5 SYSTEMPATH\BaseModel.php(698): CodeIgniter\Model->insert([...], false)
 6 APPPATH\Controllers\DatabasePPEController.php(40): CodeIgniter\BaseModel->save([...])
 7 SYSTEMPATH\CodeIgniter.php(919): App\Controllers\DatabasePPEController->save()
 8 SYSTEMPATH\CodeIgniter.php(494): CodeIgniter\CodeIgniter->runController(Object(App\Controllers\DatabasePPEController))
 9 SYSTEMPATH\CodeIgniter.php(353): CodeIgniter\CodeIgniter->handleRequest(null, Object(Config\Cache), false)
10 FCPATH\index.php(86): CodeIgniter\CodeIgniter->run()
ERROR - 2023-11-29 16:22:22 --> mysqli_sql_exception: Cannot add or update a child row: a foreign key constraint fails (`dilg`.`databaseppe`, CONSTRAINT `fk_databaseppe_employee` FOREIGN KEY (`empfullname`) REFERENCES `employee` (`empfullname`) ON DELETE RESTRICT ON UPDATE RESTRICT) in C:\laragon\www\dilg\backend\system\Database\MySQLi\Connection.php:306
Stack trace:
#0 C:\laragon\www\dilg\backend\system\Database\MySQLi\Connection.php(306): mysqli->query('INSERT INTO `da...', 0)
#1 C:\laragon\www\dilg\backend\system\Database\BaseConnection.php(692): CodeIgniter\Database\MySQLi\Connection->execute('INSERT INTO `da...')
#2 C:\laragon\www\dilg\backend\system\Database\BaseConnection.php(606): CodeIgniter\Database\BaseConnection->simpleQuery('INSERT INTO `da...')
#3 C:\laragon\www\dilg\backend\system\Database\BaseBuilder.php(2308): CodeIgniter\Database\BaseConnection->query('INSERT INTO `da...', Array, false)
#4 C:\laragon\www\dilg\backend\system\Model.php(319): CodeIgniter\Database\BaseBuilder->insert()
#5 C:\laragon\www\dilg\backend\system\BaseModel.php(788): CodeIgniter\Model->doInsert(Array)
#6 C:\laragon\www\dilg\backend\system\Model.php(715): CodeIgniter\BaseModel->insert(Array, false)
#7 C:\laragon\www\dilg\backend\system\BaseModel.php(698): CodeIgniter\Model->insert(Array, false)
#8 C:\laragon\www\dilg\backend\app\Controllers\DatabasePPEController.php(40): CodeIgniter\BaseModel->save(Array)
#9 C:\laragon\www\dilg\backend\system\CodeIgniter.php(919): App\Controllers\DatabasePPEController->save()
#10 C:\laragon\www\dilg\backend\system\CodeIgniter.php(494): CodeIgniter\CodeIgniter->runController(Object(App\Controllers\DatabasePPEController))
#11 C:\laragon\www\dilg\backend\system\CodeIgniter.php(353): CodeIgniter\CodeIgniter->handleRequest(NULL, Object(Config\Cache), false)
#12 C:\laragon\www\dilg\backend\public\index.php(86): CodeIgniter\CodeIgniter->run()
#13 {main}
CRITICAL - 2023-11-29 16:22:22 --> Cannot add or update a child row: a foreign key constraint fails (`dilg`.`databaseppe`, CONSTRAINT `fk_databaseppe_employee` FOREIGN KEY (`empfullname`) REFERENCES `employee` (`empfullname`) ON DELETE RESTRICT ON UPDATE RESTRICT)
in SYSTEMPATH\Database\BaseConnection.php on line 646.
 1 SYSTEMPATH\Database\BaseBuilder.php(2308): CodeIgniter\Database\BaseConnection->query('INSERT INTO `databaseppe` (`entityname`, `particulars`, `classification`, `empfullname`, `code`) VALUES (:entityname:, :particulars:, :classification:, :empfullname:, :code:)', [...], false)
 2 SYSTEMPATH\Model.php(319): CodeIgniter\Database\BaseBuilder->insert()
 3 SYSTEMPATH\BaseModel.php(788): CodeIgniter\Model->doInsert([...])
 4 SYSTEMPATH\Model.php(715): CodeIgniter\BaseModel->insert([...], false)
 5 SYSTEMPATH\BaseModel.php(698): CodeIgniter\Model->insert([...], false)
 6 APPPATH\Controllers\DatabasePPEController.php(40): CodeIgniter\BaseModel->save([...])
 7 SYSTEMPATH\CodeIgniter.php(919): App\Controllers\DatabasePPEController->save()
 8 SYSTEMPATH\CodeIgniter.php(494): CodeIgniter\CodeIgniter->runController(Object(App\Controllers\DatabasePPEController))
 9 SYSTEMPATH\CodeIgniter.php(353): CodeIgniter\CodeIgniter->handleRequest(null, Object(Config\Cache), false)
10 FCPATH\index.php(86): CodeIgniter\CodeIgniter->run()
ERROR - 2023-11-29 16:22:22 --> mysqli_sql_exception: Cannot add or update a child row: a foreign key constraint fails (`dilg`.`databaseppe`, CONSTRAINT `fk_databaseppe_employee` FOREIGN KEY (`empfullname`) REFERENCES `employee` (`empfullname`) ON DELETE RESTRICT ON UPDATE RESTRICT) in C:\laragon\www\dilg\backend\system\Database\MySQLi\Connection.php:306
Stack trace:
#0 C:\laragon\www\dilg\backend\system\Database\MySQLi\Connection.php(306): mysqli->query('INSERT INTO `da...', 0)
#1 C:\laragon\www\dilg\backend\system\Database\BaseConnection.php(692): CodeIgniter\Database\MySQLi\Connection->execute('INSERT INTO `da...')
#2 C:\laragon\www\dilg\backend\system\Database\BaseConnection.php(606): CodeIgniter\Database\BaseConnection->simpleQuery('INSERT INTO `da...')
#3 C:\laragon\www\dilg\backend\system\Database\BaseBuilder.php(2308): CodeIgniter\Database\BaseConnection->query('INSERT INTO `da...', Array, false)
#4 C:\laragon\www\dilg\backend\system\Model.php(319): CodeIgniter\Database\BaseBuilder->insert()
#5 C:\laragon\www\dilg\backend\system\BaseModel.php(788): CodeIgniter\Model->doInsert(Array)
#6 C:\laragon\www\dilg\backend\system\Model.php(715): CodeIgniter\BaseModel->insert(Array, false)
#7 C:\laragon\www\dilg\backend\system\BaseModel.php(698): CodeIgniter\Model->insert(Array, false)
#8 C:\laragon\www\dilg\backend\app\Controllers\DatabasePPEController.php(40): CodeIgniter\BaseModel->save(Array)
#9 C:\laragon\www\dilg\backend\system\CodeIgniter.php(919): App\Controllers\DatabasePPEController->save()
#10 C:\laragon\www\dilg\backend\system\CodeIgniter.php(494): CodeIgniter\CodeIgniter->runController(Object(App\Controllers\DatabasePPEController))
#11 C:\laragon\www\dilg\backend\system\CodeIgniter.php(353): CodeIgniter\CodeIgniter->handleRequest(NULL, Object(Config\Cache), false)
#12 C:\laragon\www\dilg\backend\public\index.php(86): CodeIgniter\CodeIgniter->run()
#13 {main}
CRITICAL - 2023-11-29 16:22:22 --> Cannot add or update a child row: a foreign key constraint fails (`dilg`.`databaseppe`, CONSTRAINT `fk_databaseppe_employee` FOREIGN KEY (`empfullname`) REFERENCES `employee` (`empfullname`) ON DELETE RESTRICT ON UPDATE RESTRICT)
in SYSTEMPATH\Database\BaseConnection.php on line 646.
 1 SYSTEMPATH\Database\BaseBuilder.php(2308): CodeIgniter\Database\BaseConnection->query('INSERT INTO `databaseppe` (`entityname`, `particulars`, `classification`, `empfullname`, `code`) VALUES (:entityname:, :particulars:, :classification:, :empfullname:, :code:)', [...], false)
 2 SYSTEMPATH\Model.php(319): CodeIgniter\Database\BaseBuilder->insert()
 3 SYSTEMPATH\BaseModel.php(788): CodeIgniter\Model->doInsert([...])
 4 SYSTEMPATH\Model.php(715): CodeIgniter\BaseModel->insert([...], false)
 5 SYSTEMPATH\BaseModel.php(698): CodeIgniter\Model->insert([...], false)
 6 APPPATH\Controllers\DatabasePPEController.php(40): CodeIgniter\BaseModel->save([...])
 7 SYSTEMPATH\CodeIgniter.php(919): App\Controllers\DatabasePPEController->save()
 8 SYSTEMPATH\CodeIgniter.php(494): CodeIgniter\CodeIgniter->runController(Object(App\Controllers\DatabasePPEController))
 9 SYSTEMPATH\CodeIgniter.php(353): CodeIgniter\CodeIgniter->handleRequest(null, Object(Config\Cache), false)
10 FCPATH\index.php(86): CodeIgniter\CodeIgniter->run()
ERROR - 2023-11-29 16:22:22 --> mysqli_sql_exception: Cannot add or update a child row: a foreign key constraint fails (`dilg`.`databaseppe`, CONSTRAINT `fk_databaseppe_employee` FOREIGN KEY (`empfullname`) REFERENCES `employee` (`empfullname`) ON DELETE RESTRICT ON UPDATE RESTRICT) in C:\laragon\www\dilg\backend\system\Database\MySQLi\Connection.php:306
Stack trace:
#0 C:\laragon\www\dilg\backend\system\Database\MySQLi\Connection.php(306): mysqli->query('INSERT INTO `da...', 0)
#1 C:\laragon\www\dilg\backend\system\Database\BaseConnection.php(692): CodeIgniter\Database\MySQLi\Connection->execute('INSERT INTO `da...')
#2 C:\laragon\www\dilg\backend\system\Database\BaseConnection.php(606): CodeIgniter\Database\BaseConnection->simpleQuery('INSERT INTO `da...')
#3 C:\laragon\www\dilg\backend\system\Database\BaseBuilder.php(2308): CodeIgniter\Database\BaseConnection->query('INSERT INTO `da...', Array, false)
#4 C:\laragon\www\dilg\backend\system\Model.php(319): CodeIgniter\Database\BaseBuilder->insert()
#5 C:\laragon\www\dilg\backend\system\BaseModel.php(788): CodeIgniter\Model->doInsert(Array)
#6 C:\laragon\www\dilg\backend\system\Model.php(715): CodeIgniter\BaseModel->insert(Array, false)
#7 C:\laragon\www\dilg\backend\system\BaseModel.php(698): CodeIgniter\Model->insert(Array, false)
#8 C:\laragon\www\dilg\backend\app\Controllers\DatabasePPEController.php(40): CodeIgniter\BaseModel->save(Array)
#9 C:\laragon\www\dilg\backend\system\CodeIgniter.php(919): App\Controllers\DatabasePPEController->save()
#10 C:\laragon\www\dilg\backend\system\CodeIgniter.php(494): CodeIgniter\CodeIgniter->runController(Object(App\Controllers\DatabasePPEController))
#11 C:\laragon\www\dilg\backend\system\CodeIgniter.php(353): CodeIgniter\CodeIgniter->handleRequest(NULL, Object(Config\Cache), false)
#12 C:\laragon\www\dilg\backend\public\index.php(86): CodeIgniter\CodeIgniter->run()
#13 {main}
CRITICAL - 2023-11-29 16:22:22 --> Cannot add or update a child row: a foreign key constraint fails (`dilg`.`databaseppe`, CONSTRAINT `fk_databaseppe_employee` FOREIGN KEY (`empfullname`) REFERENCES `employee` (`empfullname`) ON DELETE RESTRICT ON UPDATE RESTRICT)
in SYSTEMPATH\Database\BaseConnection.php on line 646.
 1 SYSTEMPATH\Database\BaseBuilder.php(2308): CodeIgniter\Database\BaseConnection->query('INSERT INTO `databaseppe` (`entityname`, `particulars`, `classification`, `empfullname`, `code`) VALUES (:entityname:, :particulars:, :classification:, :empfullname:, :code:)', [...], false)
 2 SYSTEMPATH\Model.php(319): CodeIgniter\Database\BaseBuilder->insert()
 3 SYSTEMPATH\BaseModel.php(788): CodeIgniter\Model->doInsert([...])
 4 SYSTEMPATH\Model.php(715): CodeIgniter\BaseModel->insert([...], false)
 5 SYSTEMPATH\BaseModel.php(698): CodeIgniter\Model->insert([...], false)
 6 APPPATH\Controllers\DatabasePPEController.php(40): CodeIgniter\BaseModel->save([...])
 7 SYSTEMPATH\CodeIgniter.php(919): App\Controllers\DatabasePPEController->save()
 8 SYSTEMPATH\CodeIgniter.php(494): CodeIgniter\CodeIgniter->runController(Object(App\Controllers\DatabasePPEController))
 9 SYSTEMPATH\CodeIgniter.php(353): CodeIgniter\CodeIgniter->handleRequest(null, Object(Config\Cache), false)
10 FCPATH\index.php(86): CodeIgniter\CodeIgniter->run()
ERROR - 2023-11-29 16:24:43 --> mysqli_sql_exception: Cannot add or update a child row: a foreign key constraint fails (`dilg`.`databaseppe`, CONSTRAINT `fk_databaseppe_employee` FOREIGN KEY (`empfullname`) REFERENCES `employee` (`empfullname`) ON DELETE RESTRICT ON UPDATE RESTRICT) in C:\laragon\www\dilg\backend\system\Database\MySQLi\Connection.php:306
Stack trace:
#0 C:\laragon\www\dilg\backend\system\Database\MySQLi\Connection.php(306): mysqli->query('INSERT INTO `da...', 0)
#1 C:\laragon\www\dilg\backend\system\Database\BaseConnection.php(692): CodeIgniter\Database\MySQLi\Connection->execute('INSERT INTO `da...')
#2 C:\laragon\www\dilg\backend\system\Database\BaseConnection.php(606): CodeIgniter\Database\BaseConnection->simpleQuery('INSERT INTO `da...')
#3 C:\laragon\www\dilg\backend\system\Database\BaseBuilder.php(2308): CodeIgniter\Database\BaseConnection->query('INSERT INTO `da...', Array, false)
#4 C:\laragon\www\dilg\backend\system\Model.php(319): CodeIgniter\Database\BaseBuilder->insert()
#5 C:\laragon\www\dilg\backend\system\BaseModel.php(788): CodeIgniter\Model->doInsert(Array)
#6 C:\laragon\www\dilg\backend\system\Model.php(715): CodeIgniter\BaseModel->insert(Array, false)
#7 C:\laragon\www\dilg\backend\system\BaseModel.php(698): CodeIgniter\Model->insert(Array, false)
#8 C:\laragon\www\dilg\backend\app\Controllers\DatabasePPEController.php(40): CodeIgniter\BaseModel->save(Array)
#9 C:\laragon\www\dilg\backend\system\CodeIgniter.php(919): App\Controllers\DatabasePPEController->save()
#10 C:\laragon\www\dilg\backend\system\CodeIgniter.php(494): CodeIgniter\CodeIgniter->runController(Object(App\Controllers\DatabasePPEController))
#11 C:\laragon\www\dilg\backend\system\CodeIgniter.php(353): CodeIgniter\CodeIgniter->handleRequest(NULL, Object(Config\Cache), false)
#12 C:\laragon\www\dilg\backend\public\index.php(86): CodeIgniter\CodeIgniter->run()
#13 {main}
CRITICAL - 2023-11-29 16:24:43 --> Cannot add or update a child row: a foreign key constraint fails (`dilg`.`databaseppe`, CONSTRAINT `fk_databaseppe_employee` FOREIGN KEY (`empfullname`) REFERENCES `employee` (`empfullname`) ON DELETE RESTRICT ON UPDATE RESTRICT)
in SYSTEMPATH\Database\BaseConnection.php on line 646.
 1 SYSTEMPATH\Database\BaseBuilder.php(2308): CodeIgniter\Database\BaseConnection->query('INSERT INTO `databaseppe` (`entityname`, `particulars`, `classification`, `empfullname`, `code`) VALUES (:entityname:, :particulars:, :classification:, :empfullname:, :code:)', [...], false)
 2 SYSTEMPATH\Model.php(319): CodeIgniter\Database\BaseBuilder->insert()
 3 SYSTEMPATH\BaseModel.php(788): CodeIgniter\Model->doInsert([...])
 4 SYSTEMPATH\Model.php(715): CodeIgniter\BaseModel->insert([...], false)
 5 SYSTEMPATH\BaseModel.php(698): CodeIgniter\Model->insert([...], false)
 6 APPPATH\Controllers\DatabasePPEController.php(40): CodeIgniter\BaseModel->save([...])
 7 SYSTEMPATH\CodeIgniter.php(919): App\Controllers\DatabasePPEController->save()
 8 SYSTEMPATH\CodeIgniter.php(494): CodeIgniter\CodeIgniter->runController(Object(App\Controllers\DatabasePPEController))
 9 SYSTEMPATH\CodeIgniter.php(353): CodeIgniter\CodeIgniter->handleRequest(null, Object(Config\Cache), false)
10 FCPATH\index.php(86): CodeIgniter\CodeIgniter->run()
