CRITICAL - 2024-04-02 12:42:54 --> unlink(C:\laragon\www\dilg\backend\backend\../uploads/): Is a directory
in APPPATH\Controllers\RequestController.php on line 173.
 1 [internal function]: CodeIgniter\Debug\Exceptions->errorHandler(2, 'unlink(C:\\laragon\\www\\dilg\\backend\\backend\\../uploads/): Is a directory', 'C:\\laragon\\www\\dilg\\backend\\backend\\app\\Controllers\\RequestController.php', 173)
 2 APPPATH\Controllers\RequestController.php(173): unlink('C:\\laragon\\www\\dilg\\backend\\backend\\../uploads/')
 3 SYSTEMPATH\CodeIgniter.php(919): App\Controllers\RequestController->updateEmployee('90')
 4 SYSTEMPATH\CodeIgniter.php(494): CodeIgniter\CodeIgniter->runController(Object(App\Controllers\RequestController))
 5 SYSTEMPATH\CodeIgniter.php(353): CodeIgniter\CodeIgniter->handleRequest(null, Object(Config\Cache), false)
 6 FCPATH\index.php(86): CodeIgniter\CodeIgniter->run()
CRITICAL - 2024-04-02 12:45:43 --> unlink(C:\laragon\www\dilg\backend\backend\../uploads/): Is a directory
in APPPATH\Controllers\OfficerVerifyController.php on line 59.
 1 [internal function]: CodeIgniter\Debug\Exceptions->errorHandler(2, 'unlink(C:\\laragon\\www\\dilg\\backend\\backend\\../uploads/): Is a directory', 'C:\\laragon\\www\\dilg\\backend\\backend\\app\\Controllers\\OfficerVerifyController.php', 59)
 2 APPPATH\Controllers\OfficerVerifyController.php(59): unlink('C:\\laragon\\www\\dilg\\backend\\backend\\../uploads/')
 3 SYSTEMPATH\CodeIgniter.php(919): App\Controllers\OfficerVerifyController->updateVerification('19')
 4 SYSTEMPATH\CodeIgniter.php(494): CodeIgniter\CodeIgniter->runController(Object(App\Controllers\OfficerVerifyController))
 5 SYSTEMPATH\CodeIgniter.php(353): CodeIgniter\CodeIgniter->handleRequest(null, Object(Config\Cache), false)
 6 FCPATH\index.php(86): CodeIgniter\CodeIgniter->run()
CRITICAL - 2024-04-02 13:43:00 --> Undefined variable $data
in APPPATH\Controllers\OfficerVerifyController.php on line 67.
 1 APPPATH\Controllers\OfficerVerifyController.php(67): CodeIgniter\Debug\Exceptions->errorHandler(2, 'Undefined variable $data', 'C:\\laragon\\www\\dilg\\backend\\backend\\app\\Controllers\\OfficerVerifyController.php', 67)
 2 SYSTEMPATH\CodeIgniter.php(919): App\Controllers\OfficerVerifyController->updateVerification('19')
 3 SYSTEMPATH\CodeIgniter.php(494): CodeIgniter\CodeIgniter->runController(Object(App\Controllers\OfficerVerifyController))
 4 SYSTEMPATH\CodeIgniter.php(353): CodeIgniter\CodeIgniter->handleRequest(null, Object(Config\Cache), false)
 5 FCPATH\index.php(86): CodeIgniter\CodeIgniter->run()
CRITICAL - 2024-04-02 13:46:30 --> unlink(C:\laragon\www\dilg\backend\backend\../uploads/1): No such file or directory
in APPPATH\Controllers\OfficerVerifyController.php on line 59.
 1 [internal function]: CodeIgniter\Debug\Exceptions->errorHandler(2, 'unlink(C:\\laragon\\www\\dilg\\backend\\backend\\../uploads/1): No such file or directory', 'C:\\laragon\\www\\dilg\\backend\\backend\\app\\Controllers\\OfficerVerifyController.php', 59)
 2 APPPATH\Controllers\OfficerVerifyController.php(59): unlink('C:\\laragon\\www\\dilg\\backend\\backend\\../uploads/1')
 3 SYSTEMPATH\CodeIgniter.php(919): App\Controllers\OfficerVerifyController->updateVerification('19')
 4 SYSTEMPATH\CodeIgniter.php(494): CodeIgniter\CodeIgniter->runController(Object(App\Controllers\OfficerVerifyController))
 5 SYSTEMPATH\CodeIgniter.php(353): CodeIgniter\CodeIgniter->handleRequest(null, Object(Config\Cache), false)
 6 FCPATH\index.php(86): CodeIgniter\CodeIgniter->run()
CRITICAL - 2024-04-02 13:47:08 --> unlink(C:\laragon\www\dilg\backend\backend\../uploads/): Is a directory
in APPPATH\Controllers\OfficerVerifyController.php on line 59.
 1 [internal function]: CodeIgniter\Debug\Exceptions->errorHandler(2, 'unlink(C:\\laragon\\www\\dilg\\backend\\backend\\../uploads/): Is a directory', 'C:\\laragon\\www\\dilg\\backend\\backend\\app\\Controllers\\OfficerVerifyController.php', 59)
 2 APPPATH\Controllers\OfficerVerifyController.php(59): unlink('C:\\laragon\\www\\dilg\\backend\\backend\\../uploads/')
 3 SYSTEMPATH\CodeIgniter.php(919): App\Controllers\OfficerVerifyController->updateVerification('19')
 4 SYSTEMPATH\CodeIgniter.php(494): CodeIgniter\CodeIgniter->runController(Object(App\Controllers\OfficerVerifyController))
 5 SYSTEMPATH\CodeIgniter.php(353): CodeIgniter\CodeIgniter->handleRequest(null, Object(Config\Cache), false)
 6 FCPATH\index.php(86): CodeIgniter\CodeIgniter->run()
CRITICAL - 2024-04-02 13:47:14 --> unlink(C:\laragon\www\dilg\backend\backend\../uploads/): Is a directory
in APPPATH\Controllers\OfficerVerifyController.php on line 59.
 1 [internal function]: CodeIgniter\Debug\Exceptions->errorHandler(2, 'unlink(C:\\laragon\\www\\dilg\\backend\\backend\\../uploads/): Is a directory', 'C:\\laragon\\www\\dilg\\backend\\backend\\app\\Controllers\\OfficerVerifyController.php', 59)
 2 APPPATH\Controllers\OfficerVerifyController.php(59): unlink('C:\\laragon\\www\\dilg\\backend\\backend\\../uploads/')
 3 SYSTEMPATH\CodeIgniter.php(919): App\Controllers\OfficerVerifyController->updateVerification('19')
 4 SYSTEMPATH\CodeIgniter.php(494): CodeIgniter\CodeIgniter->runController(Object(App\Controllers\OfficerVerifyController))
 5 SYSTEMPATH\CodeIgniter.php(353): CodeIgniter\CodeIgniter->handleRequest(null, Object(Config\Cache), false)
 6 FCPATH\index.php(86): CodeIgniter\CodeIgniter->run()
CRITICAL - 2024-04-02 13:48:49 --> unlink(C:\laragon\www\dilg\backend\backend\../uploads/): Is a directory
in APPPATH\Controllers\OfficerVerifyController.php on line 59.
 1 [internal function]: CodeIgniter\Debug\Exceptions->errorHandler(2, 'unlink(C:\\laragon\\www\\dilg\\backend\\backend\\../uploads/): Is a directory', 'C:\\laragon\\www\\dilg\\backend\\backend\\app\\Controllers\\OfficerVerifyController.php', 59)
 2 APPPATH\Controllers\OfficerVerifyController.php(59): unlink('C:\\laragon\\www\\dilg\\backend\\backend\\../uploads/')
 3 SYSTEMPATH\CodeIgniter.php(919): App\Controllers\OfficerVerifyController->updateVerification('18')
 4 SYSTEMPATH\CodeIgniter.php(494): CodeIgniter\CodeIgniter->runController(Object(App\Controllers\OfficerVerifyController))
 5 SYSTEMPATH\CodeIgniter.php(353): CodeIgniter\CodeIgniter->handleRequest(null, Object(Config\Cache), false)
 6 FCPATH\index.php(86): CodeIgniter\CodeIgniter->run()
CRITICAL - 2024-04-02 13:49:06 --> unlink(C:\laragon\www\dilg\backend\backend\../uploads/): Is a directory
in APPPATH\Controllers\OfficerVerifyController.php on line 59.
 1 [internal function]: CodeIgniter\Debug\Exceptions->errorHandler(2, 'unlink(C:\\laragon\\www\\dilg\\backend\\backend\\../uploads/): Is a directory', 'C:\\laragon\\www\\dilg\\backend\\backend\\app\\Controllers\\OfficerVerifyController.php', 59)
 2 APPPATH\Controllers\OfficerVerifyController.php(59): unlink('C:\\laragon\\www\\dilg\\backend\\backend\\../uploads/')
 3 SYSTEMPATH\CodeIgniter.php(919): App\Controllers\OfficerVerifyController->updateVerification('18')
 4 SYSTEMPATH\CodeIgniter.php(494): CodeIgniter\CodeIgniter->runController(Object(App\Controllers\OfficerVerifyController))
 5 SYSTEMPATH\CodeIgniter.php(353): CodeIgniter\CodeIgniter->handleRequest(null, Object(Config\Cache), false)
 6 FCPATH\index.php(86): CodeIgniter\CodeIgniter->run()
CRITICAL - 2024-04-02 15:15:44 --> unlink(C:\laragon\www\dilg\backend\backend\../uploads/): Is a directory
in APPPATH\Controllers\RequestController.php on line 173.
 1 [internal function]: CodeIgniter\Debug\Exceptions->errorHandler(2, 'unlink(C:\\laragon\\www\\dilg\\backend\\backend\\../uploads/): Is a directory', 'C:\\laragon\\www\\dilg\\backend\\backend\\app\\Controllers\\RequestController.php', 173)
 2 APPPATH\Controllers\RequestController.php(173): unlink('C:\\laragon\\www\\dilg\\backend\\backend\\../uploads/')
 3 SYSTEMPATH\CodeIgniter.php(919): App\Controllers\RequestController->updateEmployee('94')
 4 SYSTEMPATH\CodeIgniter.php(494): CodeIgniter\CodeIgniter->runController(Object(App\Controllers\RequestController))
 5 SYSTEMPATH\CodeIgniter.php(353): CodeIgniter\CodeIgniter->handleRequest(null, Object(Config\Cache), false)
 6 FCPATH\index.php(86): CodeIgniter\CodeIgniter->run()
CRITICAL - 2024-04-02 15:35:40 --> unlink(C:\laragon\www\dilg\backend\backend\../uploads/): Is a directory
in APPPATH\Controllers\RequestController.php on line 173.
 1 [internal function]: CodeIgniter\Debug\Exceptions->errorHandler(2, 'unlink(C:\\laragon\\www\\dilg\\backend\\backend\\../uploads/): Is a directory', 'C:\\laragon\\www\\dilg\\backend\\backend\\app\\Controllers\\RequestController.php', 173)
 2 APPPATH\Controllers\RequestController.php(173): unlink('C:\\laragon\\www\\dilg\\backend\\backend\\../uploads/')
 3 SYSTEMPATH\CodeIgniter.php(919): App\Controllers\RequestController->updateEmployee('90')
 4 SYSTEMPATH\CodeIgniter.php(494): CodeIgniter\CodeIgniter->runController(Object(App\Controllers\RequestController))
 5 SYSTEMPATH\CodeIgniter.php(353): CodeIgniter\CodeIgniter->handleRequest(null, Object(Config\Cache), false)
 6 FCPATH\index.php(86): CodeIgniter\CodeIgniter->run()
ERROR - 2024-04-02 15:36:51 --> mysqli_sql_exception: Can't update table 'signin' in stored function/trigger because it is already used by statement which invoked this stored function/trigger. in C:\laragon\www\dilg\backend\backend\system\Database\MySQLi\Connection.php:306
Stack trace:
#0 C:\laragon\www\dilg\backend\backend\system\Database\MySQLi\Connection.php(306): mysqli->query('UPDATE `signin`...', 0)
#1 C:\laragon\www\dilg\backend\backend\system\Database\BaseConnection.php(692): CodeIgniter\Database\MySQLi\Connection->execute('UPDATE `signin`...')
#2 C:\laragon\www\dilg\backend\backend\system\Database\BaseConnection.php(606): CodeIgniter\Database\BaseConnection->simpleQuery('UPDATE `signin`...')
#3 C:\laragon\www\dilg\backend\backend\system\Database\BaseBuilder.php(2475): CodeIgniter\Database\BaseConnection->query('UPDATE `signin`...', Array, false)
#4 C:\laragon\www\dilg\backend\backend\system\Model.php(385): CodeIgniter\Database\BaseBuilder->update()
#5 C:\laragon\www\dilg\backend\backend\system\BaseModel.php(949): CodeIgniter\Model->doUpdate(Array, Array)
#6 C:\laragon\www\dilg\backend\backend\system\Model.php(776): CodeIgniter\BaseModel->update(Array, Array)
#7 C:\laragon\www\dilg\backend\backend\app\Controllers\SigninController.php(128): CodeIgniter\Model->update('104', Array)
#8 C:\laragon\www\dilg\backend\backend\system\CodeIgniter.php(919): App\Controllers\SigninController->updateStatus('')
#9 C:\laragon\www\dilg\backend\backend\system\CodeIgniter.php(494): CodeIgniter\CodeIgniter->runController(Object(App\Controllers\SigninController))
#10 C:\laragon\www\dilg\backend\backend\system\CodeIgniter.php(353): CodeIgniter\CodeIgniter->handleRequest(NULL, Object(Config\Cache), false)
#11 C:\laragon\www\dilg\backend\index.php(86): CodeIgniter\CodeIgniter->run()
#12 {main}
CRITICAL - 2024-04-02 15:36:51 --> Can't update table 'signin' in stored function/trigger because it is already used by statement which invoked this stored function/trigger.
in SYSTEMPATH\Database\BaseConnection.php on line 646.
 1 SYSTEMPATH\Database\BaseBuilder.php(2475): CodeIgniter\Database\BaseConnection->query('UPDATE `signin` SET `status` = :status:
WHERE `signin`.`id` IN :signin.id:', [...], false)
 2 SYSTEMPATH\Model.php(385): CodeIgniter\Database\BaseBuilder->update()
 3 SYSTEMPATH\BaseModel.php(949): CodeIgniter\Model->doUpdate([...], [...])
 4 SYSTEMPATH\Model.php(776): CodeIgniter\BaseModel->update([...], [...])
 5 APPPATH\Controllers\SigninController.php(128): CodeIgniter\Model->update('104', [...])
 6 SYSTEMPATH\CodeIgniter.php(919): App\Controllers\SigninController->updateStatus('')
 7 SYSTEMPATH\CodeIgniter.php(494): CodeIgniter\CodeIgniter->runController(Object(App\Controllers\SigninController))
 8 SYSTEMPATH\CodeIgniter.php(353): CodeIgniter\CodeIgniter->handleRequest(null, Object(Config\Cache), false)
 9 FCPATH\index.php(86): CodeIgniter\CodeIgniter->run()
ERROR - 2024-04-02 15:36:52 --> mysqli_sql_exception: Can't update table 'signin' in stored function/trigger because it is already used by statement which invoked this stored function/trigger. in C:\laragon\www\dilg\backend\backend\system\Database\MySQLi\Connection.php:306
Stack trace:
#0 C:\laragon\www\dilg\backend\backend\system\Database\MySQLi\Connection.php(306): mysqli->query('UPDATE `signin`...', 0)
#1 C:\laragon\www\dilg\backend\backend\system\Database\BaseConnection.php(692): CodeIgniter\Database\MySQLi\Connection->execute('UPDATE `signin`...')
#2 C:\laragon\www\dilg\backend\backend\system\Database\BaseConnection.php(606): CodeIgniter\Database\BaseConnection->simpleQuery('UPDATE `signin`...')
#3 C:\laragon\www\dilg\backend\backend\system\Database\BaseBuilder.php(2475): CodeIgniter\Database\BaseConnection->query('UPDATE `signin`...', Array, false)
#4 C:\laragon\www\dilg\backend\backend\system\Model.php(385): CodeIgniter\Database\BaseBuilder->update()
#5 C:\laragon\www\dilg\backend\backend\system\BaseModel.php(949): CodeIgniter\Model->doUpdate(Array, Array)
#6 C:\laragon\www\dilg\backend\backend\system\Model.php(776): CodeIgniter\BaseModel->update(Array, Array)
#7 C:\laragon\www\dilg\backend\backend\app\Controllers\SigninController.php(128): CodeIgniter\Model->update('104', Array)
#8 C:\laragon\www\dilg\backend\backend\system\CodeIgniter.php(919): App\Controllers\SigninController->updateStatus('')
#9 C:\laragon\www\dilg\backend\backend\system\CodeIgniter.php(494): CodeIgniter\CodeIgniter->runController(Object(App\Controllers\SigninController))
#10 C:\laragon\www\dilg\backend\backend\system\CodeIgniter.php(353): CodeIgniter\CodeIgniter->handleRequest(NULL, Object(Config\Cache), false)
#11 C:\laragon\www\dilg\backend\index.php(86): CodeIgniter\CodeIgniter->run()
#12 {main}
CRITICAL - 2024-04-02 15:36:52 --> Can't update table 'signin' in stored function/trigger because it is already used by statement which invoked this stored function/trigger.
in SYSTEMPATH\Database\BaseConnection.php on line 646.
 1 SYSTEMPATH\Database\BaseBuilder.php(2475): CodeIgniter\Database\BaseConnection->query('UPDATE `signin` SET `status` = :status:
WHERE `signin`.`id` IN :signin.id:', [...], false)
 2 SYSTEMPATH\Model.php(385): CodeIgniter\Database\BaseBuilder->update()
 3 SYSTEMPATH\BaseModel.php(949): CodeIgniter\Model->doUpdate([...], [...])
 4 SYSTEMPATH\Model.php(776): CodeIgniter\BaseModel->update([...], [...])
 5 APPPATH\Controllers\SigninController.php(128): CodeIgniter\Model->update('104', [...])
 6 SYSTEMPATH\CodeIgniter.php(919): App\Controllers\SigninController->updateStatus('')
 7 SYSTEMPATH\CodeIgniter.php(494): CodeIgniter\CodeIgniter->runController(Object(App\Controllers\SigninController))
 8 SYSTEMPATH\CodeIgniter.php(353): CodeIgniter\CodeIgniter->handleRequest(null, Object(Config\Cache), false)
 9 FCPATH\index.php(86): CodeIgniter\CodeIgniter->run()
ERROR - 2024-04-02 15:36:53 --> mysqli_sql_exception: Can't update table 'signin' in stored function/trigger because it is already used by statement which invoked this stored function/trigger. in C:\laragon\www\dilg\backend\backend\system\Database\MySQLi\Connection.php:306
Stack trace:
#0 C:\laragon\www\dilg\backend\backend\system\Database\MySQLi\Connection.php(306): mysqli->query('UPDATE `signin`...', 0)
#1 C:\laragon\www\dilg\backend\backend\system\Database\BaseConnection.php(692): CodeIgniter\Database\MySQLi\Connection->execute('UPDATE `signin`...')
#2 C:\laragon\www\dilg\backend\backend\system\Database\BaseConnection.php(606): CodeIgniter\Database\BaseConnection->simpleQuery('UPDATE `signin`...')
#3 C:\laragon\www\dilg\backend\backend\system\Database\BaseBuilder.php(2475): CodeIgniter\Database\BaseConnection->query('UPDATE `signin`...', Array, false)
#4 C:\laragon\www\dilg\backend\backend\system\Model.php(385): CodeIgniter\Database\BaseBuilder->update()
#5 C:\laragon\www\dilg\backend\backend\system\BaseModel.php(949): CodeIgniter\Model->doUpdate(Array, Array)
#6 C:\laragon\www\dilg\backend\backend\system\Model.php(776): CodeIgniter\BaseModel->update(Array, Array)
#7 C:\laragon\www\dilg\backend\backend\app\Controllers\SigninController.php(128): CodeIgniter\Model->update('104', Array)
#8 C:\laragon\www\dilg\backend\backend\system\CodeIgniter.php(919): App\Controllers\SigninController->updateStatus('')
#9 C:\laragon\www\dilg\backend\backend\system\CodeIgniter.php(494): CodeIgniter\CodeIgniter->runController(Object(App\Controllers\SigninController))
#10 C:\laragon\www\dilg\backend\backend\system\CodeIgniter.php(353): CodeIgniter\CodeIgniter->handleRequest(NULL, Object(Config\Cache), false)
#11 C:\laragon\www\dilg\backend\index.php(86): CodeIgniter\CodeIgniter->run()
#12 {main}
CRITICAL - 2024-04-02 15:36:53 --> Can't update table 'signin' in stored function/trigger because it is already used by statement which invoked this stored function/trigger.
in SYSTEMPATH\Database\BaseConnection.php on line 646.
 1 SYSTEMPATH\Database\BaseBuilder.php(2475): CodeIgniter\Database\BaseConnection->query('UPDATE `signin` SET `status` = :status:
WHERE `signin`.`id` IN :signin.id:', [...], false)
 2 SYSTEMPATH\Model.php(385): CodeIgniter\Database\BaseBuilder->update()
 3 SYSTEMPATH\BaseModel.php(949): CodeIgniter\Model->doUpdate([...], [...])
 4 SYSTEMPATH\Model.php(776): CodeIgniter\BaseModel->update([...], [...])
 5 APPPATH\Controllers\SigninController.php(128): CodeIgniter\Model->update('104', [...])
 6 SYSTEMPATH\CodeIgniter.php(919): App\Controllers\SigninController->updateStatus('')
 7 SYSTEMPATH\CodeIgniter.php(494): CodeIgniter\CodeIgniter->runController(Object(App\Controllers\SigninController))
 8 SYSTEMPATH\CodeIgniter.php(353): CodeIgniter\CodeIgniter->handleRequest(null, Object(Config\Cache), false)
 9 FCPATH\index.php(86): CodeIgniter\CodeIgniter->run()
ERROR - 2024-04-02 15:36:53 --> mysqli_sql_exception: Can't update table 'signin' in stored function/trigger because it is already used by statement which invoked this stored function/trigger. in C:\laragon\www\dilg\backend\backend\system\Database\MySQLi\Connection.php:306
Stack trace:
#0 C:\laragon\www\dilg\backend\backend\system\Database\MySQLi\Connection.php(306): mysqli->query('UPDATE `signin`...', 0)
#1 C:\laragon\www\dilg\backend\backend\system\Database\BaseConnection.php(692): CodeIgniter\Database\MySQLi\Connection->execute('UPDATE `signin`...')
#2 C:\laragon\www\dilg\backend\backend\system\Database\BaseConnection.php(606): CodeIgniter\Database\BaseConnection->simpleQuery('UPDATE `signin`...')
#3 C:\laragon\www\dilg\backend\backend\system\Database\BaseBuilder.php(2475): CodeIgniter\Database\BaseConnection->query('UPDATE `signin`...', Array, false)
#4 C:\laragon\www\dilg\backend\backend\system\Model.php(385): CodeIgniter\Database\BaseBuilder->update()
#5 C:\laragon\www\dilg\backend\backend\system\BaseModel.php(949): CodeIgniter\Model->doUpdate(Array, Array)
#6 C:\laragon\www\dilg\backend\backend\system\Model.php(776): CodeIgniter\BaseModel->update(Array, Array)
#7 C:\laragon\www\dilg\backend\backend\app\Controllers\SigninController.php(128): CodeIgniter\Model->update('104', Array)
#8 C:\laragon\www\dilg\backend\backend\system\CodeIgniter.php(919): App\Controllers\SigninController->updateStatus('')
#9 C:\laragon\www\dilg\backend\backend\system\CodeIgniter.php(494): CodeIgniter\CodeIgniter->runController(Object(App\Controllers\SigninController))
#10 C:\laragon\www\dilg\backend\backend\system\CodeIgniter.php(353): CodeIgniter\CodeIgniter->handleRequest(NULL, Object(Config\Cache), false)
#11 C:\laragon\www\dilg\backend\index.php(86): CodeIgniter\CodeIgniter->run()
#12 {main}
CRITICAL - 2024-04-02 15:36:53 --> Can't update table 'signin' in stored function/trigger because it is already used by statement which invoked this stored function/trigger.
in SYSTEMPATH\Database\BaseConnection.php on line 646.
 1 SYSTEMPATH\Database\BaseBuilder.php(2475): CodeIgniter\Database\BaseConnection->query('UPDATE `signin` SET `status` = :status:
WHERE `signin`.`id` IN :signin.id:', [...], false)
 2 SYSTEMPATH\Model.php(385): CodeIgniter\Database\BaseBuilder->update()
 3 SYSTEMPATH\BaseModel.php(949): CodeIgniter\Model->doUpdate([...], [...])
 4 SYSTEMPATH\Model.php(776): CodeIgniter\BaseModel->update([...], [...])
 5 APPPATH\Controllers\SigninController.php(128): CodeIgniter\Model->update('104', [...])
 6 SYSTEMPATH\CodeIgniter.php(919): App\Controllers\SigninController->updateStatus('')
 7 SYSTEMPATH\CodeIgniter.php(494): CodeIgniter\CodeIgniter->runController(Object(App\Controllers\SigninController))
 8 SYSTEMPATH\CodeIgniter.php(353): CodeIgniter\CodeIgniter->handleRequest(null, Object(Config\Cache), false)
 9 FCPATH\index.php(86): CodeIgniter\CodeIgniter->run()
ERROR - 2024-04-02 15:36:53 --> mysqli_sql_exception: Can't update table 'signin' in stored function/trigger because it is already used by statement which invoked this stored function/trigger. in C:\laragon\www\dilg\backend\backend\system\Database\MySQLi\Connection.php:306
Stack trace:
#0 C:\laragon\www\dilg\backend\backend\system\Database\MySQLi\Connection.php(306): mysqli->query('UPDATE `signin`...', 0)
#1 C:\laragon\www\dilg\backend\backend\system\Database\BaseConnection.php(692): CodeIgniter\Database\MySQLi\Connection->execute('UPDATE `signin`...')
#2 C:\laragon\www\dilg\backend\backend\system\Database\BaseConnection.php(606): CodeIgniter\Database\BaseConnection->simpleQuery('UPDATE `signin`...')
#3 C:\laragon\www\dilg\backend\backend\system\Database\BaseBuilder.php(2475): CodeIgniter\Database\BaseConnection->query('UPDATE `signin`...', Array, false)
#4 C:\laragon\www\dilg\backend\backend\system\Model.php(385): CodeIgniter\Database\BaseBuilder->update()
#5 C:\laragon\www\dilg\backend\backend\system\BaseModel.php(949): CodeIgniter\Model->doUpdate(Array, Array)
#6 C:\laragon\www\dilg\backend\backend\system\Model.php(776): CodeIgniter\BaseModel->update(Array, Array)
#7 C:\laragon\www\dilg\backend\backend\app\Controllers\SigninController.php(128): CodeIgniter\Model->update('104', Array)
#8 C:\laragon\www\dilg\backend\backend\system\CodeIgniter.php(919): App\Controllers\SigninController->updateStatus('')
#9 C:\laragon\www\dilg\backend\backend\system\CodeIgniter.php(494): CodeIgniter\CodeIgniter->runController(Object(App\Controllers\SigninController))
#10 C:\laragon\www\dilg\backend\backend\system\CodeIgniter.php(353): CodeIgniter\CodeIgniter->handleRequest(NULL, Object(Config\Cache), false)
#11 C:\laragon\www\dilg\backend\index.php(86): CodeIgniter\CodeIgniter->run()
#12 {main}
CRITICAL - 2024-04-02 15:36:53 --> Can't update table 'signin' in stored function/trigger because it is already used by statement which invoked this stored function/trigger.
in SYSTEMPATH\Database\BaseConnection.php on line 646.
 1 SYSTEMPATH\Database\BaseBuilder.php(2475): CodeIgniter\Database\BaseConnection->query('UPDATE `signin` SET `status` = :status:
WHERE `signin`.`id` IN :signin.id:', [...], false)
 2 SYSTEMPATH\Model.php(385): CodeIgniter\Database\BaseBuilder->update()
 3 SYSTEMPATH\BaseModel.php(949): CodeIgniter\Model->doUpdate([...], [...])
 4 SYSTEMPATH\Model.php(776): CodeIgniter\BaseModel->update([...], [...])
 5 APPPATH\Controllers\SigninController.php(128): CodeIgniter\Model->update('104', [...])
 6 SYSTEMPATH\CodeIgniter.php(919): App\Controllers\SigninController->updateStatus('')
 7 SYSTEMPATH\CodeIgniter.php(494): CodeIgniter\CodeIgniter->runController(Object(App\Controllers\SigninController))
 8 SYSTEMPATH\CodeIgniter.php(353): CodeIgniter\CodeIgniter->handleRequest(null, Object(Config\Cache), false)
 9 FCPATH\index.php(86): CodeIgniter\CodeIgniter->run()
ERROR - 2024-04-02 15:36:53 --> mysqli_sql_exception: Can't update table 'signin' in stored function/trigger because it is already used by statement which invoked this stored function/trigger. in C:\laragon\www\dilg\backend\backend\system\Database\MySQLi\Connection.php:306
Stack trace:
#0 C:\laragon\www\dilg\backend\backend\system\Database\MySQLi\Connection.php(306): mysqli->query('UPDATE `signin`...', 0)
#1 C:\laragon\www\dilg\backend\backend\system\Database\BaseConnection.php(692): CodeIgniter\Database\MySQLi\Connection->execute('UPDATE `signin`...')
#2 C:\laragon\www\dilg\backend\backend\system\Database\BaseConnection.php(606): CodeIgniter\Database\BaseConnection->simpleQuery('UPDATE `signin`...')
#3 C:\laragon\www\dilg\backend\backend\system\Database\BaseBuilder.php(2475): CodeIgniter\Database\BaseConnection->query('UPDATE `signin`...', Array, false)
#4 C:\laragon\www\dilg\backend\backend\system\Model.php(385): CodeIgniter\Database\BaseBuilder->update()
#5 C:\laragon\www\dilg\backend\backend\system\BaseModel.php(949): CodeIgniter\Model->doUpdate(Array, Array)
#6 C:\laragon\www\dilg\backend\backend\system\Model.php(776): CodeIgniter\BaseModel->update(Array, Array)
#7 C:\laragon\www\dilg\backend\backend\app\Controllers\SigninController.php(128): CodeIgniter\Model->update('104', Array)
#8 C:\laragon\www\dilg\backend\backend\system\CodeIgniter.php(919): App\Controllers\SigninController->updateStatus('')
#9 C:\laragon\www\dilg\backend\backend\system\CodeIgniter.php(494): CodeIgniter\CodeIgniter->runController(Object(App\Controllers\SigninController))
#10 C:\laragon\www\dilg\backend\backend\system\CodeIgniter.php(353): CodeIgniter\CodeIgniter->handleRequest(NULL, Object(Config\Cache), false)
#11 C:\laragon\www\dilg\backend\index.php(86): CodeIgniter\CodeIgniter->run()
#12 {main}
CRITICAL - 2024-04-02 15:36:53 --> Can't update table 'signin' in stored function/trigger because it is already used by statement which invoked this stored function/trigger.
in SYSTEMPATH\Database\BaseConnection.php on line 646.
 1 SYSTEMPATH\Database\BaseBuilder.php(2475): CodeIgniter\Database\BaseConnection->query('UPDATE `signin` SET `status` = :status:
WHERE `signin`.`id` IN :signin.id:', [...], false)
 2 SYSTEMPATH\Model.php(385): CodeIgniter\Database\BaseBuilder->update()
 3 SYSTEMPATH\BaseModel.php(949): CodeIgniter\Model->doUpdate([...], [...])
 4 SYSTEMPATH\Model.php(776): CodeIgniter\BaseModel->update([...], [...])
 5 APPPATH\Controllers\SigninController.php(128): CodeIgniter\Model->update('104', [...])
 6 SYSTEMPATH\CodeIgniter.php(919): App\Controllers\SigninController->updateStatus('')
 7 SYSTEMPATH\CodeIgniter.php(494): CodeIgniter\CodeIgniter->runController(Object(App\Controllers\SigninController))
 8 SYSTEMPATH\CodeIgniter.php(353): CodeIgniter\CodeIgniter->handleRequest(null, Object(Config\Cache), false)
 9 FCPATH\index.php(86): CodeIgniter\CodeIgniter->run()
ERROR - 2024-04-02 15:36:56 --> mysqli_sql_exception: Can't update table 'signin' in stored function/trigger because it is already used by statement which invoked this stored function/trigger. in C:\laragon\www\dilg\backend\backend\system\Database\MySQLi\Connection.php:306
Stack trace:
#0 C:\laragon\www\dilg\backend\backend\system\Database\MySQLi\Connection.php(306): mysqli->query('UPDATE `signin`...', 0)
#1 C:\laragon\www\dilg\backend\backend\system\Database\BaseConnection.php(692): CodeIgniter\Database\MySQLi\Connection->execute('UPDATE `signin`...')
#2 C:\laragon\www\dilg\backend\backend\system\Database\BaseConnection.php(606): CodeIgniter\Database\BaseConnection->simpleQuery('UPDATE `signin`...')
#3 C:\laragon\www\dilg\backend\backend\system\Database\BaseBuilder.php(2475): CodeIgniter\Database\BaseConnection->query('UPDATE `signin`...', Array, false)
#4 C:\laragon\www\dilg\backend\backend\system\Model.php(385): CodeIgniter\Database\BaseBuilder->update()
#5 C:\laragon\www\dilg\backend\backend\system\BaseModel.php(949): CodeIgniter\Model->doUpdate(Array, Array)
#6 C:\laragon\www\dilg\backend\backend\system\Model.php(776): CodeIgniter\BaseModel->update(Array, Array)
#7 C:\laragon\www\dilg\backend\backend\app\Controllers\SigninController.php(128): CodeIgniter\Model->update('104', Array)
#8 C:\laragon\www\dilg\backend\backend\system\CodeIgniter.php(919): App\Controllers\SigninController->updateStatus('')
#9 C:\laragon\www\dilg\backend\backend\system\CodeIgniter.php(494): CodeIgniter\CodeIgniter->runController(Object(App\Controllers\SigninController))
#10 C:\laragon\www\dilg\backend\backend\system\CodeIgniter.php(353): CodeIgniter\CodeIgniter->handleRequest(NULL, Object(Config\Cache), false)
#11 C:\laragon\www\dilg\backend\index.php(86): CodeIgniter\CodeIgniter->run()
#12 {main}
CRITICAL - 2024-04-02 15:36:56 --> Can't update table 'signin' in stored function/trigger because it is already used by statement which invoked this stored function/trigger.
in SYSTEMPATH\Database\BaseConnection.php on line 646.
 1 SYSTEMPATH\Database\BaseBuilder.php(2475): CodeIgniter\Database\BaseConnection->query('UPDATE `signin` SET `status` = :status:
WHERE `signin`.`id` IN :signin.id:', [...], false)
 2 SYSTEMPATH\Model.php(385): CodeIgniter\Database\BaseBuilder->update()
 3 SYSTEMPATH\BaseModel.php(949): CodeIgniter\Model->doUpdate([...], [...])
 4 SYSTEMPATH\Model.php(776): CodeIgniter\BaseModel->update([...], [...])
 5 APPPATH\Controllers\SigninController.php(128): CodeIgniter\Model->update('104', [...])
 6 SYSTEMPATH\CodeIgniter.php(919): App\Controllers\SigninController->updateStatus('')
 7 SYSTEMPATH\CodeIgniter.php(494): CodeIgniter\CodeIgniter->runController(Object(App\Controllers\SigninController))
 8 SYSTEMPATH\CodeIgniter.php(353): CodeIgniter\CodeIgniter->handleRequest(null, Object(Config\Cache), false)
 9 FCPATH\index.php(86): CodeIgniter\CodeIgniter->run()
ERROR - 2024-04-02 15:36:56 --> mysqli_sql_exception: Can't update table 'signin' in stored function/trigger because it is already used by statement which invoked this stored function/trigger. in C:\laragon\www\dilg\backend\backend\system\Database\MySQLi\Connection.php:306
Stack trace:
#0 C:\laragon\www\dilg\backend\backend\system\Database\MySQLi\Connection.php(306): mysqli->query('UPDATE `signin`...', 0)
#1 C:\laragon\www\dilg\backend\backend\system\Database\BaseConnection.php(692): CodeIgniter\Database\MySQLi\Connection->execute('UPDATE `signin`...')
#2 C:\laragon\www\dilg\backend\backend\system\Database\BaseConnection.php(606): CodeIgniter\Database\BaseConnection->simpleQuery('UPDATE `signin`...')
#3 C:\laragon\www\dilg\backend\backend\system\Database\BaseBuilder.php(2475): CodeIgniter\Database\BaseConnection->query('UPDATE `signin`...', Array, false)
#4 C:\laragon\www\dilg\backend\backend\system\Model.php(385): CodeIgniter\Database\BaseBuilder->update()
#5 C:\laragon\www\dilg\backend\backend\system\BaseModel.php(949): CodeIgniter\Model->doUpdate(Array, Array)
#6 C:\laragon\www\dilg\backend\backend\system\Model.php(776): CodeIgniter\BaseModel->update(Array, Array)
#7 C:\laragon\www\dilg\backend\backend\app\Controllers\SigninController.php(128): CodeIgniter\Model->update('104', Array)
#8 C:\laragon\www\dilg\backend\backend\system\CodeIgniter.php(919): App\Controllers\SigninController->updateStatus('')
#9 C:\laragon\www\dilg\backend\backend\system\CodeIgniter.php(494): CodeIgniter\CodeIgniter->runController(Object(App\Controllers\SigninController))
#10 C:\laragon\www\dilg\backend\backend\system\CodeIgniter.php(353): CodeIgniter\CodeIgniter->handleRequest(NULL, Object(Config\Cache), false)
#11 C:\laragon\www\dilg\backend\index.php(86): CodeIgniter\CodeIgniter->run()
#12 {main}
CRITICAL - 2024-04-02 15:36:56 --> Can't update table 'signin' in stored function/trigger because it is already used by statement which invoked this stored function/trigger.
in SYSTEMPATH\Database\BaseConnection.php on line 646.
 1 SYSTEMPATH\Database\BaseBuilder.php(2475): CodeIgniter\Database\BaseConnection->query('UPDATE `signin` SET `status` = :status:
WHERE `signin`.`id` IN :signin.id:', [...], false)
 2 SYSTEMPATH\Model.php(385): CodeIgniter\Database\BaseBuilder->update()
 3 SYSTEMPATH\BaseModel.php(949): CodeIgniter\Model->doUpdate([...], [...])
 4 SYSTEMPATH\Model.php(776): CodeIgniter\BaseModel->update([...], [...])
 5 APPPATH\Controllers\SigninController.php(128): CodeIgniter\Model->update('104', [...])
 6 SYSTEMPATH\CodeIgniter.php(919): App\Controllers\SigninController->updateStatus('')
 7 SYSTEMPATH\CodeIgniter.php(494): CodeIgniter\CodeIgniter->runController(Object(App\Controllers\SigninController))
 8 SYSTEMPATH\CodeIgniter.php(353): CodeIgniter\CodeIgniter->handleRequest(null, Object(Config\Cache), false)
 9 FCPATH\index.php(86): CodeIgniter\CodeIgniter->run()
ERROR - 2024-04-02 15:36:56 --> mysqli_sql_exception: Can't update table 'signin' in stored function/trigger because it is already used by statement which invoked this stored function/trigger. in C:\laragon\www\dilg\backend\backend\system\Database\MySQLi\Connection.php:306
Stack trace:
#0 C:\laragon\www\dilg\backend\backend\system\Database\MySQLi\Connection.php(306): mysqli->query('UPDATE `signin`...', 0)
#1 C:\laragon\www\dilg\backend\backend\system\Database\BaseConnection.php(692): CodeIgniter\Database\MySQLi\Connection->execute('UPDATE `signin`...')
#2 C:\laragon\www\dilg\backend\backend\system\Database\BaseConnection.php(606): CodeIgniter\Database\BaseConnection->simpleQuery('UPDATE `signin`...')
#3 C:\laragon\www\dilg\backend\backend\system\Database\BaseBuilder.php(2475): CodeIgniter\Database\BaseConnection->query('UPDATE `signin`...', Array, false)
#4 C:\laragon\www\dilg\backend\backend\system\Model.php(385): CodeIgniter\Database\BaseBuilder->update()
#5 C:\laragon\www\dilg\backend\backend\system\BaseModel.php(949): CodeIgniter\Model->doUpdate(Array, Array)
#6 C:\laragon\www\dilg\backend\backend\system\Model.php(776): CodeIgniter\BaseModel->update(Array, Array)
#7 C:\laragon\www\dilg\backend\backend\app\Controllers\SigninController.php(128): CodeIgniter\Model->update('104', Array)
#8 C:\laragon\www\dilg\backend\backend\system\CodeIgniter.php(919): App\Controllers\SigninController->updateStatus('')
#9 C:\laragon\www\dilg\backend\backend\system\CodeIgniter.php(494): CodeIgniter\CodeIgniter->runController(Object(App\Controllers\SigninController))
#10 C:\laragon\www\dilg\backend\backend\system\CodeIgniter.php(353): CodeIgniter\CodeIgniter->handleRequest(NULL, Object(Config\Cache), false)
#11 C:\laragon\www\dilg\backend\index.php(86): CodeIgniter\CodeIgniter->run()
#12 {main}
CRITICAL - 2024-04-02 15:36:56 --> Can't update table 'signin' in stored function/trigger because it is already used by statement which invoked this stored function/trigger.
in SYSTEMPATH\Database\BaseConnection.php on line 646.
 1 SYSTEMPATH\Database\BaseBuilder.php(2475): CodeIgniter\Database\BaseConnection->query('UPDATE `signin` SET `status` = :status:
WHERE `signin`.`id` IN :signin.id:', [...], false)
 2 SYSTEMPATH\Model.php(385): CodeIgniter\Database\BaseBuilder->update()
 3 SYSTEMPATH\BaseModel.php(949): CodeIgniter\Model->doUpdate([...], [...])
 4 SYSTEMPATH\Model.php(776): CodeIgniter\BaseModel->update([...], [...])
 5 APPPATH\Controllers\SigninController.php(128): CodeIgniter\Model->update('104', [...])
 6 SYSTEMPATH\CodeIgniter.php(919): App\Controllers\SigninController->updateStatus('')
 7 SYSTEMPATH\CodeIgniter.php(494): CodeIgniter\CodeIgniter->runController(Object(App\Controllers\SigninController))
 8 SYSTEMPATH\CodeIgniter.php(353): CodeIgniter\CodeIgniter->handleRequest(null, Object(Config\Cache), false)
 9 FCPATH\index.php(86): CodeIgniter\CodeIgniter->run()
ERROR - 2024-04-02 15:36:57 --> mysqli_sql_exception: Can't update table 'signin' in stored function/trigger because it is already used by statement which invoked this stored function/trigger. in C:\laragon\www\dilg\backend\backend\system\Database\MySQLi\Connection.php:306
Stack trace:
#0 C:\laragon\www\dilg\backend\backend\system\Database\MySQLi\Connection.php(306): mysqli->query('UPDATE `signin`...', 0)
#1 C:\laragon\www\dilg\backend\backend\system\Database\BaseConnection.php(692): CodeIgniter\Database\MySQLi\Connection->execute('UPDATE `signin`...')
#2 C:\laragon\www\dilg\backend\backend\system\Database\BaseConnection.php(606): CodeIgniter\Database\BaseConnection->simpleQuery('UPDATE `signin`...')
#3 C:\laragon\www\dilg\backend\backend\system\Database\BaseBuilder.php(2475): CodeIgniter\Database\BaseConnection->query('UPDATE `signin`...', Array, false)
#4 C:\laragon\www\dilg\backend\backend\system\Model.php(385): CodeIgniter\Database\BaseBuilder->update()
#5 C:\laragon\www\dilg\backend\backend\system\BaseModel.php(949): CodeIgniter\Model->doUpdate(Array, Array)
#6 C:\laragon\www\dilg\backend\backend\system\Model.php(776): CodeIgniter\BaseModel->update(Array, Array)
#7 C:\laragon\www\dilg\backend\backend\app\Controllers\SigninController.php(128): CodeIgniter\Model->update('104', Array)
#8 C:\laragon\www\dilg\backend\backend\system\CodeIgniter.php(919): App\Controllers\SigninController->updateStatus('')
#9 C:\laragon\www\dilg\backend\backend\system\CodeIgniter.php(494): CodeIgniter\CodeIgniter->runController(Object(App\Controllers\SigninController))
#10 C:\laragon\www\dilg\backend\backend\system\CodeIgniter.php(353): CodeIgniter\CodeIgniter->handleRequest(NULL, Object(Config\Cache), false)
#11 C:\laragon\www\dilg\backend\index.php(86): CodeIgniter\CodeIgniter->run()
#12 {main}
CRITICAL - 2024-04-02 15:36:57 --> Can't update table 'signin' in stored function/trigger because it is already used by statement which invoked this stored function/trigger.
in SYSTEMPATH\Database\BaseConnection.php on line 646.
 1 SYSTEMPATH\Database\BaseBuilder.php(2475): CodeIgniter\Database\BaseConnection->query('UPDATE `signin` SET `status` = :status:
WHERE `signin`.`id` IN :signin.id:', [...], false)
 2 SYSTEMPATH\Model.php(385): CodeIgniter\Database\BaseBuilder->update()
 3 SYSTEMPATH\BaseModel.php(949): CodeIgniter\Model->doUpdate([...], [...])
 4 SYSTEMPATH\Model.php(776): CodeIgniter\BaseModel->update([...], [...])
 5 APPPATH\Controllers\SigninController.php(128): CodeIgniter\Model->update('104', [...])
 6 SYSTEMPATH\CodeIgniter.php(919): App\Controllers\SigninController->updateStatus('')
 7 SYSTEMPATH\CodeIgniter.php(494): CodeIgniter\CodeIgniter->runController(Object(App\Controllers\SigninController))
 8 SYSTEMPATH\CodeIgniter.php(353): CodeIgniter\CodeIgniter->handleRequest(null, Object(Config\Cache), false)
 9 FCPATH\index.php(86): CodeIgniter\CodeIgniter->run()
ERROR - 2024-04-02 15:36:57 --> mysqli_sql_exception: Can't update table 'signin' in stored function/trigger because it is already used by statement which invoked this stored function/trigger. in C:\laragon\www\dilg\backend\backend\system\Database\MySQLi\Connection.php:306
Stack trace:
#0 C:\laragon\www\dilg\backend\backend\system\Database\MySQLi\Connection.php(306): mysqli->query('UPDATE `signin`...', 0)
#1 C:\laragon\www\dilg\backend\backend\system\Database\BaseConnection.php(692): CodeIgniter\Database\MySQLi\Connection->execute('UPDATE `signin`...')
#2 C:\laragon\www\dilg\backend\backend\system\Database\BaseConnection.php(606): CodeIgniter\Database\BaseConnection->simpleQuery('UPDATE `signin`...')
#3 C:\laragon\www\dilg\backend\backend\system\Database\BaseBuilder.php(2475): CodeIgniter\Database\BaseConnection->query('UPDATE `signin`...', Array, false)
#4 C:\laragon\www\dilg\backend\backend\system\Model.php(385): CodeIgniter\Database\BaseBuilder->update()
#5 C:\laragon\www\dilg\backend\backend\system\BaseModel.php(949): CodeIgniter\Model->doUpdate(Array, Array)
#6 C:\laragon\www\dilg\backend\backend\system\Model.php(776): CodeIgniter\BaseModel->update(Array, Array)
#7 C:\laragon\www\dilg\backend\backend\app\Controllers\SigninController.php(128): CodeIgniter\Model->update('103', Array)
#8 C:\laragon\www\dilg\backend\backend\system\CodeIgniter.php(919): App\Controllers\SigninController->updateStatus('')
#9 C:\laragon\www\dilg\backend\backend\system\CodeIgniter.php(494): CodeIgniter\CodeIgniter->runController(Object(App\Controllers\SigninController))
#10 C:\laragon\www\dilg\backend\backend\system\CodeIgniter.php(353): CodeIgniter\CodeIgniter->handleRequest(NULL, Object(Config\Cache), false)
#11 C:\laragon\www\dilg\backend\index.php(86): CodeIgniter\CodeIgniter->run()
#12 {main}
CRITICAL - 2024-04-02 15:36:57 --> Can't update table 'signin' in stored function/trigger because it is already used by statement which invoked this stored function/trigger.
in SYSTEMPATH\Database\BaseConnection.php on line 646.
 1 SYSTEMPATH\Database\BaseBuilder.php(2475): CodeIgniter\Database\BaseConnection->query('UPDATE `signin` SET `status` = :status:
WHERE `signin`.`id` IN :signin.id:', [...], false)
 2 SYSTEMPATH\Model.php(385): CodeIgniter\Database\BaseBuilder->update()
 3 SYSTEMPATH\BaseModel.php(949): CodeIgniter\Model->doUpdate([...], [...])
 4 SYSTEMPATH\Model.php(776): CodeIgniter\BaseModel->update([...], [...])
 5 APPPATH\Controllers\SigninController.php(128): CodeIgniter\Model->update('103', [...])
 6 SYSTEMPATH\CodeIgniter.php(919): App\Controllers\SigninController->updateStatus('')
 7 SYSTEMPATH\CodeIgniter.php(494): CodeIgniter\CodeIgniter->runController(Object(App\Controllers\SigninController))
 8 SYSTEMPATH\CodeIgniter.php(353): CodeIgniter\CodeIgniter->handleRequest(null, Object(Config\Cache), false)
 9 FCPATH\index.php(86): CodeIgniter\CodeIgniter->run()
ERROR - 2024-04-02 15:36:58 --> mysqli_sql_exception: Can't update table 'signin' in stored function/trigger because it is already used by statement which invoked this stored function/trigger. in C:\laragon\www\dilg\backend\backend\system\Database\MySQLi\Connection.php:306
Stack trace:
#0 C:\laragon\www\dilg\backend\backend\system\Database\MySQLi\Connection.php(306): mysqli->query('UPDATE `signin`...', 0)
#1 C:\laragon\www\dilg\backend\backend\system\Database\BaseConnection.php(692): CodeIgniter\Database\MySQLi\Connection->execute('UPDATE `signin`...')
#2 C:\laragon\www\dilg\backend\backend\system\Database\BaseConnection.php(606): CodeIgniter\Database\BaseConnection->simpleQuery('UPDATE `signin`...')
#3 C:\laragon\www\dilg\backend\backend\system\Database\BaseBuilder.php(2475): CodeIgniter\Database\BaseConnection->query('UPDATE `signin`...', Array, false)
#4 C:\laragon\www\dilg\backend\backend\system\Model.php(385): CodeIgniter\Database\BaseBuilder->update()
#5 C:\laragon\www\dilg\backend\backend\system\BaseModel.php(949): CodeIgniter\Model->doUpdate(Array, Array)
#6 C:\laragon\www\dilg\backend\backend\system\Model.php(776): CodeIgniter\BaseModel->update(Array, Array)
#7 C:\laragon\www\dilg\backend\backend\app\Controllers\SigninController.php(128): CodeIgniter\Model->update('103', Array)
#8 C:\laragon\www\dilg\backend\backend\system\CodeIgniter.php(919): App\Controllers\SigninController->updateStatus('')
#9 C:\laragon\www\dilg\backend\backend\system\CodeIgniter.php(494): CodeIgniter\CodeIgniter->runController(Object(App\Controllers\SigninController))
#10 C:\laragon\www\dilg\backend\backend\system\CodeIgniter.php(353): CodeIgniter\CodeIgniter->handleRequest(NULL, Object(Config\Cache), false)
#11 C:\laragon\www\dilg\backend\index.php(86): CodeIgniter\CodeIgniter->run()
#12 {main}
CRITICAL - 2024-04-02 15:36:58 --> Can't update table 'signin' in stored function/trigger because it is already used by statement which invoked this stored function/trigger.
in SYSTEMPATH\Database\BaseConnection.php on line 646.
 1 SYSTEMPATH\Database\BaseBuilder.php(2475): CodeIgniter\Database\BaseConnection->query('UPDATE `signin` SET `status` = :status:
WHERE `signin`.`id` IN :signin.id:', [...], false)
 2 SYSTEMPATH\Model.php(385): CodeIgniter\Database\BaseBuilder->update()
 3 SYSTEMPATH\BaseModel.php(949): CodeIgniter\Model->doUpdate([...], [...])
 4 SYSTEMPATH\Model.php(776): CodeIgniter\BaseModel->update([...], [...])
 5 APPPATH\Controllers\SigninController.php(128): CodeIgniter\Model->update('103', [...])
 6 SYSTEMPATH\CodeIgniter.php(919): App\Controllers\SigninController->updateStatus('')
 7 SYSTEMPATH\CodeIgniter.php(494): CodeIgniter\CodeIgniter->runController(Object(App\Controllers\SigninController))
 8 SYSTEMPATH\CodeIgniter.php(353): CodeIgniter\CodeIgniter->handleRequest(null, Object(Config\Cache), false)
 9 FCPATH\index.php(86): CodeIgniter\CodeIgniter->run()
CRITICAL - 2024-04-02 15:39:21 --> unlink(C:\laragon\www\dilg\backend\backend\../uploads/): Is a directory
in APPPATH\Controllers\RequestController.php on line 173.
 1 [internal function]: CodeIgniter\Debug\Exceptions->errorHandler(2, 'unlink(C:\\laragon\\www\\dilg\\backend\\backend\\../uploads/): Is a directory', 'C:\\laragon\\www\\dilg\\backend\\backend\\app\\Controllers\\RequestController.php', 173)
 2 APPPATH\Controllers\RequestController.php(173): unlink('C:\\laragon\\www\\dilg\\backend\\backend\\../uploads/')
 3 SYSTEMPATH\CodeIgniter.php(919): App\Controllers\RequestController->updateEmployee('90')
 4 SYSTEMPATH\CodeIgniter.php(494): CodeIgniter\CodeIgniter->runController(Object(App\Controllers\RequestController))
 5 SYSTEMPATH\CodeIgniter.php(353): CodeIgniter\CodeIgniter->handleRequest(null, Object(Config\Cache), false)
 6 FCPATH\index.php(86): CodeIgniter\CodeIgniter->run()
CRITICAL - 2024-04-02 15:41:31 --> unlink(C:\laragon\www\dilg\backend\backend\../uploads/): Is a directory
in APPPATH\Controllers\RequestController.php on line 173.
 1 [internal function]: CodeIgniter\Debug\Exceptions->errorHandler(2, 'unlink(C:\\laragon\\www\\dilg\\backend\\backend\\../uploads/): Is a directory', 'C:\\laragon\\www\\dilg\\backend\\backend\\app\\Controllers\\RequestController.php', 173)
 2 APPPATH\Controllers\RequestController.php(173): unlink('C:\\laragon\\www\\dilg\\backend\\backend\\../uploads/')
 3 SYSTEMPATH\CodeIgniter.php(919): App\Controllers\RequestController->updateEmployee('90')
 4 SYSTEMPATH\CodeIgniter.php(494): CodeIgniter\CodeIgniter->runController(Object(App\Controllers\RequestController))
 5 SYSTEMPATH\CodeIgniter.php(353): CodeIgniter\CodeIgniter->handleRequest(null, Object(Config\Cache), false)
 6 FCPATH\index.php(86): CodeIgniter\CodeIgniter->run()
CRITICAL - 2024-04-02 15:41:46 --> unlink(C:\laragon\www\dilg\backend\backend\../uploads/): Is a directory
in APPPATH\Controllers\RequestController.php on line 173.
 1 [internal function]: CodeIgniter\Debug\Exceptions->errorHandler(2, 'unlink(C:\\laragon\\www\\dilg\\backend\\backend\\../uploads/): Is a directory', 'C:\\laragon\\www\\dilg\\backend\\backend\\app\\Controllers\\RequestController.php', 173)
 2 APPPATH\Controllers\RequestController.php(173): unlink('C:\\laragon\\www\\dilg\\backend\\backend\\../uploads/')
 3 SYSTEMPATH\CodeIgniter.php(919): App\Controllers\RequestController->updateEmployee('90')
 4 SYSTEMPATH\CodeIgniter.php(494): CodeIgniter\CodeIgniter->runController(Object(App\Controllers\RequestController))
 5 SYSTEMPATH\CodeIgniter.php(353): CodeIgniter\CodeIgniter->handleRequest(null, Object(Config\Cache), false)
 6 FCPATH\index.php(86): CodeIgniter\CodeIgniter->run()
CRITICAL - 2024-04-02 16:11:42 --> unlink(C:\laragon\www\dilg\backend\backend\../uploads/1712072646_f977a1290d80456fc367.jpg): No such file or directory
in APPPATH\Controllers\RequestController.php on line 172.
 1 [internal function]: CodeIgniter\Debug\Exceptions->errorHandler(2, 'unlink(C:\\laragon\\www\\dilg\\backend\\backend\\../uploads/1712072646_f977a1290d80456fc367.jpg): No such file or directory', 'C:\\laragon\\www\\dilg\\backend\\backend\\app\\Controllers\\RequestController.php', 172)
 2 APPPATH\Controllers\RequestController.php(172): unlink('C:\\laragon\\www\\dilg\\backend\\backend\\../uploads/1712072646_f977a1290d80456fc367.jpg')
 3 SYSTEMPATH\CodeIgniter.php(919): App\Controllers\RequestController->updateEmployee('104')
 4 SYSTEMPATH\CodeIgniter.php(494): CodeIgniter\CodeIgniter->runController(Object(App\Controllers\RequestController))
 5 SYSTEMPATH\CodeIgniter.php(353): CodeIgniter\CodeIgniter->handleRequest(null, Object(Config\Cache), false)
 6 FCPATH\index.php(86): CodeIgniter\CodeIgniter->run()
CRITICAL - 2024-04-02 16:22:51 --> unlink(C:\laragon\www\dilg\backend\backend\../uploads/1712072646_f977a1290d80456fc367.jpg): No such file or directory
in APPPATH\Controllers\RequestController.php on line 172.
 1 [internal function]: CodeIgniter\Debug\Exceptions->errorHandler(2, 'unlink(C:\\laragon\\www\\dilg\\backend\\backend\\../uploads/1712072646_f977a1290d80456fc367.jpg): No such file or directory', 'C:\\laragon\\www\\dilg\\backend\\backend\\app\\Controllers\\RequestController.php', 172)
 2 APPPATH\Controllers\RequestController.php(172): unlink('C:\\laragon\\www\\dilg\\backend\\backend\\../uploads/1712072646_f977a1290d80456fc367.jpg')
 3 SYSTEMPATH\CodeIgniter.php(919): App\Controllers\RequestController->updateEmployee('104')
 4 SYSTEMPATH\CodeIgniter.php(494): CodeIgniter\CodeIgniter->runController(Object(App\Controllers\RequestController))
 5 SYSTEMPATH\CodeIgniter.php(353): CodeIgniter\CodeIgniter->handleRequest(null, Object(Config\Cache), false)
 6 FCPATH\index.php(86): CodeIgniter\CodeIgniter->run()
CRITICAL - 2024-04-02 16:24:29 --> unlink(C:\laragon\www\dilg\backend\backend\../uploads/1712072646_f977a1290d80456fc367.jpg): No such file or directory
in APPPATH\Controllers\RequestController.php on line 172.
 1 [internal function]: CodeIgniter\Debug\Exceptions->errorHandler(2, 'unlink(C:\\laragon\\www\\dilg\\backend\\backend\\../uploads/1712072646_f977a1290d80456fc367.jpg): No such file or directory', 'C:\\laragon\\www\\dilg\\backend\\backend\\app\\Controllers\\RequestController.php', 172)
 2 APPPATH\Controllers\RequestController.php(172): unlink('C:\\laragon\\www\\dilg\\backend\\backend\\../uploads/1712072646_f977a1290d80456fc367.jpg')
 3 SYSTEMPATH\CodeIgniter.php(919): App\Controllers\RequestController->updateEmployee('104')
 4 SYSTEMPATH\CodeIgniter.php(494): CodeIgniter\CodeIgniter->runController(Object(App\Controllers\RequestController))
 5 SYSTEMPATH\CodeIgniter.php(353): CodeIgniter\CodeIgniter->handleRequest(null, Object(Config\Cache), false)
 6 FCPATH\index.php(86): CodeIgniter\CodeIgniter->run()
CRITICAL - 2024-04-02 16:26:42 --> unlink(C:\laragon\www\dilg\backend\backend\../uploads/1712072672_610144a39564cfaeb57b.jpg): No such file or directory
in APPPATH\Controllers\RequestController.php on line 172.
 1 [internal function]: CodeIgniter\Debug\Exceptions->errorHandler(2, 'unlink(C:\\laragon\\www\\dilg\\backend\\backend\\../uploads/1712072672_610144a39564cfaeb57b.jpg): No such file or directory', 'C:\\laragon\\www\\dilg\\backend\\backend\\app\\Controllers\\RequestController.php', 172)
 2 APPPATH\Controllers\RequestController.php(172): unlink('C:\\laragon\\www\\dilg\\backend\\backend\\../uploads/1712072672_610144a39564cfaeb57b.jpg')
 3 SYSTEMPATH\CodeIgniter.php(919): App\Controllers\RequestController->updateEmployee('94')
 4 SYSTEMPATH\CodeIgniter.php(494): CodeIgniter\CodeIgniter->runController(Object(App\Controllers\RequestController))
 5 SYSTEMPATH\CodeIgniter.php(353): CodeIgniter\CodeIgniter->handleRequest(null, Object(Config\Cache), false)
 6 FCPATH\index.php(86): CodeIgniter\CodeIgniter->run()
CRITICAL - 2024-04-02 16:27:30 --> unlink(C:\laragon\www\dilg\backend\backend\../uploads/1712072672_610144a39564cfaeb57b.jpg): No such file or directory
in APPPATH\Controllers\RequestController.php on line 172.
 1 [internal function]: CodeIgniter\Debug\Exceptions->errorHandler(2, 'unlink(C:\\laragon\\www\\dilg\\backend\\backend\\../uploads/1712072672_610144a39564cfaeb57b.jpg): No such file or directory', 'C:\\laragon\\www\\dilg\\backend\\backend\\app\\Controllers\\RequestController.php', 172)
 2 APPPATH\Controllers\RequestController.php(172): unlink('C:\\laragon\\www\\dilg\\backend\\backend\\../uploads/1712072672_610144a39564cfaeb57b.jpg')
 3 SYSTEMPATH\CodeIgniter.php(919): App\Controllers\RequestController->updateEmployee('94')
 4 SYSTEMPATH\CodeIgniter.php(494): CodeIgniter\CodeIgniter->runController(Object(App\Controllers\RequestController))
 5 SYSTEMPATH\CodeIgniter.php(353): CodeIgniter\CodeIgniter->handleRequest(null, Object(Config\Cache), false)
 6 FCPATH\index.php(86): CodeIgniter\CodeIgniter->run()
CRITICAL - 2024-04-02 16:27:45 --> unlink(C:\laragon\www\dilg\backend\backend\../uploads/1712072672_610144a39564cfaeb57b.jpg): No such file or directory
in APPPATH\Controllers\RequestController.php on line 172.
 1 [internal function]: CodeIgniter\Debug\Exceptions->errorHandler(2, 'unlink(C:\\laragon\\www\\dilg\\backend\\backend\\../uploads/1712072672_610144a39564cfaeb57b.jpg): No such file or directory', 'C:\\laragon\\www\\dilg\\backend\\backend\\app\\Controllers\\RequestController.php', 172)
 2 APPPATH\Controllers\RequestController.php(172): unlink('C:\\laragon\\www\\dilg\\backend\\backend\\../uploads/1712072672_610144a39564cfaeb57b.jpg')
 3 SYSTEMPATH\CodeIgniter.php(919): App\Controllers\RequestController->updateEmployee('94')
 4 SYSTEMPATH\CodeIgniter.php(494): CodeIgniter\CodeIgniter->runController(Object(App\Controllers\RequestController))
 5 SYSTEMPATH\CodeIgniter.php(353): CodeIgniter\CodeIgniter->handleRequest(null, Object(Config\Cache), false)
 6 FCPATH\index.php(86): CodeIgniter\CodeIgniter->run()
CRITICAL - 2024-04-02 16:27:53 --> unlink(C:\laragon\www\dilg\backend\backend\../uploads/1712072672_610144a39564cfaeb57b.jpg): No such file or directory
in APPPATH\Controllers\RequestController.php on line 172.
 1 [internal function]: CodeIgniter\Debug\Exceptions->errorHandler(2, 'unlink(C:\\laragon\\www\\dilg\\backend\\backend\\../uploads/1712072672_610144a39564cfaeb57b.jpg): No such file or directory', 'C:\\laragon\\www\\dilg\\backend\\backend\\app\\Controllers\\RequestController.php', 172)
 2 APPPATH\Controllers\RequestController.php(172): unlink('C:\\laragon\\www\\dilg\\backend\\backend\\../uploads/1712072672_610144a39564cfaeb57b.jpg')
 3 SYSTEMPATH\CodeIgniter.php(919): App\Controllers\RequestController->updateEmployee('94')
 4 SYSTEMPATH\CodeIgniter.php(494): CodeIgniter\CodeIgniter->runController(Object(App\Controllers\RequestController))
 5 SYSTEMPATH\CodeIgniter.php(353): CodeIgniter\CodeIgniter->handleRequest(null, Object(Config\Cache), false)
 6 FCPATH\index.php(86): CodeIgniter\CodeIgniter->run()
CRITICAL - 2024-04-02 16:30:15 --> unlink(C:\laragon\www\dilg\backend\backend\../uploads/1712072672_610144a39564cfaeb57b.jpg): No such file or directory
in APPPATH\Controllers\RequestController.php on line 172.
 1 [internal function]: CodeIgniter\Debug\Exceptions->errorHandler(2, 'unlink(C:\\laragon\\www\\dilg\\backend\\backend\\../uploads/1712072672_610144a39564cfaeb57b.jpg): No such file or directory', 'C:\\laragon\\www\\dilg\\backend\\backend\\app\\Controllers\\RequestController.php', 172)
 2 APPPATH\Controllers\RequestController.php(172): unlink('C:\\laragon\\www\\dilg\\backend\\backend\\../uploads/1712072672_610144a39564cfaeb57b.jpg')
 3 SYSTEMPATH\CodeIgniter.php(919): App\Controllers\RequestController->updateEmployee('94')
 4 SYSTEMPATH\CodeIgniter.php(494): CodeIgniter\CodeIgniter->runController(Object(App\Controllers\RequestController))
 5 SYSTEMPATH\CodeIgniter.php(353): CodeIgniter\CodeIgniter->handleRequest(null, Object(Config\Cache), false)
 6 FCPATH\index.php(86): CodeIgniter\CodeIgniter->run()
CRITICAL - 2024-04-02 16:30:28 --> unlink(C:\laragon\www\dilg\backend\backend\../uploads/1710252990_101901581bb653f63be8.png): No such file or directory
in APPPATH\Controllers\OfficerVerifyController.php on line 52.
 1 [internal function]: CodeIgniter\Debug\Exceptions->errorHandler(2, 'unlink(C:\\laragon\\www\\dilg\\backend\\backend\\../uploads/1710252990_101901581bb653f63be8.png): No such file or directory', 'C:\\laragon\\www\\dilg\\backend\\backend\\app\\Controllers\\OfficerVerifyController.php', 52)
 2 APPPATH\Controllers\OfficerVerifyController.php(52): unlink('C:\\laragon\\www\\dilg\\backend\\backend\\../uploads/1710252990_101901581bb653f63be8.png')
 3 SYSTEMPATH\CodeIgniter.php(919): App\Controllers\OfficerVerifyController->updateVerification('8')
 4 SYSTEMPATH\CodeIgniter.php(494): CodeIgniter\CodeIgniter->runController(Object(App\Controllers\OfficerVerifyController))
 5 SYSTEMPATH\CodeIgniter.php(353): CodeIgniter\CodeIgniter->handleRequest(null, Object(Config\Cache), false)
 6 FCPATH\index.php(86): CodeIgniter\CodeIgniter->run()
CRITICAL - 2024-04-02 16:30:42 --> unlink(C:\laragon\www\dilg\backend\backend\../uploads/1709396072_2cd307107c962258ea6d.png): No such file or directory
in APPPATH\Controllers\OfficerVerifyController.php on line 52.
 1 [internal function]: CodeIgniter\Debug\Exceptions->errorHandler(2, 'unlink(C:\\laragon\\www\\dilg\\backend\\backend\\../uploads/1709396072_2cd307107c962258ea6d.png): No such file or directory', 'C:\\laragon\\www\\dilg\\backend\\backend\\app\\Controllers\\OfficerVerifyController.php', 52)
 2 APPPATH\Controllers\OfficerVerifyController.php(52): unlink('C:\\laragon\\www\\dilg\\backend\\backend\\../uploads/1709396072_2cd307107c962258ea6d.png')
 3 SYSTEMPATH\CodeIgniter.php(919): App\Controllers\OfficerVerifyController->updateVerification('9')
 4 SYSTEMPATH\CodeIgniter.php(494): CodeIgniter\CodeIgniter->runController(Object(App\Controllers\OfficerVerifyController))
 5 SYSTEMPATH\CodeIgniter.php(353): CodeIgniter\CodeIgniter->handleRequest(null, Object(Config\Cache), false)
 6 FCPATH\index.php(86): CodeIgniter\CodeIgniter->run()
CRITICAL - 2024-04-02 16:32:13 --> unlink(C:\laragon\www\dilg\backend\backend\../uploads/1712072672_610144a39564cfaeb57b.jpg): No such file or directory
in APPPATH\Controllers\RequestController.php on line 172.
 1 [internal function]: CodeIgniter\Debug\Exceptions->errorHandler(2, 'unlink(C:\\laragon\\www\\dilg\\backend\\backend\\../uploads/1712072672_610144a39564cfaeb57b.jpg): No such file or directory', 'C:\\laragon\\www\\dilg\\backend\\backend\\app\\Controllers\\RequestController.php', 172)
 2 APPPATH\Controllers\RequestController.php(172): unlink('C:\\laragon\\www\\dilg\\backend\\backend\\../uploads/1712072672_610144a39564cfaeb57b.jpg')
 3 SYSTEMPATH\CodeIgniter.php(919): App\Controllers\RequestController->updateEmployee('94')
 4 SYSTEMPATH\CodeIgniter.php(494): CodeIgniter\CodeIgniter->runController(Object(App\Controllers\RequestController))
 5 SYSTEMPATH\CodeIgniter.php(353): CodeIgniter\CodeIgniter->handleRequest(null, Object(Config\Cache), false)
 6 FCPATH\index.php(86): CodeIgniter\CodeIgniter->run()
CRITICAL - 2024-04-02 16:32:25 --> unlink(C:\laragon\www\dilg\backend\backend\../uploads/1712072672_610144a39564cfaeb57b.jpg): No such file or directory
in APPPATH\Controllers\RequestController.php on line 172.
 1 [internal function]: CodeIgniter\Debug\Exceptions->errorHandler(2, 'unlink(C:\\laragon\\www\\dilg\\backend\\backend\\../uploads/1712072672_610144a39564cfaeb57b.jpg): No such file or directory', 'C:\\laragon\\www\\dilg\\backend\\backend\\app\\Controllers\\RequestController.php', 172)
 2 APPPATH\Controllers\RequestController.php(172): unlink('C:\\laragon\\www\\dilg\\backend\\backend\\../uploads/1712072672_610144a39564cfaeb57b.jpg')
 3 SYSTEMPATH\CodeIgniter.php(919): App\Controllers\RequestController->updateEmployee('94')
 4 SYSTEMPATH\CodeIgniter.php(494): CodeIgniter\CodeIgniter->runController(Object(App\Controllers\RequestController))
 5 SYSTEMPATH\CodeIgniter.php(353): CodeIgniter\CodeIgniter->handleRequest(null, Object(Config\Cache), false)
 6 FCPATH\index.php(86): CodeIgniter\CodeIgniter->run()
CRITICAL - 2024-04-02 16:32:44 --> unlink(C:\laragon\www\dilg\backend\backend\../uploads/1709396072_2cd307107c962258ea6d.png): No such file or directory
in APPPATH\Controllers\OfficerVerifyController.php on line 52.
 1 [internal function]: CodeIgniter\Debug\Exceptions->errorHandler(2, 'unlink(C:\\laragon\\www\\dilg\\backend\\backend\\../uploads/1709396072_2cd307107c962258ea6d.png): No such file or directory', 'C:\\laragon\\www\\dilg\\backend\\backend\\app\\Controllers\\OfficerVerifyController.php', 52)
 2 APPPATH\Controllers\OfficerVerifyController.php(52): unlink('C:\\laragon\\www\\dilg\\backend\\backend\\../uploads/1709396072_2cd307107c962258ea6d.png')
 3 SYSTEMPATH\CodeIgniter.php(919): App\Controllers\OfficerVerifyController->updateVerification('9')
 4 SYSTEMPATH\CodeIgniter.php(494): CodeIgniter\CodeIgniter->runController(Object(App\Controllers\OfficerVerifyController))
 5 SYSTEMPATH\CodeIgniter.php(353): CodeIgniter\CodeIgniter->handleRequest(null, Object(Config\Cache), false)
 6 FCPATH\index.php(86): CodeIgniter\CodeIgniter->run()
CRITICAL - 2024-04-02 16:34:24 --> unlink(C:\laragon\www\dilg\backend\backend\../uploads/1712072672_610144a39564cfaeb57b.jpg): No such file or directory
in APPPATH\Controllers\RequestController.php on line 172.
 1 [internal function]: CodeIgniter\Debug\Exceptions->errorHandler(2, 'unlink(C:\\laragon\\www\\dilg\\backend\\backend\\../uploads/1712072672_610144a39564cfaeb57b.jpg): No such file or directory', 'C:\\laragon\\www\\dilg\\backend\\backend\\app\\Controllers\\RequestController.php', 172)
 2 APPPATH\Controllers\RequestController.php(172): unlink('C:\\laragon\\www\\dilg\\backend\\backend\\../uploads/1712072672_610144a39564cfaeb57b.jpg')
 3 SYSTEMPATH\CodeIgniter.php(919): App\Controllers\RequestController->updateEmployee('94')
 4 SYSTEMPATH\CodeIgniter.php(494): CodeIgniter\CodeIgniter->runController(Object(App\Controllers\RequestController))
 5 SYSTEMPATH\CodeIgniter.php(353): CodeIgniter\CodeIgniter->handleRequest(null, Object(Config\Cache), false)
 6 FCPATH\index.php(86): CodeIgniter\CodeIgniter->run()
CRITICAL - 2024-04-02 16:38:30 --> unlink(C:\laragon\www\dilg\backend\backend\../uploads/1712072646_f977a1290d80456fc367.jpg): No such file or directory
in APPPATH\Controllers\RequestController.php on line 172.
 1 [internal function]: CodeIgniter\Debug\Exceptions->errorHandler(2, 'unlink(C:\\laragon\\www\\dilg\\backend\\backend\\../uploads/1712072646_f977a1290d80456fc367.jpg): No such file or directory', 'C:\\laragon\\www\\dilg\\backend\\backend\\app\\Controllers\\RequestController.php', 172)
 2 APPPATH\Controllers\RequestController.php(172): unlink('C:\\laragon\\www\\dilg\\backend\\backend\\../uploads/1712072646_f977a1290d80456fc367.jpg')
 3 SYSTEMPATH\CodeIgniter.php(919): App\Controllers\RequestController->updateEmployee('104')
 4 SYSTEMPATH\CodeIgniter.php(494): CodeIgniter\CodeIgniter->runController(Object(App\Controllers\RequestController))
 5 SYSTEMPATH\CodeIgniter.php(353): CodeIgniter\CodeIgniter->handleRequest(null, Object(Config\Cache), false)
 6 FCPATH\index.php(86): CodeIgniter\CodeIgniter->run()
CRITICAL - 2024-04-02 16:51:28 --> unlink(C:\laragon\www\dilg\backend\backend\../uploads/1712072646_f977a1290d80456fc367.jpg): No such file or directory
in APPPATH\Controllers\RequestController.php on line 172.
 1 [internal function]: CodeIgniter\Debug\Exceptions->errorHandler(2, 'unlink(C:\\laragon\\www\\dilg\\backend\\backend\\../uploads/1712072646_f977a1290d80456fc367.jpg): No such file or directory', 'C:\\laragon\\www\\dilg\\backend\\backend\\app\\Controllers\\RequestController.php', 172)
 2 APPPATH\Controllers\RequestController.php(172): unlink('C:\\laragon\\www\\dilg\\backend\\backend\\../uploads/1712072646_f977a1290d80456fc367.jpg')
 3 SYSTEMPATH\CodeIgniter.php(919): App\Controllers\RequestController->updateEmployee('104')
 4 SYSTEMPATH\CodeIgniter.php(494): CodeIgniter\CodeIgniter->runController(Object(App\Controllers\RequestController))
 5 SYSTEMPATH\CodeIgniter.php(353): CodeIgniter\CodeIgniter->handleRequest(null, Object(Config\Cache), false)
 6 FCPATH\index.php(86): CodeIgniter\CodeIgniter->run()
CRITICAL - 2024-04-02 16:52:03 --> unlink(C:\laragon\www\dilg\backend\backend\../uploads/1712072914_daf369be85eeb229fea2.jpg): No such file or directory
in APPPATH\Controllers\RequestController.php on line 172.
 1 [internal function]: CodeIgniter\Debug\Exceptions->errorHandler(2, 'unlink(C:\\laragon\\www\\dilg\\backend\\backend\\../uploads/1712072914_daf369be85eeb229fea2.jpg): No such file or directory', 'C:\\laragon\\www\\dilg\\backend\\backend\\app\\Controllers\\RequestController.php', 172)
 2 APPPATH\Controllers\RequestController.php(172): unlink('C:\\laragon\\www\\dilg\\backend\\backend\\../uploads/1712072914_daf369be85eeb229fea2.jpg')
 3 SYSTEMPATH\CodeIgniter.php(919): App\Controllers\RequestController->updateEmployee('89')
 4 SYSTEMPATH\CodeIgniter.php(494): CodeIgniter\CodeIgniter->runController(Object(App\Controllers\RequestController))
 5 SYSTEMPATH\CodeIgniter.php(353): CodeIgniter\CodeIgniter->handleRequest(null, Object(Config\Cache), false)
 6 FCPATH\index.php(86): CodeIgniter\CodeIgniter->run()
CRITICAL - 2024-04-02 16:52:09 --> unlink(C:\laragon\www\dilg\backend\backend\../uploads/1712072914_daf369be85eeb229fea2.jpg): No such file or directory
in APPPATH\Controllers\RequestController.php on line 172.
 1 [internal function]: CodeIgniter\Debug\Exceptions->errorHandler(2, 'unlink(C:\\laragon\\www\\dilg\\backend\\backend\\../uploads/1712072914_daf369be85eeb229fea2.jpg): No such file or directory', 'C:\\laragon\\www\\dilg\\backend\\backend\\app\\Controllers\\RequestController.php', 172)
 2 APPPATH\Controllers\RequestController.php(172): unlink('C:\\laragon\\www\\dilg\\backend\\backend\\../uploads/1712072914_daf369be85eeb229fea2.jpg')
 3 SYSTEMPATH\CodeIgniter.php(919): App\Controllers\RequestController->updateEmployee('89')
 4 SYSTEMPATH\CodeIgniter.php(494): CodeIgniter\CodeIgniter->runController(Object(App\Controllers\RequestController))
 5 SYSTEMPATH\CodeIgniter.php(353): CodeIgniter\CodeIgniter->handleRequest(null, Object(Config\Cache), false)
 6 FCPATH\index.php(86): CodeIgniter\CodeIgniter->run()
CRITICAL - 2024-04-02 16:56:01 --> unlink(C:\laragon\www\dilg\backend\backend\../uploads/1710252990_101901581bb653f63be8.png): No such file or directory
in APPPATH\Controllers\OfficerVerifyController.php on line 52.
 1 [internal function]: CodeIgniter\Debug\Exceptions->errorHandler(2, 'unlink(C:\\laragon\\www\\dilg\\backend\\backend\\../uploads/1710252990_101901581bb653f63be8.png): No such file or directory', 'C:\\laragon\\www\\dilg\\backend\\backend\\app\\Controllers\\OfficerVerifyController.php', 52)
 2 APPPATH\Controllers\OfficerVerifyController.php(52): unlink('C:\\laragon\\www\\dilg\\backend\\backend\\../uploads/1710252990_101901581bb653f63be8.png')
 3 SYSTEMPATH\CodeIgniter.php(919): App\Controllers\OfficerVerifyController->updateVerification('8')
 4 SYSTEMPATH\CodeIgniter.php(494): CodeIgniter\CodeIgniter->runController(Object(App\Controllers\OfficerVerifyController))
 5 SYSTEMPATH\CodeIgniter.php(353): CodeIgniter\CodeIgniter->handleRequest(null, Object(Config\Cache), false)
 6 FCPATH\index.php(86): CodeIgniter\CodeIgniter->run()
CRITICAL - 2024-04-02 17:14:17 --> unlink(C:\laragon\www\dilg\backend\backend\../uploads/1710252990_101901581bb653f63be8.png): No such file or directory
in APPPATH\Controllers\OfficerVerifyController.php on line 52.
 1 [internal function]: CodeIgniter\Debug\Exceptions->errorHandler(2, 'unlink(C:\\laragon\\www\\dilg\\backend\\backend\\../uploads/1710252990_101901581bb653f63be8.png): No such file or directory', 'C:\\laragon\\www\\dilg\\backend\\backend\\app\\Controllers\\OfficerVerifyController.php', 52)
 2 APPPATH\Controllers\OfficerVerifyController.php(52): unlink('C:\\laragon\\www\\dilg\\backend\\backend\\../uploads/1710252990_101901581bb653f63be8.png')
 3 SYSTEMPATH\CodeIgniter.php(919): App\Controllers\OfficerVerifyController->updateVerification('8')
 4 SYSTEMPATH\CodeIgniter.php(494): CodeIgniter\CodeIgniter->runController(Object(App\Controllers\OfficerVerifyController))
 5 SYSTEMPATH\CodeIgniter.php(353): CodeIgniter\CodeIgniter->handleRequest(null, Object(Config\Cache), false)
 6 FCPATH\index.php(86): CodeIgniter\CodeIgniter->run()
CRITICAL - 2024-04-02 17:14:45 --> unlink(C:\laragon\www\dilg\backend\backend\../uploads/1709396072_2cd307107c962258ea6d.png): No such file or directory
in APPPATH\Controllers\OfficerVerifyController.php on line 52.
 1 [internal function]: CodeIgniter\Debug\Exceptions->errorHandler(2, 'unlink(C:\\laragon\\www\\dilg\\backend\\backend\\../uploads/1709396072_2cd307107c962258ea6d.png): No such file or directory', 'C:\\laragon\\www\\dilg\\backend\\backend\\app\\Controllers\\OfficerVerifyController.php', 52)
 2 APPPATH\Controllers\OfficerVerifyController.php(52): unlink('C:\\laragon\\www\\dilg\\backend\\backend\\../uploads/1709396072_2cd307107c962258ea6d.png')
 3 SYSTEMPATH\CodeIgniter.php(919): App\Controllers\OfficerVerifyController->updateVerification('9')
 4 SYSTEMPATH\CodeIgniter.php(494): CodeIgniter\CodeIgniter->runController(Object(App\Controllers\OfficerVerifyController))
 5 SYSTEMPATH\CodeIgniter.php(353): CodeIgniter\CodeIgniter->handleRequest(null, Object(Config\Cache), false)
 6 FCPATH\index.php(86): CodeIgniter\CodeIgniter->run()
CRITICAL - 2024-04-02 17:16:08 --> unlink(C:\laragon\www\dilg\backend\backend\../uploads/1712078025_a94dda18cef1e38428d1.jpg): No such file or directory
in APPPATH\Controllers\RequestController.php on line 172.
 1 [internal function]: CodeIgniter\Debug\Exceptions->errorHandler(2, 'unlink(C:\\laragon\\www\\dilg\\backend\\backend\\../uploads/1712078025_a94dda18cef1e38428d1.jpg): No such file or directory', 'C:\\laragon\\www\\dilg\\backend\\backend\\app\\Controllers\\RequestController.php', 172)
 2 APPPATH\Controllers\RequestController.php(172): unlink('C:\\laragon\\www\\dilg\\backend\\backend\\../uploads/1712078025_a94dda18cef1e38428d1.jpg')
 3 SYSTEMPATH\CodeIgniter.php(919): App\Controllers\RequestController->updateEmployee('89')
 4 SYSTEMPATH\CodeIgniter.php(494): CodeIgniter\CodeIgniter->runController(Object(App\Controllers\RequestController))
 5 SYSTEMPATH\CodeIgniter.php(353): CodeIgniter\CodeIgniter->handleRequest(null, Object(Config\Cache), false)
 6 FCPATH\index.php(86): CodeIgniter\CodeIgniter->run()
CRITICAL - 2024-04-02 17:16:19 --> unlink(C:\laragon\www\dilg\backend\backend\../uploads/1712078025_a94dda18cef1e38428d1.jpg): No such file or directory
in APPPATH\Controllers\RequestController.php on line 172.
 1 [internal function]: CodeIgniter\Debug\Exceptions->errorHandler(2, 'unlink(C:\\laragon\\www\\dilg\\backend\\backend\\../uploads/1712078025_a94dda18cef1e38428d1.jpg): No such file or directory', 'C:\\laragon\\www\\dilg\\backend\\backend\\app\\Controllers\\RequestController.php', 172)
 2 APPPATH\Controllers\RequestController.php(172): unlink('C:\\laragon\\www\\dilg\\backend\\backend\\../uploads/1712078025_a94dda18cef1e38428d1.jpg')
 3 SYSTEMPATH\CodeIgniter.php(919): App\Controllers\RequestController->updateEmployee('89')
 4 SYSTEMPATH\CodeIgniter.php(494): CodeIgniter\CodeIgniter->runController(Object(App\Controllers\RequestController))
 5 SYSTEMPATH\CodeIgniter.php(353): CodeIgniter\CodeIgniter->handleRequest(null, Object(Config\Cache), false)
 6 FCPATH\index.php(86): CodeIgniter\CodeIgniter->run()
CRITICAL - 2024-04-02 18:24:17 --> unlink(C:\laragon\www\dilg\backend\backend\../uploads/): Is a directory
in APPPATH\Controllers\RequestController.php on line 178.
 1 [internal function]: CodeIgniter\Debug\Exceptions->errorHandler(2, 'unlink(C:\\laragon\\www\\dilg\\backend\\backend\\../uploads/): Is a directory', 'C:\\laragon\\www\\dilg\\backend\\backend\\app\\Controllers\\RequestController.php', 178)
 2 APPPATH\Controllers\RequestController.php(178): unlink('C:\\laragon\\www\\dilg\\backend\\backend\\../uploads/')
 3 SYSTEMPATH\CodeIgniter.php(919): App\Controllers\RequestController->updateEmployee('104')
 4 SYSTEMPATH\CodeIgniter.php(494): CodeIgniter\CodeIgniter->runController(Object(App\Controllers\RequestController))
 5 SYSTEMPATH\CodeIgniter.php(353): CodeIgniter\CodeIgniter->handleRequest(null, Object(Config\Cache), false)
 6 FCPATH\index.php(86): CodeIgniter\CodeIgniter->run()
