ERROR - 2024-07-29 07:49:57 --> mysqli_sql_exception: Unknown column 'status' in 'where clause' in C:\laragon\www\dilg\backend\backend\system\Database\MySQLi\Connection.php:306
Stack trace:
#0 C:\laragon\www\dilg\backend\backend\system\Database\MySQLi\Connection.php(306): mysqli->query('SELECT *\nFROM `...', 0)
#1 C:\laragon\www\dilg\backend\backend\system\Database\BaseConnection.php(692): CodeIgniter\Database\MySQLi\Connection->execute('SELECT *\nFROM `...')
#2 C:\laragon\www\dilg\backend\backend\system\Database\BaseConnection.php(606): CodeIgniter\Database\BaseConnection->simpleQuery('SELECT *\nFROM `...')
#3 C:\laragon\www\dilg\backend\backend\system\Database\BaseBuilder.php(1615): CodeIgniter\Database\BaseConnection->query('SELECT *\nFROM `...', Array, false)
#4 C:\laragon\www\dilg\backend\backend\system\Model.php(237): CodeIgniter\Database\BaseBuilder->get()
#5 C:\laragon\www\dilg\backend\backend\system\BaseModel.php(624): CodeIgniter\Model->doFindAll(0, 0)
#6 C:\laragon\www\dilg\backend\backend\app\Controllers\ServiceController.php(96): CodeIgniter\BaseModel->findAll()
#7 C:\laragon\www\dilg\backend\backend\system\CodeIgniter.php(919): App\Controllers\ServiceController->getDataUnserviceable()
#8 C:\laragon\www\dilg\backend\backend\system\CodeIgniter.php(494): CodeIgniter\CodeIgniter->runController(Object(App\Controllers\ServiceController))
#9 C:\laragon\www\dilg\backend\backend\system\CodeIgniter.php(353): CodeIgniter\CodeIgniter->handleRequest(NULL, Object(Config\Cache), false)
#10 C:\laragon\www\dilg\backend\index.php(86): CodeIgniter\CodeIgniter->run()
#11 {main}
CRITICAL - 2024-07-29 07:49:57 --> Unknown column 'status' in 'where clause'
in SYSTEMPATH\Database\BaseConnection.php on line 646.
 1 SYSTEMPATH\Database\BaseBuilder.php(1615): CodeIgniter\Database\BaseConnection->query('SELECT *
FROM `databaseppe`
WHERE `status` = :status:', [...], false)
 2 SYSTEMPATH\Model.php(237): CodeIgniter\Database\BaseBuilder->get()
 3 SYSTEMPATH\BaseModel.php(624): CodeIgniter\Model->doFindAll(0, 0)
 4 APPPATH\Controllers\ServiceController.php(96): CodeIgniter\BaseModel->findAll()
 5 SYSTEMPATH\CodeIgniter.php(919): App\Controllers\ServiceController->getDataUnserviceable()
 6 SYSTEMPATH\CodeIgniter.php(494): CodeIgniter\CodeIgniter->runController(Object(App\Controllers\ServiceController))
 7 SYSTEMPATH\CodeIgniter.php(353): CodeIgniter\CodeIgniter->handleRequest(null, Object(Config\Cache), false)
 8 FCPATH\index.php(86): CodeIgniter\CodeIgniter->run()
CRITICAL - 2024-07-29 07:51:59 --> Attempt to read property "acc_officer" on null
in APPPATH\Controllers\DatabasePPEController.php on line 1096.
 1 APPPATH\Controllers\DatabasePPEController.php(1096): CodeIgniter\Debug\Exceptions->errorHandler(2, 'Attempt to read property "acc_officer" on null', 'C:\\laragon\\www\\dilg\\backend\\backend\\app\\Controllers\\DatabasePPEController.php', 1096)
 2 SYSTEMPATH\CodeIgniter.php(919): App\Controllers\DatabasePPEController->employeeRecordsPDF()
 3 SYSTEMPATH\CodeIgniter.php(494): CodeIgniter\CodeIgniter->runController(Object(App\Controllers\DatabasePPEController))
 4 SYSTEMPATH\CodeIgniter.php(353): CodeIgniter\CodeIgniter->handleRequest(null, Object(Config\Cache), false)
 5 FCPATH\index.php(86): CodeIgniter\CodeIgniter->run()
CRITICAL - 2024-07-29 07:52:13 --> Attempt to read property "acc_officer" on null
in APPPATH\Controllers\DatabasePPEController.php on line 1096.
 1 APPPATH\Controllers\DatabasePPEController.php(1096): CodeIgniter\Debug\Exceptions->errorHandler(2, 'Attempt to read property "acc_officer" on null', 'C:\\laragon\\www\\dilg\\backend\\backend\\app\\Controllers\\DatabasePPEController.php', 1096)
 2 SYSTEMPATH\CodeIgniter.php(919): App\Controllers\DatabasePPEController->employeeRecordsPDF()
 3 SYSTEMPATH\CodeIgniter.php(494): CodeIgniter\CodeIgniter->runController(Object(App\Controllers\DatabasePPEController))
 4 SYSTEMPATH\CodeIgniter.php(353): CodeIgniter\CodeIgniter->handleRequest(null, Object(Config\Cache), false)
 5 FCPATH\index.php(86): CodeIgniter\CodeIgniter->run()
CRITICAL - 2024-07-29 07:53:08 --> Attempt to read property "acc_officer" on null
in APPPATH\Controllers\DatabasePPEController.php on line 1096.
 1 APPPATH\Controllers\DatabasePPEController.php(1096): CodeIgniter\Debug\Exceptions->errorHandler(2, 'Attempt to read property "acc_officer" on null', 'C:\\laragon\\www\\dilg\\backend\\backend\\app\\Controllers\\DatabasePPEController.php', 1096)
 2 SYSTEMPATH\CodeIgniter.php(919): App\Controllers\DatabasePPEController->employeeRecordsPDF()
 3 SYSTEMPATH\CodeIgniter.php(494): CodeIgniter\CodeIgniter->runController(Object(App\Controllers\DatabasePPEController))
 4 SYSTEMPATH\CodeIgniter.php(353): CodeIgniter\CodeIgniter->handleRequest(null, Object(Config\Cache), false)
 5 FCPATH\index.php(86): CodeIgniter\CodeIgniter->run()
CRITICAL - 2024-07-29 07:53:09 --> Attempt to read property "acc_officer" on null
in APPPATH\Controllers\DatabasePPEController.php on line 1096.
 1 APPPATH\Controllers\DatabasePPEController.php(1096): CodeIgniter\Debug\Exceptions->errorHandler(2, 'Attempt to read property "acc_officer" on null', 'C:\\laragon\\www\\dilg\\backend\\backend\\app\\Controllers\\DatabasePPEController.php', 1096)
 2 SYSTEMPATH\CodeIgniter.php(919): App\Controllers\DatabasePPEController->employeeRecordsPDF()
 3 SYSTEMPATH\CodeIgniter.php(494): CodeIgniter\CodeIgniter->runController(Object(App\Controllers\DatabasePPEController))
 4 SYSTEMPATH\CodeIgniter.php(353): CodeIgniter\CodeIgniter->handleRequest(null, Object(Config\Cache), false)
 5 FCPATH\index.php(86): CodeIgniter\CodeIgniter->run()
CRITICAL - 2024-07-29 07:53:16 --> Attempt to read property "acc_officer" on null
in APPPATH\Controllers\DatabasePPEController.php on line 1096.
 1 APPPATH\Controllers\DatabasePPEController.php(1096): CodeIgniter\Debug\Exceptions->errorHandler(2, 'Attempt to read property "acc_officer" on null', 'C:\\laragon\\www\\dilg\\backend\\backend\\app\\Controllers\\DatabasePPEController.php', 1096)
 2 SYSTEMPATH\CodeIgniter.php(919): App\Controllers\DatabasePPEController->employeeRecordsPDF()
 3 SYSTEMPATH\CodeIgniter.php(494): CodeIgniter\CodeIgniter->runController(Object(App\Controllers\DatabasePPEController))
 4 SYSTEMPATH\CodeIgniter.php(353): CodeIgniter\CodeIgniter->handleRequest(null, Object(Config\Cache), false)
 5 FCPATH\index.php(86): CodeIgniter\CodeIgniter->run()
CRITICAL - 2024-07-29 13:05:30 --> Attempt to read property "Ariel James De Guzman" on null
in APPPATH\Controllers\DatabasePPEController.php on line 1205.
 1 APPPATH\Controllers\DatabasePPEController.php(1205): CodeIgniter\Debug\Exceptions->errorHandler(2, 'Attempt to read property "Ariel James De Guzman" on null', 'C:\\laragon\\www\\dilg\\backend\\backend\\app\\Controllers\\DatabasePPEController.php', 1205)
 2 SYSTEMPATH\CodeIgniter.php(919): App\Controllers\DatabasePPEController->showemployeerecordPDF('Ariel James De Guzman')
 3 SYSTEMPATH\CodeIgniter.php(494): CodeIgniter\CodeIgniter->runController(Object(App\Controllers\DatabasePPEController))
 4 SYSTEMPATH\CodeIgniter.php(353): CodeIgniter\CodeIgniter->handleRequest(null, Object(Config\Cache), false)
 5 FCPATH\index.php(86): CodeIgniter\CodeIgniter->run()
CRITICAL - 2024-07-29 13:05:51 --> Attempt to read property "Elizabeth Pajelago" on null
in APPPATH\Controllers\DatabasePPEController.php on line 1205.
 1 APPPATH\Controllers\DatabasePPEController.php(1205): CodeIgniter\Debug\Exceptions->errorHandler(2, 'Attempt to read property "Elizabeth Pajelago" on null', 'C:\\laragon\\www\\dilg\\backend\\backend\\app\\Controllers\\DatabasePPEController.php', 1205)
 2 SYSTEMPATH\CodeIgniter.php(919): App\Controllers\DatabasePPEController->showemployeerecordPDF('Elizabeth Pajelago')
 3 SYSTEMPATH\CodeIgniter.php(494): CodeIgniter\CodeIgniter->runController(Object(App\Controllers\DatabasePPEController))
 4 SYSTEMPATH\CodeIgniter.php(353): CodeIgniter\CodeIgniter->handleRequest(null, Object(Config\Cache), false)
 5 FCPATH\index.php(86): CodeIgniter\CodeIgniter->run()
CRITICAL - 2024-07-29 13:06:18 --> Attempt to read property "Elizabeth Pajelago" on null
in APPPATH\Controllers\DatabasePPEController.php on line 1205.
 1 APPPATH\Controllers\DatabasePPEController.php(1205): CodeIgniter\Debug\Exceptions->errorHandler(2, 'Attempt to read property "Elizabeth Pajelago" on null', 'C:\\laragon\\www\\dilg\\backend\\backend\\app\\Controllers\\DatabasePPEController.php', 1205)
 2 SYSTEMPATH\CodeIgniter.php(919): App\Controllers\DatabasePPEController->showemployeerecordPDF('Elizabeth Pajelago')
 3 SYSTEMPATH\CodeIgniter.php(494): CodeIgniter\CodeIgniter->runController(Object(App\Controllers\DatabasePPEController))
 4 SYSTEMPATH\CodeIgniter.php(353): CodeIgniter\CodeIgniter->handleRequest(null, Object(Config\Cache), false)
 5 FCPATH\index.php(86): CodeIgniter\CodeIgniter->run()
CRITICAL - 2024-07-29 13:07:01 --> Attempt to read property "Elizabeth Pajelago" on null
in APPPATH\Controllers\DatabasePPEController.php on line 1205.
 1 APPPATH\Controllers\DatabasePPEController.php(1205): CodeIgniter\Debug\Exceptions->errorHandler(2, 'Attempt to read property "Elizabeth Pajelago" on null', 'C:\\laragon\\www\\dilg\\backend\\backend\\app\\Controllers\\DatabasePPEController.php', 1205)
 2 SYSTEMPATH\CodeIgniter.php(919): App\Controllers\DatabasePPEController->showemployeerecordPDF('Elizabeth Pajelago')
 3 SYSTEMPATH\CodeIgniter.php(494): CodeIgniter\CodeIgniter->runController(Object(App\Controllers\DatabasePPEController))
 4 SYSTEMPATH\CodeIgniter.php(353): CodeIgniter\CodeIgniter->handleRequest(null, Object(Config\Cache), false)
 5 FCPATH\index.php(86): CodeIgniter\CodeIgniter->run()
CRITICAL - 2024-07-29 13:07:02 --> Attempt to read property "Ariel James De Guzman" on null
in APPPATH\Controllers\DatabasePPEController.php on line 1205.
 1 APPPATH\Controllers\DatabasePPEController.php(1205): CodeIgniter\Debug\Exceptions->errorHandler(2, 'Attempt to read property "Ariel James De Guzman" on null', 'C:\\laragon\\www\\dilg\\backend\\backend\\app\\Controllers\\DatabasePPEController.php', 1205)
 2 SYSTEMPATH\CodeIgniter.php(919): App\Controllers\DatabasePPEController->showemployeerecordPDF('Ariel James De Guzman')
 3 SYSTEMPATH\CodeIgniter.php(494): CodeIgniter\CodeIgniter->runController(Object(App\Controllers\DatabasePPEController))
 4 SYSTEMPATH\CodeIgniter.php(353): CodeIgniter\CodeIgniter->handleRequest(null, Object(Config\Cache), false)
 5 FCPATH\index.php(86): CodeIgniter\CodeIgniter->run()
ERROR - 2024-07-29 17:26:26 --> mysqli_sql_exception: Unknown column 'status' in 'where clause' in C:\laragon\www\dilg\backend\backend\system\Database\MySQLi\Connection.php:306
Stack trace:
#0 C:\laragon\www\dilg\backend\backend\system\Database\MySQLi\Connection.php(306): mysqli->query('SELECT *\nFROM `...', 0)
#1 C:\laragon\www\dilg\backend\backend\system\Database\BaseConnection.php(692): CodeIgniter\Database\MySQLi\Connection->execute('SELECT *\nFROM `...')
#2 C:\laragon\www\dilg\backend\backend\system\Database\BaseConnection.php(606): CodeIgniter\Database\BaseConnection->simpleQuery('SELECT *\nFROM `...')
#3 C:\laragon\www\dilg\backend\backend\system\Database\BaseBuilder.php(1615): CodeIgniter\Database\BaseConnection->query('SELECT *\nFROM `...', Array, false)
#4 C:\laragon\www\dilg\backend\backend\system\Model.php(237): CodeIgniter\Database\BaseBuilder->get()
#5 C:\laragon\www\dilg\backend\backend\system\BaseModel.php(624): CodeIgniter\Model->doFindAll(0, 0)
#6 C:\laragon\www\dilg\backend\backend\app\Controllers\ServiceController.php(96): CodeIgniter\BaseModel->findAll()
#7 C:\laragon\www\dilg\backend\backend\system\CodeIgniter.php(919): App\Controllers\ServiceController->getDataUnserviceable()
#8 C:\laragon\www\dilg\backend\backend\system\CodeIgniter.php(494): CodeIgniter\CodeIgniter->runController(Object(App\Controllers\ServiceController))
#9 C:\laragon\www\dilg\backend\backend\system\CodeIgniter.php(353): CodeIgniter\CodeIgniter->handleRequest(NULL, Object(Config\Cache), false)
#10 C:\laragon\www\dilg\backend\index.php(86): CodeIgniter\CodeIgniter->run()
#11 {main}
CRITICAL - 2024-07-29 17:26:26 --> Unknown column 'status' in 'where clause'
in SYSTEMPATH\Database\BaseConnection.php on line 646.
 1 SYSTEMPATH\Database\BaseBuilder.php(1615): CodeIgniter\Database\BaseConnection->query('SELECT *
FROM `databaseppe`
WHERE `status` = :status:', [...], false)
 2 SYSTEMPATH\Model.php(237): CodeIgniter\Database\BaseBuilder->get()
 3 SYSTEMPATH\BaseModel.php(624): CodeIgniter\Model->doFindAll(0, 0)
 4 APPPATH\Controllers\ServiceController.php(96): CodeIgniter\BaseModel->findAll()
 5 SYSTEMPATH\CodeIgniter.php(919): App\Controllers\ServiceController->getDataUnserviceable()
 6 SYSTEMPATH\CodeIgniter.php(494): CodeIgniter\CodeIgniter->runController(Object(App\Controllers\ServiceController))
 7 SYSTEMPATH\CodeIgniter.php(353): CodeIgniter\CodeIgniter->handleRequest(null, Object(Config\Cache), false)
 8 FCPATH\index.php(86): CodeIgniter\CodeIgniter->run()
