CRITICAL - 2024-02-15 16:09:46 --> Call to a member function getRandomName() on null
in APPPATH\Controllers\DatabasePPEController.php on line 219.
 1 SYSTEMPATH\CodeIgniter.php(919): App\Controllers\DatabasePPEController->saveInventory()
 2 SYSTEMPATH\CodeIgniter.php(494): CodeIgniter\CodeIgniter->runController(Object(App\Controllers\DatabasePPEController))
 3 SYSTEMPATH\CodeIgniter.php(353): CodeIgniter\CodeIgniter->handleRequest(null, Object(Config\Cache), false)
 4 FCPATH\index.php(86): CodeIgniter\CodeIgniter->run()
CRITICAL - 2024-02-15 16:09:47 --> Call to a member function getRandomName() on null
in APPPATH\Controllers\DatabasePPEController.php on line 219.
 1 SYSTEMPATH\CodeIgniter.php(919): App\Controllers\DatabasePPEController->saveInventory()
 2 SYSTEMPATH\CodeIgniter.php(494): CodeIgniter\CodeIgniter->runController(Object(App\Controllers\DatabasePPEController))
 3 SYSTEMPATH\CodeIgniter.php(353): CodeIgniter\CodeIgniter->handleRequest(null, Object(Config\Cache), false)
 4 FCPATH\index.php(86): CodeIgniter\CodeIgniter->run()
CRITICAL - 2024-02-15 16:09:47 --> Call to a member function getRandomName() on null
in APPPATH\Controllers\DatabasePPEController.php on line 219.
 1 SYSTEMPATH\CodeIgniter.php(919): App\Controllers\DatabasePPEController->saveInventory()
 2 SYSTEMPATH\CodeIgniter.php(494): CodeIgniter\CodeIgniter->runController(Object(App\Controllers\DatabasePPEController))
 3 SYSTEMPATH\CodeIgniter.php(353): CodeIgniter\CodeIgniter->handleRequest(null, Object(Config\Cache), false)
 4 FCPATH\index.php(86): CodeIgniter\CodeIgniter->run()
CRITICAL - 2024-02-15 16:09:48 --> Call to a member function getRandomName() on null
in APPPATH\Controllers\DatabasePPEController.php on line 219.
 1 SYSTEMPATH\CodeIgniter.php(919): App\Controllers\DatabasePPEController->saveInventory()
 2 SYSTEMPATH\CodeIgniter.php(494): CodeIgniter\CodeIgniter->runController(Object(App\Controllers\DatabasePPEController))
 3 SYSTEMPATH\CodeIgniter.php(353): CodeIgniter\CodeIgniter->handleRequest(null, Object(Config\Cache), false)
 4 FCPATH\index.php(86): CodeIgniter\CodeIgniter->run()
CRITICAL - 2024-02-15 16:09:55 --> Call to a member function getRandomName() on null
in APPPATH\Controllers\DatabasePPEController.php on line 219.
 1 SYSTEMPATH\CodeIgniter.php(919): App\Controllers\DatabasePPEController->saveInventory()
 2 SYSTEMPATH\CodeIgniter.php(494): CodeIgniter\CodeIgniter->runController(Object(App\Controllers\DatabasePPEController))
 3 SYSTEMPATH\CodeIgniter.php(353): CodeIgniter\CodeIgniter->handleRequest(null, Object(Config\Cache), false)
 4 FCPATH\index.php(86): CodeIgniter\CodeIgniter->run()
CRITICAL - 2024-02-15 16:11:16 --> Attempt to read property "entityname" on null
in APPPATH\Controllers\DatabasePPEController.php on line 222.
 1 APPPATH\Controllers\DatabasePPEController.php(222): CodeIgniter\Debug\Exceptions->errorHandler(2, 'Attempt to read property "entityname" on null', 'C:\\laragon\\www\\dilg\\backend\\backend\\app\\Controllers\\DatabasePPEController.php', 222)
 2 SYSTEMPATH\CodeIgniter.php(919): App\Controllers\DatabasePPEController->saveInventory()
 3 SYSTEMPATH\CodeIgniter.php(494): CodeIgniter\CodeIgniter->runController(Object(App\Controllers\DatabasePPEController))
 4 SYSTEMPATH\CodeIgniter.php(353): CodeIgniter\CodeIgniter->handleRequest(null, Object(Config\Cache), false)
 5 FCPATH\index.php(86): CodeIgniter\CodeIgniter->run()
CRITICAL - 2024-02-15 16:11:28 --> Attempt to read property "entityname" on null
in APPPATH\Controllers\DatabasePPEController.php on line 222.
 1 APPPATH\Controllers\DatabasePPEController.php(222): CodeIgniter\Debug\Exceptions->errorHandler(2, 'Attempt to read property "entityname" on null', 'C:\\laragon\\www\\dilg\\backend\\backend\\app\\Controllers\\DatabasePPEController.php', 222)
 2 SYSTEMPATH\CodeIgniter.php(919): App\Controllers\DatabasePPEController->saveInventory()
 3 SYSTEMPATH\CodeIgniter.php(494): CodeIgniter\CodeIgniter->runController(Object(App\Controllers\DatabasePPEController))
 4 SYSTEMPATH\CodeIgniter.php(353): CodeIgniter\CodeIgniter->handleRequest(null, Object(Config\Cache), false)
 5 FCPATH\index.php(86): CodeIgniter\CodeIgniter->run()
CRITICAL - 2024-02-15 16:13:06 --> Attempt to read property "entityname" on null
in APPPATH\Controllers\DatabasePPEController.php on line 222.
 1 APPPATH\Controllers\DatabasePPEController.php(222): CodeIgniter\Debug\Exceptions->errorHandler(2, 'Attempt to read property "entityname" on null', 'C:\\laragon\\www\\dilg\\backend\\backend\\app\\Controllers\\DatabasePPEController.php', 222)
 2 SYSTEMPATH\CodeIgniter.php(919): App\Controllers\DatabasePPEController->saveInventory()
 3 SYSTEMPATH\CodeIgniter.php(494): CodeIgniter\CodeIgniter->runController(Object(App\Controllers\DatabasePPEController))
 4 SYSTEMPATH\CodeIgniter.php(353): CodeIgniter\CodeIgniter->handleRequest(null, Object(Config\Cache), false)
 5 FCPATH\index.php(86): CodeIgniter\CodeIgniter->run()
CRITICAL - 2024-02-15 16:13:32 --> Call to a member function getRandomName() on null
in APPPATH\Controllers\DatabasePPEController.php on line 219.
 1 SYSTEMPATH\CodeIgniter.php(919): App\Controllers\DatabasePPEController->saveInventory()
 2 SYSTEMPATH\CodeIgniter.php(494): CodeIgniter\CodeIgniter->runController(Object(App\Controllers\DatabasePPEController))
 3 SYSTEMPATH\CodeIgniter.php(353): CodeIgniter\CodeIgniter->handleRequest(null, Object(Config\Cache), false)
 4 FCPATH\index.php(86): CodeIgniter\CodeIgniter->run()
CRITICAL - 2024-02-15 16:13:53 --> Call to a member function getRandomName() on null
in APPPATH\Controllers\DatabasePPEController.php on line 219.
 1 SYSTEMPATH\CodeIgniter.php(919): App\Controllers\DatabasePPEController->saveInventory()
 2 SYSTEMPATH\CodeIgniter.php(494): CodeIgniter\CodeIgniter->runController(Object(App\Controllers\DatabasePPEController))
 3 SYSTEMPATH\CodeIgniter.php(353): CodeIgniter\CodeIgniter->handleRequest(null, Object(Config\Cache), false)
 4 FCPATH\index.php(86): CodeIgniter\CodeIgniter->run()
CRITICAL - 2024-02-15 16:19:19 --> Attempt to read property "entityname" on null
in APPPATH\Controllers\DatabasePPEController.php on line 228.
 1 APPPATH\Controllers\DatabasePPEController.php(228): CodeIgniter\Debug\Exceptions->errorHandler(2, 'Attempt to read property "entityname" on null', 'C:\\laragon\\www\\dilg\\backend\\backend\\app\\Controllers\\DatabasePPEController.php', 228)
 2 SYSTEMPATH\CodeIgniter.php(919): App\Controllers\DatabasePPEController->saveInventory()
 3 SYSTEMPATH\CodeIgniter.php(494): CodeIgniter\CodeIgniter->runController(Object(App\Controllers\DatabasePPEController))
 4 SYSTEMPATH\CodeIgniter.php(353): CodeIgniter\CodeIgniter->handleRequest(null, Object(Config\Cache), false)
 5 FCPATH\index.php(86): CodeIgniter\CodeIgniter->run()
CRITICAL - 2024-02-15 16:21:08 --> Attempt to read property "entityname" on null
in APPPATH\Controllers\DatabasePPEController.php on line 228.
 1 APPPATH\Controllers\DatabasePPEController.php(228): CodeIgniter\Debug\Exceptions->errorHandler(2, 'Attempt to read property "entityname" on null', 'C:\\laragon\\www\\dilg\\backend\\backend\\app\\Controllers\\DatabasePPEController.php', 228)
 2 SYSTEMPATH\CodeIgniter.php(919): App\Controllers\DatabasePPEController->saveInventory()
 3 SYSTEMPATH\CodeIgniter.php(494): CodeIgniter\CodeIgniter->runController(Object(App\Controllers\DatabasePPEController))
 4 SYSTEMPATH\CodeIgniter.php(353): CodeIgniter\CodeIgniter->handleRequest(null, Object(Config\Cache), false)
 5 FCPATH\index.php(86): CodeIgniter\CodeIgniter->run()
CRITICAL - 2024-02-15 16:21:54 --> Attempt to read property "entityname" on null
in APPPATH\Controllers\DatabasePPEController.php on line 228.
 1 APPPATH\Controllers\DatabasePPEController.php(228): CodeIgniter\Debug\Exceptions->errorHandler(2, 'Attempt to read property "entityname" on null', 'C:\\laragon\\www\\dilg\\backend\\backend\\app\\Controllers\\DatabasePPEController.php', 228)
 2 SYSTEMPATH\CodeIgniter.php(919): App\Controllers\DatabasePPEController->saveInventory()
 3 SYSTEMPATH\CodeIgniter.php(494): CodeIgniter\CodeIgniter->runController(Object(App\Controllers\DatabasePPEController))
 4 SYSTEMPATH\CodeIgniter.php(353): CodeIgniter\CodeIgniter->handleRequest(null, Object(Config\Cache), false)
 5 FCPATH\index.php(86): CodeIgniter\CodeIgniter->run()
CRITICAL - 2024-02-15 16:21:55 --> Attempt to read property "entityname" on null
in APPPATH\Controllers\DatabasePPEController.php on line 228.
 1 APPPATH\Controllers\DatabasePPEController.php(228): CodeIgniter\Debug\Exceptions->errorHandler(2, 'Attempt to read property "entityname" on null', 'C:\\laragon\\www\\dilg\\backend\\backend\\app\\Controllers\\DatabasePPEController.php', 228)
 2 SYSTEMPATH\CodeIgniter.php(919): App\Controllers\DatabasePPEController->saveInventory()
 3 SYSTEMPATH\CodeIgniter.php(494): CodeIgniter\CodeIgniter->runController(Object(App\Controllers\DatabasePPEController))
 4 SYSTEMPATH\CodeIgniter.php(353): CodeIgniter\CodeIgniter->handleRequest(null, Object(Config\Cache), false)
 5 FCPATH\index.php(86): CodeIgniter\CodeIgniter->run()
