CRITICAL - 2024-10-07 05:22:23 --> Undefined variable $databasePPEModel
in APPPATH\Controllers\DatabasePPEController.php on line 1415.
 1 APPPATH\Controllers\DatabasePPEController.php(1415): CodeIgniter\Debug\Exceptions->errorHandler(2, 'Undefined variable $databasePPEModel', 'C:\\laragon\\www\\dilg\\backend\\backend\\app\\Controllers\\DatabasePPEController.php', 1415)
 2 SYSTEMPATH\CodeIgniter.php(919): App\Controllers\DatabasePPEController->employeeRecordsPDF()
 3 SYSTEMPATH\CodeIgniter.php(494): CodeIgniter\CodeIgniter->runController(Object(App\Controllers\DatabasePPEController))
 4 SYSTEMPATH\CodeIgniter.php(353): CodeIgniter\CodeIgniter->handleRequest(null, Object(Config\Cache), false)
 5 FCPATH\index.php(86): CodeIgniter\CodeIgniter->run()
CRITICAL - 2024-10-07 05:28:31 --> Undefined variable $databasePPEModel
in APPPATH\Controllers\DatabasePPEController.php on line 1418.
 1 APPPATH\Controllers\DatabasePPEController.php(1418): CodeIgniter\Debug\Exceptions->errorHandler(2, 'Undefined variable $databasePPEModel', 'C:\\laragon\\www\\dilg\\backend\\backend\\app\\Controllers\\DatabasePPEController.php', 1418)
 2 SYSTEMPATH\CodeIgniter.php(919): App\Controllers\DatabasePPEController->employeeRecordsPDF()
 3 SYSTEMPATH\CodeIgniter.php(494): CodeIgniter\CodeIgniter->runController(Object(App\Controllers\DatabasePPEController))
 4 SYSTEMPATH\CodeIgniter.php(353): CodeIgniter\CodeIgniter->handleRequest(null, Object(Config\Cache), false)
 5 FCPATH\index.php(86): CodeIgniter\CodeIgniter->run()
CRITICAL - 2024-10-07 05:30:46 --> Undefined variable $databasePPEModel
in APPPATH\Controllers\DatabasePPEController.php on line 1418.
 1 APPPATH\Controllers\DatabasePPEController.php(1418): CodeIgniter\Debug\Exceptions->errorHandler(2, 'Undefined variable $databasePPEModel', 'C:\\laragon\\www\\dilg\\backend\\backend\\app\\Controllers\\DatabasePPEController.php', 1418)
 2 SYSTEMPATH\CodeIgniter.php(919): App\Controllers\DatabasePPEController->employeeRecordsPDF()
 3 SYSTEMPATH\CodeIgniter.php(494): CodeIgniter\CodeIgniter->runController(Object(App\Controllers\DatabasePPEController))
 4 SYSTEMPATH\CodeIgniter.php(353): CodeIgniter\CodeIgniter->handleRequest(null, Object(Config\Cache), false)
 5 FCPATH\index.php(86): CodeIgniter\CodeIgniter->run()
CRITICAL - 2024-10-07 05:32:12 --> Undefined variable $databasePPEModel
in APPPATH\Controllers\DatabasePPEController.php on line 1418.
 1 APPPATH\Controllers\DatabasePPEController.php(1418): CodeIgniter\Debug\Exceptions->errorHandler(2, 'Undefined variable $databasePPEModel', 'C:\\laragon\\www\\dilg\\backend\\backend\\app\\Controllers\\DatabasePPEController.php', 1418)
 2 SYSTEMPATH\CodeIgniter.php(919): App\Controllers\DatabasePPEController->employeeRecordsPDF()
 3 SYSTEMPATH\CodeIgniter.php(494): CodeIgniter\CodeIgniter->runController(Object(App\Controllers\DatabasePPEController))
 4 SYSTEMPATH\CodeIgniter.php(353): CodeIgniter\CodeIgniter->handleRequest(null, Object(Config\Cache), false)
 5 FCPATH\index.php(86): CodeIgniter\CodeIgniter->run()
CRITICAL - 2024-10-07 05:34:08 --> Undefined variable $databasePPEModel
in APPPATH\Controllers\DatabasePPEController.php on line 1418.
 1 APPPATH\Controllers\DatabasePPEController.php(1418): CodeIgniter\Debug\Exceptions->errorHandler(2, 'Undefined variable $databasePPEModel', 'C:\\laragon\\www\\dilg\\backend\\backend\\app\\Controllers\\DatabasePPEController.php', 1418)
 2 SYSTEMPATH\CodeIgniter.php(919): App\Controllers\DatabasePPEController->employeeRecordsPDF()
 3 SYSTEMPATH\CodeIgniter.php(494): CodeIgniter\CodeIgniter->runController(Object(App\Controllers\DatabasePPEController))
 4 SYSTEMPATH\CodeIgniter.php(353): CodeIgniter\CodeIgniter->handleRequest(null, Object(Config\Cache), false)
 5 FCPATH\index.php(86): CodeIgniter\CodeIgniter->run()
CRITICAL - 2024-10-07 05:35:14 --> Undefined variable $databasePPEModel
in APPPATH\Controllers\DatabasePPEController.php on line 1418.
 1 APPPATH\Controllers\DatabasePPEController.php(1418): CodeIgniter\Debug\Exceptions->errorHandler(2, 'Undefined variable $databasePPEModel', 'C:\\laragon\\www\\dilg\\backend\\backend\\app\\Controllers\\DatabasePPEController.php', 1418)
 2 SYSTEMPATH\CodeIgniter.php(919): App\Controllers\DatabasePPEController->employeeRecordsPDF()
 3 SYSTEMPATH\CodeIgniter.php(494): CodeIgniter\CodeIgniter->runController(Object(App\Controllers\DatabasePPEController))
 4 SYSTEMPATH\CodeIgniter.php(353): CodeIgniter\CodeIgniter->handleRequest(null, Object(Config\Cache), false)
 5 FCPATH\index.php(86): CodeIgniter\CodeIgniter->run()
CRITICAL - 2024-10-07 05:36:27 --> Undefined variable $databasePPEModel
in APPPATH\Controllers\DatabasePPEController.php on line 1418.
 1 APPPATH\Controllers\DatabasePPEController.php(1418): CodeIgniter\Debug\Exceptions->errorHandler(2, 'Undefined variable $databasePPEModel', 'C:\\laragon\\www\\dilg\\backend\\backend\\app\\Controllers\\DatabasePPEController.php', 1418)
 2 SYSTEMPATH\CodeIgniter.php(919): App\Controllers\DatabasePPEController->employeeRecordsPDF()
 3 SYSTEMPATH\CodeIgniter.php(494): CodeIgniter\CodeIgniter->runController(Object(App\Controllers\DatabasePPEController))
 4 SYSTEMPATH\CodeIgniter.php(353): CodeIgniter\CodeIgniter->handleRequest(null, Object(Config\Cache), false)
 5 FCPATH\index.php(86): CodeIgniter\CodeIgniter->run()
