CRITICAL - 2024-05-12 14:23:20 --> Attempt to read property "particulars" on null
in APPPATH\Controllers\DatabasePPEController.php on line 80.
 1 APPPATH\Controllers\DatabasePPEController.php(80): CodeIgniter\Debug\Exceptions->errorHandler(2, 'Attempt to read property "particulars" on null', 'C:\\laragon\\www\\dilg\\backend\\backend\\app\\Controllers\\DatabasePPEController.php', 80)
 2 SYSTEMPATH\CodeIgniter.php(919): App\Controllers\DatabasePPEController->save()
 3 SYSTEMPATH\CodeIgniter.php(494): CodeIgniter\CodeIgniter->runController(Object(App\Controllers\DatabasePPEController))
 4 SYSTEMPATH\CodeIgniter.php(353): CodeIgniter\CodeIgniter->handleRequest(null, Object(Config\Cache), false)
 5 FCPATH\index.php(86): CodeIgniter\CodeIgniter->run()
CRITICAL - 2024-05-12 14:23:44 --> Attempt to read property "particulars" on null
in APPPATH\Controllers\DatabasePPEController.php on line 80.
 1 APPPATH\Controllers\DatabasePPEController.php(80): CodeIgniter\Debug\Exceptions->errorHandler(2, 'Attempt to read property "particulars" on null', 'C:\\laragon\\www\\dilg\\backend\\backend\\app\\Controllers\\DatabasePPEController.php', 80)
 2 SYSTEMPATH\CodeIgniter.php(919): App\Controllers\DatabasePPEController->save()
 3 SYSTEMPATH\CodeIgniter.php(494): CodeIgniter\CodeIgniter->runController(Object(App\Controllers\DatabasePPEController))
 4 SYSTEMPATH\CodeIgniter.php(353): CodeIgniter\CodeIgniter->handleRequest(null, Object(Config\Cache), false)
 5 FCPATH\index.php(86): CodeIgniter\CodeIgniter->run()
CRITICAL - 2024-05-12 14:24:41 --> Attempt to read property "particulars" on null
in APPPATH\Controllers\DatabasePPEController.php on line 80.
 1 APPPATH\Controllers\DatabasePPEController.php(80): CodeIgniter\Debug\Exceptions->errorHandler(2, 'Attempt to read property "particulars" on null', 'C:\\laragon\\www\\dilg\\backend\\backend\\app\\Controllers\\DatabasePPEController.php', 80)
 2 SYSTEMPATH\CodeIgniter.php(919): App\Controllers\DatabasePPEController->save()
 3 SYSTEMPATH\CodeIgniter.php(494): CodeIgniter\CodeIgniter->runController(Object(App\Controllers\DatabasePPEController))
 4 SYSTEMPATH\CodeIgniter.php(353): CodeIgniter\CodeIgniter->handleRequest(null, Object(Config\Cache), false)
 5 FCPATH\index.php(86): CodeIgniter\CodeIgniter->run()
CRITICAL - 2024-05-12 14:26:10 --> Attempt to read property "particulars" on null
in APPPATH\Controllers\DatabasePPEController.php on line 80.
 1 APPPATH\Controllers\DatabasePPEController.php(80): CodeIgniter\Debug\Exceptions->errorHandler(2, 'Attempt to read property "particulars" on null', 'C:\\laragon\\www\\dilg\\backend\\backend\\app\\Controllers\\DatabasePPEController.php', 80)
 2 SYSTEMPATH\CodeIgniter.php(919): App\Controllers\DatabasePPEController->save()
 3 SYSTEMPATH\CodeIgniter.php(494): CodeIgniter\CodeIgniter->runController(Object(App\Controllers\DatabasePPEController))
 4 SYSTEMPATH\CodeIgniter.php(353): CodeIgniter\CodeIgniter->handleRequest(null, Object(Config\Cache), false)
 5 FCPATH\index.php(86): CodeIgniter\CodeIgniter->run()
CRITICAL - 2024-05-12 14:27:06 --> Attempt to read property "particulars" on null
in APPPATH\Controllers\DatabasePPEController.php on line 80.
 1 APPPATH\Controllers\DatabasePPEController.php(80): CodeIgniter\Debug\Exceptions->errorHandler(2, 'Attempt to read property "particulars" on null', 'C:\\laragon\\www\\dilg\\backend\\backend\\app\\Controllers\\DatabasePPEController.php', 80)
 2 SYSTEMPATH\CodeIgniter.php(919): App\Controllers\DatabasePPEController->save()
 3 SYSTEMPATH\CodeIgniter.php(494): CodeIgniter\CodeIgniter->runController(Object(App\Controllers\DatabasePPEController))
 4 SYSTEMPATH\CodeIgniter.php(353): CodeIgniter\CodeIgniter->handleRequest(null, Object(Config\Cache), false)
 5 FCPATH\index.php(86): CodeIgniter\CodeIgniter->run()
CRITICAL - 2024-05-12 14:29:34 --> Attempt to read property "particulars" on null
in APPPATH\Controllers\DatabasePPEController.php on line 80.
 1 APPPATH\Controllers\DatabasePPEController.php(80): CodeIgniter\Debug\Exceptions->errorHandler(2, 'Attempt to read property "particulars" on null', 'C:\\laragon\\www\\dilg\\backend\\backend\\app\\Controllers\\DatabasePPEController.php', 80)
 2 SYSTEMPATH\CodeIgniter.php(919): App\Controllers\DatabasePPEController->save()
 3 SYSTEMPATH\CodeIgniter.php(494): CodeIgniter\CodeIgniter->runController(Object(App\Controllers\DatabasePPEController))
 4 SYSTEMPATH\CodeIgniter.php(353): CodeIgniter\CodeIgniter->handleRequest(null, Object(Config\Cache), false)
 5 FCPATH\index.php(86): CodeIgniter\CodeIgniter->run()
CRITICAL - 2024-05-12 14:29:54 --> Attempt to read property "particulars" on null
in APPPATH\Controllers\DatabasePPEController.php on line 80.
 1 APPPATH\Controllers\DatabasePPEController.php(80): CodeIgniter\Debug\Exceptions->errorHandler(2, 'Attempt to read property "particulars" on null', 'C:\\laragon\\www\\dilg\\backend\\backend\\app\\Controllers\\DatabasePPEController.php', 80)
 2 SYSTEMPATH\CodeIgniter.php(919): App\Controllers\DatabasePPEController->save()
 3 SYSTEMPATH\CodeIgniter.php(494): CodeIgniter\CodeIgniter->runController(Object(App\Controllers\DatabasePPEController))
 4 SYSTEMPATH\CodeIgniter.php(353): CodeIgniter\CodeIgniter->handleRequest(null, Object(Config\Cache), false)
 5 FCPATH\index.php(86): CodeIgniter\CodeIgniter->run()
CRITICAL - 2024-05-12 14:31:58 --> Attempt to read property "particulars" on null
in APPPATH\Controllers\DatabasePPEController.php on line 80.
 1 APPPATH\Controllers\DatabasePPEController.php(80): CodeIgniter\Debug\Exceptions->errorHandler(2, 'Attempt to read property "particulars" on null', 'C:\\laragon\\www\\dilg\\backend\\backend\\app\\Controllers\\DatabasePPEController.php', 80)
 2 SYSTEMPATH\CodeIgniter.php(919): App\Controllers\DatabasePPEController->save()
 3 SYSTEMPATH\CodeIgniter.php(494): CodeIgniter\CodeIgniter->runController(Object(App\Controllers\DatabasePPEController))
 4 SYSTEMPATH\CodeIgniter.php(353): CodeIgniter\CodeIgniter->handleRequest(null, Object(Config\Cache), false)
 5 FCPATH\index.php(86): CodeIgniter\CodeIgniter->run()
CRITICAL - 2024-05-12 14:41:47 --> Attempt to read property "particulars" on null
in APPPATH\Controllers\DatabasePPEController.php on line 80.
 1 APPPATH\Controllers\DatabasePPEController.php(80): CodeIgniter\Debug\Exceptions->errorHandler(2, 'Attempt to read property "particulars" on null', 'C:\\laragon\\www\\dilg\\backend\\backend\\app\\Controllers\\DatabasePPEController.php', 80)
 2 SYSTEMPATH\CodeIgniter.php(919): App\Controllers\DatabasePPEController->save()
 3 SYSTEMPATH\CodeIgniter.php(494): CodeIgniter\CodeIgniter->runController(Object(App\Controllers\DatabasePPEController))
 4 SYSTEMPATH\CodeIgniter.php(353): CodeIgniter\CodeIgniter->handleRequest(null, Object(Config\Cache), false)
 5 FCPATH\index.php(86): CodeIgniter\CodeIgniter->run()
CRITICAL - 2024-05-12 14:41:59 --> Attempt to read property "particulars" on null
in APPPATH\Controllers\DatabasePPEController.php on line 80.
 1 APPPATH\Controllers\DatabasePPEController.php(80): CodeIgniter\Debug\Exceptions->errorHandler(2, 'Attempt to read property "particulars" on null', 'C:\\laragon\\www\\dilg\\backend\\backend\\app\\Controllers\\DatabasePPEController.php', 80)
 2 SYSTEMPATH\CodeIgniter.php(919): App\Controllers\DatabasePPEController->save()
 3 SYSTEMPATH\CodeIgniter.php(494): CodeIgniter\CodeIgniter->runController(Object(App\Controllers\DatabasePPEController))
 4 SYSTEMPATH\CodeIgniter.php(353): CodeIgniter\CodeIgniter->handleRequest(null, Object(Config\Cache), false)
 5 FCPATH\index.php(86): CodeIgniter\CodeIgniter->run()
CRITICAL - 2024-05-12 14:44:30 --> Attempt to read property "particulars" on null
in APPPATH\Controllers\DatabasePPEController.php on line 80.
 1 APPPATH\Controllers\DatabasePPEController.php(80): CodeIgniter\Debug\Exceptions->errorHandler(2, 'Attempt to read property "particulars" on null', 'C:\\laragon\\www\\dilg\\backend\\backend\\app\\Controllers\\DatabasePPEController.php', 80)
 2 SYSTEMPATH\CodeIgniter.php(919): App\Controllers\DatabasePPEController->save()
 3 SYSTEMPATH\CodeIgniter.php(494): CodeIgniter\CodeIgniter->runController(Object(App\Controllers\DatabasePPEController))
 4 SYSTEMPATH\CodeIgniter.php(353): CodeIgniter\CodeIgniter->handleRequest(null, Object(Config\Cache), false)
 5 FCPATH\index.php(86): CodeIgniter\CodeIgniter->run()
CRITICAL - 2024-05-12 14:46:44 --> Attempt to read property "particulars" on null
in APPPATH\Controllers\DatabasePPEController.php on line 80.
 1 APPPATH\Controllers\DatabasePPEController.php(80): CodeIgniter\Debug\Exceptions->errorHandler(2, 'Attempt to read property "particulars" on null', 'C:\\laragon\\www\\dilg\\backend\\backend\\app\\Controllers\\DatabasePPEController.php', 80)
 2 SYSTEMPATH\CodeIgniter.php(919): App\Controllers\DatabasePPEController->save()
 3 SYSTEMPATH\CodeIgniter.php(494): CodeIgniter\CodeIgniter->runController(Object(App\Controllers\DatabasePPEController))
 4 SYSTEMPATH\CodeIgniter.php(353): CodeIgniter\CodeIgniter->handleRequest(null, Object(Config\Cache), false)
 5 FCPATH\index.php(86): CodeIgniter\CodeIgniter->run()
CRITICAL - 2024-05-12 16:41:22 --> Class "App\Controllers\SigninModel" not found
in APPPATH\Controllers\DatabasePPEController.php on line 373.
 1 SYSTEMPATH\CodeIgniter.php(919): App\Controllers\DatabasePPEController->getEmployees()
 2 SYSTEMPATH\CodeIgniter.php(494): CodeIgniter\CodeIgniter->runController(Object(App\Controllers\DatabasePPEController))
 3 SYSTEMPATH\CodeIgniter.php(353): CodeIgniter\CodeIgniter->handleRequest(null, Object(Config\Cache), false)
 4 FCPATH\index.php(86): CodeIgniter\CodeIgniter->run()
