CRITICAL - 2024-05-08 02:34:43 --> Class "App\Controllers\OrderModel" not found
in APPPATH\Controllers\OrderController.php on line 56.
 1 SYSTEMPATH\CodeIgniter.php(919): App\Controllers\OrderController->saveOrder()
 2 SYSTEMPATH\CodeIgniter.php(494): CodeIgniter\CodeIgniter->runController(Object(App\Controllers\OrderController))
 3 SYSTEMPATH\CodeIgniter.php(353): CodeIgniter\CodeIgniter->handleRequest(null, Object(Config\Cache), false)
 4 FCPATH\index.php(86): CodeIgniter\CodeIgniter->run()
CRITICAL - 2024-05-08 02:35:26 --> Class "App\Controllers\OrderModel" not found
in APPPATH\Controllers\OrderController.php on line 56.
 1 SYSTEMPATH\CodeIgniter.php(919): App\Controllers\OrderController->saveOrder()
 2 SYSTEMPATH\CodeIgniter.php(494): CodeIgniter\CodeIgniter->runController(Object(App\Controllers\OrderController))
 3 SYSTEMPATH\CodeIgniter.php(353): CodeIgniter\CodeIgniter->handleRequest(null, Object(Config\Cache), false)
 4 FCPATH\index.php(86): CodeIgniter\CodeIgniter->run()
CRITICAL - 2024-05-08 02:36:48 --> Class "App\Controllers\OrderModel" not found
in APPPATH\Controllers\OrderController.php on line 56.
 1 SYSTEMPATH\CodeIgniter.php(919): App\Controllers\OrderController->saveOrder()
 2 SYSTEMPATH\CodeIgniter.php(494): CodeIgniter\CodeIgniter->runController(Object(App\Controllers\OrderController))
 3 SYSTEMPATH\CodeIgniter.php(353): CodeIgniter\CodeIgniter->handleRequest(null, Object(Config\Cache), false)
 4 FCPATH\index.php(86): CodeIgniter\CodeIgniter->run()
CRITICAL - 2024-05-08 02:56:51 --> Undefined property: stdClass::$amount
in APPPATH\Controllers\OrderController.php on line 49.
 1 APPPATH\Controllers\OrderController.php(49): CodeIgniter\Debug\Exceptions->errorHandler(2, 'Undefined property: stdClass::$amount', 'C:\\laragon\\www\\dilg\\backend\\backend\\app\\Controllers\\OrderController.php', 49)
 2 SYSTEMPATH\CodeIgniter.php(919): App\Controllers\OrderController->saveOrder()
 3 SYSTEMPATH\CodeIgniter.php(494): CodeIgniter\CodeIgniter->runController(Object(App\Controllers\OrderController))
 4 SYSTEMPATH\CodeIgniter.php(353): CodeIgniter\CodeIgniter->handleRequest(null, Object(Config\Cache), false)
 5 FCPATH\index.php(86): CodeIgniter\CodeIgniter->run()
CRITICAL - 2024-05-08 03:53:11 --> Undefined property: stdClass::$amount
in APPPATH\Controllers\OrderController.php on line 49.
 1 APPPATH\Controllers\OrderController.php(49): CodeIgniter\Debug\Exceptions->errorHandler(2, 'Undefined property: stdClass::$amount', 'C:\\laragon\\www\\dilg\\backend\\backend\\app\\Controllers\\OrderController.php', 49)
 2 SYSTEMPATH\CodeIgniter.php(919): App\Controllers\OrderController->saveOrder()
 3 SYSTEMPATH\CodeIgniter.php(494): CodeIgniter\CodeIgniter->runController(Object(App\Controllers\OrderController))
 4 SYSTEMPATH\CodeIgniter.php(353): CodeIgniter\CodeIgniter->handleRequest(null, Object(Config\Cache), false)
 5 FCPATH\index.php(86): CodeIgniter\CodeIgniter->run()
CRITICAL - 2024-05-08 03:57:00 --> Undefined property: stdClass::$amount
in APPPATH\Controllers\OrderController.php on line 49.
 1 APPPATH\Controllers\OrderController.php(49): CodeIgniter\Debug\Exceptions->errorHandler(2, 'Undefined property: stdClass::$amount', 'C:\\laragon\\www\\dilg\\backend\\backend\\app\\Controllers\\OrderController.php', 49)
 2 SYSTEMPATH\CodeIgniter.php(919): App\Controllers\OrderController->saveOrder()
 3 SYSTEMPATH\CodeIgniter.php(494): CodeIgniter\CodeIgniter->runController(Object(App\Controllers\OrderController))
 4 SYSTEMPATH\CodeIgniter.php(353): CodeIgniter\CodeIgniter->handleRequest(null, Object(Config\Cache), false)
 5 FCPATH\index.php(86): CodeIgniter\CodeIgniter->run()
CRITICAL - 2024-05-08 03:58:57 --> Undefined property: stdClass::$amount
in APPPATH\Controllers\OrderController.php on line 49.
 1 APPPATH\Controllers\OrderController.php(49): CodeIgniter\Debug\Exceptions->errorHandler(2, 'Undefined property: stdClass::$amount', 'C:\\laragon\\www\\dilg\\backend\\backend\\app\\Controllers\\OrderController.php', 49)
 2 SYSTEMPATH\CodeIgniter.php(919): App\Controllers\OrderController->saveOrder()
 3 SYSTEMPATH\CodeIgniter.php(494): CodeIgniter\CodeIgniter->runController(Object(App\Controllers\OrderController))
 4 SYSTEMPATH\CodeIgniter.php(353): CodeIgniter\CodeIgniter->handleRequest(null, Object(Config\Cache), false)
 5 FCPATH\index.php(86): CodeIgniter\CodeIgniter->run()
CRITICAL - 2024-05-08 04:02:51 --> Class "App\Controllers\OrderModel" not found
in APPPATH\Controllers\OrderController.php on line 57.
 1 SYSTEMPATH\CodeIgniter.php(919): App\Controllers\OrderController->saveOrder()
 2 SYSTEMPATH\CodeIgniter.php(494): CodeIgniter\CodeIgniter->runController(Object(App\Controllers\OrderController))
 3 SYSTEMPATH\CodeIgniter.php(353): CodeIgniter\CodeIgniter->handleRequest(null, Object(Config\Cache), false)
 4 FCPATH\index.php(86): CodeIgniter\CodeIgniter->run()
CRITICAL - 2024-05-08 04:06:20 --> Class "App\Controllers\OrderModel" not found
in APPPATH\Controllers\OrderController.php on line 21.
 1 SYSTEMPATH\CodeIgniter.php(919): App\Controllers\OrderController->saveOrder()
 2 SYSTEMPATH\CodeIgniter.php(494): CodeIgniter\CodeIgniter->runController(Object(App\Controllers\OrderController))
 3 SYSTEMPATH\CodeIgniter.php(353): CodeIgniter\CodeIgniter->handleRequest(null, Object(Config\Cache), false)
 4 FCPATH\index.php(86): CodeIgniter\CodeIgniter->run()
CRITICAL - 2024-05-08 04:06:43 --> Class "App\Controllers\OrderModel" not found
in APPPATH\Controllers\OrderController.php on line 21.
 1 SYSTEMPATH\CodeIgniter.php(919): App\Controllers\OrderController->saveOrder()
 2 SYSTEMPATH\CodeIgniter.php(494): CodeIgniter\CodeIgniter->runController(Object(App\Controllers\OrderController))
 3 SYSTEMPATH\CodeIgniter.php(353): CodeIgniter\CodeIgniter->handleRequest(null, Object(Config\Cache), false)
 4 FCPATH\index.php(86): CodeIgniter\CodeIgniter->run()
CRITICAL - 2024-05-08 04:08:06 --> Class "App\Controllers\OrderModel" not found
in APPPATH\Controllers\OrderController.php on line 21.
 1 SYSTEMPATH\CodeIgniter.php(919): App\Controllers\OrderController->saveOrder()
 2 SYSTEMPATH\CodeIgniter.php(494): CodeIgniter\CodeIgniter->runController(Object(App\Controllers\OrderController))
 3 SYSTEMPATH\CodeIgniter.php(353): CodeIgniter\CodeIgniter->handleRequest(null, Object(Config\Cache), false)
 4 FCPATH\index.php(86): CodeIgniter\CodeIgniter->run()
CRITICAL - 2024-05-08 04:11:05 --> Class "App\Controllers\OrderModel" not found
in APPPATH\Controllers\OrderController.php on line 58.
 1 SYSTEMPATH\CodeIgniter.php(919): App\Controllers\OrderController->saveOrder()
 2 SYSTEMPATH\CodeIgniter.php(494): CodeIgniter\CodeIgniter->runController(Object(App\Controllers\OrderController))
 3 SYSTEMPATH\CodeIgniter.php(353): CodeIgniter\CodeIgniter->handleRequest(null, Object(Config\Cache), false)
 4 FCPATH\index.php(86): CodeIgniter\CodeIgniter->run()
