ERROR - 2024-09-22 17:19:41 --> mysqli_sql_exception: Duplicate entry '0000-00-00' for key 'inventoryppe.propertydate' in C:\laragon\www\dilg\backend\backend\system\Database\MySQLi\Connection.php:306
Stack trace:
#0 C:\laragon\www\dilg\backend\backend\system\Database\MySQLi\Connection.php(306): mysqli->query('UPDATE `invento...', 0)
#1 C:\laragon\www\dilg\backend\backend\system\Database\BaseConnection.php(692): CodeIgniter\Database\MySQLi\Connection->execute('UPDATE `invento...')
#2 C:\laragon\www\dilg\backend\backend\system\Database\BaseConnection.php(606): CodeIgniter\Database\BaseConnection->simpleQuery('UPDATE `invento...')
#3 C:\laragon\www\dilg\backend\backend\system\Database\BaseBuilder.php(2475): CodeIgniter\Database\BaseConnection->query('UPDATE `invento...', Array, false)
#4 C:\laragon\www\dilg\backend\backend\system\Model.php(385): CodeIgniter\Database\BaseBuilder->update()
#5 C:\laragon\www\dilg\backend\backend\system\BaseModel.php(949): CodeIgniter\Model->doUpdate(Array, Array)
#6 C:\laragon\www\dilg\backend\backend\system\Model.php(776): CodeIgniter\BaseModel->update(Array, Array)
#7 C:\laragon\www\dilg\backend\backend\app\Controllers\DatabasePPEController.php(511): CodeIgniter\Model->update('355', Array)
#8 C:\laragon\www\dilg\backend\backend\system\CodeIgniter.php(919): App\Controllers\DatabasePPEController->updateInventory('355')
#9 C:\laragon\www\dilg\backend\backend\system\CodeIgniter.php(494): CodeIgniter\CodeIgniter->runController(Object(App\Controllers\DatabasePPEController))
#10 C:\laragon\www\dilg\backend\backend\system\CodeIgniter.php(353): CodeIgniter\CodeIgniter->handleRequest(NULL, Object(Config\Cache), false)
#11 C:\laragon\www\dilg\backend\index.php(86): CodeIgniter\CodeIgniter->run()
#12 {main}
CRITICAL - 2024-09-22 17:19:41 --> Duplicate entry '0000-00-00' for key 'inventoryppe.propertydate'
in SYSTEMPATH\Database\BaseConnection.php on line 646.
 1 SYSTEMPATH\Database\BaseBuilder.php(2475): CodeIgniter\Database\BaseConnection->query('UPDATE `inventoryppe` SET `entityname` = :entityname:, `classification` = :classification:, `code` = :code:, `article` = :article:, `particulars` = :particulars:, `modelno` = :modelno:, `serialno` = :serialno:, `propertynumber` = :propertynumber:, `propertydate` = :propertydate:, `quantity` = :quantity:, `unit` = :unit:, `unitcost` = :unitcost:, `totalcost` = :totalcost:
WHERE `inventoryppe`.`id` IN :inventoryppe.id:', [...], false)
 2 SYSTEMPATH\Model.php(385): CodeIgniter\Database\BaseBuilder->update()
 3 SYSTEMPATH\BaseModel.php(949): CodeIgniter\Model->doUpdate([...], [...])
 4 SYSTEMPATH\Model.php(776): CodeIgniter\BaseModel->update([...], [...])
 5 APPPATH\Controllers\DatabasePPEController.php(511): CodeIgniter\Model->update('355', [...])
 6 SYSTEMPATH\CodeIgniter.php(919): App\Controllers\DatabasePPEController->updateInventory('355')
 7 SYSTEMPATH\CodeIgniter.php(494): CodeIgniter\CodeIgniter->runController(Object(App\Controllers\DatabasePPEController))
 8 SYSTEMPATH\CodeIgniter.php(353): CodeIgniter\CodeIgniter->handleRequest(null, Object(Config\Cache), false)
 9 FCPATH\index.php(86): CodeIgniter\CodeIgniter->run()
ERROR - 2024-09-22 17:19:53 --> mysqli_sql_exception: Duplicate entry '0000-00-00' for key 'inventoryppe.propertydate' in C:\laragon\www\dilg\backend\backend\system\Database\MySQLi\Connection.php:306
Stack trace:
#0 C:\laragon\www\dilg\backend\backend\system\Database\MySQLi\Connection.php(306): mysqli->query('UPDATE `invento...', 0)
#1 C:\laragon\www\dilg\backend\backend\system\Database\BaseConnection.php(692): CodeIgniter\Database\MySQLi\Connection->execute('UPDATE `invento...')
#2 C:\laragon\www\dilg\backend\backend\system\Database\BaseConnection.php(606): CodeIgniter\Database\BaseConnection->simpleQuery('UPDATE `invento...')
#3 C:\laragon\www\dilg\backend\backend\system\Database\BaseBuilder.php(2475): CodeIgniter\Database\BaseConnection->query('UPDATE `invento...', Array, false)
#4 C:\laragon\www\dilg\backend\backend\system\Model.php(385): CodeIgniter\Database\BaseBuilder->update()
#5 C:\laragon\www\dilg\backend\backend\system\BaseModel.php(949): CodeIgniter\Model->doUpdate(Array, Array)
#6 C:\laragon\www\dilg\backend\backend\system\Model.php(776): CodeIgniter\BaseModel->update(Array, Array)
#7 C:\laragon\www\dilg\backend\backend\app\Controllers\DatabasePPEController.php(511): CodeIgniter\Model->update('355', Array)
#8 C:\laragon\www\dilg\backend\backend\system\CodeIgniter.php(919): App\Controllers\DatabasePPEController->updateInventory('355')
#9 C:\laragon\www\dilg\backend\backend\system\CodeIgniter.php(494): CodeIgniter\CodeIgniter->runController(Object(App\Controllers\DatabasePPEController))
#10 C:\laragon\www\dilg\backend\backend\system\CodeIgniter.php(353): CodeIgniter\CodeIgniter->handleRequest(NULL, Object(Config\Cache), false)
#11 C:\laragon\www\dilg\backend\index.php(86): CodeIgniter\CodeIgniter->run()
#12 {main}
CRITICAL - 2024-09-22 17:19:53 --> Duplicate entry '0000-00-00' for key 'inventoryppe.propertydate'
in SYSTEMPATH\Database\BaseConnection.php on line 646.
 1 SYSTEMPATH\Database\BaseBuilder.php(2475): CodeIgniter\Database\BaseConnection->query('UPDATE `inventoryppe` SET `entityname` = :entityname:, `classification` = :classification:, `code` = :code:, `article` = :article:, `particulars` = :particulars:, `modelno` = :modelno:, `serialno` = :serialno:, `propertynumber` = :propertynumber:, `propertydate` = :propertydate:, `quantity` = :quantity:, `unit` = :unit:, `unitcost` = :unitcost:, `totalcost` = :totalcost:
WHERE `inventoryppe`.`id` IN :inventoryppe.id:', [...], false)
 2 SYSTEMPATH\Model.php(385): CodeIgniter\Database\BaseBuilder->update()
 3 SYSTEMPATH\BaseModel.php(949): CodeIgniter\Model->doUpdate([...], [...])
 4 SYSTEMPATH\Model.php(776): CodeIgniter\BaseModel->update([...], [...])
 5 APPPATH\Controllers\DatabasePPEController.php(511): CodeIgniter\Model->update('355', [...])
 6 SYSTEMPATH\CodeIgniter.php(919): App\Controllers\DatabasePPEController->updateInventory('355')
 7 SYSTEMPATH\CodeIgniter.php(494): CodeIgniter\CodeIgniter->runController(Object(App\Controllers\DatabasePPEController))
 8 SYSTEMPATH\CodeIgniter.php(353): CodeIgniter\CodeIgniter->handleRequest(null, Object(Config\Cache), false)
 9 FCPATH\index.php(86): CodeIgniter\CodeIgniter->run()
ERROR - 2024-09-22 17:24:00 --> mysqli_sql_exception: Duplicate entry '0000-00-00' for key 'inventoryppe.propertydate' in C:\laragon\www\dilg\backend\backend\system\Database\MySQLi\Connection.php:306
Stack trace:
#0 C:\laragon\www\dilg\backend\backend\system\Database\MySQLi\Connection.php(306): mysqli->query('UPDATE `invento...', 0)
#1 C:\laragon\www\dilg\backend\backend\system\Database\BaseConnection.php(692): CodeIgniter\Database\MySQLi\Connection->execute('UPDATE `invento...')
#2 C:\laragon\www\dilg\backend\backend\system\Database\BaseConnection.php(606): CodeIgniter\Database\BaseConnection->simpleQuery('UPDATE `invento...')
#3 C:\laragon\www\dilg\backend\backend\system\Database\BaseBuilder.php(2475): CodeIgniter\Database\BaseConnection->query('UPDATE `invento...', Array, false)
#4 C:\laragon\www\dilg\backend\backend\system\Model.php(385): CodeIgniter\Database\BaseBuilder->update()
#5 C:\laragon\www\dilg\backend\backend\system\BaseModel.php(949): CodeIgniter\Model->doUpdate(Array, Array)
#6 C:\laragon\www\dilg\backend\backend\system\Model.php(776): CodeIgniter\BaseModel->update(Array, Array)
#7 C:\laragon\www\dilg\backend\backend\app\Controllers\DatabasePPEController.php(511): CodeIgniter\Model->update('355', Array)
#8 C:\laragon\www\dilg\backend\backend\system\CodeIgniter.php(919): App\Controllers\DatabasePPEController->updateInventory('355')
#9 C:\laragon\www\dilg\backend\backend\system\CodeIgniter.php(494): CodeIgniter\CodeIgniter->runController(Object(App\Controllers\DatabasePPEController))
#10 C:\laragon\www\dilg\backend\backend\system\CodeIgniter.php(353): CodeIgniter\CodeIgniter->handleRequest(NULL, Object(Config\Cache), false)
#11 C:\laragon\www\dilg\backend\index.php(86): CodeIgniter\CodeIgniter->run()
#12 {main}
CRITICAL - 2024-09-22 17:24:00 --> Duplicate entry '0000-00-00' for key 'inventoryppe.propertydate'
in SYSTEMPATH\Database\BaseConnection.php on line 646.
 1 SYSTEMPATH\Database\BaseBuilder.php(2475): CodeIgniter\Database\BaseConnection->query('UPDATE `inventoryppe` SET `entityname` = :entityname:, `classification` = :classification:, `code` = :code:, `article` = :article:, `particulars` = :particulars:, `modelno` = :modelno:, `serialno` = :serialno:, `propertynumber` = :propertynumber:, `propertydate` = :propertydate:, `quantity` = :quantity:, `unit` = :unit:, `unitcost` = :unitcost:, `totalcost` = :totalcost:
WHERE `inventoryppe`.`id` IN :inventoryppe.id:', [...], false)
 2 SYSTEMPATH\Model.php(385): CodeIgniter\Database\BaseBuilder->update()
 3 SYSTEMPATH\BaseModel.php(949): CodeIgniter\Model->doUpdate([...], [...])
 4 SYSTEMPATH\Model.php(776): CodeIgniter\BaseModel->update([...], [...])
 5 APPPATH\Controllers\DatabasePPEController.php(511): CodeIgniter\Model->update('355', [...])
 6 SYSTEMPATH\CodeIgniter.php(919): App\Controllers\DatabasePPEController->updateInventory('355')
 7 SYSTEMPATH\CodeIgniter.php(494): CodeIgniter\CodeIgniter->runController(Object(App\Controllers\DatabasePPEController))
 8 SYSTEMPATH\CodeIgniter.php(353): CodeIgniter\CodeIgniter->handleRequest(null, Object(Config\Cache), false)
 9 FCPATH\index.php(86): CodeIgniter\CodeIgniter->run()
ERROR - 2024-09-22 17:24:37 --> mysqli_sql_exception: Duplicate entry '0000-00-00' for key 'inventoryppe.propertydate' in C:\laragon\www\dilg\backend\backend\system\Database\MySQLi\Connection.php:306
Stack trace:
#0 C:\laragon\www\dilg\backend\backend\system\Database\MySQLi\Connection.php(306): mysqli->query('UPDATE `invento...', 0)
#1 C:\laragon\www\dilg\backend\backend\system\Database\BaseConnection.php(692): CodeIgniter\Database\MySQLi\Connection->execute('UPDATE `invento...')
#2 C:\laragon\www\dilg\backend\backend\system\Database\BaseConnection.php(606): CodeIgniter\Database\BaseConnection->simpleQuery('UPDATE `invento...')
#3 C:\laragon\www\dilg\backend\backend\system\Database\BaseBuilder.php(2475): CodeIgniter\Database\BaseConnection->query('UPDATE `invento...', Array, false)
#4 C:\laragon\www\dilg\backend\backend\system\Model.php(385): CodeIgniter\Database\BaseBuilder->update()
#5 C:\laragon\www\dilg\backend\backend\system\BaseModel.php(949): CodeIgniter\Model->doUpdate(Array, Array)
#6 C:\laragon\www\dilg\backend\backend\system\Model.php(776): CodeIgniter\BaseModel->update(Array, Array)
#7 C:\laragon\www\dilg\backend\backend\app\Controllers\DatabasePPEController.php(511): CodeIgniter\Model->update('352', Array)
#8 C:\laragon\www\dilg\backend\backend\system\CodeIgniter.php(919): App\Controllers\DatabasePPEController->updateInventory('352')
#9 C:\laragon\www\dilg\backend\backend\system\CodeIgniter.php(494): CodeIgniter\CodeIgniter->runController(Object(App\Controllers\DatabasePPEController))
#10 C:\laragon\www\dilg\backend\backend\system\CodeIgniter.php(353): CodeIgniter\CodeIgniter->handleRequest(NULL, Object(Config\Cache), false)
#11 C:\laragon\www\dilg\backend\index.php(86): CodeIgniter\CodeIgniter->run()
#12 {main}
CRITICAL - 2024-09-22 17:24:37 --> Duplicate entry '0000-00-00' for key 'inventoryppe.propertydate'
in SYSTEMPATH\Database\BaseConnection.php on line 646.
 1 SYSTEMPATH\Database\BaseBuilder.php(2475): CodeIgniter\Database\BaseConnection->query('UPDATE `inventoryppe` SET `entityname` = :entityname:, `classification` = :classification:, `code` = :code:, `article` = :article:, `particulars` = :particulars:, `modelno` = :modelno:, `serialno` = :serialno:, `propertynumber` = :propertynumber:, `propertydate` = :propertydate:, `quantity` = :quantity:, `unit` = :unit:, `unitcost` = :unitcost:, `totalcost` = :totalcost:
WHERE `inventoryppe`.`id` IN :inventoryppe.id:', [...], false)
 2 SYSTEMPATH\Model.php(385): CodeIgniter\Database\BaseBuilder->update()
 3 SYSTEMPATH\BaseModel.php(949): CodeIgniter\Model->doUpdate([...], [...])
 4 SYSTEMPATH\Model.php(776): CodeIgniter\BaseModel->update([...], [...])
 5 APPPATH\Controllers\DatabasePPEController.php(511): CodeIgniter\Model->update('352', [...])
 6 SYSTEMPATH\CodeIgniter.php(919): App\Controllers\DatabasePPEController->updateInventory('352')
 7 SYSTEMPATH\CodeIgniter.php(494): CodeIgniter\CodeIgniter->runController(Object(App\Controllers\DatabasePPEController))
 8 SYSTEMPATH\CodeIgniter.php(353): CodeIgniter\CodeIgniter->handleRequest(null, Object(Config\Cache), false)
 9 FCPATH\index.php(86): CodeIgniter\CodeIgniter->run()
ERROR - 2024-09-22 17:24:52 --> mysqli_sql_exception: Duplicate entry '0000-00-00' for key 'inventoryppe.propertydate' in C:\laragon\www\dilg\backend\backend\system\Database\MySQLi\Connection.php:306
Stack trace:
#0 C:\laragon\www\dilg\backend\backend\system\Database\MySQLi\Connection.php(306): mysqli->query('UPDATE `invento...', 0)
#1 C:\laragon\www\dilg\backend\backend\system\Database\BaseConnection.php(692): CodeIgniter\Database\MySQLi\Connection->execute('UPDATE `invento...')
#2 C:\laragon\www\dilg\backend\backend\system\Database\BaseConnection.php(606): CodeIgniter\Database\BaseConnection->simpleQuery('UPDATE `invento...')
#3 C:\laragon\www\dilg\backend\backend\system\Database\BaseBuilder.php(2475): CodeIgniter\Database\BaseConnection->query('UPDATE `invento...', Array, false)
#4 C:\laragon\www\dilg\backend\backend\system\Model.php(385): CodeIgniter\Database\BaseBuilder->update()
#5 C:\laragon\www\dilg\backend\backend\system\BaseModel.php(949): CodeIgniter\Model->doUpdate(Array, Array)
#6 C:\laragon\www\dilg\backend\backend\system\Model.php(776): CodeIgniter\BaseModel->update(Array, Array)
#7 C:\laragon\www\dilg\backend\backend\app\Controllers\DatabasePPEController.php(511): CodeIgniter\Model->update('350', Array)
#8 C:\laragon\www\dilg\backend\backend\system\CodeIgniter.php(919): App\Controllers\DatabasePPEController->updateInventory('350')
#9 C:\laragon\www\dilg\backend\backend\system\CodeIgniter.php(494): CodeIgniter\CodeIgniter->runController(Object(App\Controllers\DatabasePPEController))
#10 C:\laragon\www\dilg\backend\backend\system\CodeIgniter.php(353): CodeIgniter\CodeIgniter->handleRequest(NULL, Object(Config\Cache), false)
#11 C:\laragon\www\dilg\backend\index.php(86): CodeIgniter\CodeIgniter->run()
#12 {main}
CRITICAL - 2024-09-22 17:24:52 --> Duplicate entry '0000-00-00' for key 'inventoryppe.propertydate'
in SYSTEMPATH\Database\BaseConnection.php on line 646.
 1 SYSTEMPATH\Database\BaseBuilder.php(2475): CodeIgniter\Database\BaseConnection->query('UPDATE `inventoryppe` SET `entityname` = :entityname:, `classification` = :classification:, `code` = :code:, `article` = :article:, `particulars` = :particulars:, `modelno` = :modelno:, `serialno` = :serialno:, `propertynumber` = :propertynumber:, `propertydate` = :propertydate:, `quantity` = :quantity:, `unit` = :unit:, `unitcost` = :unitcost:, `totalcost` = :totalcost:
WHERE `inventoryppe`.`id` IN :inventoryppe.id:', [...], false)
 2 SYSTEMPATH\Model.php(385): CodeIgniter\Database\BaseBuilder->update()
 3 SYSTEMPATH\BaseModel.php(949): CodeIgniter\Model->doUpdate([...], [...])
 4 SYSTEMPATH\Model.php(776): CodeIgniter\BaseModel->update([...], [...])
 5 APPPATH\Controllers\DatabasePPEController.php(511): CodeIgniter\Model->update('350', [...])
 6 SYSTEMPATH\CodeIgniter.php(919): App\Controllers\DatabasePPEController->updateInventory('350')
 7 SYSTEMPATH\CodeIgniter.php(494): CodeIgniter\CodeIgniter->runController(Object(App\Controllers\DatabasePPEController))
 8 SYSTEMPATH\CodeIgniter.php(353): CodeIgniter\CodeIgniter->handleRequest(null, Object(Config\Cache), false)
 9 FCPATH\index.php(86): CodeIgniter\CodeIgniter->run()
ERROR - 2024-09-22 17:25:02 --> mysqli_sql_exception: Duplicate entry '0000-00-00' for key 'inventoryppe.propertydate' in C:\laragon\www\dilg\backend\backend\system\Database\MySQLi\Connection.php:306
Stack trace:
#0 C:\laragon\www\dilg\backend\backend\system\Database\MySQLi\Connection.php(306): mysqli->query('UPDATE `invento...', 0)
#1 C:\laragon\www\dilg\backend\backend\system\Database\BaseConnection.php(692): CodeIgniter\Database\MySQLi\Connection->execute('UPDATE `invento...')
#2 C:\laragon\www\dilg\backend\backend\system\Database\BaseConnection.php(606): CodeIgniter\Database\BaseConnection->simpleQuery('UPDATE `invento...')
#3 C:\laragon\www\dilg\backend\backend\system\Database\BaseBuilder.php(2475): CodeIgniter\Database\BaseConnection->query('UPDATE `invento...', Array, false)
#4 C:\laragon\www\dilg\backend\backend\system\Model.php(385): CodeIgniter\Database\BaseBuilder->update()
#5 C:\laragon\www\dilg\backend\backend\system\BaseModel.php(949): CodeIgniter\Model->doUpdate(Array, Array)
#6 C:\laragon\www\dilg\backend\backend\system\Model.php(776): CodeIgniter\BaseModel->update(Array, Array)
#7 C:\laragon\www\dilg\backend\backend\app\Controllers\DatabasePPEController.php(511): CodeIgniter\Model->update('350', Array)
#8 C:\laragon\www\dilg\backend\backend\system\CodeIgniter.php(919): App\Controllers\DatabasePPEController->updateInventory('350')
#9 C:\laragon\www\dilg\backend\backend\system\CodeIgniter.php(494): CodeIgniter\CodeIgniter->runController(Object(App\Controllers\DatabasePPEController))
#10 C:\laragon\www\dilg\backend\backend\system\CodeIgniter.php(353): CodeIgniter\CodeIgniter->handleRequest(NULL, Object(Config\Cache), false)
#11 C:\laragon\www\dilg\backend\index.php(86): CodeIgniter\CodeIgniter->run()
#12 {main}
CRITICAL - 2024-09-22 17:25:02 --> Duplicate entry '0000-00-00' for key 'inventoryppe.propertydate'
in SYSTEMPATH\Database\BaseConnection.php on line 646.
 1 SYSTEMPATH\Database\BaseBuilder.php(2475): CodeIgniter\Database\BaseConnection->query('UPDATE `inventoryppe` SET `entityname` = :entityname:, `classification` = :classification:, `code` = :code:, `article` = :article:, `particulars` = :particulars:, `modelno` = :modelno:, `serialno` = :serialno:, `propertynumber` = :propertynumber:, `propertydate` = :propertydate:, `quantity` = :quantity:, `unit` = :unit:, `unitcost` = :unitcost:, `totalcost` = :totalcost:
WHERE `inventoryppe`.`id` IN :inventoryppe.id:', [...], false)
 2 SYSTEMPATH\Model.php(385): CodeIgniter\Database\BaseBuilder->update()
 3 SYSTEMPATH\BaseModel.php(949): CodeIgniter\Model->doUpdate([...], [...])
 4 SYSTEMPATH\Model.php(776): CodeIgniter\BaseModel->update([...], [...])
 5 APPPATH\Controllers\DatabasePPEController.php(511): CodeIgniter\Model->update('350', [...])
 6 SYSTEMPATH\CodeIgniter.php(919): App\Controllers\DatabasePPEController->updateInventory('350')
 7 SYSTEMPATH\CodeIgniter.php(494): CodeIgniter\CodeIgniter->runController(Object(App\Controllers\DatabasePPEController))
 8 SYSTEMPATH\CodeIgniter.php(353): CodeIgniter\CodeIgniter->handleRequest(null, Object(Config\Cache), false)
 9 FCPATH\index.php(86): CodeIgniter\CodeIgniter->run()
