CRITICAL - 2024-04-09 16:04:21 --> Too few arguments to function App\Controllers\LogbookController::updateLogbookDateReturned(), 1 passed in C:\laragon\www\dilg\backend\backend\system\CodeIgniter.php on line 919 and exactly 2 expected
in APPPATH\Controllers\LogbookController.php on line 46.
 1 SYSTEMPATH\CodeIgniter.php(919): App\Controllers\LogbookController->updateLogbookDateReturned('Ariel James De Guzman')
 2 SYSTEMPATH\CodeIgniter.php(494): CodeIgniter\CodeIgniter->runController(Object(App\Controllers\LogbookController))
 3 SYSTEMPATH\CodeIgniter.php(353): CodeIgniter\CodeIgniter->handleRequest(null, Object(Config\Cache), false)
 4 FCPATH\index.php(86): CodeIgniter\CodeIgniter->run()
CRITICAL - 2024-04-09 16:05:13 --> Too few arguments to function App\Controllers\LogbookController::updateLogbookDateReturned(), 1 passed in C:\laragon\www\dilg\backend\backend\system\CodeIgniter.php on line 919 and exactly 2 expected
in APPPATH\Controllers\LogbookController.php on line 46.
 1 SYSTEMPATH\CodeIgniter.php(919): App\Controllers\LogbookController->updateLogbookDateReturned('21')
 2 SYSTEMPATH\CodeIgniter.php(494): CodeIgniter\CodeIgniter->runController(Object(App\Controllers\LogbookController))
 3 SYSTEMPATH\CodeIgniter.php(353): CodeIgniter\CodeIgniter->handleRequest(null, Object(Config\Cache), false)
 4 FCPATH\index.php(86): CodeIgniter\CodeIgniter->run()
CRITICAL - 2024-04-09 16:05:13 --> Too few arguments to function App\Controllers\LogbookController::updateLogbookDateReturned(), 1 passed in C:\laragon\www\dilg\backend\backend\system\CodeIgniter.php on line 919 and exactly 2 expected
in APPPATH\Controllers\LogbookController.php on line 46.
 1 SYSTEMPATH\CodeIgniter.php(919): App\Controllers\LogbookController->updateLogbookDateReturned('21')
 2 SYSTEMPATH\CodeIgniter.php(494): CodeIgniter\CodeIgniter->runController(Object(App\Controllers\LogbookController))
 3 SYSTEMPATH\CodeIgniter.php(353): CodeIgniter\CodeIgniter->handleRequest(null, Object(Config\Cache), false)
 4 FCPATH\index.php(86): CodeIgniter\CodeIgniter->run()
CRITICAL - 2024-04-09 16:05:13 --> Too few arguments to function App\Controllers\LogbookController::updateLogbookDateReturned(), 1 passed in C:\laragon\www\dilg\backend\backend\system\CodeIgniter.php on line 919 and exactly 2 expected
in APPPATH\Controllers\LogbookController.php on line 46.
 1 SYSTEMPATH\CodeIgniter.php(919): App\Controllers\LogbookController->updateLogbookDateReturned('21')
 2 SYSTEMPATH\CodeIgniter.php(494): CodeIgniter\CodeIgniter->runController(Object(App\Controllers\LogbookController))
 3 SYSTEMPATH\CodeIgniter.php(353): CodeIgniter\CodeIgniter->handleRequest(null, Object(Config\Cache), false)
 4 FCPATH\index.php(86): CodeIgniter\CodeIgniter->run()
CRITICAL - 2024-04-09 16:05:13 --> Too few arguments to function App\Controllers\LogbookController::updateLogbookDateReturned(), 1 passed in C:\laragon\www\dilg\backend\backend\system\CodeIgniter.php on line 919 and exactly 2 expected
in APPPATH\Controllers\LogbookController.php on line 46.
 1 SYSTEMPATH\CodeIgniter.php(919): App\Controllers\LogbookController->updateLogbookDateReturned('21')
 2 SYSTEMPATH\CodeIgniter.php(494): CodeIgniter\CodeIgniter->runController(Object(App\Controllers\LogbookController))
 3 SYSTEMPATH\CodeIgniter.php(353): CodeIgniter\CodeIgniter->handleRequest(null, Object(Config\Cache), false)
 4 FCPATH\index.php(86): CodeIgniter\CodeIgniter->run()
CRITICAL - 2024-04-09 16:05:13 --> Too few arguments to function App\Controllers\LogbookController::updateLogbookDateReturned(), 1 passed in C:\laragon\www\dilg\backend\backend\system\CodeIgniter.php on line 919 and exactly 2 expected
in APPPATH\Controllers\LogbookController.php on line 46.
 1 SYSTEMPATH\CodeIgniter.php(919): App\Controllers\LogbookController->updateLogbookDateReturned('21')
 2 SYSTEMPATH\CodeIgniter.php(494): CodeIgniter\CodeIgniter->runController(Object(App\Controllers\LogbookController))
 3 SYSTEMPATH\CodeIgniter.php(353): CodeIgniter\CodeIgniter->handleRequest(null, Object(Config\Cache), false)
 4 FCPATH\index.php(86): CodeIgniter\CodeIgniter->run()
CRITICAL - 2024-04-09 16:05:13 --> Too few arguments to function App\Controllers\LogbookController::updateLogbookDateReturned(), 1 passed in C:\laragon\www\dilg\backend\backend\system\CodeIgniter.php on line 919 and exactly 2 expected
in APPPATH\Controllers\LogbookController.php on line 46.
 1 SYSTEMPATH\CodeIgniter.php(919): App\Controllers\LogbookController->updateLogbookDateReturned('21')
 2 SYSTEMPATH\CodeIgniter.php(494): CodeIgniter\CodeIgniter->runController(Object(App\Controllers\LogbookController))
 3 SYSTEMPATH\CodeIgniter.php(353): CodeIgniter\CodeIgniter->handleRequest(null, Object(Config\Cache), false)
 4 FCPATH\index.php(86): CodeIgniter\CodeIgniter->run()
CRITICAL - 2024-04-09 16:05:13 --> Too few arguments to function App\Controllers\LogbookController::updateLogbookDateReturned(), 1 passed in C:\laragon\www\dilg\backend\backend\system\CodeIgniter.php on line 919 and exactly 2 expected
in APPPATH\Controllers\LogbookController.php on line 46.
 1 SYSTEMPATH\CodeIgniter.php(919): App\Controllers\LogbookController->updateLogbookDateReturned('21')
 2 SYSTEMPATH\CodeIgniter.php(494): CodeIgniter\CodeIgniter->runController(Object(App\Controllers\LogbookController))
 3 SYSTEMPATH\CodeIgniter.php(353): CodeIgniter\CodeIgniter->handleRequest(null, Object(Config\Cache), false)
 4 FCPATH\index.php(86): CodeIgniter\CodeIgniter->run()
CRITICAL - 2024-04-09 16:05:13 --> Too few arguments to function App\Controllers\LogbookController::updateLogbookDateReturned(), 1 passed in C:\laragon\www\dilg\backend\backend\system\CodeIgniter.php on line 919 and exactly 2 expected
in APPPATH\Controllers\LogbookController.php on line 46.
 1 SYSTEMPATH\CodeIgniter.php(919): App\Controllers\LogbookController->updateLogbookDateReturned('21')
 2 SYSTEMPATH\CodeIgniter.php(494): CodeIgniter\CodeIgniter->runController(Object(App\Controllers\LogbookController))
 3 SYSTEMPATH\CodeIgniter.php(353): CodeIgniter\CodeIgniter->handleRequest(null, Object(Config\Cache), false)
 4 FCPATH\index.php(86): CodeIgniter\CodeIgniter->run()
CRITICAL - 2024-04-09 16:05:13 --> Too few arguments to function App\Controllers\LogbookController::updateLogbookDateReturned(), 1 passed in C:\laragon\www\dilg\backend\backend\system\CodeIgniter.php on line 919 and exactly 2 expected
in APPPATH\Controllers\LogbookController.php on line 46.
 1 SYSTEMPATH\CodeIgniter.php(919): App\Controllers\LogbookController->updateLogbookDateReturned('21')
 2 SYSTEMPATH\CodeIgniter.php(494): CodeIgniter\CodeIgniter->runController(Object(App\Controllers\LogbookController))
 3 SYSTEMPATH\CodeIgniter.php(353): CodeIgniter\CodeIgniter->handleRequest(null, Object(Config\Cache), false)
 4 FCPATH\index.php(86): CodeIgniter\CodeIgniter->run()
CRITICAL - 2024-04-09 16:05:13 --> Too few arguments to function App\Controllers\LogbookController::updateLogbookDateReturned(), 1 passed in C:\laragon\www\dilg\backend\backend\system\CodeIgniter.php on line 919 and exactly 2 expected
in APPPATH\Controllers\LogbookController.php on line 46.
 1 SYSTEMPATH\CodeIgniter.php(919): App\Controllers\LogbookController->updateLogbookDateReturned('21')
 2 SYSTEMPATH\CodeIgniter.php(494): CodeIgniter\CodeIgniter->runController(Object(App\Controllers\LogbookController))
 3 SYSTEMPATH\CodeIgniter.php(353): CodeIgniter\CodeIgniter->handleRequest(null, Object(Config\Cache), false)
 4 FCPATH\index.php(86): CodeIgniter\CodeIgniter->run()
CRITICAL - 2024-04-09 16:05:13 --> Too few arguments to function App\Controllers\LogbookController::updateLogbookDateReturned(), 1 passed in C:\laragon\www\dilg\backend\backend\system\CodeIgniter.php on line 919 and exactly 2 expected
in APPPATH\Controllers\LogbookController.php on line 46.
 1 SYSTEMPATH\CodeIgniter.php(919): App\Controllers\LogbookController->updateLogbookDateReturned('21')
 2 SYSTEMPATH\CodeIgniter.php(494): CodeIgniter\CodeIgniter->runController(Object(App\Controllers\LogbookController))
 3 SYSTEMPATH\CodeIgniter.php(353): CodeIgniter\CodeIgniter->handleRequest(null, Object(Config\Cache), false)
 4 FCPATH\index.php(86): CodeIgniter\CodeIgniter->run()
CRITICAL - 2024-04-09 16:05:13 --> Too few arguments to function App\Controllers\LogbookController::updateLogbookDateReturned(), 1 passed in C:\laragon\www\dilg\backend\backend\system\CodeIgniter.php on line 919 and exactly 2 expected
in APPPATH\Controllers\LogbookController.php on line 46.
 1 SYSTEMPATH\CodeIgniter.php(919): App\Controllers\LogbookController->updateLogbookDateReturned('21')
 2 SYSTEMPATH\CodeIgniter.php(494): CodeIgniter\CodeIgniter->runController(Object(App\Controllers\LogbookController))
 3 SYSTEMPATH\CodeIgniter.php(353): CodeIgniter\CodeIgniter->handleRequest(null, Object(Config\Cache), false)
 4 FCPATH\index.php(86): CodeIgniter\CodeIgniter->run()
CRITICAL - 2024-04-09 16:05:14 --> Too few arguments to function App\Controllers\LogbookController::updateLogbookDateReturned(), 1 passed in C:\laragon\www\dilg\backend\backend\system\CodeIgniter.php on line 919 and exactly 2 expected
in APPPATH\Controllers\LogbookController.php on line 46.
 1 SYSTEMPATH\CodeIgniter.php(919): App\Controllers\LogbookController->updateLogbookDateReturned('21')
 2 SYSTEMPATH\CodeIgniter.php(494): CodeIgniter\CodeIgniter->runController(Object(App\Controllers\LogbookController))
 3 SYSTEMPATH\CodeIgniter.php(353): CodeIgniter\CodeIgniter->handleRequest(null, Object(Config\Cache), false)
 4 FCPATH\index.php(86): CodeIgniter\CodeIgniter->run()
CRITICAL - 2024-04-09 16:05:14 --> Too few arguments to function App\Controllers\LogbookController::updateLogbookDateReturned(), 1 passed in C:\laragon\www\dilg\backend\backend\system\CodeIgniter.php on line 919 and exactly 2 expected
in APPPATH\Controllers\LogbookController.php on line 46.
 1 SYSTEMPATH\CodeIgniter.php(919): App\Controllers\LogbookController->updateLogbookDateReturned('21')
 2 SYSTEMPATH\CodeIgniter.php(494): CodeIgniter\CodeIgniter->runController(Object(App\Controllers\LogbookController))
 3 SYSTEMPATH\CodeIgniter.php(353): CodeIgniter\CodeIgniter->handleRequest(null, Object(Config\Cache), false)
 4 FCPATH\index.php(86): CodeIgniter\CodeIgniter->run()
CRITICAL - 2024-04-09 16:05:14 --> Too few arguments to function App\Controllers\LogbookController::updateLogbookDateReturned(), 1 passed in C:\laragon\www\dilg\backend\backend\system\CodeIgniter.php on line 919 and exactly 2 expected
in APPPATH\Controllers\LogbookController.php on line 46.
 1 SYSTEMPATH\CodeIgniter.php(919): App\Controllers\LogbookController->updateLogbookDateReturned('21')
 2 SYSTEMPATH\CodeIgniter.php(494): CodeIgniter\CodeIgniter->runController(Object(App\Controllers\LogbookController))
 3 SYSTEMPATH\CodeIgniter.php(353): CodeIgniter\CodeIgniter->handleRequest(null, Object(Config\Cache), false)
 4 FCPATH\index.php(86): CodeIgniter\CodeIgniter->run()
CRITICAL - 2024-04-09 16:05:14 --> Too few arguments to function App\Controllers\LogbookController::updateLogbookDateReturned(), 1 passed in C:\laragon\www\dilg\backend\backend\system\CodeIgniter.php on line 919 and exactly 2 expected
in APPPATH\Controllers\LogbookController.php on line 46.
 1 SYSTEMPATH\CodeIgniter.php(919): App\Controllers\LogbookController->updateLogbookDateReturned('21')
 2 SYSTEMPATH\CodeIgniter.php(494): CodeIgniter\CodeIgniter->runController(Object(App\Controllers\LogbookController))
 3 SYSTEMPATH\CodeIgniter.php(353): CodeIgniter\CodeIgniter->handleRequest(null, Object(Config\Cache), false)
 4 FCPATH\index.php(86): CodeIgniter\CodeIgniter->run()
CRITICAL - 2024-04-09 16:05:14 --> Too few arguments to function App\Controllers\LogbookController::updateLogbookDateReturned(), 1 passed in C:\laragon\www\dilg\backend\backend\system\CodeIgniter.php on line 919 and exactly 2 expected
in APPPATH\Controllers\LogbookController.php on line 46.
 1 SYSTEMPATH\CodeIgniter.php(919): App\Controllers\LogbookController->updateLogbookDateReturned('21')
 2 SYSTEMPATH\CodeIgniter.php(494): CodeIgniter\CodeIgniter->runController(Object(App\Controllers\LogbookController))
 3 SYSTEMPATH\CodeIgniter.php(353): CodeIgniter\CodeIgniter->handleRequest(null, Object(Config\Cache), false)
 4 FCPATH\index.php(86): CodeIgniter\CodeIgniter->run()
CRITICAL - 2024-04-09 16:05:14 --> Too few arguments to function App\Controllers\LogbookController::updateLogbookDateReturned(), 1 passed in C:\laragon\www\dilg\backend\backend\system\CodeIgniter.php on line 919 and exactly 2 expected
in APPPATH\Controllers\LogbookController.php on line 46.
 1 SYSTEMPATH\CodeIgniter.php(919): App\Controllers\LogbookController->updateLogbookDateReturned('21')
 2 SYSTEMPATH\CodeIgniter.php(494): CodeIgniter\CodeIgniter->runController(Object(App\Controllers\LogbookController))
 3 SYSTEMPATH\CodeIgniter.php(353): CodeIgniter\CodeIgniter->handleRequest(null, Object(Config\Cache), false)
 4 FCPATH\index.php(86): CodeIgniter\CodeIgniter->run()
CRITICAL - 2024-04-09 16:05:14 --> Too few arguments to function App\Controllers\LogbookController::updateLogbookDateReturned(), 1 passed in C:\laragon\www\dilg\backend\backend\system\CodeIgniter.php on line 919 and exactly 2 expected
in APPPATH\Controllers\LogbookController.php on line 46.
 1 SYSTEMPATH\CodeIgniter.php(919): App\Controllers\LogbookController->updateLogbookDateReturned('21')
 2 SYSTEMPATH\CodeIgniter.php(494): CodeIgniter\CodeIgniter->runController(Object(App\Controllers\LogbookController))
 3 SYSTEMPATH\CodeIgniter.php(353): CodeIgniter\CodeIgniter->handleRequest(null, Object(Config\Cache), false)
 4 FCPATH\index.php(86): CodeIgniter\CodeIgniter->run()
CRITICAL - 2024-04-09 16:05:14 --> Too few arguments to function App\Controllers\LogbookController::updateLogbookDateReturned(), 1 passed in C:\laragon\www\dilg\backend\backend\system\CodeIgniter.php on line 919 and exactly 2 expected
in APPPATH\Controllers\LogbookController.php on line 46.
 1 SYSTEMPATH\CodeIgniter.php(919): App\Controllers\LogbookController->updateLogbookDateReturned('21')
 2 SYSTEMPATH\CodeIgniter.php(494): CodeIgniter\CodeIgniter->runController(Object(App\Controllers\LogbookController))
 3 SYSTEMPATH\CodeIgniter.php(353): CodeIgniter\CodeIgniter->handleRequest(null, Object(Config\Cache), false)
 4 FCPATH\index.php(86): CodeIgniter\CodeIgniter->run()
CRITICAL - 2024-04-09 16:05:14 --> Too few arguments to function App\Controllers\LogbookController::updateLogbookDateReturned(), 1 passed in C:\laragon\www\dilg\backend\backend\system\CodeIgniter.php on line 919 and exactly 2 expected
in APPPATH\Controllers\LogbookController.php on line 46.
 1 SYSTEMPATH\CodeIgniter.php(919): App\Controllers\LogbookController->updateLogbookDateReturned('21')
 2 SYSTEMPATH\CodeIgniter.php(494): CodeIgniter\CodeIgniter->runController(Object(App\Controllers\LogbookController))
 3 SYSTEMPATH\CodeIgniter.php(353): CodeIgniter\CodeIgniter->handleRequest(null, Object(Config\Cache), false)
 4 FCPATH\index.php(86): CodeIgniter\CodeIgniter->run()
CRITICAL - 2024-04-09 16:05:14 --> Too few arguments to function App\Controllers\LogbookController::updateLogbookDateReturned(), 1 passed in C:\laragon\www\dilg\backend\backend\system\CodeIgniter.php on line 919 and exactly 2 expected
in APPPATH\Controllers\LogbookController.php on line 46.
 1 SYSTEMPATH\CodeIgniter.php(919): App\Controllers\LogbookController->updateLogbookDateReturned('21')
 2 SYSTEMPATH\CodeIgniter.php(494): CodeIgniter\CodeIgniter->runController(Object(App\Controllers\LogbookController))
 3 SYSTEMPATH\CodeIgniter.php(353): CodeIgniter\CodeIgniter->handleRequest(null, Object(Config\Cache), false)
 4 FCPATH\index.php(86): CodeIgniter\CodeIgniter->run()
CRITICAL - 2024-04-09 16:05:14 --> Too few arguments to function App\Controllers\LogbookController::updateLogbookDateReturned(), 1 passed in C:\laragon\www\dilg\backend\backend\system\CodeIgniter.php on line 919 and exactly 2 expected
in APPPATH\Controllers\LogbookController.php on line 46.
 1 SYSTEMPATH\CodeIgniter.php(919): App\Controllers\LogbookController->updateLogbookDateReturned('21')
 2 SYSTEMPATH\CodeIgniter.php(494): CodeIgniter\CodeIgniter->runController(Object(App\Controllers\LogbookController))
 3 SYSTEMPATH\CodeIgniter.php(353): CodeIgniter\CodeIgniter->handleRequest(null, Object(Config\Cache), false)
 4 FCPATH\index.php(86): CodeIgniter\CodeIgniter->run()
CRITICAL - 2024-04-09 16:05:14 --> Too few arguments to function App\Controllers\LogbookController::updateLogbookDateReturned(), 1 passed in C:\laragon\www\dilg\backend\backend\system\CodeIgniter.php on line 919 and exactly 2 expected
in APPPATH\Controllers\LogbookController.php on line 46.
 1 SYSTEMPATH\CodeIgniter.php(919): App\Controllers\LogbookController->updateLogbookDateReturned('21')
 2 SYSTEMPATH\CodeIgniter.php(494): CodeIgniter\CodeIgniter->runController(Object(App\Controllers\LogbookController))
 3 SYSTEMPATH\CodeIgniter.php(353): CodeIgniter\CodeIgniter->handleRequest(null, Object(Config\Cache), false)
 4 FCPATH\index.php(86): CodeIgniter\CodeIgniter->run()
CRITICAL - 2024-04-09 16:05:14 --> Too few arguments to function App\Controllers\LogbookController::updateLogbookDateReturned(), 1 passed in C:\laragon\www\dilg\backend\backend\system\CodeIgniter.php on line 919 and exactly 2 expected
in APPPATH\Controllers\LogbookController.php on line 46.
 1 SYSTEMPATH\CodeIgniter.php(919): App\Controllers\LogbookController->updateLogbookDateReturned('21')
 2 SYSTEMPATH\CodeIgniter.php(494): CodeIgniter\CodeIgniter->runController(Object(App\Controllers\LogbookController))
 3 SYSTEMPATH\CodeIgniter.php(353): CodeIgniter\CodeIgniter->handleRequest(null, Object(Config\Cache), false)
 4 FCPATH\index.php(86): CodeIgniter\CodeIgniter->run()
CRITICAL - 2024-04-09 16:05:14 --> Too few arguments to function App\Controllers\LogbookController::updateLogbookDateReturned(), 1 passed in C:\laragon\www\dilg\backend\backend\system\CodeIgniter.php on line 919 and exactly 2 expected
in APPPATH\Controllers\LogbookController.php on line 46.
 1 SYSTEMPATH\CodeIgniter.php(919): App\Controllers\LogbookController->updateLogbookDateReturned('21')
 2 SYSTEMPATH\CodeIgniter.php(494): CodeIgniter\CodeIgniter->runController(Object(App\Controllers\LogbookController))
 3 SYSTEMPATH\CodeIgniter.php(353): CodeIgniter\CodeIgniter->handleRequest(null, Object(Config\Cache), false)
 4 FCPATH\index.php(86): CodeIgniter\CodeIgniter->run()
CRITICAL - 2024-04-09 16:05:14 --> Too few arguments to function App\Controllers\LogbookController::updateLogbookDateReturned(), 1 passed in C:\laragon\www\dilg\backend\backend\system\CodeIgniter.php on line 919 and exactly 2 expected
in APPPATH\Controllers\LogbookController.php on line 46.
 1 SYSTEMPATH\CodeIgniter.php(919): App\Controllers\LogbookController->updateLogbookDateReturned('21')
 2 SYSTEMPATH\CodeIgniter.php(494): CodeIgniter\CodeIgniter->runController(Object(App\Controllers\LogbookController))
 3 SYSTEMPATH\CodeIgniter.php(353): CodeIgniter\CodeIgniter->handleRequest(null, Object(Config\Cache), false)
 4 FCPATH\index.php(86): CodeIgniter\CodeIgniter->run()
CRITICAL - 2024-04-09 16:05:14 --> Too few arguments to function App\Controllers\LogbookController::updateLogbookDateReturned(), 1 passed in C:\laragon\www\dilg\backend\backend\system\CodeIgniter.php on line 919 and exactly 2 expected
in APPPATH\Controllers\LogbookController.php on line 46.
 1 SYSTEMPATH\CodeIgniter.php(919): App\Controllers\LogbookController->updateLogbookDateReturned('21')
 2 SYSTEMPATH\CodeIgniter.php(494): CodeIgniter\CodeIgniter->runController(Object(App\Controllers\LogbookController))
 3 SYSTEMPATH\CodeIgniter.php(353): CodeIgniter\CodeIgniter->handleRequest(null, Object(Config\Cache), false)
 4 FCPATH\index.php(86): CodeIgniter\CodeIgniter->run()
CRITICAL - 2024-04-09 16:05:14 --> Too few arguments to function App\Controllers\LogbookController::updateLogbookDateReturned(), 1 passed in C:\laragon\www\dilg\backend\backend\system\CodeIgniter.php on line 919 and exactly 2 expected
in APPPATH\Controllers\LogbookController.php on line 46.
 1 SYSTEMPATH\CodeIgniter.php(919): App\Controllers\LogbookController->updateLogbookDateReturned('21')
 2 SYSTEMPATH\CodeIgniter.php(494): CodeIgniter\CodeIgniter->runController(Object(App\Controllers\LogbookController))
 3 SYSTEMPATH\CodeIgniter.php(353): CodeIgniter\CodeIgniter->handleRequest(null, Object(Config\Cache), false)
 4 FCPATH\index.php(86): CodeIgniter\CodeIgniter->run()
CRITICAL - 2024-04-09 16:05:53 --> Too few arguments to function App\Controllers\LogbookController::updateLogbookDateReturned(), 1 passed in C:\laragon\www\dilg\backend\backend\system\CodeIgniter.php on line 919 and exactly 2 expected
in APPPATH\Controllers\LogbookController.php on line 46.
 1 SYSTEMPATH\CodeIgniter.php(919): App\Controllers\LogbookController->updateLogbookDateReturned('21')
 2 SYSTEMPATH\CodeIgniter.php(494): CodeIgniter\CodeIgniter->runController(Object(App\Controllers\LogbookController))
 3 SYSTEMPATH\CodeIgniter.php(353): CodeIgniter\CodeIgniter->handleRequest(null, Object(Config\Cache), false)
 4 FCPATH\index.php(86): CodeIgniter\CodeIgniter->run()
CRITICAL - 2024-04-09 16:06:43 --> Too few arguments to function App\Controllers\LogbookController::updateLogbookDateReturned(), 1 passed in C:\laragon\www\dilg\backend\backend\system\CodeIgniter.php on line 919 and exactly 2 expected
in APPPATH\Controllers\LogbookController.php on line 46.
 1 SYSTEMPATH\CodeIgniter.php(919): App\Controllers\LogbookController->updateLogbookDateReturned('')
 2 SYSTEMPATH\CodeIgniter.php(494): CodeIgniter\CodeIgniter->runController(Object(App\Controllers\LogbookController))
 3 SYSTEMPATH\CodeIgniter.php(353): CodeIgniter\CodeIgniter->handleRequest(null, Object(Config\Cache), false)
 4 FCPATH\index.php(86): CodeIgniter\CodeIgniter->run()
CRITICAL - 2024-04-09 16:06:43 --> Too few arguments to function App\Controllers\LogbookController::updateLogbookDateReturned(), 1 passed in C:\laragon\www\dilg\backend\backend\system\CodeIgniter.php on line 919 and exactly 2 expected
in APPPATH\Controllers\LogbookController.php on line 46.
 1 SYSTEMPATH\CodeIgniter.php(919): App\Controllers\LogbookController->updateLogbookDateReturned('')
 2 SYSTEMPATH\CodeIgniter.php(494): CodeIgniter\CodeIgniter->runController(Object(App\Controllers\LogbookController))
 3 SYSTEMPATH\CodeIgniter.php(353): CodeIgniter\CodeIgniter->handleRequest(null, Object(Config\Cache), false)
 4 FCPATH\index.php(86): CodeIgniter\CodeIgniter->run()
CRITICAL - 2024-04-09 16:06:44 --> Too few arguments to function App\Controllers\LogbookController::updateLogbookDateReturned(), 1 passed in C:\laragon\www\dilg\backend\backend\system\CodeIgniter.php on line 919 and exactly 2 expected
in APPPATH\Controllers\LogbookController.php on line 46.
 1 SYSTEMPATH\CodeIgniter.php(919): App\Controllers\LogbookController->updateLogbookDateReturned('')
 2 SYSTEMPATH\CodeIgniter.php(494): CodeIgniter\CodeIgniter->runController(Object(App\Controllers\LogbookController))
 3 SYSTEMPATH\CodeIgniter.php(353): CodeIgniter\CodeIgniter->handleRequest(null, Object(Config\Cache), false)
 4 FCPATH\index.php(86): CodeIgniter\CodeIgniter->run()
CRITICAL - 2024-04-09 16:06:46 --> Too few arguments to function App\Controllers\LogbookController::updateLogbookDateReturned(), 1 passed in C:\laragon\www\dilg\backend\backend\system\CodeIgniter.php on line 919 and exactly 2 expected
in APPPATH\Controllers\LogbookController.php on line 46.
 1 SYSTEMPATH\CodeIgniter.php(919): App\Controllers\LogbookController->updateLogbookDateReturned('')
 2 SYSTEMPATH\CodeIgniter.php(494): CodeIgniter\CodeIgniter->runController(Object(App\Controllers\LogbookController))
 3 SYSTEMPATH\CodeIgniter.php(353): CodeIgniter\CodeIgniter->handleRequest(null, Object(Config\Cache), false)
 4 FCPATH\index.php(86): CodeIgniter\CodeIgniter->run()
CRITICAL - 2024-04-09 16:06:49 --> Too few arguments to function App\Controllers\LogbookController::updateLogbookDateReturned(), 1 passed in C:\laragon\www\dilg\backend\backend\system\CodeIgniter.php on line 919 and exactly 2 expected
in APPPATH\Controllers\LogbookController.php on line 46.
 1 SYSTEMPATH\CodeIgniter.php(919): App\Controllers\LogbookController->updateLogbookDateReturned('')
 2 SYSTEMPATH\CodeIgniter.php(494): CodeIgniter\CodeIgniter->runController(Object(App\Controllers\LogbookController))
 3 SYSTEMPATH\CodeIgniter.php(353): CodeIgniter\CodeIgniter->handleRequest(null, Object(Config\Cache), false)
 4 FCPATH\index.php(86): CodeIgniter\CodeIgniter->run()
