CRITICAL - 2024-02-13 15:17:08 --> Too few arguments to function App\Controllers\DatabasePPEController::triggerNotification(), 0 passed in C:\laragon\www\dilg\backend\backend\system\CodeIgniter.php on line 919 and exactly 1 expected
in APPPATH\Controllers\DatabasePPEController.php on line 352.
 1 SYSTEMPATH\CodeIgniter.php(919): App\Controllers\DatabasePPEController->triggerNotification()
 2 SYSTEMPATH\CodeIgniter.php(494): CodeIgniter\CodeIgniter->runController(Object(App\Controllers\DatabasePPEController))
 3 SYSTEMPATH\CodeIgniter.php(353): CodeIgniter\CodeIgniter->handleRequest(null, Object(Config\Cache), false)
 4 FCPATH\index.php(86): CodeIgniter\CodeIgniter->run()
CRITICAL - 2024-02-13 15:33:33 --> Too few arguments to function App\Controllers\DatabasePPEController::triggerNotification(), 0 passed in C:\laragon\www\dilg\backend\backend\system\CodeIgniter.php on line 919 and exactly 1 expected
in APPPATH\Controllers\DatabasePPEController.php on line 352.
 1 SYSTEMPATH\CodeIgniter.php(919): App\Controllers\DatabasePPEController->triggerNotification()
 2 SYSTEMPATH\CodeIgniter.php(494): CodeIgniter\CodeIgniter->runController(Object(App\Controllers\DatabasePPEController))
 3 SYSTEMPATH\CodeIgniter.php(353): CodeIgniter\CodeIgniter->handleRequest(null, Object(Config\Cache), false)
 4 FCPATH\index.php(86): CodeIgniter\CodeIgniter->run()
CRITICAL - 2024-02-13 15:34:11 --> Too few arguments to function App\Controllers\DatabasePPEController::triggerNotification(), 0 passed in C:\laragon\www\dilg\backend\backend\system\CodeIgniter.php on line 919 and exactly 1 expected
in APPPATH\Controllers\DatabasePPEController.php on line 352.
 1 SYSTEMPATH\CodeIgniter.php(919): App\Controllers\DatabasePPEController->triggerNotification()
 2 SYSTEMPATH\CodeIgniter.php(494): CodeIgniter\CodeIgniter->runController(Object(App\Controllers\DatabasePPEController))
 3 SYSTEMPATH\CodeIgniter.php(353): CodeIgniter\CodeIgniter->handleRequest(null, Object(Config\Cache), false)
 4 FCPATH\index.php(86): CodeIgniter\CodeIgniter->run()
CRITICAL - 2024-02-13 15:34:31 --> Too few arguments to function App\Controllers\DatabasePPEController::triggerNotification(), 0 passed in C:\laragon\www\dilg\backend\backend\system\CodeIgniter.php on line 919 and exactly 1 expected
in APPPATH\Controllers\DatabasePPEController.php on line 352.
 1 SYSTEMPATH\CodeIgniter.php(919): App\Controllers\DatabasePPEController->triggerNotification()
 2 SYSTEMPATH\CodeIgniter.php(494): CodeIgniter\CodeIgniter->runController(Object(App\Controllers\DatabasePPEController))
 3 SYSTEMPATH\CodeIgniter.php(353): CodeIgniter\CodeIgniter->handleRequest(null, Object(Config\Cache), false)
 4 FCPATH\index.php(86): CodeIgniter\CodeIgniter->run()
CRITICAL - 2024-02-13 15:35:05 --> Too few arguments to function App\Controllers\DatabasePPEController::triggerNotification(), 0 passed in C:\laragon\www\dilg\backend\backend\system\CodeIgniter.php on line 919 and exactly 1 expected
in APPPATH\Controllers\DatabasePPEController.php on line 352.
 1 SYSTEMPATH\CodeIgniter.php(919): App\Controllers\DatabasePPEController->triggerNotification()
 2 SYSTEMPATH\CodeIgniter.php(494): CodeIgniter\CodeIgniter->runController(Object(App\Controllers\DatabasePPEController))
 3 SYSTEMPATH\CodeIgniter.php(353): CodeIgniter\CodeIgniter->handleRequest(null, Object(Config\Cache), false)
 4 FCPATH\index.php(86): CodeIgniter\CodeIgniter->run()
CRITICAL - 2024-02-13 15:36:25 --> Too few arguments to function App\Controllers\DatabasePPEController::triggerNotification(), 0 passed in C:\laragon\www\dilg\backend\backend\system\CodeIgniter.php on line 919 and exactly 1 expected
in APPPATH\Controllers\DatabasePPEController.php on line 352.
 1 SYSTEMPATH\CodeIgniter.php(919): App\Controllers\DatabasePPEController->triggerNotification()
 2 SYSTEMPATH\CodeIgniter.php(494): CodeIgniter\CodeIgniter->runController(Object(App\Controllers\DatabasePPEController))
 3 SYSTEMPATH\CodeIgniter.php(353): CodeIgniter\CodeIgniter->handleRequest(null, Object(Config\Cache), false)
 4 FCPATH\index.php(86): CodeIgniter\CodeIgniter->run()
CRITICAL - 2024-02-13 15:39:38 --> Too few arguments to function App\Controllers\DatabasePPEController::triggerNotification(), 0 passed in C:\laragon\www\dilg\backend\backend\system\CodeIgniter.php on line 919 and exactly 1 expected
in APPPATH\Controllers\DatabasePPEController.php on line 352.
 1 SYSTEMPATH\CodeIgniter.php(919): App\Controllers\DatabasePPEController->triggerNotification()
 2 SYSTEMPATH\CodeIgniter.php(494): CodeIgniter\CodeIgniter->runController(Object(App\Controllers\DatabasePPEController))
 3 SYSTEMPATH\CodeIgniter.php(353): CodeIgniter\CodeIgniter->handleRequest(null, Object(Config\Cache), false)
 4 FCPATH\index.php(86): CodeIgniter\CodeIgniter->run()
CRITICAL - 2024-02-13 15:40:16 --> Too few arguments to function App\Controllers\DatabasePPEController::triggerNotification(), 0 passed in C:\laragon\www\dilg\backend\backend\system\CodeIgniter.php on line 919 and exactly 1 expected
in APPPATH\Controllers\DatabasePPEController.php on line 352.
 1 SYSTEMPATH\CodeIgniter.php(919): App\Controllers\DatabasePPEController->triggerNotification()
 2 SYSTEMPATH\CodeIgniter.php(494): CodeIgniter\CodeIgniter->runController(Object(App\Controllers\DatabasePPEController))
 3 SYSTEMPATH\CodeIgniter.php(353): CodeIgniter\CodeIgniter->handleRequest(null, Object(Config\Cache), false)
 4 FCPATH\index.php(86): CodeIgniter\CodeIgniter->run()
CRITICAL - 2024-02-13 15:42:18 --> Too few arguments to function App\Controllers\DatabasePPEController::triggerNotification(), 0 passed in C:\laragon\www\dilg\backend\backend\system\CodeIgniter.php on line 919 and exactly 1 expected
in APPPATH\Controllers\DatabasePPEController.php on line 352.
 1 SYSTEMPATH\CodeIgniter.php(919): App\Controllers\DatabasePPEController->triggerNotification()
 2 SYSTEMPATH\CodeIgniter.php(494): CodeIgniter\CodeIgniter->runController(Object(App\Controllers\DatabasePPEController))
 3 SYSTEMPATH\CodeIgniter.php(353): CodeIgniter\CodeIgniter->handleRequest(null, Object(Config\Cache), false)
 4 FCPATH\index.php(86): CodeIgniter\CodeIgniter->run()
CRITICAL - 2024-02-13 15:47:18 --> Too few arguments to function App\Controllers\DatabasePPEController::triggerNotification(), 0 passed in C:\laragon\www\dilg\backend\backend\system\CodeIgniter.php on line 919 and exactly 1 expected
in APPPATH\Controllers\DatabasePPEController.php on line 355.
 1 SYSTEMPATH\CodeIgniter.php(919): App\Controllers\DatabasePPEController->triggerNotification()
 2 SYSTEMPATH\CodeIgniter.php(494): CodeIgniter\CodeIgniter->runController(Object(App\Controllers\DatabasePPEController))
 3 SYSTEMPATH\CodeIgniter.php(353): CodeIgniter\CodeIgniter->handleRequest(null, Object(Config\Cache), false)
 4 FCPATH\index.php(86): CodeIgniter\CodeIgniter->run()
CRITICAL - 2024-02-13 15:48:47 --> Too few arguments to function App\Controllers\DatabasePPEController::triggerNotification(), 0 passed in C:\laragon\www\dilg\backend\backend\system\CodeIgniter.php on line 919 and exactly 1 expected
in APPPATH\Controllers\DatabasePPEController.php on line 355.
 1 SYSTEMPATH\CodeIgniter.php(919): App\Controllers\DatabasePPEController->triggerNotification()
 2 SYSTEMPATH\CodeIgniter.php(494): CodeIgniter\CodeIgniter->runController(Object(App\Controllers\DatabasePPEController))
 3 SYSTEMPATH\CodeIgniter.php(353): CodeIgniter\CodeIgniter->handleRequest(null, Object(Config\Cache), false)
 4 FCPATH\index.php(86): CodeIgniter\CodeIgniter->run()
CRITICAL - 2024-02-13 16:03:28 --> Too few arguments to function App\Controllers\DatabasePPEController::triggerNotification(), 0 passed in C:\laragon\www\dilg\backend\backend\system\CodeIgniter.php on line 919 and exactly 1 expected
in APPPATH\Controllers\DatabasePPEController.php on line 355.
 1 SYSTEMPATH\CodeIgniter.php(919): App\Controllers\DatabasePPEController->triggerNotification()
 2 SYSTEMPATH\CodeIgniter.php(494): CodeIgniter\CodeIgniter->runController(Object(App\Controllers\DatabasePPEController))
 3 SYSTEMPATH\CodeIgniter.php(353): CodeIgniter\CodeIgniter->handleRequest(null, Object(Config\Cache), false)
 4 FCPATH\index.php(86): CodeIgniter\CodeIgniter->run()
CRITICAL - 2024-02-13 16:06:15 --> Too few arguments to function App\Controllers\DatabasePPEController::triggerNotification(), 0 passed in C:\laragon\www\dilg\backend\backend\system\CodeIgniter.php on line 919 and exactly 1 expected
in APPPATH\Controllers\DatabasePPEController.php on line 352.
 1 SYSTEMPATH\CodeIgniter.php(919): App\Controllers\DatabasePPEController->triggerNotification()
 2 SYSTEMPATH\CodeIgniter.php(494): CodeIgniter\CodeIgniter->runController(Object(App\Controllers\DatabasePPEController))
 3 SYSTEMPATH\CodeIgniter.php(353): CodeIgniter\CodeIgniter->handleRequest(null, Object(Config\Cache), false)
 4 FCPATH\index.php(86): CodeIgniter\CodeIgniter->run()
CRITICAL - 2024-02-13 16:06:48 --> Too few arguments to function App\Controllers\DatabasePPEController::triggerNotification(), 0 passed in C:\laragon\www\dilg\backend\backend\system\CodeIgniter.php on line 919 and exactly 1 expected
in APPPATH\Controllers\DatabasePPEController.php on line 352.
 1 SYSTEMPATH\CodeIgniter.php(919): App\Controllers\DatabasePPEController->triggerNotification()
 2 SYSTEMPATH\CodeIgniter.php(494): CodeIgniter\CodeIgniter->runController(Object(App\Controllers\DatabasePPEController))
 3 SYSTEMPATH\CodeIgniter.php(353): CodeIgniter\CodeIgniter->handleRequest(null, Object(Config\Cache), false)
 4 FCPATH\index.php(86): CodeIgniter\CodeIgniter->run()
CRITICAL - 2024-02-13 16:11:47 --> Too few arguments to function App\Controllers\DatabasePPEController::triggerNotification(), 0 passed in C:\laragon\www\dilg\backend\backend\system\CodeIgniter.php on line 919 and exactly 1 expected
in APPPATH\Controllers\DatabasePPEController.php on line 352.
 1 SYSTEMPATH\CodeIgniter.php(919): App\Controllers\DatabasePPEController->triggerNotification()
 2 SYSTEMPATH\CodeIgniter.php(494): CodeIgniter\CodeIgniter->runController(Object(App\Controllers\DatabasePPEController))
 3 SYSTEMPATH\CodeIgniter.php(353): CodeIgniter\CodeIgniter->handleRequest(null, Object(Config\Cache), false)
 4 FCPATH\index.php(86): CodeIgniter\CodeIgniter->run()
CRITICAL - 2024-02-13 16:27:24 --> Too few arguments to function App\Controllers\DatabasePPEController::triggerNotification(), 0 passed in C:\laragon\www\dilg\backend\backend\system\CodeIgniter.php on line 919 and exactly 1 expected
in APPPATH\Controllers\DatabasePPEController.php on line 352.
 1 SYSTEMPATH\CodeIgniter.php(919): App\Controllers\DatabasePPEController->triggerNotification()
 2 SYSTEMPATH\CodeIgniter.php(494): CodeIgniter\CodeIgniter->runController(Object(App\Controllers\DatabasePPEController))
 3 SYSTEMPATH\CodeIgniter.php(353): CodeIgniter\CodeIgniter->handleRequest(null, Object(Config\Cache), false)
 4 FCPATH\index.php(86): CodeIgniter\CodeIgniter->run()
CRITICAL - 2024-02-13 16:28:16 --> Too few arguments to function App\Controllers\DatabasePPEController::triggerNotification(), 0 passed in C:\laragon\www\dilg\backend\backend\system\CodeIgniter.php on line 919 and exactly 1 expected
in APPPATH\Controllers\DatabasePPEController.php on line 352.
 1 SYSTEMPATH\CodeIgniter.php(919): App\Controllers\DatabasePPEController->triggerNotification()
 2 SYSTEMPATH\CodeIgniter.php(494): CodeIgniter\CodeIgniter->runController(Object(App\Controllers\DatabasePPEController))
 3 SYSTEMPATH\CodeIgniter.php(353): CodeIgniter\CodeIgniter->handleRequest(null, Object(Config\Cache), false)
 4 FCPATH\index.php(86): CodeIgniter\CodeIgniter->run()
CRITICAL - 2024-02-13 16:31:04 --> Undefined property: App\Controllers\DatabasePPEController::$load
in APPPATH\Controllers\DatabasePPEController.php on line 333.
 1 APPPATH\Controllers\DatabasePPEController.php(333): CodeIgniter\Debug\Exceptions->errorHandler(2, 'Undefined property: App\\Controllers\\DatabasePPEController::$load', 'C:\\laragon\\www\\dilg\\backend\\backend\\app\\Controllers\\DatabasePPEController.php', 333)
 2 SYSTEMPATH\CodeIgniter.php(919): App\Controllers\DatabasePPEController->databaseListener()
 3 SYSTEMPATH\CodeIgniter.php(494): CodeIgniter\CodeIgniter->runController(Object(App\Controllers\DatabasePPEController))
 4 SYSTEMPATH\CodeIgniter.php(353): CodeIgniter\CodeIgniter->handleRequest(null, Object(Config\Cache), false)
 5 FCPATH\index.php(86): CodeIgniter\CodeIgniter->run()
CRITICAL - 2024-02-13 16:32:20 --> Call to undefined method App\Models\InventoryModel::checkForNewRecord
in SYSTEMPATH\Model.php on line 873.
 1 APPPATH\Controllers\DatabasePPEController.php(336): CodeIgniter\Model->__call('checkForNewRecord', [])
 2 SYSTEMPATH\CodeIgniter.php(919): App\Controllers\DatabasePPEController->databaseListener()
 3 SYSTEMPATH\CodeIgniter.php(494): CodeIgniter\CodeIgniter->runController(Object(App\Controllers\DatabasePPEController))
 4 SYSTEMPATH\CodeIgniter.php(353): CodeIgniter\CodeIgniter->handleRequest(null, Object(Config\Cache), false)
 5 FCPATH\index.php(86): CodeIgniter\CodeIgniter->run()
CRITICAL - 2024-02-13 16:32:36 --> Too few arguments to function App\Controllers\DatabasePPEController::triggerNotification(), 0 passed in C:\laragon\www\dilg\backend\backend\system\CodeIgniter.php on line 919 and exactly 1 expected
in APPPATH\Controllers\DatabasePPEController.php on line 353.
 1 SYSTEMPATH\CodeIgniter.php(919): App\Controllers\DatabasePPEController->triggerNotification()
 2 SYSTEMPATH\CodeIgniter.php(494): CodeIgniter\CodeIgniter->runController(Object(App\Controllers\DatabasePPEController))
 3 SYSTEMPATH\CodeIgniter.php(353): CodeIgniter\CodeIgniter->handleRequest(null, Object(Config\Cache), false)
 4 FCPATH\index.php(86): CodeIgniter\CodeIgniter->run()
CRITICAL - 2024-02-13 16:35:51 --> Call to undefined method App\Models\InventoryModel::checkForNewRecord
in SYSTEMPATH\Model.php on line 873.
 1 APPPATH\Controllers\DatabasePPEController.php(336): CodeIgniter\Model->__call('checkForNewRecord', [])
 2 SYSTEMPATH\CodeIgniter.php(919): App\Controllers\DatabasePPEController->databaseListener()
 3 SYSTEMPATH\CodeIgniter.php(494): CodeIgniter\CodeIgniter->runController(Object(App\Controllers\DatabasePPEController))
 4 SYSTEMPATH\CodeIgniter.php(353): CodeIgniter\CodeIgniter->handleRequest(null, Object(Config\Cache), false)
 5 FCPATH\index.php(86): CodeIgniter\CodeIgniter->run()
CRITICAL - 2024-02-13 16:36:58 --> Call to undefined method App\Models\InventoryModel::checkForNewRecord
in SYSTEMPATH\Model.php on line 873.
 1 APPPATH\Controllers\DatabasePPEController.php(336): CodeIgniter\Model->__call('checkForNewRecord', [])
 2 SYSTEMPATH\CodeIgniter.php(919): App\Controllers\DatabasePPEController->databaseListener()
 3 SYSTEMPATH\CodeIgniter.php(494): CodeIgniter\CodeIgniter->runController(Object(App\Controllers\DatabasePPEController))
 4 SYSTEMPATH\CodeIgniter.php(353): CodeIgniter\CodeIgniter->handleRequest(null, Object(Config\Cache), false)
 5 FCPATH\index.php(86): CodeIgniter\CodeIgniter->run()
CRITICAL - 2024-02-13 16:37:28 --> Call to undefined method App\Models\InventoryModel::checkForNewRecord
in SYSTEMPATH\Model.php on line 873.
 1 APPPATH\Controllers\DatabasePPEController.php(336): CodeIgniter\Model->__call('checkForNewRecord', [])
 2 SYSTEMPATH\CodeIgniter.php(919): App\Controllers\DatabasePPEController->databaseListener()
 3 SYSTEMPATH\CodeIgniter.php(494): CodeIgniter\CodeIgniter->runController(Object(App\Controllers\DatabasePPEController))
 4 SYSTEMPATH\CodeIgniter.php(353): CodeIgniter\CodeIgniter->handleRequest(null, Object(Config\Cache), false)
 5 FCPATH\index.php(86): CodeIgniter\CodeIgniter->run()
CRITICAL - 2024-02-13 16:37:44 --> Call to undefined method App\Models\InventoryModel::checkForNewRecord
in SYSTEMPATH\Model.php on line 873.
 1 APPPATH\Controllers\DatabasePPEController.php(336): CodeIgniter\Model->__call('checkForNewRecord', [])
 2 SYSTEMPATH\CodeIgniter.php(919): App\Controllers\DatabasePPEController->databaseListener()
 3 SYSTEMPATH\CodeIgniter.php(494): CodeIgniter\CodeIgniter->runController(Object(App\Controllers\DatabasePPEController))
 4 SYSTEMPATH\CodeIgniter.php(353): CodeIgniter\CodeIgniter->handleRequest(null, Object(Config\Cache), false)
 5 FCPATH\index.php(86): CodeIgniter\CodeIgniter->run()
CRITICAL - 2024-02-13 16:52:22 --> Undefined variable $newRecord
in APPPATH\Controllers\DatabasePPEController.php on line 339.
 1 APPPATH\Controllers\DatabasePPEController.php(339): CodeIgniter\Debug\Exceptions->errorHandler(2, 'Undefined variable $newRecord', 'C:\\laragon\\www\\dilg\\backend\\backend\\app\\Controllers\\DatabasePPEController.php', 339)
 2 SYSTEMPATH\CodeIgniter.php(919): App\Controllers\DatabasePPEController->databaseListener()
 3 SYSTEMPATH\CodeIgniter.php(494): CodeIgniter\CodeIgniter->runController(Object(App\Controllers\DatabasePPEController))
 4 SYSTEMPATH\CodeIgniter.php(353): CodeIgniter\CodeIgniter->handleRequest(null, Object(Config\Cache), false)
 5 FCPATH\index.php(86): CodeIgniter\CodeIgniter->run()
CRITICAL - 2024-02-13 16:52:32 --> Call to undefined method App\Models\InventoryModel::checkForNewRecord
in SYSTEMPATH\Model.php on line 873.
 1 APPPATH\Controllers\DatabasePPEController.php(337): CodeIgniter\Model->__call('checkForNewRecord', [])
 2 SYSTEMPATH\CodeIgniter.php(919): App\Controllers\DatabasePPEController->databaseListener()
 3 SYSTEMPATH\CodeIgniter.php(494): CodeIgniter\CodeIgniter->runController(Object(App\Controllers\DatabasePPEController))
 4 SYSTEMPATH\CodeIgniter.php(353): CodeIgniter\CodeIgniter->handleRequest(null, Object(Config\Cache), false)
 5 FCPATH\index.php(86): CodeIgniter\CodeIgniter->run()
CRITICAL - 2024-02-13 16:52:58 --> Undefined variable $model
in APPPATH\Controllers\DatabasePPEController.php on line 337.
 1 APPPATH\Controllers\DatabasePPEController.php(337): CodeIgniter\Debug\Exceptions->errorHandler(2, 'Undefined variable $model', 'C:\\laragon\\www\\dilg\\backend\\backend\\app\\Controllers\\DatabasePPEController.php', 337)
 2 SYSTEMPATH\CodeIgniter.php(919): App\Controllers\DatabasePPEController->databaseListener()
 3 SYSTEMPATH\CodeIgniter.php(494): CodeIgniter\CodeIgniter->runController(Object(App\Controllers\DatabasePPEController))
 4 SYSTEMPATH\CodeIgniter.php(353): CodeIgniter\CodeIgniter->handleRequest(null, Object(Config\Cache), false)
 5 FCPATH\index.php(86): CodeIgniter\CodeIgniter->run()
CRITICAL - 2024-02-13 16:54:05 --> Call to undefined method App\Models\InventoryModel::checkForNewRecord
in SYSTEMPATH\Model.php on line 873.
 1 APPPATH\Controllers\DatabasePPEController.php(336): CodeIgniter\Model->__call('checkForNewRecord', [])
 2 SYSTEMPATH\CodeIgniter.php(919): App\Controllers\DatabasePPEController->databaseListener()
 3 SYSTEMPATH\CodeIgniter.php(494): CodeIgniter\CodeIgniter->runController(Object(App\Controllers\DatabasePPEController))
 4 SYSTEMPATH\CodeIgniter.php(353): CodeIgniter\CodeIgniter->handleRequest(null, Object(Config\Cache), false)
 5 FCPATH\index.php(86): CodeIgniter\CodeIgniter->run()
CRITICAL - 2024-02-13 16:54:10 --> Call to undefined method App\Models\InventoryModel::checkForNewRecord
in SYSTEMPATH\Model.php on line 873.
 1 APPPATH\Controllers\DatabasePPEController.php(336): CodeIgniter\Model->__call('checkForNewRecord', [])
 2 SYSTEMPATH\CodeIgniter.php(919): App\Controllers\DatabasePPEController->databaseListener()
 3 SYSTEMPATH\CodeIgniter.php(494): CodeIgniter\CodeIgniter->runController(Object(App\Controllers\DatabasePPEController))
 4 SYSTEMPATH\CodeIgniter.php(353): CodeIgniter\CodeIgniter->handleRequest(null, Object(Config\Cache), false)
 5 FCPATH\index.php(86): CodeIgniter\CodeIgniter->run()
CRITICAL - 2024-02-13 16:54:30 --> Call to undefined method App\Models\InventoryModel::checkForNewRecord
in SYSTEMPATH\Model.php on line 873.
 1 APPPATH\Controllers\DatabasePPEController.php(336): CodeIgniter\Model->__call('checkForNewRecord', [])
 2 SYSTEMPATH\CodeIgniter.php(919): App\Controllers\DatabasePPEController->databaseListener()
 3 SYSTEMPATH\CodeIgniter.php(494): CodeIgniter\CodeIgniter->runController(Object(App\Controllers\DatabasePPEController))
 4 SYSTEMPATH\CodeIgniter.php(353): CodeIgniter\CodeIgniter->handleRequest(null, Object(Config\Cache), false)
 5 FCPATH\index.php(86): CodeIgniter\CodeIgniter->run()
CRITICAL - 2024-02-13 16:54:38 --> Call to undefined method App\Models\InventoryModel::checkForNewRecord
in SYSTEMPATH\Model.php on line 873.
 1 APPPATH\Controllers\DatabasePPEController.php(336): CodeIgniter\Model->__call('checkForNewRecord', [])
 2 SYSTEMPATH\CodeIgniter.php(919): App\Controllers\DatabasePPEController->databaseListener()
 3 SYSTEMPATH\CodeIgniter.php(494): CodeIgniter\CodeIgniter->runController(Object(App\Controllers\DatabasePPEController))
 4 SYSTEMPATH\CodeIgniter.php(353): CodeIgniter\CodeIgniter->handleRequest(null, Object(Config\Cache), false)
 5 FCPATH\index.php(86): CodeIgniter\CodeIgniter->run()
CRITICAL - 2024-02-13 16:54:39 --> Call to undefined method App\Models\InventoryModel::checkForNewRecord
in SYSTEMPATH\Model.php on line 873.
 1 APPPATH\Controllers\DatabasePPEController.php(336): CodeIgniter\Model->__call('checkForNewRecord', [])
 2 SYSTEMPATH\CodeIgniter.php(919): App\Controllers\DatabasePPEController->databaseListener()
 3 SYSTEMPATH\CodeIgniter.php(494): CodeIgniter\CodeIgniter->runController(Object(App\Controllers\DatabasePPEController))
 4 SYSTEMPATH\CodeIgniter.php(353): CodeIgniter\CodeIgniter->handleRequest(null, Object(Config\Cache), false)
 5 FCPATH\index.php(86): CodeIgniter\CodeIgniter->run()
CRITICAL - 2024-02-13 16:57:21 --> Undefined property: App\Controllers\DatabasePPEController::$load
in APPPATH\Controllers\DatabasePPEController.php on line 340.
 1 APPPATH\Controllers\DatabasePPEController.php(340): CodeIgniter\Debug\Exceptions->errorHandler(2, 'Undefined property: App\\Controllers\\DatabasePPEController::$load', 'C:\\laragon\\www\\dilg\\backend\\backend\\app\\Controllers\\DatabasePPEController.php', 340)
 2 SYSTEMPATH\CodeIgniter.php(919): App\Controllers\DatabasePPEController->databaseListener()
 3 SYSTEMPATH\CodeIgniter.php(494): CodeIgniter\CodeIgniter->runController(Object(App\Controllers\DatabasePPEController))
 4 SYSTEMPATH\CodeIgniter.php(353): CodeIgniter\CodeIgniter->handleRequest(null, Object(Config\Cache), false)
 5 FCPATH\index.php(86): CodeIgniter\CodeIgniter->run()
CRITICAL - 2024-02-13 16:58:06 --> Undefined property: App\Controllers\DatabasePPEController::$call
in APPPATH\Controllers\DatabasePPEController.php on line 340.
 1 APPPATH\Controllers\DatabasePPEController.php(340): CodeIgniter\Debug\Exceptions->errorHandler(2, 'Undefined property: App\\Controllers\\DatabasePPEController::$call', 'C:\\laragon\\www\\dilg\\backend\\backend\\app\\Controllers\\DatabasePPEController.php', 340)
 2 SYSTEMPATH\CodeIgniter.php(919): App\Controllers\DatabasePPEController->databaseListener()
 3 SYSTEMPATH\CodeIgniter.php(494): CodeIgniter\CodeIgniter->runController(Object(App\Controllers\DatabasePPEController))
 4 SYSTEMPATH\CodeIgniter.php(353): CodeIgniter\CodeIgniter->handleRequest(null, Object(Config\Cache), false)
 5 FCPATH\index.php(86): CodeIgniter\CodeIgniter->run()
CRITICAL - 2024-02-13 16:58:07 --> Undefined property: App\Controllers\DatabasePPEController::$call
in APPPATH\Controllers\DatabasePPEController.php on line 340.
 1 APPPATH\Controllers\DatabasePPEController.php(340): CodeIgniter\Debug\Exceptions->errorHandler(2, 'Undefined property: App\\Controllers\\DatabasePPEController::$call', 'C:\\laragon\\www\\dilg\\backend\\backend\\app\\Controllers\\DatabasePPEController.php', 340)
 2 SYSTEMPATH\CodeIgniter.php(919): App\Controllers\DatabasePPEController->databaseListener()
 3 SYSTEMPATH\CodeIgniter.php(494): CodeIgniter\CodeIgniter->runController(Object(App\Controllers\DatabasePPEController))
 4 SYSTEMPATH\CodeIgniter.php(353): CodeIgniter\CodeIgniter->handleRequest(null, Object(Config\Cache), false)
 5 FCPATH\index.php(86): CodeIgniter\CodeIgniter->run()
CRITICAL - 2024-02-13 16:58:08 --> Undefined property: App\Controllers\DatabasePPEController::$call
in APPPATH\Controllers\DatabasePPEController.php on line 340.
 1 APPPATH\Controllers\DatabasePPEController.php(340): CodeIgniter\Debug\Exceptions->errorHandler(2, 'Undefined property: App\\Controllers\\DatabasePPEController::$call', 'C:\\laragon\\www\\dilg\\backend\\backend\\app\\Controllers\\DatabasePPEController.php', 340)
 2 SYSTEMPATH\CodeIgniter.php(919): App\Controllers\DatabasePPEController->databaseListener()
 3 SYSTEMPATH\CodeIgniter.php(494): CodeIgniter\CodeIgniter->runController(Object(App\Controllers\DatabasePPEController))
 4 SYSTEMPATH\CodeIgniter.php(353): CodeIgniter\CodeIgniter->handleRequest(null, Object(Config\Cache), false)
 5 FCPATH\index.php(86): CodeIgniter\CodeIgniter->run()
CRITICAL - 2024-02-13 16:58:14 --> Undefined variable $call
in APPPATH\Controllers\DatabasePPEController.php on line 340.
 1 APPPATH\Controllers\DatabasePPEController.php(340): CodeIgniter\Debug\Exceptions->errorHandler(2, 'Undefined variable $call', 'C:\\laragon\\www\\dilg\\backend\\backend\\app\\Controllers\\DatabasePPEController.php', 340)
 2 SYSTEMPATH\CodeIgniter.php(919): App\Controllers\DatabasePPEController->databaseListener()
 3 SYSTEMPATH\CodeIgniter.php(494): CodeIgniter\CodeIgniter->runController(Object(App\Controllers\DatabasePPEController))
 4 SYSTEMPATH\CodeIgniter.php(353): CodeIgniter\CodeIgniter->handleRequest(null, Object(Config\Cache), false)
 5 FCPATH\index.php(86): CodeIgniter\CodeIgniter->run()
CRITICAL - 2024-02-13 16:58:26 --> Undefined property: App\Controllers\DatabasePPEController::$firebasenotificationservice
in APPPATH\Controllers\DatabasePPEController.php on line 349.
 1 APPPATH\Controllers\DatabasePPEController.php(349): CodeIgniter\Debug\Exceptions->errorHandler(2, 'Undefined property: App\\Controllers\\DatabasePPEController::$firebasenotificationservice', 'C:\\laragon\\www\\dilg\\backend\\backend\\app\\Controllers\\DatabasePPEController.php', 349)
 2 SYSTEMPATH\CodeIgniter.php(919): App\Controllers\DatabasePPEController->databaseListener()
 3 SYSTEMPATH\CodeIgniter.php(494): CodeIgniter\CodeIgniter->runController(Object(App\Controllers\DatabasePPEController))
 4 SYSTEMPATH\CodeIgniter.php(353): CodeIgniter\CodeIgniter->handleRequest(null, Object(Config\Cache), false)
 5 FCPATH\index.php(86): CodeIgniter\CodeIgniter->run()
CRITICAL - 2024-02-13 16:58:35 --> Undefined property: App\Controllers\DatabasePPEController::$load
in APPPATH\Controllers\DatabasePPEController.php on line 340.
 1 APPPATH\Controllers\DatabasePPEController.php(340): CodeIgniter\Debug\Exceptions->errorHandler(2, 'Undefined property: App\\Controllers\\DatabasePPEController::$load', 'C:\\laragon\\www\\dilg\\backend\\backend\\app\\Controllers\\DatabasePPEController.php', 340)
 2 SYSTEMPATH\CodeIgniter.php(919): App\Controllers\DatabasePPEController->databaseListener()
 3 SYSTEMPATH\CodeIgniter.php(494): CodeIgniter\CodeIgniter->runController(Object(App\Controllers\DatabasePPEController))
 4 SYSTEMPATH\CodeIgniter.php(353): CodeIgniter\CodeIgniter->handleRequest(null, Object(Config\Cache), false)
 5 FCPATH\index.php(86): CodeIgniter\CodeIgniter->run()
CRITICAL - 2024-02-13 17:01:03 --> Undefined property: App\Controllers\DatabasePPEController::$load
in APPPATH\Controllers\DatabasePPEController.php on line 341.
 1 APPPATH\Controllers\DatabasePPEController.php(341): CodeIgniter\Debug\Exceptions->errorHandler(2, 'Undefined property: App\\Controllers\\DatabasePPEController::$load', 'C:\\laragon\\www\\dilg\\backend\\backend\\app\\Controllers\\DatabasePPEController.php', 341)
 2 SYSTEMPATH\CodeIgniter.php(919): App\Controllers\DatabasePPEController->databaseListener()
 3 SYSTEMPATH\CodeIgniter.php(494): CodeIgniter\CodeIgniter->runController(Object(App\Controllers\DatabasePPEController))
 4 SYSTEMPATH\CodeIgniter.php(353): CodeIgniter\CodeIgniter->handleRequest(null, Object(Config\Cache), false)
 5 FCPATH\index.php(86): CodeIgniter\CodeIgniter->run()
CRITICAL - 2024-02-13 17:01:05 --> Undefined property: App\Controllers\DatabasePPEController::$load
in APPPATH\Controllers\DatabasePPEController.php on line 341.
 1 APPPATH\Controllers\DatabasePPEController.php(341): CodeIgniter\Debug\Exceptions->errorHandler(2, 'Undefined property: App\\Controllers\\DatabasePPEController::$load', 'C:\\laragon\\www\\dilg\\backend\\backend\\app\\Controllers\\DatabasePPEController.php', 341)
 2 SYSTEMPATH\CodeIgniter.php(919): App\Controllers\DatabasePPEController->databaseListener()
 3 SYSTEMPATH\CodeIgniter.php(494): CodeIgniter\CodeIgniter->runController(Object(App\Controllers\DatabasePPEController))
 4 SYSTEMPATH\CodeIgniter.php(353): CodeIgniter\CodeIgniter->handleRequest(null, Object(Config\Cache), false)
 5 FCPATH\index.php(86): CodeIgniter\CodeIgniter->run()
CRITICAL - 2024-02-13 17:01:33 --> Undefined property: App\Controllers\DatabasePPEController::$load
in APPPATH\Controllers\DatabasePPEController.php on line 341.
 1 APPPATH\Controllers\DatabasePPEController.php(341): CodeIgniter\Debug\Exceptions->errorHandler(2, 'Undefined property: App\\Controllers\\DatabasePPEController::$load', 'C:\\laragon\\www\\dilg\\backend\\backend\\app\\Controllers\\DatabasePPEController.php', 341)
 2 SYSTEMPATH\CodeIgniter.php(919): App\Controllers\DatabasePPEController->databaseListener()
 3 SYSTEMPATH\CodeIgniter.php(494): CodeIgniter\CodeIgniter->runController(Object(App\Controllers\DatabasePPEController))
 4 SYSTEMPATH\CodeIgniter.php(353): CodeIgniter\CodeIgniter->handleRequest(null, Object(Config\Cache), false)
 5 FCPATH\index.php(86): CodeIgniter\CodeIgniter->run()
CRITICAL - 2024-02-13 17:01:35 --> Undefined property: App\Controllers\DatabasePPEController::$load
in APPPATH\Controllers\DatabasePPEController.php on line 341.
 1 APPPATH\Controllers\DatabasePPEController.php(341): CodeIgniter\Debug\Exceptions->errorHandler(2, 'Undefined property: App\\Controllers\\DatabasePPEController::$load', 'C:\\laragon\\www\\dilg\\backend\\backend\\app\\Controllers\\DatabasePPEController.php', 341)
 2 SYSTEMPATH\CodeIgniter.php(919): App\Controllers\DatabasePPEController->databaseListener()
 3 SYSTEMPATH\CodeIgniter.php(494): CodeIgniter\CodeIgniter->runController(Object(App\Controllers\DatabasePPEController))
 4 SYSTEMPATH\CodeIgniter.php(353): CodeIgniter\CodeIgniter->handleRequest(null, Object(Config\Cache), false)
 5 FCPATH\index.php(86): CodeIgniter\CodeIgniter->run()
CRITICAL - 2024-02-13 17:01:52 --> Undefined property: App\Controllers\DatabasePPEController::$firebasenotificationservice
in APPPATH\Controllers\DatabasePPEController.php on line 350.
 1 APPPATH\Controllers\DatabasePPEController.php(350): CodeIgniter\Debug\Exceptions->errorHandler(2, 'Undefined property: App\\Controllers\\DatabasePPEController::$firebasenotificationservice', 'C:\\laragon\\www\\dilg\\backend\\backend\\app\\Controllers\\DatabasePPEController.php', 350)
 2 SYSTEMPATH\CodeIgniter.php(919): App\Controllers\DatabasePPEController->databaseListener()
 3 SYSTEMPATH\CodeIgniter.php(494): CodeIgniter\CodeIgniter->runController(Object(App\Controllers\DatabasePPEController))
 4 SYSTEMPATH\CodeIgniter.php(353): CodeIgniter\CodeIgniter->handleRequest(null, Object(Config\Cache), false)
 5 FCPATH\index.php(86): CodeIgniter\CodeIgniter->run()
CRITICAL - 2024-02-13 17:02:09 --> Undefined property: App\Controllers\DatabasePPEController::$firebasenotificationservice
in APPPATH\Controllers\DatabasePPEController.php on line 350.
 1 APPPATH\Controllers\DatabasePPEController.php(350): CodeIgniter\Debug\Exceptions->errorHandler(2, 'Undefined property: App\\Controllers\\DatabasePPEController::$firebasenotificationservice', 'C:\\laragon\\www\\dilg\\backend\\backend\\app\\Controllers\\DatabasePPEController.php', 350)
 2 SYSTEMPATH\CodeIgniter.php(919): App\Controllers\DatabasePPEController->databaseListener()
 3 SYSTEMPATH\CodeIgniter.php(494): CodeIgniter\CodeIgniter->runController(Object(App\Controllers\DatabasePPEController))
 4 SYSTEMPATH\CodeIgniter.php(353): CodeIgniter\CodeIgniter->handleRequest(null, Object(Config\Cache), false)
 5 FCPATH\index.php(86): CodeIgniter\CodeIgniter->run()
CRITICAL - 2024-02-13 17:02:10 --> Undefined property: App\Controllers\DatabasePPEController::$firebasenotificationservice
in APPPATH\Controllers\DatabasePPEController.php on line 350.
 1 APPPATH\Controllers\DatabasePPEController.php(350): CodeIgniter\Debug\Exceptions->errorHandler(2, 'Undefined property: App\\Controllers\\DatabasePPEController::$firebasenotificationservice', 'C:\\laragon\\www\\dilg\\backend\\backend\\app\\Controllers\\DatabasePPEController.php', 350)
 2 SYSTEMPATH\CodeIgniter.php(919): App\Controllers\DatabasePPEController->databaseListener()
 3 SYSTEMPATH\CodeIgniter.php(494): CodeIgniter\CodeIgniter->runController(Object(App\Controllers\DatabasePPEController))
 4 SYSTEMPATH\CodeIgniter.php(353): CodeIgniter\CodeIgniter->handleRequest(null, Object(Config\Cache), false)
 5 FCPATH\index.php(86): CodeIgniter\CodeIgniter->run()
CRITICAL - 2024-02-13 17:02:11 --> Undefined property: App\Controllers\DatabasePPEController::$firebasenotificationservice
in APPPATH\Controllers\DatabasePPEController.php on line 350.
 1 APPPATH\Controllers\DatabasePPEController.php(350): CodeIgniter\Debug\Exceptions->errorHandler(2, 'Undefined property: App\\Controllers\\DatabasePPEController::$firebasenotificationservice', 'C:\\laragon\\www\\dilg\\backend\\backend\\app\\Controllers\\DatabasePPEController.php', 350)
 2 SYSTEMPATH\CodeIgniter.php(919): App\Controllers\DatabasePPEController->databaseListener()
 3 SYSTEMPATH\CodeIgniter.php(494): CodeIgniter\CodeIgniter->runController(Object(App\Controllers\DatabasePPEController))
 4 SYSTEMPATH\CodeIgniter.php(353): CodeIgniter\CodeIgniter->handleRequest(null, Object(Config\Cache), false)
 5 FCPATH\index.php(86): CodeIgniter\CodeIgniter->run()
CRITICAL - 2024-02-13 17:02:11 --> Undefined property: App\Controllers\DatabasePPEController::$firebasenotificationservice
in APPPATH\Controllers\DatabasePPEController.php on line 350.
 1 APPPATH\Controllers\DatabasePPEController.php(350): CodeIgniter\Debug\Exceptions->errorHandler(2, 'Undefined property: App\\Controllers\\DatabasePPEController::$firebasenotificationservice', 'C:\\laragon\\www\\dilg\\backend\\backend\\app\\Controllers\\DatabasePPEController.php', 350)
 2 SYSTEMPATH\CodeIgniter.php(919): App\Controllers\DatabasePPEController->databaseListener()
 3 SYSTEMPATH\CodeIgniter.php(494): CodeIgniter\CodeIgniter->runController(Object(App\Controllers\DatabasePPEController))
 4 SYSTEMPATH\CodeIgniter.php(353): CodeIgniter\CodeIgniter->handleRequest(null, Object(Config\Cache), false)
 5 FCPATH\index.php(86): CodeIgniter\CodeIgniter->run()
CRITICAL - 2024-02-13 17:02:11 --> Undefined property: App\Controllers\DatabasePPEController::$firebasenotificationservice
in APPPATH\Controllers\DatabasePPEController.php on line 350.
 1 APPPATH\Controllers\DatabasePPEController.php(350): CodeIgniter\Debug\Exceptions->errorHandler(2, 'Undefined property: App\\Controllers\\DatabasePPEController::$firebasenotificationservice', 'C:\\laragon\\www\\dilg\\backend\\backend\\app\\Controllers\\DatabasePPEController.php', 350)
 2 SYSTEMPATH\CodeIgniter.php(919): App\Controllers\DatabasePPEController->databaseListener()
 3 SYSTEMPATH\CodeIgniter.php(494): CodeIgniter\CodeIgniter->runController(Object(App\Controllers\DatabasePPEController))
 4 SYSTEMPATH\CodeIgniter.php(353): CodeIgniter\CodeIgniter->handleRequest(null, Object(Config\Cache), false)
 5 FCPATH\index.php(86): CodeIgniter\CodeIgniter->run()
CRITICAL - 2024-02-13 17:02:12 --> Undefined property: App\Controllers\DatabasePPEController::$firebasenotificationservice
in APPPATH\Controllers\DatabasePPEController.php on line 350.
 1 APPPATH\Controllers\DatabasePPEController.php(350): CodeIgniter\Debug\Exceptions->errorHandler(2, 'Undefined property: App\\Controllers\\DatabasePPEController::$firebasenotificationservice', 'C:\\laragon\\www\\dilg\\backend\\backend\\app\\Controllers\\DatabasePPEController.php', 350)
 2 SYSTEMPATH\CodeIgniter.php(919): App\Controllers\DatabasePPEController->databaseListener()
 3 SYSTEMPATH\CodeIgniter.php(494): CodeIgniter\CodeIgniter->runController(Object(App\Controllers\DatabasePPEController))
 4 SYSTEMPATH\CodeIgniter.php(353): CodeIgniter\CodeIgniter->handleRequest(null, Object(Config\Cache), false)
 5 FCPATH\index.php(86): CodeIgniter\CodeIgniter->run()
CRITICAL - 2024-02-13 17:02:12 --> Undefined property: App\Controllers\DatabasePPEController::$firebasenotificationservice
in APPPATH\Controllers\DatabasePPEController.php on line 350.
 1 APPPATH\Controllers\DatabasePPEController.php(350): CodeIgniter\Debug\Exceptions->errorHandler(2, 'Undefined property: App\\Controllers\\DatabasePPEController::$firebasenotificationservice', 'C:\\laragon\\www\\dilg\\backend\\backend\\app\\Controllers\\DatabasePPEController.php', 350)
 2 SYSTEMPATH\CodeIgniter.php(919): App\Controllers\DatabasePPEController->databaseListener()
 3 SYSTEMPATH\CodeIgniter.php(494): CodeIgniter\CodeIgniter->runController(Object(App\Controllers\DatabasePPEController))
 4 SYSTEMPATH\CodeIgniter.php(353): CodeIgniter\CodeIgniter->handleRequest(null, Object(Config\Cache), false)
 5 FCPATH\index.php(86): CodeIgniter\CodeIgniter->run()
CRITICAL - 2024-02-13 17:02:40 --> Undefined property: App\Controllers\DatabasePPEController::$firebasenotificationservice
in APPPATH\Controllers\DatabasePPEController.php on line 351.
 1 APPPATH\Controllers\DatabasePPEController.php(351): CodeIgniter\Debug\Exceptions->errorHandler(2, 'Undefined property: App\\Controllers\\DatabasePPEController::$firebasenotificationservice', 'C:\\laragon\\www\\dilg\\backend\\backend\\app\\Controllers\\DatabasePPEController.php', 351)
 2 SYSTEMPATH\CodeIgniter.php(919): App\Controllers\DatabasePPEController->databaseListener()
 3 SYSTEMPATH\CodeIgniter.php(494): CodeIgniter\CodeIgniter->runController(Object(App\Controllers\DatabasePPEController))
 4 SYSTEMPATH\CodeIgniter.php(353): CodeIgniter\CodeIgniter->handleRequest(null, Object(Config\Cache), false)
 5 FCPATH\index.php(86): CodeIgniter\CodeIgniter->run()
CRITICAL - 2024-02-13 17:02:41 --> Undefined property: App\Controllers\DatabasePPEController::$firebasenotificationservice
in APPPATH\Controllers\DatabasePPEController.php on line 351.
 1 APPPATH\Controllers\DatabasePPEController.php(351): CodeIgniter\Debug\Exceptions->errorHandler(2, 'Undefined property: App\\Controllers\\DatabasePPEController::$firebasenotificationservice', 'C:\\laragon\\www\\dilg\\backend\\backend\\app\\Controllers\\DatabasePPEController.php', 351)
 2 SYSTEMPATH\CodeIgniter.php(919): App\Controllers\DatabasePPEController->databaseListener()
 3 SYSTEMPATH\CodeIgniter.php(494): CodeIgniter\CodeIgniter->runController(Object(App\Controllers\DatabasePPEController))
 4 SYSTEMPATH\CodeIgniter.php(353): CodeIgniter\CodeIgniter->handleRequest(null, Object(Config\Cache), false)
 5 FCPATH\index.php(86): CodeIgniter\CodeIgniter->run()
CRITICAL - 2024-02-13 17:02:41 --> Undefined property: App\Controllers\DatabasePPEController::$firebasenotificationservice
in APPPATH\Controllers\DatabasePPEController.php on line 351.
 1 APPPATH\Controllers\DatabasePPEController.php(351): CodeIgniter\Debug\Exceptions->errorHandler(2, 'Undefined property: App\\Controllers\\DatabasePPEController::$firebasenotificationservice', 'C:\\laragon\\www\\dilg\\backend\\backend\\app\\Controllers\\DatabasePPEController.php', 351)
 2 SYSTEMPATH\CodeIgniter.php(919): App\Controllers\DatabasePPEController->databaseListener()
 3 SYSTEMPATH\CodeIgniter.php(494): CodeIgniter\CodeIgniter->runController(Object(App\Controllers\DatabasePPEController))
 4 SYSTEMPATH\CodeIgniter.php(353): CodeIgniter\CodeIgniter->handleRequest(null, Object(Config\Cache), false)
 5 FCPATH\index.php(86): CodeIgniter\CodeIgniter->run()
CRITICAL - 2024-02-13 17:02:41 --> Undefined property: App\Controllers\DatabasePPEController::$firebasenotificationservice
in APPPATH\Controllers\DatabasePPEController.php on line 351.
 1 APPPATH\Controllers\DatabasePPEController.php(351): CodeIgniter\Debug\Exceptions->errorHandler(2, 'Undefined property: App\\Controllers\\DatabasePPEController::$firebasenotificationservice', 'C:\\laragon\\www\\dilg\\backend\\backend\\app\\Controllers\\DatabasePPEController.php', 351)
 2 SYSTEMPATH\CodeIgniter.php(919): App\Controllers\DatabasePPEController->databaseListener()
 3 SYSTEMPATH\CodeIgniter.php(494): CodeIgniter\CodeIgniter->runController(Object(App\Controllers\DatabasePPEController))
 4 SYSTEMPATH\CodeIgniter.php(353): CodeIgniter\CodeIgniter->handleRequest(null, Object(Config\Cache), false)
 5 FCPATH\index.php(86): CodeIgniter\CodeIgniter->run()
CRITICAL - 2024-02-13 17:02:41 --> Undefined property: App\Controllers\DatabasePPEController::$firebasenotificationservice
in APPPATH\Controllers\DatabasePPEController.php on line 351.
 1 APPPATH\Controllers\DatabasePPEController.php(351): CodeIgniter\Debug\Exceptions->errorHandler(2, 'Undefined property: App\\Controllers\\DatabasePPEController::$firebasenotificationservice', 'C:\\laragon\\www\\dilg\\backend\\backend\\app\\Controllers\\DatabasePPEController.php', 351)
 2 SYSTEMPATH\CodeIgniter.php(919): App\Controllers\DatabasePPEController->databaseListener()
 3 SYSTEMPATH\CodeIgniter.php(494): CodeIgniter\CodeIgniter->runController(Object(App\Controllers\DatabasePPEController))
 4 SYSTEMPATH\CodeIgniter.php(353): CodeIgniter\CodeIgniter->handleRequest(null, Object(Config\Cache), false)
 5 FCPATH\index.php(86): CodeIgniter\CodeIgniter->run()
CRITICAL - 2024-02-13 17:02:42 --> Undefined property: App\Controllers\DatabasePPEController::$firebasenotificationservice
in APPPATH\Controllers\DatabasePPEController.php on line 351.
 1 APPPATH\Controllers\DatabasePPEController.php(351): CodeIgniter\Debug\Exceptions->errorHandler(2, 'Undefined property: App\\Controllers\\DatabasePPEController::$firebasenotificationservice', 'C:\\laragon\\www\\dilg\\backend\\backend\\app\\Controllers\\DatabasePPEController.php', 351)
 2 SYSTEMPATH\CodeIgniter.php(919): App\Controllers\DatabasePPEController->databaseListener()
 3 SYSTEMPATH\CodeIgniter.php(494): CodeIgniter\CodeIgniter->runController(Object(App\Controllers\DatabasePPEController))
 4 SYSTEMPATH\CodeIgniter.php(353): CodeIgniter\CodeIgniter->handleRequest(null, Object(Config\Cache), false)
 5 FCPATH\index.php(86): CodeIgniter\CodeIgniter->run()
CRITICAL - 2024-02-13 17:02:42 --> Undefined property: App\Controllers\DatabasePPEController::$firebasenotificationservice
in APPPATH\Controllers\DatabasePPEController.php on line 351.
 1 APPPATH\Controllers\DatabasePPEController.php(351): CodeIgniter\Debug\Exceptions->errorHandler(2, 'Undefined property: App\\Controllers\\DatabasePPEController::$firebasenotificationservice', 'C:\\laragon\\www\\dilg\\backend\\backend\\app\\Controllers\\DatabasePPEController.php', 351)
 2 SYSTEMPATH\CodeIgniter.php(919): App\Controllers\DatabasePPEController->databaseListener()
 3 SYSTEMPATH\CodeIgniter.php(494): CodeIgniter\CodeIgniter->runController(Object(App\Controllers\DatabasePPEController))
 4 SYSTEMPATH\CodeIgniter.php(353): CodeIgniter\CodeIgniter->handleRequest(null, Object(Config\Cache), false)
 5 FCPATH\index.php(86): CodeIgniter\CodeIgniter->run()
CRITICAL - 2024-02-13 17:02:42 --> Undefined property: App\Controllers\DatabasePPEController::$firebasenotificationservice
in APPPATH\Controllers\DatabasePPEController.php on line 351.
 1 APPPATH\Controllers\DatabasePPEController.php(351): CodeIgniter\Debug\Exceptions->errorHandler(2, 'Undefined property: App\\Controllers\\DatabasePPEController::$firebasenotificationservice', 'C:\\laragon\\www\\dilg\\backend\\backend\\app\\Controllers\\DatabasePPEController.php', 351)
 2 SYSTEMPATH\CodeIgniter.php(919): App\Controllers\DatabasePPEController->databaseListener()
 3 SYSTEMPATH\CodeIgniter.php(494): CodeIgniter\CodeIgniter->runController(Object(App\Controllers\DatabasePPEController))
 4 SYSTEMPATH\CodeIgniter.php(353): CodeIgniter\CodeIgniter->handleRequest(null, Object(Config\Cache), false)
 5 FCPATH\index.php(86): CodeIgniter\CodeIgniter->run()
CRITICAL - 2024-02-13 17:02:42 --> Undefined property: App\Controllers\DatabasePPEController::$firebasenotificationservice
in APPPATH\Controllers\DatabasePPEController.php on line 351.
 1 APPPATH\Controllers\DatabasePPEController.php(351): CodeIgniter\Debug\Exceptions->errorHandler(2, 'Undefined property: App\\Controllers\\DatabasePPEController::$firebasenotificationservice', 'C:\\laragon\\www\\dilg\\backend\\backend\\app\\Controllers\\DatabasePPEController.php', 351)
 2 SYSTEMPATH\CodeIgniter.php(919): App\Controllers\DatabasePPEController->databaseListener()
 3 SYSTEMPATH\CodeIgniter.php(494): CodeIgniter\CodeIgniter->runController(Object(App\Controllers\DatabasePPEController))
 4 SYSTEMPATH\CodeIgniter.php(353): CodeIgniter\CodeIgniter->handleRequest(null, Object(Config\Cache), false)
 5 FCPATH\index.php(86): CodeIgniter\CodeIgniter->run()
CRITICAL - 2024-02-13 17:02:42 --> Undefined property: App\Controllers\DatabasePPEController::$firebasenotificationservice
in APPPATH\Controllers\DatabasePPEController.php on line 351.
 1 APPPATH\Controllers\DatabasePPEController.php(351): CodeIgniter\Debug\Exceptions->errorHandler(2, 'Undefined property: App\\Controllers\\DatabasePPEController::$firebasenotificationservice', 'C:\\laragon\\www\\dilg\\backend\\backend\\app\\Controllers\\DatabasePPEController.php', 351)
 2 SYSTEMPATH\CodeIgniter.php(919): App\Controllers\DatabasePPEController->databaseListener()
 3 SYSTEMPATH\CodeIgniter.php(494): CodeIgniter\CodeIgniter->runController(Object(App\Controllers\DatabasePPEController))
 4 SYSTEMPATH\CodeIgniter.php(353): CodeIgniter\CodeIgniter->handleRequest(null, Object(Config\Cache), false)
 5 FCPATH\index.php(86): CodeIgniter\CodeIgniter->run()
CRITICAL - 2024-02-13 17:02:57 --> Undefined property: App\Controllers\DatabasePPEController::$firebasenotificationservice
in APPPATH\Controllers\DatabasePPEController.php on line 351.
 1 APPPATH\Controllers\DatabasePPEController.php(351): CodeIgniter\Debug\Exceptions->errorHandler(2, 'Undefined property: App\\Controllers\\DatabasePPEController::$firebasenotificationservice', 'C:\\laragon\\www\\dilg\\backend\\backend\\app\\Controllers\\DatabasePPEController.php', 351)
 2 SYSTEMPATH\CodeIgniter.php(919): App\Controllers\DatabasePPEController->databaseListener()
 3 SYSTEMPATH\CodeIgniter.php(494): CodeIgniter\CodeIgniter->runController(Object(App\Controllers\DatabasePPEController))
 4 SYSTEMPATH\CodeIgniter.php(353): CodeIgniter\CodeIgniter->handleRequest(null, Object(Config\Cache), false)
 5 FCPATH\index.php(86): CodeIgniter\CodeIgniter->run()
CRITICAL - 2024-02-13 17:03:13 --> Undefined property: App\Controllers\DatabasePPEController::$firebasenotificationservice
in APPPATH\Controllers\DatabasePPEController.php on line 351.
 1 APPPATH\Controllers\DatabasePPEController.php(351): CodeIgniter\Debug\Exceptions->errorHandler(2, 'Undefined property: App\\Controllers\\DatabasePPEController::$firebasenotificationservice', 'C:\\laragon\\www\\dilg\\backend\\backend\\app\\Controllers\\DatabasePPEController.php', 351)
 2 SYSTEMPATH\CodeIgniter.php(919): App\Controllers\DatabasePPEController->databaseListener()
 3 SYSTEMPATH\CodeIgniter.php(494): CodeIgniter\CodeIgniter->runController(Object(App\Controllers\DatabasePPEController))
 4 SYSTEMPATH\CodeIgniter.php(353): CodeIgniter\CodeIgniter->handleRequest(null, Object(Config\Cache), false)
 5 FCPATH\index.php(86): CodeIgniter\CodeIgniter->run()
CRITICAL - 2024-02-13 17:03:14 --> Undefined property: App\Controllers\DatabasePPEController::$firebasenotificationservice
in APPPATH\Controllers\DatabasePPEController.php on line 351.
 1 APPPATH\Controllers\DatabasePPEController.php(351): CodeIgniter\Debug\Exceptions->errorHandler(2, 'Undefined property: App\\Controllers\\DatabasePPEController::$firebasenotificationservice', 'C:\\laragon\\www\\dilg\\backend\\backend\\app\\Controllers\\DatabasePPEController.php', 351)
 2 SYSTEMPATH\CodeIgniter.php(919): App\Controllers\DatabasePPEController->databaseListener()
 3 SYSTEMPATH\CodeIgniter.php(494): CodeIgniter\CodeIgniter->runController(Object(App\Controllers\DatabasePPEController))
 4 SYSTEMPATH\CodeIgniter.php(353): CodeIgniter\CodeIgniter->handleRequest(null, Object(Config\Cache), false)
 5 FCPATH\index.php(86): CodeIgniter\CodeIgniter->run()
CRITICAL - 2024-02-13 17:03:14 --> Undefined property: App\Controllers\DatabasePPEController::$firebasenotificationservice
in APPPATH\Controllers\DatabasePPEController.php on line 351.
 1 APPPATH\Controllers\DatabasePPEController.php(351): CodeIgniter\Debug\Exceptions->errorHandler(2, 'Undefined property: App\\Controllers\\DatabasePPEController::$firebasenotificationservice', 'C:\\laragon\\www\\dilg\\backend\\backend\\app\\Controllers\\DatabasePPEController.php', 351)
 2 SYSTEMPATH\CodeIgniter.php(919): App\Controllers\DatabasePPEController->databaseListener()
 3 SYSTEMPATH\CodeIgniter.php(494): CodeIgniter\CodeIgniter->runController(Object(App\Controllers\DatabasePPEController))
 4 SYSTEMPATH\CodeIgniter.php(353): CodeIgniter\CodeIgniter->handleRequest(null, Object(Config\Cache), false)
 5 FCPATH\index.php(86): CodeIgniter\CodeIgniter->run()
CRITICAL - 2024-02-13 17:03:14 --> Undefined property: App\Controllers\DatabasePPEController::$firebasenotificationservice
in APPPATH\Controllers\DatabasePPEController.php on line 351.
 1 APPPATH\Controllers\DatabasePPEController.php(351): CodeIgniter\Debug\Exceptions->errorHandler(2, 'Undefined property: App\\Controllers\\DatabasePPEController::$firebasenotificationservice', 'C:\\laragon\\www\\dilg\\backend\\backend\\app\\Controllers\\DatabasePPEController.php', 351)
 2 SYSTEMPATH\CodeIgniter.php(919): App\Controllers\DatabasePPEController->databaseListener()
 3 SYSTEMPATH\CodeIgniter.php(494): CodeIgniter\CodeIgniter->runController(Object(App\Controllers\DatabasePPEController))
 4 SYSTEMPATH\CodeIgniter.php(353): CodeIgniter\CodeIgniter->handleRequest(null, Object(Config\Cache), false)
 5 FCPATH\index.php(86): CodeIgniter\CodeIgniter->run()
CRITICAL - 2024-02-13 17:03:14 --> Undefined property: App\Controllers\DatabasePPEController::$firebasenotificationservice
in APPPATH\Controllers\DatabasePPEController.php on line 351.
 1 APPPATH\Controllers\DatabasePPEController.php(351): CodeIgniter\Debug\Exceptions->errorHandler(2, 'Undefined property: App\\Controllers\\DatabasePPEController::$firebasenotificationservice', 'C:\\laragon\\www\\dilg\\backend\\backend\\app\\Controllers\\DatabasePPEController.php', 351)
 2 SYSTEMPATH\CodeIgniter.php(919): App\Controllers\DatabasePPEController->databaseListener()
 3 SYSTEMPATH\CodeIgniter.php(494): CodeIgniter\CodeIgniter->runController(Object(App\Controllers\DatabasePPEController))
 4 SYSTEMPATH\CodeIgniter.php(353): CodeIgniter\CodeIgniter->handleRequest(null, Object(Config\Cache), false)
 5 FCPATH\index.php(86): CodeIgniter\CodeIgniter->run()
CRITICAL - 2024-02-13 17:03:24 --> Undefined property: App\Controllers\DatabasePPEController::$firebasenotificationservice
in APPPATH\Controllers\DatabasePPEController.php on line 351.
 1 APPPATH\Controllers\DatabasePPEController.php(351): CodeIgniter\Debug\Exceptions->errorHandler(2, 'Undefined property: App\\Controllers\\DatabasePPEController::$firebasenotificationservice', 'C:\\laragon\\www\\dilg\\backend\\backend\\app\\Controllers\\DatabasePPEController.php', 351)
 2 SYSTEMPATH\CodeIgniter.php(919): App\Controllers\DatabasePPEController->databaseListener()
 3 SYSTEMPATH\CodeIgniter.php(494): CodeIgniter\CodeIgniter->runController(Object(App\Controllers\DatabasePPEController))
 4 SYSTEMPATH\CodeIgniter.php(353): CodeIgniter\CodeIgniter->handleRequest(null, Object(Config\Cache), false)
 5 FCPATH\index.php(86): CodeIgniter\CodeIgniter->run()
CRITICAL - 2024-02-13 17:03:24 --> Undefined property: App\Controllers\DatabasePPEController::$firebasenotificationservice
in APPPATH\Controllers\DatabasePPEController.php on line 351.
 1 APPPATH\Controllers\DatabasePPEController.php(351): CodeIgniter\Debug\Exceptions->errorHandler(2, 'Undefined property: App\\Controllers\\DatabasePPEController::$firebasenotificationservice', 'C:\\laragon\\www\\dilg\\backend\\backend\\app\\Controllers\\DatabasePPEController.php', 351)
 2 SYSTEMPATH\CodeIgniter.php(919): App\Controllers\DatabasePPEController->databaseListener()
 3 SYSTEMPATH\CodeIgniter.php(494): CodeIgniter\CodeIgniter->runController(Object(App\Controllers\DatabasePPEController))
 4 SYSTEMPATH\CodeIgniter.php(353): CodeIgniter\CodeIgniter->handleRequest(null, Object(Config\Cache), false)
 5 FCPATH\index.php(86): CodeIgniter\CodeIgniter->run()
CRITICAL - 2024-02-13 17:03:24 --> Undefined property: App\Controllers\DatabasePPEController::$firebasenotificationservice
in APPPATH\Controllers\DatabasePPEController.php on line 351.
 1 APPPATH\Controllers\DatabasePPEController.php(351): CodeIgniter\Debug\Exceptions->errorHandler(2, 'Undefined property: App\\Controllers\\DatabasePPEController::$firebasenotificationservice', 'C:\\laragon\\www\\dilg\\backend\\backend\\app\\Controllers\\DatabasePPEController.php', 351)
 2 SYSTEMPATH\CodeIgniter.php(919): App\Controllers\DatabasePPEController->databaseListener()
 3 SYSTEMPATH\CodeIgniter.php(494): CodeIgniter\CodeIgniter->runController(Object(App\Controllers\DatabasePPEController))
 4 SYSTEMPATH\CodeIgniter.php(353): CodeIgniter\CodeIgniter->handleRequest(null, Object(Config\Cache), false)
 5 FCPATH\index.php(86): CodeIgniter\CodeIgniter->run()
CRITICAL - 2024-02-13 17:03:25 --> Undefined property: App\Controllers\DatabasePPEController::$firebasenotificationservice
in APPPATH\Controllers\DatabasePPEController.php on line 351.
 1 APPPATH\Controllers\DatabasePPEController.php(351): CodeIgniter\Debug\Exceptions->errorHandler(2, 'Undefined property: App\\Controllers\\DatabasePPEController::$firebasenotificationservice', 'C:\\laragon\\www\\dilg\\backend\\backend\\app\\Controllers\\DatabasePPEController.php', 351)
 2 SYSTEMPATH\CodeIgniter.php(919): App\Controllers\DatabasePPEController->databaseListener()
 3 SYSTEMPATH\CodeIgniter.php(494): CodeIgniter\CodeIgniter->runController(Object(App\Controllers\DatabasePPEController))
 4 SYSTEMPATH\CodeIgniter.php(353): CodeIgniter\CodeIgniter->handleRequest(null, Object(Config\Cache), false)
 5 FCPATH\index.php(86): CodeIgniter\CodeIgniter->run()
CRITICAL - 2024-02-13 17:03:25 --> Undefined property: App\Controllers\DatabasePPEController::$firebasenotificationservice
in APPPATH\Controllers\DatabasePPEController.php on line 351.
 1 APPPATH\Controllers\DatabasePPEController.php(351): CodeIgniter\Debug\Exceptions->errorHandler(2, 'Undefined property: App\\Controllers\\DatabasePPEController::$firebasenotificationservice', 'C:\\laragon\\www\\dilg\\backend\\backend\\app\\Controllers\\DatabasePPEController.php', 351)
 2 SYSTEMPATH\CodeIgniter.php(919): App\Controllers\DatabasePPEController->databaseListener()
 3 SYSTEMPATH\CodeIgniter.php(494): CodeIgniter\CodeIgniter->runController(Object(App\Controllers\DatabasePPEController))
 4 SYSTEMPATH\CodeIgniter.php(353): CodeIgniter\CodeIgniter->handleRequest(null, Object(Config\Cache), false)
 5 FCPATH\index.php(86): CodeIgniter\CodeIgniter->run()
CRITICAL - 2024-02-13 17:03:25 --> Undefined property: App\Controllers\DatabasePPEController::$firebasenotificationservice
in APPPATH\Controllers\DatabasePPEController.php on line 351.
 1 APPPATH\Controllers\DatabasePPEController.php(351): CodeIgniter\Debug\Exceptions->errorHandler(2, 'Undefined property: App\\Controllers\\DatabasePPEController::$firebasenotificationservice', 'C:\\laragon\\www\\dilg\\backend\\backend\\app\\Controllers\\DatabasePPEController.php', 351)
 2 SYSTEMPATH\CodeIgniter.php(919): App\Controllers\DatabasePPEController->databaseListener()
 3 SYSTEMPATH\CodeIgniter.php(494): CodeIgniter\CodeIgniter->runController(Object(App\Controllers\DatabasePPEController))
 4 SYSTEMPATH\CodeIgniter.php(353): CodeIgniter\CodeIgniter->handleRequest(null, Object(Config\Cache), false)
 5 FCPATH\index.php(86): CodeIgniter\CodeIgniter->run()
CRITICAL - 2024-02-13 17:03:25 --> Undefined property: App\Controllers\DatabasePPEController::$firebasenotificationservice
in APPPATH\Controllers\DatabasePPEController.php on line 351.
 1 APPPATH\Controllers\DatabasePPEController.php(351): CodeIgniter\Debug\Exceptions->errorHandler(2, 'Undefined property: App\\Controllers\\DatabasePPEController::$firebasenotificationservice', 'C:\\laragon\\www\\dilg\\backend\\backend\\app\\Controllers\\DatabasePPEController.php', 351)
 2 SYSTEMPATH\CodeIgniter.php(919): App\Controllers\DatabasePPEController->databaseListener()
 3 SYSTEMPATH\CodeIgniter.php(494): CodeIgniter\CodeIgniter->runController(Object(App\Controllers\DatabasePPEController))
 4 SYSTEMPATH\CodeIgniter.php(353): CodeIgniter\CodeIgniter->handleRequest(null, Object(Config\Cache), false)
 5 FCPATH\index.php(86): CodeIgniter\CodeIgniter->run()
CRITICAL - 2024-02-13 17:03:25 --> Undefined property: App\Controllers\DatabasePPEController::$firebasenotificationservice
in APPPATH\Controllers\DatabasePPEController.php on line 351.
 1 APPPATH\Controllers\DatabasePPEController.php(351): CodeIgniter\Debug\Exceptions->errorHandler(2, 'Undefined property: App\\Controllers\\DatabasePPEController::$firebasenotificationservice', 'C:\\laragon\\www\\dilg\\backend\\backend\\app\\Controllers\\DatabasePPEController.php', 351)
 2 SYSTEMPATH\CodeIgniter.php(919): App\Controllers\DatabasePPEController->databaseListener()
 3 SYSTEMPATH\CodeIgniter.php(494): CodeIgniter\CodeIgniter->runController(Object(App\Controllers\DatabasePPEController))
 4 SYSTEMPATH\CodeIgniter.php(353): CodeIgniter\CodeIgniter->handleRequest(null, Object(Config\Cache), false)
 5 FCPATH\index.php(86): CodeIgniter\CodeIgniter->run()
CRITICAL - 2024-02-13 17:04:21 --> Undefined property: App\Controllers\DatabasePPEController::$firebasenotificationservice
in APPPATH\Controllers\DatabasePPEController.php on line 351.
 1 APPPATH\Controllers\DatabasePPEController.php(351): CodeIgniter\Debug\Exceptions->errorHandler(2, 'Undefined property: App\\Controllers\\DatabasePPEController::$firebasenotificationservice', 'C:\\laragon\\www\\dilg\\backend\\backend\\app\\Controllers\\DatabasePPEController.php', 351)
 2 SYSTEMPATH\CodeIgniter.php(919): App\Controllers\DatabasePPEController->databaseListener()
 3 SYSTEMPATH\CodeIgniter.php(494): CodeIgniter\CodeIgniter->runController(Object(App\Controllers\DatabasePPEController))
 4 SYSTEMPATH\CodeIgniter.php(353): CodeIgniter\CodeIgniter->handleRequest(null, Object(Config\Cache), false)
 5 FCPATH\index.php(86): CodeIgniter\CodeIgniter->run()
CRITICAL - 2024-02-13 17:04:22 --> Undefined property: App\Controllers\DatabasePPEController::$firebasenotificationservice
in APPPATH\Controllers\DatabasePPEController.php on line 351.
 1 APPPATH\Controllers\DatabasePPEController.php(351): CodeIgniter\Debug\Exceptions->errorHandler(2, 'Undefined property: App\\Controllers\\DatabasePPEController::$firebasenotificationservice', 'C:\\laragon\\www\\dilg\\backend\\backend\\app\\Controllers\\DatabasePPEController.php', 351)
 2 SYSTEMPATH\CodeIgniter.php(919): App\Controllers\DatabasePPEController->databaseListener()
 3 SYSTEMPATH\CodeIgniter.php(494): CodeIgniter\CodeIgniter->runController(Object(App\Controllers\DatabasePPEController))
 4 SYSTEMPATH\CodeIgniter.php(353): CodeIgniter\CodeIgniter->handleRequest(null, Object(Config\Cache), false)
 5 FCPATH\index.php(86): CodeIgniter\CodeIgniter->run()
CRITICAL - 2024-02-13 17:04:22 --> Undefined property: App\Controllers\DatabasePPEController::$firebasenotificationservice
in APPPATH\Controllers\DatabasePPEController.php on line 351.
 1 APPPATH\Controllers\DatabasePPEController.php(351): CodeIgniter\Debug\Exceptions->errorHandler(2, 'Undefined property: App\\Controllers\\DatabasePPEController::$firebasenotificationservice', 'C:\\laragon\\www\\dilg\\backend\\backend\\app\\Controllers\\DatabasePPEController.php', 351)
 2 SYSTEMPATH\CodeIgniter.php(919): App\Controllers\DatabasePPEController->databaseListener()
 3 SYSTEMPATH\CodeIgniter.php(494): CodeIgniter\CodeIgniter->runController(Object(App\Controllers\DatabasePPEController))
 4 SYSTEMPATH\CodeIgniter.php(353): CodeIgniter\CodeIgniter->handleRequest(null, Object(Config\Cache), false)
 5 FCPATH\index.php(86): CodeIgniter\CodeIgniter->run()
CRITICAL - 2024-02-13 17:04:26 --> Undefined property: App\Controllers\DatabasePPEController::$firebasenotificationservice
in APPPATH\Controllers\DatabasePPEController.php on line 351.
 1 APPPATH\Controllers\DatabasePPEController.php(351): CodeIgniter\Debug\Exceptions->errorHandler(2, 'Undefined property: App\\Controllers\\DatabasePPEController::$firebasenotificationservice', 'C:\\laragon\\www\\dilg\\backend\\backend\\app\\Controllers\\DatabasePPEController.php', 351)
 2 SYSTEMPATH\CodeIgniter.php(919): App\Controllers\DatabasePPEController->databaseListener()
 3 SYSTEMPATH\CodeIgniter.php(494): CodeIgniter\CodeIgniter->runController(Object(App\Controllers\DatabasePPEController))
 4 SYSTEMPATH\CodeIgniter.php(353): CodeIgniter\CodeIgniter->handleRequest(null, Object(Config\Cache), false)
 5 FCPATH\index.php(86): CodeIgniter\CodeIgniter->run()
CRITICAL - 2024-02-13 17:07:17 --> Undefined property: App\Controllers\DatabasePPEController::$load
in APPPATH\Controllers\DatabasePPEController.php on line 342.
 1 APPPATH\Controllers\DatabasePPEController.php(342): CodeIgniter\Debug\Exceptions->errorHandler(2, 'Undefined property: App\\Controllers\\DatabasePPEController::$load', 'C:\\laragon\\www\\dilg\\backend\\backend\\app\\Controllers\\DatabasePPEController.php', 342)
 2 SYSTEMPATH\CodeIgniter.php(919): App\Controllers\DatabasePPEController->databaseListener()
 3 SYSTEMPATH\CodeIgniter.php(494): CodeIgniter\CodeIgniter->runController(Object(App\Controllers\DatabasePPEController))
 4 SYSTEMPATH\CodeIgniter.php(353): CodeIgniter\CodeIgniter->handleRequest(null, Object(Config\Cache), false)
 5 FCPATH\index.php(86): CodeIgniter\CodeIgniter->run()
CRITICAL - 2024-02-13 17:07:29 --> Call to undefined method App\Controllers\DatabasePPEController::library()
in APPPATH\Controllers\DatabasePPEController.php on line 342.
 1 SYSTEMPATH\CodeIgniter.php(919): App\Controllers\DatabasePPEController->databaseListener()
 2 SYSTEMPATH\CodeIgniter.php(494): CodeIgniter\CodeIgniter->runController(Object(App\Controllers\DatabasePPEController))
 3 SYSTEMPATH\CodeIgniter.php(353): CodeIgniter\CodeIgniter->handleRequest(null, Object(Config\Cache), false)
 4 FCPATH\index.php(86): CodeIgniter\CodeIgniter->run()
ERROR - 2024-02-13 17:21:06 --> mysqli_sql_exception: Cannot insert duplicate record. Record with the same particulars already exists. in C:\laragon\www\dilg\backend\backend\system\Database\MySQLi\Connection.php:306
Stack trace:
#0 C:\laragon\www\dilg\backend\backend\system\Database\MySQLi\Connection.php(306): mysqli->query('INSERT INTO `in...', 0)
#1 C:\laragon\www\dilg\backend\backend\system\Database\BaseConnection.php(692): CodeIgniter\Database\MySQLi\Connection->execute('INSERT INTO `in...')
#2 C:\laragon\www\dilg\backend\backend\system\Database\BaseConnection.php(606): CodeIgniter\Database\BaseConnection->simpleQuery('INSERT INTO `in...')
#3 C:\laragon\www\dilg\backend\backend\system\Database\BaseBuilder.php(2308): CodeIgniter\Database\BaseConnection->query('INSERT INTO `in...', Array, false)
#4 C:\laragon\www\dilg\backend\backend\system\Model.php(319): CodeIgniter\Database\BaseBuilder->insert()
#5 C:\laragon\www\dilg\backend\backend\system\BaseModel.php(788): CodeIgniter\Model->doInsert(Array)
#6 C:\laragon\www\dilg\backend\backend\system\Model.php(715): CodeIgniter\BaseModel->insert(Array, false)
#7 C:\laragon\www\dilg\backend\backend\system\BaseModel.php(698): CodeIgniter\Model->insert(Array, false)
#8 C:\laragon\www\dilg\backend\backend\app\Controllers\DatabasePPEController.php(227): CodeIgniter\BaseModel->save(Array)
#9 C:\laragon\www\dilg\backend\backend\system\CodeIgniter.php(919): App\Controllers\DatabasePPEController->saveInventory()
#10 C:\laragon\www\dilg\backend\backend\system\CodeIgniter.php(494): CodeIgniter\CodeIgniter->runController(Object(App\Controllers\DatabasePPEController))
#11 C:\laragon\www\dilg\backend\backend\system\CodeIgniter.php(353): CodeIgniter\CodeIgniter->handleRequest(NULL, Object(Config\Cache), false)
#12 C:\laragon\www\dilg\backend\index.php(86): CodeIgniter\CodeIgniter->run()
#13 {main}
CRITICAL - 2024-02-13 17:21:06 --> Cannot insert duplicate record. Record with the same particulars already exists.
in SYSTEMPATH\Database\BaseConnection.php on line 646.
 1 SYSTEMPATH\Database\BaseBuilder.php(2308): CodeIgniter\Database\BaseConnection->query('INSERT INTO `inventoryppe` (`entityname`, `particulars`, `classification`, `quantity`, `arrival`) VALUES (:entityname:, :particulars:, :classification:, :quantity:, :arrival:)', [...], false)
 2 SYSTEMPATH\Model.php(319): CodeIgniter\Database\BaseBuilder->insert()
 3 SYSTEMPATH\BaseModel.php(788): CodeIgniter\Model->doInsert([...])
 4 SYSTEMPATH\Model.php(715): CodeIgniter\BaseModel->insert([...], false)
 5 SYSTEMPATH\BaseModel.php(698): CodeIgniter\Model->insert([...], false)
 6 APPPATH\Controllers\DatabasePPEController.php(227): CodeIgniter\BaseModel->save([...])
 7 SYSTEMPATH\CodeIgniter.php(919): App\Controllers\DatabasePPEController->saveInventory()
 8 SYSTEMPATH\CodeIgniter.php(494): CodeIgniter\CodeIgniter->runController(Object(App\Controllers\DatabasePPEController))
 9 SYSTEMPATH\CodeIgniter.php(353): CodeIgniter\CodeIgniter->handleRequest(null, Object(Config\Cache), false)
10 FCPATH\index.php(86): CodeIgniter\CodeIgniter->run()
CRITICAL - 2024-02-13 17:21:13 --> Call to undefined function App\Controllers\triggerNotification()
in APPPATH\Controllers\DatabasePPEController.php on line 352.
 1 SYSTEMPATH\CodeIgniter.php(919): App\Controllers\DatabasePPEController->databaseListener()
 2 SYSTEMPATH\CodeIgniter.php(494): CodeIgniter\CodeIgniter->runController(Object(App\Controllers\DatabasePPEController))
 3 SYSTEMPATH\CodeIgniter.php(353): CodeIgniter\CodeIgniter->handleRequest(null, Object(Config\Cache), false)
 4 FCPATH\index.php(86): CodeIgniter\CodeIgniter->run()
CRITICAL - 2024-02-13 17:53:08 --> Cannot call constructor
in APPPATH\Controllers\RequestController.php on line 20.
 1 SYSTEMPATH\CodeIgniter.php(891): App\Controllers\RequestController->__construct()
 2 SYSTEMPATH\CodeIgniter.php(485): CodeIgniter\CodeIgniter->createController()
 3 SYSTEMPATH\CodeIgniter.php(353): CodeIgniter\CodeIgniter->handleRequest(null, Object(Config\Cache), false)
 4 FCPATH\index.php(86): CodeIgniter\CodeIgniter->run()
CRITICAL - 2024-02-13 17:53:08 --> Cannot call constructor
in APPPATH\Controllers\RequestController.php on line 20.
 1 SYSTEMPATH\CodeIgniter.php(891): App\Controllers\RequestController->__construct()
 2 SYSTEMPATH\CodeIgniter.php(485): CodeIgniter\CodeIgniter->createController()
 3 SYSTEMPATH\CodeIgniter.php(353): CodeIgniter\CodeIgniter->handleRequest(null, Object(Config\Cache), false)
 4 FCPATH\index.php(86): CodeIgniter\CodeIgniter->run()
CRITICAL - 2024-02-13 17:53:09 --> Cannot call constructor
in APPPATH\Controllers\RequestController.php on line 20.
 1 SYSTEMPATH\CodeIgniter.php(891): App\Controllers\RequestController->__construct()
 2 SYSTEMPATH\CodeIgniter.php(485): CodeIgniter\CodeIgniter->createController()
 3 SYSTEMPATH\CodeIgniter.php(353): CodeIgniter\CodeIgniter->handleRequest(null, Object(Config\Cache), false)
 4 FCPATH\index.php(86): CodeIgniter\CodeIgniter->run()
CRITICAL - 2024-02-13 17:53:30 --> Cannot call constructor
in APPPATH\Controllers\RequestController.php on line 20.
 1 SYSTEMPATH\CodeIgniter.php(891): App\Controllers\RequestController->__construct()
 2 SYSTEMPATH\CodeIgniter.php(485): CodeIgniter\CodeIgniter->createController()
 3 SYSTEMPATH\CodeIgniter.php(353): CodeIgniter\CodeIgniter->handleRequest(null, Object(Config\Cache), false)
 4 FCPATH\index.php(86): CodeIgniter\CodeIgniter->run()
CRITICAL - 2024-02-13 17:53:30 --> Cannot call constructor
in APPPATH\Controllers\RequestController.php on line 20.
 1 SYSTEMPATH\CodeIgniter.php(891): App\Controllers\RequestController->__construct()
 2 SYSTEMPATH\CodeIgniter.php(485): CodeIgniter\CodeIgniter->createController()
 3 SYSTEMPATH\CodeIgniter.php(353): CodeIgniter\CodeIgniter->handleRequest(null, Object(Config\Cache), false)
 4 FCPATH\index.php(86): CodeIgniter\CodeIgniter->run()
CRITICAL - 2024-02-13 17:53:33 --> Cannot call constructor
in APPPATH\Controllers\RequestController.php on line 20.
 1 SYSTEMPATH\CodeIgniter.php(891): App\Controllers\RequestController->__construct()
 2 SYSTEMPATH\CodeIgniter.php(485): CodeIgniter\CodeIgniter->createController()
 3 SYSTEMPATH\CodeIgniter.php(353): CodeIgniter\CodeIgniter->handleRequest(null, Object(Config\Cache), false)
 4 FCPATH\index.php(86): CodeIgniter\CodeIgniter->run()
CRITICAL - 2024-02-13 17:53:33 --> Cannot call constructor
in APPPATH\Controllers\RequestController.php on line 20.
 1 SYSTEMPATH\CodeIgniter.php(891): App\Controllers\RequestController->__construct()
 2 SYSTEMPATH\CodeIgniter.php(485): CodeIgniter\CodeIgniter->createController()
 3 SYSTEMPATH\CodeIgniter.php(353): CodeIgniter\CodeIgniter->handleRequest(null, Object(Config\Cache), false)
 4 FCPATH\index.php(86): CodeIgniter\CodeIgniter->run()
CRITICAL - 2024-02-13 17:53:37 --> Cannot call constructor
in APPPATH\Controllers\RequestController.php on line 20.
 1 SYSTEMPATH\CodeIgniter.php(891): App\Controllers\RequestController->__construct()
 2 SYSTEMPATH\CodeIgniter.php(485): CodeIgniter\CodeIgniter->createController()
 3 SYSTEMPATH\CodeIgniter.php(353): CodeIgniter\CodeIgniter->handleRequest(null, Object(Config\Cache), false)
 4 FCPATH\index.php(86): CodeIgniter\CodeIgniter->run()
CRITICAL - 2024-02-13 17:53:38 --> Cannot call constructor
in APPPATH\Controllers\RequestController.php on line 20.
 1 SYSTEMPATH\CodeIgniter.php(891): App\Controllers\RequestController->__construct()
 2 SYSTEMPATH\CodeIgniter.php(485): CodeIgniter\CodeIgniter->createController()
 3 SYSTEMPATH\CodeIgniter.php(353): CodeIgniter\CodeIgniter->handleRequest(null, Object(Config\Cache), false)
 4 FCPATH\index.php(86): CodeIgniter\CodeIgniter->run()
CRITICAL - 2024-02-13 17:53:42 --> Cannot call constructor
in APPPATH\Controllers\RequestController.php on line 20.
 1 SYSTEMPATH\CodeIgniter.php(891): App\Controllers\RequestController->__construct()
 2 SYSTEMPATH\CodeIgniter.php(485): CodeIgniter\CodeIgniter->createController()
 3 SYSTEMPATH\CodeIgniter.php(353): CodeIgniter\CodeIgniter->handleRequest(null, Object(Config\Cache), false)
 4 FCPATH\index.php(86): CodeIgniter\CodeIgniter->run()
CRITICAL - 2024-02-13 17:53:42 --> Cannot call constructor
in APPPATH\Controllers\RequestController.php on line 20.
 1 SYSTEMPATH\CodeIgniter.php(891): App\Controllers\RequestController->__construct()
 2 SYSTEMPATH\CodeIgniter.php(485): CodeIgniter\CodeIgniter->createController()
 3 SYSTEMPATH\CodeIgniter.php(353): CodeIgniter\CodeIgniter->handleRequest(null, Object(Config\Cache), false)
 4 FCPATH\index.php(86): CodeIgniter\CodeIgniter->run()
CRITICAL - 2024-02-13 17:53:46 --> Cannot call constructor
in APPPATH\Controllers\RequestController.php on line 20.
 1 SYSTEMPATH\CodeIgniter.php(891): App\Controllers\RequestController->__construct()
 2 SYSTEMPATH\CodeIgniter.php(485): CodeIgniter\CodeIgniter->createController()
 3 SYSTEMPATH\CodeIgniter.php(353): CodeIgniter\CodeIgniter->handleRequest(null, Object(Config\Cache), false)
 4 FCPATH\index.php(86): CodeIgniter\CodeIgniter->run()
CRITICAL - 2024-02-13 17:53:48 --> Cannot call constructor
in APPPATH\Controllers\RequestController.php on line 20.
 1 SYSTEMPATH\CodeIgniter.php(891): App\Controllers\RequestController->__construct()
 2 SYSTEMPATH\CodeIgniter.php(485): CodeIgniter\CodeIgniter->createController()
 3 SYSTEMPATH\CodeIgniter.php(353): CodeIgniter\CodeIgniter->handleRequest(null, Object(Config\Cache), false)
 4 FCPATH\index.php(86): CodeIgniter\CodeIgniter->run()
CRITICAL - 2024-02-13 17:53:48 --> Cannot call constructor
in APPPATH\Controllers\RequestController.php on line 20.
 1 SYSTEMPATH\CodeIgniter.php(891): App\Controllers\RequestController->__construct()
 2 SYSTEMPATH\CodeIgniter.php(485): CodeIgniter\CodeIgniter->createController()
 3 SYSTEMPATH\CodeIgniter.php(353): CodeIgniter\CodeIgniter->handleRequest(null, Object(Config\Cache), false)
 4 FCPATH\index.php(86): CodeIgniter\CodeIgniter->run()
CRITICAL - 2024-02-13 17:54:21 --> Cannot call constructor
in APPPATH\Controllers\RequestController.php on line 20.
 1 SYSTEMPATH\CodeIgniter.php(891): App\Controllers\RequestController->__construct()
 2 SYSTEMPATH\CodeIgniter.php(485): CodeIgniter\CodeIgniter->createController()
 3 SYSTEMPATH\CodeIgniter.php(353): CodeIgniter\CodeIgniter->handleRequest(null, Object(Config\Cache), false)
 4 FCPATH\index.php(86): CodeIgniter\CodeIgniter->run()
CRITICAL - 2024-02-13 17:54:21 --> Cannot call constructor
in APPPATH\Controllers\RequestController.php on line 20.
 1 SYSTEMPATH\CodeIgniter.php(891): App\Controllers\RequestController->__construct()
 2 SYSTEMPATH\CodeIgniter.php(485): CodeIgniter\CodeIgniter->createController()
 3 SYSTEMPATH\CodeIgniter.php(353): CodeIgniter\CodeIgniter->handleRequest(null, Object(Config\Cache), false)
 4 FCPATH\index.php(86): CodeIgniter\CodeIgniter->run()
CRITICAL - 2024-02-13 17:54:53 --> Cannot call constructor
in APPPATH\Controllers\RequestController.php on line 20.
 1 SYSTEMPATH\CodeIgniter.php(891): App\Controllers\RequestController->__construct()
 2 SYSTEMPATH\CodeIgniter.php(485): CodeIgniter\CodeIgniter->createController()
 3 SYSTEMPATH\CodeIgniter.php(353): CodeIgniter\CodeIgniter->handleRequest(null, Object(Config\Cache), false)
 4 FCPATH\index.php(86): CodeIgniter\CodeIgniter->run()
CRITICAL - 2024-02-13 17:54:53 --> Cannot call constructor
in APPPATH\Controllers\RequestController.php on line 20.
 1 SYSTEMPATH\CodeIgniter.php(891): App\Controllers\RequestController->__construct()
 2 SYSTEMPATH\CodeIgniter.php(485): CodeIgniter\CodeIgniter->createController()
 3 SYSTEMPATH\CodeIgniter.php(353): CodeIgniter\CodeIgniter->handleRequest(null, Object(Config\Cache), false)
 4 FCPATH\index.php(86): CodeIgniter\CodeIgniter->run()
CRITICAL - 2024-02-13 17:54:53 --> Cannot call constructor
in APPPATH\Controllers\RequestController.php on line 20.
 1 SYSTEMPATH\CodeIgniter.php(891): App\Controllers\RequestController->__construct()
 2 SYSTEMPATH\CodeIgniter.php(485): CodeIgniter\CodeIgniter->createController()
 3 SYSTEMPATH\CodeIgniter.php(353): CodeIgniter\CodeIgniter->handleRequest(null, Object(Config\Cache), false)
 4 FCPATH\index.php(86): CodeIgniter\CodeIgniter->run()
CRITICAL - 2024-02-13 17:54:53 --> Cannot call constructor
in APPPATH\Controllers\RequestController.php on line 20.
 1 SYSTEMPATH\CodeIgniter.php(891): App\Controllers\RequestController->__construct()
 2 SYSTEMPATH\CodeIgniter.php(485): CodeIgniter\CodeIgniter->createController()
 3 SYSTEMPATH\CodeIgniter.php(353): CodeIgniter\CodeIgniter->handleRequest(null, Object(Config\Cache), false)
 4 FCPATH\index.php(86): CodeIgniter\CodeIgniter->run()
CRITICAL - 2024-02-13 17:55:18 --> Cannot call constructor
in APPPATH\Controllers\DatabasePPEController.php on line 29.
 1 SYSTEMPATH\CodeIgniter.php(891): App\Controllers\DatabasePPEController->__construct()
 2 SYSTEMPATH\CodeIgniter.php(485): CodeIgniter\CodeIgniter->createController()
 3 SYSTEMPATH\CodeIgniter.php(353): CodeIgniter\CodeIgniter->handleRequest(null, Object(Config\Cache), false)
 4 FCPATH\index.php(86): CodeIgniter\CodeIgniter->run()
CRITICAL - 2024-02-13 17:55:18 --> Cannot call constructor
in APPPATH\Controllers\DatabasePPEController.php on line 29.
 1 SYSTEMPATH\CodeIgniter.php(891): App\Controllers\DatabasePPEController->__construct()
 2 SYSTEMPATH\CodeIgniter.php(485): CodeIgniter\CodeIgniter->createController()
 3 SYSTEMPATH\CodeIgniter.php(353): CodeIgniter\CodeIgniter->handleRequest(null, Object(Config\Cache), false)
 4 FCPATH\index.php(86): CodeIgniter\CodeIgniter->run()
CRITICAL - 2024-02-13 17:55:18 --> Cannot call constructor
in APPPATH\Controllers\DatabasePPEController.php on line 29.
 1 SYSTEMPATH\CodeIgniter.php(891): App\Controllers\DatabasePPEController->__construct()
 2 SYSTEMPATH\CodeIgniter.php(485): CodeIgniter\CodeIgniter->createController()
 3 SYSTEMPATH\CodeIgniter.php(353): CodeIgniter\CodeIgniter->handleRequest(null, Object(Config\Cache), false)
 4 FCPATH\index.php(86): CodeIgniter\CodeIgniter->run()
CRITICAL - 2024-02-13 17:55:20 --> Cannot call constructor
in APPPATH\Controllers\DatabasePPEController.php on line 29.
 1 SYSTEMPATH\CodeIgniter.php(891): App\Controllers\DatabasePPEController->__construct()
 2 SYSTEMPATH\CodeIgniter.php(485): CodeIgniter\CodeIgniter->createController()
 3 SYSTEMPATH\CodeIgniter.php(353): CodeIgniter\CodeIgniter->handleRequest(null, Object(Config\Cache), false)
 4 FCPATH\index.php(86): CodeIgniter\CodeIgniter->run()
CRITICAL - 2024-02-13 17:55:23 --> Cannot call constructor
in APPPATH\Controllers\DatabasePPEController.php on line 29.
 1 SYSTEMPATH\CodeIgniter.php(891): App\Controllers\DatabasePPEController->__construct()
 2 SYSTEMPATH\CodeIgniter.php(485): CodeIgniter\CodeIgniter->createController()
 3 SYSTEMPATH\CodeIgniter.php(353): CodeIgniter\CodeIgniter->handleRequest(null, Object(Config\Cache), false)
 4 FCPATH\index.php(86): CodeIgniter\CodeIgniter->run()
CRITICAL - 2024-02-13 17:55:24 --> Cannot call constructor
in APPPATH\Controllers\DatabasePPEController.php on line 29.
 1 SYSTEMPATH\CodeIgniter.php(891): App\Controllers\DatabasePPEController->__construct()
 2 SYSTEMPATH\CodeIgniter.php(485): CodeIgniter\CodeIgniter->createController()
 3 SYSTEMPATH\CodeIgniter.php(353): CodeIgniter\CodeIgniter->handleRequest(null, Object(Config\Cache), false)
 4 FCPATH\index.php(86): CodeIgniter\CodeIgniter->run()
CRITICAL - 2024-02-13 17:55:25 --> Cannot call constructor
in APPPATH\Controllers\DatabasePPEController.php on line 29.
 1 SYSTEMPATH\CodeIgniter.php(891): App\Controllers\DatabasePPEController->__construct()
 2 SYSTEMPATH\CodeIgniter.php(485): CodeIgniter\CodeIgniter->createController()
 3 SYSTEMPATH\CodeIgniter.php(353): CodeIgniter\CodeIgniter->handleRequest(null, Object(Config\Cache), false)
 4 FCPATH\index.php(86): CodeIgniter\CodeIgniter->run()
CRITICAL - 2024-02-13 17:55:28 --> Cannot call constructor
in APPPATH\Controllers\DatabasePPEController.php on line 29.
 1 SYSTEMPATH\CodeIgniter.php(891): App\Controllers\DatabasePPEController->__construct()
 2 SYSTEMPATH\CodeIgniter.php(485): CodeIgniter\CodeIgniter->createController()
 3 SYSTEMPATH\CodeIgniter.php(353): CodeIgniter\CodeIgniter->handleRequest(null, Object(Config\Cache), false)
 4 FCPATH\index.php(86): CodeIgniter\CodeIgniter->run()
CRITICAL - 2024-02-13 17:55:30 --> Cannot call constructor
in APPPATH\Controllers\DatabasePPEController.php on line 29.
 1 SYSTEMPATH\CodeIgniter.php(891): App\Controllers\DatabasePPEController->__construct()
 2 SYSTEMPATH\CodeIgniter.php(485): CodeIgniter\CodeIgniter->createController()
 3 SYSTEMPATH\CodeIgniter.php(353): CodeIgniter\CodeIgniter->handleRequest(null, Object(Config\Cache), false)
 4 FCPATH\index.php(86): CodeIgniter\CodeIgniter->run()
CRITICAL - 2024-02-13 17:55:32 --> Cannot call constructor
in APPPATH\Controllers\DatabasePPEController.php on line 29.
 1 SYSTEMPATH\CodeIgniter.php(891): App\Controllers\DatabasePPEController->__construct()
 2 SYSTEMPATH\CodeIgniter.php(485): CodeIgniter\CodeIgniter->createController()
 3 SYSTEMPATH\CodeIgniter.php(353): CodeIgniter\CodeIgniter->handleRequest(null, Object(Config\Cache), false)
 4 FCPATH\index.php(86): CodeIgniter\CodeIgniter->run()
CRITICAL - 2024-02-13 17:55:32 --> Cannot call constructor
in APPPATH\Controllers\DatabasePPEController.php on line 29.
 1 SYSTEMPATH\CodeIgniter.php(891): App\Controllers\DatabasePPEController->__construct()
 2 SYSTEMPATH\CodeIgniter.php(485): CodeIgniter\CodeIgniter->createController()
 3 SYSTEMPATH\CodeIgniter.php(353): CodeIgniter\CodeIgniter->handleRequest(null, Object(Config\Cache), false)
 4 FCPATH\index.php(86): CodeIgniter\CodeIgniter->run()
CRITICAL - 2024-02-13 17:55:32 --> Cannot call constructor
in APPPATH\Controllers\DatabasePPEController.php on line 29.
 1 SYSTEMPATH\CodeIgniter.php(891): App\Controllers\DatabasePPEController->__construct()
 2 SYSTEMPATH\CodeIgniter.php(485): CodeIgniter\CodeIgniter->createController()
 3 SYSTEMPATH\CodeIgniter.php(353): CodeIgniter\CodeIgniter->handleRequest(null, Object(Config\Cache), false)
 4 FCPATH\index.php(86): CodeIgniter\CodeIgniter->run()
CRITICAL - 2024-02-13 17:55:33 --> Cannot call constructor
in APPPATH\Controllers\DatabasePPEController.php on line 29.
 1 SYSTEMPATH\CodeIgniter.php(891): App\Controllers\DatabasePPEController->__construct()
 2 SYSTEMPATH\CodeIgniter.php(485): CodeIgniter\CodeIgniter->createController()
 3 SYSTEMPATH\CodeIgniter.php(353): CodeIgniter\CodeIgniter->handleRequest(null, Object(Config\Cache), false)
 4 FCPATH\index.php(86): CodeIgniter\CodeIgniter->run()
CRITICAL - 2024-02-13 17:56:07 --> Cannot call constructor
in APPPATH\Controllers\DatabasePPEController.php on line 29.
 1 SYSTEMPATH\CodeIgniter.php(891): App\Controllers\DatabasePPEController->__construct()
 2 SYSTEMPATH\CodeIgniter.php(485): CodeIgniter\CodeIgniter->createController()
 3 SYSTEMPATH\CodeIgniter.php(353): CodeIgniter\CodeIgniter->handleRequest(null, Object(Config\Cache), false)
 4 FCPATH\index.php(86): CodeIgniter\CodeIgniter->run()
CRITICAL - 2024-02-13 17:56:11 --> Cannot call constructor
in APPPATH\Controllers\DatabasePPEController.php on line 29.
 1 SYSTEMPATH\CodeIgniter.php(891): App\Controllers\DatabasePPEController->__construct()
 2 SYSTEMPATH\CodeIgniter.php(485): CodeIgniter\CodeIgniter->createController()
 3 SYSTEMPATH\CodeIgniter.php(353): CodeIgniter\CodeIgniter->handleRequest(null, Object(Config\Cache), false)
 4 FCPATH\index.php(86): CodeIgniter\CodeIgniter->run()
CRITICAL - 2024-02-13 17:56:25 --> Cannot call constructor
in APPPATH\Controllers\DatabasePPEController.php on line 29.
 1 SYSTEMPATH\CodeIgniter.php(891): App\Controllers\DatabasePPEController->__construct()
 2 SYSTEMPATH\CodeIgniter.php(485): CodeIgniter\CodeIgniter->createController()
 3 SYSTEMPATH\CodeIgniter.php(353): CodeIgniter\CodeIgniter->handleRequest(null, Object(Config\Cache), false)
 4 FCPATH\index.php(86): CodeIgniter\CodeIgniter->run()
CRITICAL - 2024-02-13 17:56:39 --> Cannot call constructor
in APPPATH\Controllers\DatabasePPEController.php on line 29.
 1 SYSTEMPATH\CodeIgniter.php(891): App\Controllers\DatabasePPEController->__construct()
 2 SYSTEMPATH\CodeIgniter.php(485): CodeIgniter\CodeIgniter->createController()
 3 SYSTEMPATH\CodeIgniter.php(353): CodeIgniter\CodeIgniter->handleRequest(null, Object(Config\Cache), false)
 4 FCPATH\index.php(86): CodeIgniter\CodeIgniter->run()
CRITICAL - 2024-02-13 17:56:39 --> Cannot call constructor
in APPPATH\Controllers\DatabasePPEController.php on line 29.
 1 SYSTEMPATH\CodeIgniter.php(891): App\Controllers\DatabasePPEController->__construct()
 2 SYSTEMPATH\CodeIgniter.php(485): CodeIgniter\CodeIgniter->createController()
 3 SYSTEMPATH\CodeIgniter.php(353): CodeIgniter\CodeIgniter->handleRequest(null, Object(Config\Cache), false)
 4 FCPATH\index.php(86): CodeIgniter\CodeIgniter->run()
CRITICAL - 2024-02-13 17:56:39 --> Cannot call constructor
in APPPATH\Controllers\DatabasePPEController.php on line 29.
 1 SYSTEMPATH\CodeIgniter.php(891): App\Controllers\DatabasePPEController->__construct()
 2 SYSTEMPATH\CodeIgniter.php(485): CodeIgniter\CodeIgniter->createController()
 3 SYSTEMPATH\CodeIgniter.php(353): CodeIgniter\CodeIgniter->handleRequest(null, Object(Config\Cache), false)
 4 FCPATH\index.php(86): CodeIgniter\CodeIgniter->run()
CRITICAL - 2024-02-13 17:56:41 --> Cannot call constructor
in APPPATH\Controllers\DatabasePPEController.php on line 29.
 1 SYSTEMPATH\CodeIgniter.php(891): App\Controllers\DatabasePPEController->__construct()
 2 SYSTEMPATH\CodeIgniter.php(485): CodeIgniter\CodeIgniter->createController()
 3 SYSTEMPATH\CodeIgniter.php(353): CodeIgniter\CodeIgniter->handleRequest(null, Object(Config\Cache), false)
 4 FCPATH\index.php(86): CodeIgniter\CodeIgniter->run()
CRITICAL - 2024-02-13 17:57:13 --> Cannot call constructor
in APPPATH\Controllers\DatabasePPEController.php on line 29.
 1 SYSTEMPATH\CodeIgniter.php(891): App\Controllers\DatabasePPEController->__construct()
 2 SYSTEMPATH\CodeIgniter.php(485): CodeIgniter\CodeIgniter->createController()
 3 SYSTEMPATH\CodeIgniter.php(353): CodeIgniter\CodeIgniter->handleRequest(null, Object(Config\Cache), false)
 4 FCPATH\index.php(86): CodeIgniter\CodeIgniter->run()
CRITICAL - 2024-02-13 17:57:15 --> Cannot call constructor
in APPPATH\Controllers\DatabasePPEController.php on line 29.
 1 SYSTEMPATH\CodeIgniter.php(891): App\Controllers\DatabasePPEController->__construct()
 2 SYSTEMPATH\CodeIgniter.php(485): CodeIgniter\CodeIgniter->createController()
 3 SYSTEMPATH\CodeIgniter.php(353): CodeIgniter\CodeIgniter->handleRequest(null, Object(Config\Cache), false)
 4 FCPATH\index.php(86): CodeIgniter\CodeIgniter->run()
CRITICAL - 2024-02-13 17:57:17 --> Cannot call constructor
in APPPATH\Controllers\DatabasePPEController.php on line 29.
 1 SYSTEMPATH\CodeIgniter.php(891): App\Controllers\DatabasePPEController->__construct()
 2 SYSTEMPATH\CodeIgniter.php(485): CodeIgniter\CodeIgniter->createController()
 3 SYSTEMPATH\CodeIgniter.php(353): CodeIgniter\CodeIgniter->handleRequest(null, Object(Config\Cache), false)
 4 FCPATH\index.php(86): CodeIgniter\CodeIgniter->run()
