CRITICAL - 2024-11-01 13:52:56 --> CodeIgniter\Database\BaseBuilder::like(): Argument #2 ($match) must be of type string, null given, called in C:\laragon\www\dilg\backend\backend\system\Model.php on line 871
in SYSTEMPATH\Database\BaseBuilder.php on line 983.
 1 SYSTEMPATH\Model.php(871): CodeIgniter\Database\BaseBuilder->like('article', null)
 2 APPPATH\Controllers\OrderController.php(162): CodeIgniter\Model->__call('like', [...])
 3 SYSTEMPATH\CodeIgniter.php(919): App\Controllers\OrderController->getArticles()
 4 SYSTEMPATH\CodeIgniter.php(494): CodeIgniter\CodeIgniter->runController(Object(App\Controllers\OrderController))
 5 SYSTEMPATH\CodeIgniter.php(353): CodeIgniter\CodeIgniter->handleRequest(null, Object(Config\Cache), false)
 6 FCPATH\index.php(86): CodeIgniter\CodeIgniter->run()
CRITICAL - 2024-11-01 14:47:27 --> CodeIgniter\Database\BaseBuilder::like(): Argument #2 ($match) must be of type string, null given, called in C:\laragon\www\dilg\backend\backend\system\Model.php on line 871
in SYSTEMPATH\Database\BaseBuilder.php on line 983.
 1 SYSTEMPATH\Model.php(871): CodeIgniter\Database\BaseBuilder->like('article', null)
 2 APPPATH\Controllers\OrderController.php(162): CodeIgniter\Model->__call('like', [...])
 3 SYSTEMPATH\CodeIgniter.php(919): App\Controllers\OrderController->getArticles()
 4 SYSTEMPATH\CodeIgniter.php(494): CodeIgniter\CodeIgniter->runController(Object(App\Controllers\OrderController))
 5 SYSTEMPATH\CodeIgniter.php(353): CodeIgniter\CodeIgniter->handleRequest(null, Object(Config\Cache), false)
 6 FCPATH\index.php(86): CodeIgniter\CodeIgniter->run()
CRITICAL - 2024-11-01 17:00:34 --> Undefined variable $data
in APPPATH\Controllers\OrderController.php on line 112.
 1 APPPATH\Controllers\OrderController.php(112): CodeIgniter\Debug\Exceptions->errorHandler(2, 'Undefined variable $data', 'C:\\laragon\\www\\dilg\\backend\\backend\\app\\Controllers\\OrderController.php', 112)
 2 SYSTEMPATH\CodeIgniter.php(919): App\Controllers\OrderController->updateReceipt('46')
 3 SYSTEMPATH\CodeIgniter.php(494): CodeIgniter\CodeIgniter->runController(Object(App\Controllers\OrderController))
 4 SYSTEMPATH\CodeIgniter.php(353): CodeIgniter\CodeIgniter->handleRequest(null, Object(Config\Cache), false)
 5 FCPATH\index.php(86): CodeIgniter\CodeIgniter->run()
CRITICAL - 2024-11-01 17:00:38 --> Undefined variable $data
in APPPATH\Controllers\OrderController.php on line 112.
 1 APPPATH\Controllers\OrderController.php(112): CodeIgniter\Debug\Exceptions->errorHandler(2, 'Undefined variable $data', 'C:\\laragon\\www\\dilg\\backend\\backend\\app\\Controllers\\OrderController.php', 112)
 2 SYSTEMPATH\CodeIgniter.php(919): App\Controllers\OrderController->updateReceipt('46')
 3 SYSTEMPATH\CodeIgniter.php(494): CodeIgniter\CodeIgniter->runController(Object(App\Controllers\OrderController))
 4 SYSTEMPATH\CodeIgniter.php(353): CodeIgniter\CodeIgniter->handleRequest(null, Object(Config\Cache), false)
 5 FCPATH\index.php(86): CodeIgniter\CodeIgniter->run()
CRITICAL - 2024-11-01 17:00:43 --> Undefined variable $data
in APPPATH\Controllers\OrderController.php on line 112.
 1 APPPATH\Controllers\OrderController.php(112): CodeIgniter\Debug\Exceptions->errorHandler(2, 'Undefined variable $data', 'C:\\laragon\\www\\dilg\\backend\\backend\\app\\Controllers\\OrderController.php', 112)
 2 SYSTEMPATH\CodeIgniter.php(919): App\Controllers\OrderController->updateReceipt('46')
 3 SYSTEMPATH\CodeIgniter.php(494): CodeIgniter\CodeIgniter->runController(Object(App\Controllers\OrderController))
 4 SYSTEMPATH\CodeIgniter.php(353): CodeIgniter\CodeIgniter->handleRequest(null, Object(Config\Cache), false)
 5 FCPATH\index.php(86): CodeIgniter\CodeIgniter->run()
