CRITICAL - 2023-12-11 05:11:20 --> Call to undefined method App\Controllers\RequestController::respond()
in APPPATH\Controllers\RequestController.php on line 21.
 1 SYSTEMPATH\CodeIgniter.php(919): App\Controllers\RequestController->getReq()
 2 SYSTEMPATH\CodeIgniter.php(494): CodeIgniter\CodeIgniter->runController(Object(App\Controllers\RequestController))
 3 SYSTEMPATH\CodeIgniter.php(353): CodeIgniter\CodeIgniter->handleRequest(null, Object(Config\Cache), false)
 4 FCPATH\index.php(86): CodeIgniter\CodeIgniter->run()
CRITICAL - 2023-12-11 05:11:28 --> Call to undefined method App\Controllers\RequestController::respond()
in APPPATH\Controllers\RequestController.php on line 21.
 1 SYSTEMPATH\CodeIgniter.php(919): App\Controllers\RequestController->getReq()
 2 SYSTEMPATH\CodeIgniter.php(494): CodeIgniter\CodeIgniter->runController(Object(App\Controllers\RequestController))
 3 SYSTEMPATH\CodeIgniter.php(353): CodeIgniter\CodeIgniter->handleRequest(null, Object(Config\Cache), false)
 4 FCPATH\index.php(86): CodeIgniter\CodeIgniter->run()
CRITICAL - 2023-12-11 05:18:05 --> Call to undefined method App\Controllers\RequestController::respond()
in APPPATH\Controllers\RequestController.php on line 21.
 1 SYSTEMPATH\CodeIgniter.php(919): App\Controllers\RequestController->getReq()
 2 SYSTEMPATH\CodeIgniter.php(494): CodeIgniter\CodeIgniter->runController(Object(App\Controllers\RequestController))
 3 SYSTEMPATH\CodeIgniter.php(353): CodeIgniter\CodeIgniter->handleRequest(null, Object(Config\Cache), false)
 4 FCPATH\index.php(86): CodeIgniter\CodeIgniter->run()
CRITICAL - 2023-12-11 05:18:32 --> Call to undefined method App\Controllers\RequestController::respond()
in APPPATH\Controllers\RequestController.php on line 21.
 1 SYSTEMPATH\CodeIgniter.php(919): App\Controllers\RequestController->getReq()
 2 SYSTEMPATH\CodeIgniter.php(494): CodeIgniter\CodeIgniter->runController(Object(App\Controllers\RequestController))
 3 SYSTEMPATH\CodeIgniter.php(353): CodeIgniter\CodeIgniter->handleRequest(null, Object(Config\Cache), false)
 4 FCPATH\index.php(86): CodeIgniter\CodeIgniter->run()
CRITICAL - 2023-12-11 05:19:12 --> Call to undefined method App\Controllers\RequestController::respond()
in APPPATH\Controllers\RequestController.php on line 21.
 1 SYSTEMPATH\CodeIgniter.php(919): App\Controllers\RequestController->getReq()
 2 SYSTEMPATH\CodeIgniter.php(494): CodeIgniter\CodeIgniter->runController(Object(App\Controllers\RequestController))
 3 SYSTEMPATH\CodeIgniter.php(353): CodeIgniter\CodeIgniter->handleRequest(null, Object(Config\Cache), false)
 4 FCPATH\index.php(86): CodeIgniter\CodeIgniter->run()
CRITICAL - 2023-12-11 05:22:14 --> Call to undefined method App\Controllers\RequestController::respond()
in APPPATH\Controllers\RequestController.php on line 21.
 1 SYSTEMPATH\CodeIgniter.php(919): App\Controllers\RequestController->getReq()
 2 SYSTEMPATH\CodeIgniter.php(494): CodeIgniter\CodeIgniter->runController(Object(App\Controllers\RequestController))
 3 SYSTEMPATH\CodeIgniter.php(353): CodeIgniter\CodeIgniter->handleRequest(null, Object(Config\Cache), false)
 4 FCPATH\index.php(86): CodeIgniter\CodeIgniter->run()
CRITICAL - 2023-12-11 05:23:00 --> Call to undefined method App\Controllers\RequestController::respond()
in APPPATH\Controllers\RequestController.php on line 21.
 1 SYSTEMPATH\CodeIgniter.php(919): App\Controllers\RequestController->getReq()
 2 SYSTEMPATH\CodeIgniter.php(494): CodeIgniter\CodeIgniter->runController(Object(App\Controllers\RequestController))
 3 SYSTEMPATH\CodeIgniter.php(353): CodeIgniter\CodeIgniter->handleRequest(null, Object(Config\Cache), false)
 4 FCPATH\index.php(86): CodeIgniter\CodeIgniter->run()
CRITICAL - 2023-12-11 05:23:01 --> Call to undefined method App\Controllers\RequestController::respond()
in APPPATH\Controllers\RequestController.php on line 21.
 1 SYSTEMPATH\CodeIgniter.php(919): App\Controllers\RequestController->getReq()
 2 SYSTEMPATH\CodeIgniter.php(494): CodeIgniter\CodeIgniter->runController(Object(App\Controllers\RequestController))
 3 SYSTEMPATH\CodeIgniter.php(353): CodeIgniter\CodeIgniter->handleRequest(null, Object(Config\Cache), false)
 4 FCPATH\index.php(86): CodeIgniter\CodeIgniter->run()
CRITICAL - 2023-12-11 05:23:01 --> Call to undefined method App\Controllers\RequestController::respond()
in APPPATH\Controllers\RequestController.php on line 21.
 1 SYSTEMPATH\CodeIgniter.php(919): App\Controllers\RequestController->getReq()
 2 SYSTEMPATH\CodeIgniter.php(494): CodeIgniter\CodeIgniter->runController(Object(App\Controllers\RequestController))
 3 SYSTEMPATH\CodeIgniter.php(353): CodeIgniter\CodeIgniter->handleRequest(null, Object(Config\Cache), false)
 4 FCPATH\index.php(86): CodeIgniter\CodeIgniter->run()
CRITICAL - 2023-12-11 05:23:23 --> Call to undefined method App\Controllers\RequestController::respond()
in APPPATH\Controllers\RequestController.php on line 21.
 1 SYSTEMPATH\CodeIgniter.php(919): App\Controllers\RequestController->getReq()
 2 SYSTEMPATH\CodeIgniter.php(494): CodeIgniter\CodeIgniter->runController(Object(App\Controllers\RequestController))
 3 SYSTEMPATH\CodeIgniter.php(353): CodeIgniter\CodeIgniter->handleRequest(null, Object(Config\Cache), false)
 4 FCPATH\index.php(86): CodeIgniter\CodeIgniter->run()
CRITICAL - 2023-12-11 05:25:44 --> Call to undefined method App\Controllers\RequestController::respond()
in APPPATH\Controllers\RequestController.php on line 21.
 1 SYSTEMPATH\CodeIgniter.php(919): App\Controllers\RequestController->getReq()
 2 SYSTEMPATH\CodeIgniter.php(494): CodeIgniter\CodeIgniter->runController(Object(App\Controllers\RequestController))
 3 SYSTEMPATH\CodeIgniter.php(353): CodeIgniter\CodeIgniter->handleRequest(null, Object(Config\Cache), false)
 4 FCPATH\index.php(86): CodeIgniter\CodeIgniter->run()
CRITICAL - 2023-12-11 05:25:44 --> Call to undefined method App\Controllers\RequestController::respond()
in APPPATH\Controllers\RequestController.php on line 21.
 1 SYSTEMPATH\CodeIgniter.php(919): App\Controllers\RequestController->getReq()
 2 SYSTEMPATH\CodeIgniter.php(494): CodeIgniter\CodeIgniter->runController(Object(App\Controllers\RequestController))
 3 SYSTEMPATH\CodeIgniter.php(353): CodeIgniter\CodeIgniter->handleRequest(null, Object(Config\Cache), false)
 4 FCPATH\index.php(86): CodeIgniter\CodeIgniter->run()
CRITICAL - 2023-12-11 05:37:00 --> Call to undefined method App\Controllers\RequestController::respond()
in APPPATH\Controllers\RequestController.php on line 38.
 1 SYSTEMPATH\CodeIgniter.php(919): App\Controllers\RequestController->getReq()
 2 SYSTEMPATH\CodeIgniter.php(494): CodeIgniter\CodeIgniter->runController(Object(App\Controllers\RequestController))
 3 SYSTEMPATH\CodeIgniter.php(353): CodeIgniter\CodeIgniter->handleRequest(null, Object(Config\Cache), false)
 4 FCPATH\index.php(86): CodeIgniter\CodeIgniter->run()
CRITICAL - 2023-12-11 05:40:09 --> Call to undefined method App\Controllers\RequestController::respond()
in APPPATH\Controllers\RequestController.php on line 38.
 1 SYSTEMPATH\CodeIgniter.php(919): App\Controllers\RequestController->getReq()
 2 SYSTEMPATH\CodeIgniter.php(494): CodeIgniter\CodeIgniter->runController(Object(App\Controllers\RequestController))
 3 SYSTEMPATH\CodeIgniter.php(353): CodeIgniter\CodeIgniter->handleRequest(null, Object(Config\Cache), false)
 4 FCPATH\index.php(86): CodeIgniter\CodeIgniter->run()
CRITICAL - 2023-12-11 05:40:10 --> Call to undefined method App\Controllers\RequestController::respond()
in APPPATH\Controllers\RequestController.php on line 38.
 1 SYSTEMPATH\CodeIgniter.php(919): App\Controllers\RequestController->getReq()
 2 SYSTEMPATH\CodeIgniter.php(494): CodeIgniter\CodeIgniter->runController(Object(App\Controllers\RequestController))
 3 SYSTEMPATH\CodeIgniter.php(353): CodeIgniter\CodeIgniter->handleRequest(null, Object(Config\Cache), false)
 4 FCPATH\index.php(86): CodeIgniter\CodeIgniter->run()
CRITICAL - 2023-12-11 05:40:25 --> Call to undefined method App\Controllers\RequestController::respond()
in APPPATH\Controllers\RequestController.php on line 38.
 1 SYSTEMPATH\CodeIgniter.php(919): App\Controllers\RequestController->getReq()
 2 SYSTEMPATH\CodeIgniter.php(494): CodeIgniter\CodeIgniter->runController(Object(App\Controllers\RequestController))
 3 SYSTEMPATH\CodeIgniter.php(353): CodeIgniter\CodeIgniter->handleRequest(null, Object(Config\Cache), false)
 4 FCPATH\index.php(86): CodeIgniter\CodeIgniter->run()
CRITICAL - 2023-12-11 05:41:31 --> Call to undefined method App\Controllers\RequestController::respond()
in APPPATH\Controllers\RequestController.php on line 38.
 1 SYSTEMPATH\CodeIgniter.php(919): App\Controllers\RequestController->getReq()
 2 SYSTEMPATH\CodeIgniter.php(494): CodeIgniter\CodeIgniter->runController(Object(App\Controllers\RequestController))
 3 SYSTEMPATH\CodeIgniter.php(353): CodeIgniter\CodeIgniter->handleRequest(null, Object(Config\Cache), false)
 4 FCPATH\index.php(86): CodeIgniter\CodeIgniter->run()
CRITICAL - 2023-12-11 05:44:14 --> Call to undefined method App\Controllers\RequestController::respond()
in APPPATH\Controllers\RequestController.php on line 43.
 1 SYSTEMPATH\CodeIgniter.php(919): App\Controllers\RequestController->getReq()
 2 SYSTEMPATH\CodeIgniter.php(494): CodeIgniter\CodeIgniter->runController(Object(App\Controllers\RequestController))
 3 SYSTEMPATH\CodeIgniter.php(353): CodeIgniter\CodeIgniter->handleRequest(null, Object(Config\Cache), false)
 4 FCPATH\index.php(86): CodeIgniter\CodeIgniter->run()
CRITICAL - 2023-12-11 05:45:24 --> Call to undefined method App\Controllers\RequestController::respond()
in APPPATH\Controllers\RequestController.php on line 43.
 1 SYSTEMPATH\CodeIgniter.php(919): App\Controllers\RequestController->getReq()
 2 SYSTEMPATH\CodeIgniter.php(494): CodeIgniter\CodeIgniter->runController(Object(App\Controllers\RequestController))
 3 SYSTEMPATH\CodeIgniter.php(353): CodeIgniter\CodeIgniter->handleRequest(null, Object(Config\Cache), false)
 4 FCPATH\index.php(86): CodeIgniter\CodeIgniter->run()
CRITICAL - 2023-12-11 05:45:34 --> Call to undefined method App\Controllers\RequestController::respond()
in APPPATH\Controllers\RequestController.php on line 43.
 1 SYSTEMPATH\CodeIgniter.php(919): App\Controllers\RequestController->getReq()
 2 SYSTEMPATH\CodeIgniter.php(494): CodeIgniter\CodeIgniter->runController(Object(App\Controllers\RequestController))
 3 SYSTEMPATH\CodeIgniter.php(353): CodeIgniter\CodeIgniter->handleRequest(null, Object(Config\Cache), false)
 4 FCPATH\index.php(86): CodeIgniter\CodeIgniter->run()
CRITICAL - 2023-12-11 05:45:54 --> Call to undefined method App\Controllers\RequestController::respond()
in APPPATH\Controllers\RequestController.php on line 43.
 1 SYSTEMPATH\CodeIgniter.php(919): App\Controllers\RequestController->getReq()
 2 SYSTEMPATH\CodeIgniter.php(494): CodeIgniter\CodeIgniter->runController(Object(App\Controllers\RequestController))
 3 SYSTEMPATH\CodeIgniter.php(353): CodeIgniter\CodeIgniter->handleRequest(null, Object(Config\Cache), false)
 4 FCPATH\index.php(86): CodeIgniter\CodeIgniter->run()
CRITICAL - 2023-12-11 05:45:55 --> Call to undefined method App\Controllers\RequestController::respond()
in APPPATH\Controllers\RequestController.php on line 43.
 1 SYSTEMPATH\CodeIgniter.php(919): App\Controllers\RequestController->getReq()
 2 SYSTEMPATH\CodeIgniter.php(494): CodeIgniter\CodeIgniter->runController(Object(App\Controllers\RequestController))
 3 SYSTEMPATH\CodeIgniter.php(353): CodeIgniter\CodeIgniter->handleRequest(null, Object(Config\Cache), false)
 4 FCPATH\index.php(86): CodeIgniter\CodeIgniter->run()
CRITICAL - 2023-12-11 05:46:31 --> Call to undefined method App\Controllers\RequestController::respond()
in APPPATH\Controllers\RequestController.php on line 43.
 1 SYSTEMPATH\CodeIgniter.php(919): App\Controllers\RequestController->getReq()
 2 SYSTEMPATH\CodeIgniter.php(494): CodeIgniter\CodeIgniter->runController(Object(App\Controllers\RequestController))
 3 SYSTEMPATH\CodeIgniter.php(353): CodeIgniter\CodeIgniter->handleRequest(null, Object(Config\Cache), false)
 4 FCPATH\index.php(86): CodeIgniter\CodeIgniter->run()
CRITICAL - 2023-12-11 05:47:53 --> Call to undefined method App\Controllers\RequestController::respond()
in APPPATH\Controllers\RequestController.php on line 43.
 1 SYSTEMPATH\CodeIgniter.php(919): App\Controllers\RequestController->getReq()
 2 SYSTEMPATH\CodeIgniter.php(494): CodeIgniter\CodeIgniter->runController(Object(App\Controllers\RequestController))
 3 SYSTEMPATH\CodeIgniter.php(353): CodeIgniter\CodeIgniter->handleRequest(null, Object(Config\Cache), false)
 4 FCPATH\index.php(86): CodeIgniter\CodeIgniter->run()
CRITICAL - 2023-12-11 05:47:54 --> Call to undefined method App\Controllers\RequestController::respond()
in APPPATH\Controllers\RequestController.php on line 43.
 1 SYSTEMPATH\CodeIgniter.php(919): App\Controllers\RequestController->getReq()
 2 SYSTEMPATH\CodeIgniter.php(494): CodeIgniter\CodeIgniter->runController(Object(App\Controllers\RequestController))
 3 SYSTEMPATH\CodeIgniter.php(353): CodeIgniter\CodeIgniter->handleRequest(null, Object(Config\Cache), false)
 4 FCPATH\index.php(86): CodeIgniter\CodeIgniter->run()
CRITICAL - 2023-12-11 06:00:12 --> Call to undefined method App\Controllers\RequestController::respond()
in APPPATH\Controllers\RequestController.php on line 43.
 1 SYSTEMPATH\CodeIgniter.php(919): App\Controllers\RequestController->getReq()
 2 SYSTEMPATH\CodeIgniter.php(494): CodeIgniter\CodeIgniter->runController(Object(App\Controllers\RequestController))
 3 SYSTEMPATH\CodeIgniter.php(353): CodeIgniter\CodeIgniter->handleRequest(null, Object(Config\Cache), false)
 4 FCPATH\index.php(86): CodeIgniter\CodeIgniter->run()
CRITICAL - 2023-12-11 06:00:18 --> Call to undefined method App\Controllers\RequestController::respond()
in APPPATH\Controllers\RequestController.php on line 43.
 1 SYSTEMPATH\CodeIgniter.php(919): App\Controllers\RequestController->getReq()
 2 SYSTEMPATH\CodeIgniter.php(494): CodeIgniter\CodeIgniter->runController(Object(App\Controllers\RequestController))
 3 SYSTEMPATH\CodeIgniter.php(353): CodeIgniter\CodeIgniter->handleRequest(null, Object(Config\Cache), false)
 4 FCPATH\index.php(86): CodeIgniter\CodeIgniter->run()
CRITICAL - 2023-12-11 06:06:31 --> Call to undefined method App\Controllers\RequestController::respond()
in APPPATH\Controllers\RequestController.php on line 43.
 1 SYSTEMPATH\CodeIgniter.php(919): App\Controllers\RequestController->getReq()
 2 SYSTEMPATH\CodeIgniter.php(494): CodeIgniter\CodeIgniter->runController(Object(App\Controllers\RequestController))
 3 SYSTEMPATH\CodeIgniter.php(353): CodeIgniter\CodeIgniter->handleRequest(null, Object(Config\Cache), false)
 4 FCPATH\index.php(86): CodeIgniter\CodeIgniter->run()
CRITICAL - 2023-12-11 06:06:45 --> Call to undefined method App\Controllers\RequestController::respond()
in APPPATH\Controllers\RequestController.php on line 43.
 1 SYSTEMPATH\CodeIgniter.php(919): App\Controllers\RequestController->getReq()
 2 SYSTEMPATH\CodeIgniter.php(494): CodeIgniter\CodeIgniter->runController(Object(App\Controllers\RequestController))
 3 SYSTEMPATH\CodeIgniter.php(353): CodeIgniter\CodeIgniter->handleRequest(null, Object(Config\Cache), false)
 4 FCPATH\index.php(86): CodeIgniter\CodeIgniter->run()
CRITICAL - 2023-12-11 06:09:18 --> Call to undefined method App\Controllers\RequestController::respond()
in APPPATH\Controllers\RequestController.php on line 43.
 1 SYSTEMPATH\CodeIgniter.php(919): App\Controllers\RequestController->getReq()
 2 SYSTEMPATH\CodeIgniter.php(494): CodeIgniter\CodeIgniter->runController(Object(App\Controllers\RequestController))
 3 SYSTEMPATH\CodeIgniter.php(353): CodeIgniter\CodeIgniter->handleRequest(null, Object(Config\Cache), false)
 4 FCPATH\index.php(86): CodeIgniter\CodeIgniter->run()
CRITICAL - 2023-12-11 06:09:40 --> Call to undefined method App\Controllers\RequestController::respond()
in APPPATH\Controllers\RequestController.php on line 43.
 1 SYSTEMPATH\CodeIgniter.php(919): App\Controllers\RequestController->getReq()
 2 SYSTEMPATH\CodeIgniter.php(494): CodeIgniter\CodeIgniter->runController(Object(App\Controllers\RequestController))
 3 SYSTEMPATH\CodeIgniter.php(353): CodeIgniter\CodeIgniter->handleRequest(null, Object(Config\Cache), false)
 4 FCPATH\index.php(86): CodeIgniter\CodeIgniter->run()
CRITICAL - 2023-12-11 06:11:23 --> Call to undefined method App\Controllers\RequestController::respond()
in APPPATH\Controllers\RequestController.php on line 43.
 1 SYSTEMPATH\CodeIgniter.php(919): App\Controllers\RequestController->getReq()
 2 SYSTEMPATH\CodeIgniter.php(494): CodeIgniter\CodeIgniter->runController(Object(App\Controllers\RequestController))
 3 SYSTEMPATH\CodeIgniter.php(353): CodeIgniter\CodeIgniter->handleRequest(null, Object(Config\Cache), false)
 4 FCPATH\index.php(86): CodeIgniter\CodeIgniter->run()
CRITICAL - 2023-12-11 06:11:28 --> Call to undefined method App\Controllers\RequestController::respond()
in APPPATH\Controllers\RequestController.php on line 43.
 1 SYSTEMPATH\CodeIgniter.php(919): App\Controllers\RequestController->getReq()
 2 SYSTEMPATH\CodeIgniter.php(494): CodeIgniter\CodeIgniter->runController(Object(App\Controllers\RequestController))
 3 SYSTEMPATH\CodeIgniter.php(353): CodeIgniter\CodeIgniter->handleRequest(null, Object(Config\Cache), false)
 4 FCPATH\index.php(86): CodeIgniter\CodeIgniter->run()
CRITICAL - 2023-12-11 06:12:16 --> Call to undefined method App\Controllers\RequestController::respond()
in APPPATH\Controllers\RequestController.php on line 43.
 1 SYSTEMPATH\CodeIgniter.php(919): App\Controllers\RequestController->getReq()
 2 SYSTEMPATH\CodeIgniter.php(494): CodeIgniter\CodeIgniter->runController(Object(App\Controllers\RequestController))
 3 SYSTEMPATH\CodeIgniter.php(353): CodeIgniter\CodeIgniter->handleRequest(null, Object(Config\Cache), false)
 4 FCPATH\index.php(86): CodeIgniter\CodeIgniter->run()
CRITICAL - 2023-12-11 06:12:17 --> Call to undefined method App\Controllers\RequestController::respond()
in APPPATH\Controllers\RequestController.php on line 43.
 1 SYSTEMPATH\CodeIgniter.php(919): App\Controllers\RequestController->getReq()
 2 SYSTEMPATH\CodeIgniter.php(494): CodeIgniter\CodeIgniter->runController(Object(App\Controllers\RequestController))
 3 SYSTEMPATH\CodeIgniter.php(353): CodeIgniter\CodeIgniter->handleRequest(null, Object(Config\Cache), false)
 4 FCPATH\index.php(86): CodeIgniter\CodeIgniter->run()
CRITICAL - 2023-12-11 06:14:36 --> Call to undefined method App\Controllers\RequestController::respond()
in APPPATH\Controllers\RequestController.php on line 43.
 1 SYSTEMPATH\CodeIgniter.php(919): App\Controllers\RequestController->getReq()
 2 SYSTEMPATH\CodeIgniter.php(494): CodeIgniter\CodeIgniter->runController(Object(App\Controllers\RequestController))
 3 SYSTEMPATH\CodeIgniter.php(353): CodeIgniter\CodeIgniter->handleRequest(null, Object(Config\Cache), false)
 4 FCPATH\index.php(86): CodeIgniter\CodeIgniter->run()
CRITICAL - 2023-12-11 06:17:58 --> Call to undefined method App\Controllers\RequestController::respond()
in APPPATH\Controllers\RequestController.php on line 55.
 1 SYSTEMPATH\CodeIgniter.php(919): App\Controllers\RequestController->send_request()
 2 SYSTEMPATH\CodeIgniter.php(494): CodeIgniter\CodeIgniter->runController(Object(App\Controllers\RequestController))
 3 SYSTEMPATH\CodeIgniter.php(353): CodeIgniter\CodeIgniter->handleRequest(null, Object(Config\Cache), false)
 4 FCPATH\index.php(86): CodeIgniter\CodeIgniter->run()
CRITICAL - 2023-12-11 06:18:43 --> Call to undefined method App\Controllers\RequestController::respond()
in APPPATH\Controllers\RequestController.php on line 43.
 1 SYSTEMPATH\CodeIgniter.php(919): App\Controllers\RequestController->getReq()
 2 SYSTEMPATH\CodeIgniter.php(494): CodeIgniter\CodeIgniter->runController(Object(App\Controllers\RequestController))
 3 SYSTEMPATH\CodeIgniter.php(353): CodeIgniter\CodeIgniter->handleRequest(null, Object(Config\Cache), false)
 4 FCPATH\index.php(86): CodeIgniter\CodeIgniter->run()
CRITICAL - 2023-12-11 06:19:08 --> Call to undefined method App\Controllers\RequestController::respond()
in APPPATH\Controllers\RequestController.php on line 43.
 1 SYSTEMPATH\CodeIgniter.php(919): App\Controllers\RequestController->getReq()
 2 SYSTEMPATH\CodeIgniter.php(494): CodeIgniter\CodeIgniter->runController(Object(App\Controllers\RequestController))
 3 SYSTEMPATH\CodeIgniter.php(353): CodeIgniter\CodeIgniter->handleRequest(null, Object(Config\Cache), false)
 4 FCPATH\index.php(86): CodeIgniter\CodeIgniter->run()
CRITICAL - 2023-12-11 06:19:13 --> Call to undefined method App\Controllers\RequestController::respond()
in APPPATH\Controllers\RequestController.php on line 43.
 1 SYSTEMPATH\CodeIgniter.php(919): App\Controllers\RequestController->getReq()
 2 SYSTEMPATH\CodeIgniter.php(494): CodeIgniter\CodeIgniter->runController(Object(App\Controllers\RequestController))
 3 SYSTEMPATH\CodeIgniter.php(353): CodeIgniter\CodeIgniter->handleRequest(null, Object(Config\Cache), false)
 4 FCPATH\index.php(86): CodeIgniter\CodeIgniter->run()
CRITICAL - 2023-12-11 06:19:30 --> Call to undefined method App\Controllers\RequestController::respond()
in APPPATH\Controllers\RequestController.php on line 43.
 1 SYSTEMPATH\CodeIgniter.php(919): App\Controllers\RequestController->getReq()
 2 SYSTEMPATH\CodeIgniter.php(494): CodeIgniter\CodeIgniter->runController(Object(App\Controllers\RequestController))
 3 SYSTEMPATH\CodeIgniter.php(353): CodeIgniter\CodeIgniter->handleRequest(null, Object(Config\Cache), false)
 4 FCPATH\index.php(86): CodeIgniter\CodeIgniter->run()
CRITICAL - 2023-12-11 06:20:23 --> Call to undefined method App\Controllers\RequestController::respond()
in APPPATH\Controllers\RequestController.php on line 43.
 1 SYSTEMPATH\CodeIgniter.php(919): App\Controllers\RequestController->getReq()
 2 SYSTEMPATH\CodeIgniter.php(494): CodeIgniter\CodeIgniter->runController(Object(App\Controllers\RequestController))
 3 SYSTEMPATH\CodeIgniter.php(353): CodeIgniter\CodeIgniter->handleRequest(null, Object(Config\Cache), false)
 4 FCPATH\index.php(86): CodeIgniter\CodeIgniter->run()
CRITICAL - 2023-12-11 06:20:28 --> Call to undefined method App\Controllers\RequestController::respond()
in APPPATH\Controllers\RequestController.php on line 43.
 1 SYSTEMPATH\CodeIgniter.php(919): App\Controllers\RequestController->getReq()
 2 SYSTEMPATH\CodeIgniter.php(494): CodeIgniter\CodeIgniter->runController(Object(App\Controllers\RequestController))
 3 SYSTEMPATH\CodeIgniter.php(353): CodeIgniter\CodeIgniter->handleRequest(null, Object(Config\Cache), false)
 4 FCPATH\index.php(86): CodeIgniter\CodeIgniter->run()
CRITICAL - 2023-12-11 06:21:11 --> Call to undefined method App\Controllers\RequestController::respond()
in APPPATH\Controllers\RequestController.php on line 43.
 1 SYSTEMPATH\CodeIgniter.php(919): App\Controllers\RequestController->getReq()
 2 SYSTEMPATH\CodeIgniter.php(494): CodeIgniter\CodeIgniter->runController(Object(App\Controllers\RequestController))
 3 SYSTEMPATH\CodeIgniter.php(353): CodeIgniter\CodeIgniter->handleRequest(null, Object(Config\Cache), false)
 4 FCPATH\index.php(86): CodeIgniter\CodeIgniter->run()
CRITICAL - 2023-12-11 06:21:15 --> Call to undefined method App\Controllers\RequestController::respond()
in APPPATH\Controllers\RequestController.php on line 43.
 1 SYSTEMPATH\CodeIgniter.php(919): App\Controllers\RequestController->getReq()
 2 SYSTEMPATH\CodeIgniter.php(494): CodeIgniter\CodeIgniter->runController(Object(App\Controllers\RequestController))
 3 SYSTEMPATH\CodeIgniter.php(353): CodeIgniter\CodeIgniter->handleRequest(null, Object(Config\Cache), false)
 4 FCPATH\index.php(86): CodeIgniter\CodeIgniter->run()
CRITICAL - 2023-12-11 06:21:21 --> Call to undefined method App\Controllers\RequestController::respond()
in APPPATH\Controllers\RequestController.php on line 43.
 1 SYSTEMPATH\CodeIgniter.php(919): App\Controllers\RequestController->getReq()
 2 SYSTEMPATH\CodeIgniter.php(494): CodeIgniter\CodeIgniter->runController(Object(App\Controllers\RequestController))
 3 SYSTEMPATH\CodeIgniter.php(353): CodeIgniter\CodeIgniter->handleRequest(null, Object(Config\Cache), false)
 4 FCPATH\index.php(86): CodeIgniter\CodeIgniter->run()
CRITICAL - 2023-12-11 06:29:22 --> Call to undefined method App\Controllers\RequestController::user()
in APPPATH\Controllers\RequestController.php on line 26.
 1 SYSTEMPATH\CodeIgniter.php(919): App\Controllers\RequestController->getuser()
 2 SYSTEMPATH\CodeIgniter.php(494): CodeIgniter\CodeIgniter->runController(Object(App\Controllers\RequestController))
 3 SYSTEMPATH\CodeIgniter.php(353): CodeIgniter\CodeIgniter->handleRequest(null, Object(Config\Cache), false)
 4 FCPATH\index.php(86): CodeIgniter\CodeIgniter->run()
CRITICAL - 2023-12-11 06:29:37 --> Call to undefined method App\Controllers\RequestController::user()
in APPPATH\Controllers\RequestController.php on line 26.
 1 SYSTEMPATH\CodeIgniter.php(919): App\Controllers\RequestController->getuser()
 2 SYSTEMPATH\CodeIgniter.php(494): CodeIgniter\CodeIgniter->runController(Object(App\Controllers\RequestController))
 3 SYSTEMPATH\CodeIgniter.php(353): CodeIgniter\CodeIgniter->handleRequest(null, Object(Config\Cache), false)
 4 FCPATH\index.php(86): CodeIgniter\CodeIgniter->run()
CRITICAL - 2023-12-11 06:30:42 --> Call to undefined method App\Controllers\RequestController::user()
in APPPATH\Controllers\RequestController.php on line 26.
 1 SYSTEMPATH\CodeIgniter.php(919): App\Controllers\RequestController->getuser('1')
 2 SYSTEMPATH\CodeIgniter.php(494): CodeIgniter\CodeIgniter->runController(Object(App\Controllers\RequestController))
 3 SYSTEMPATH\CodeIgniter.php(353): CodeIgniter\CodeIgniter->handleRequest(null, Object(Config\Cache), false)
 4 FCPATH\index.php(86): CodeIgniter\CodeIgniter->run()
CRITICAL - 2023-12-11 06:30:56 --> Call to undefined method App\Controllers\RequestController::user()
in APPPATH\Controllers\RequestController.php on line 26.
 1 SYSTEMPATH\CodeIgniter.php(919): App\Controllers\RequestController->getuser('1')
 2 SYSTEMPATH\CodeIgniter.php(494): CodeIgniter\CodeIgniter->runController(Object(App\Controllers\RequestController))
 3 SYSTEMPATH\CodeIgniter.php(353): CodeIgniter\CodeIgniter->handleRequest(null, Object(Config\Cache), false)
 4 FCPATH\index.php(86): CodeIgniter\CodeIgniter->run()
CRITICAL - 2023-12-11 06:31:05 --> Call to undefined method App\Controllers\RequestController::user()
in APPPATH\Controllers\RequestController.php on line 26.
 1 SYSTEMPATH\CodeIgniter.php(919): App\Controllers\RequestController->getuser('1')
 2 SYSTEMPATH\CodeIgniter.php(494): CodeIgniter\CodeIgniter->runController(Object(App\Controllers\RequestController))
 3 SYSTEMPATH\CodeIgniter.php(353): CodeIgniter\CodeIgniter->handleRequest(null, Object(Config\Cache), false)
 4 FCPATH\index.php(86): CodeIgniter\CodeIgniter->run()
ERROR - 2023-12-11 06:31:43 --> mysqli_sql_exception: Unknown column 'token' in 'where clause' in C:\laragon\www\dilg\backend\backend\system\Database\MySQLi\Connection.php:306
Stack trace:
#0 C:\laragon\www\dilg\backend\backend\system\Database\MySQLi\Connection.php(306): mysqli->query('SELECT *\nFROM `...', 0)
#1 C:\laragon\www\dilg\backend\backend\system\Database\BaseConnection.php(692): CodeIgniter\Database\MySQLi\Connection->execute('SELECT *\nFROM `...')
#2 C:\laragon\www\dilg\backend\backend\system\Database\BaseConnection.php(606): CodeIgniter\Database\BaseConnection->simpleQuery('SELECT *\nFROM `...')
#3 C:\laragon\www\dilg\backend\backend\system\Database\BaseBuilder.php(1615): CodeIgniter\Database\BaseConnection->query('SELECT *\nFROM `...', Array, false)
#4 C:\laragon\www\dilg\backend\backend\system\Model.php(264): CodeIgniter\Database\BaseBuilder->get()
#5 C:\laragon\www\dilg\backend\backend\system\BaseModel.php(662): CodeIgniter\Model->doFirst()
#6 C:\laragon\www\dilg\backend\backend\app\Controllers\RequestController.php(20): CodeIgniter\BaseModel->first()
#7 C:\laragon\www\dilg\backend\backend\app\Controllers\RequestController.php(26): App\Controllers\RequestController->users('1')
#8 C:\laragon\www\dilg\backend\backend\system\CodeIgniter.php(919): App\Controllers\RequestController->getuser('1')
#9 C:\laragon\www\dilg\backend\backend\system\CodeIgniter.php(494): CodeIgniter\CodeIgniter->runController(Object(App\Controllers\RequestController))
#10 C:\laragon\www\dilg\backend\backend\system\CodeIgniter.php(353): CodeIgniter\CodeIgniter->handleRequest(NULL, Object(Config\Cache), false)
#11 C:\laragon\www\dilg\backend\index.php(86): CodeIgniter\CodeIgniter->run()
#12 {main}
CRITICAL - 2023-12-11 06:31:43 --> Unknown column 'token' in 'where clause'
in SYSTEMPATH\Database\BaseConnection.php on line 646.
 1 SYSTEMPATH\Database\BaseBuilder.php(1615): CodeIgniter\Database\BaseConnection->query('SELECT *
FROM `requestppe`
WHERE `token` = :token:
 LIMIT 1', [...], false)
 2 SYSTEMPATH\Model.php(264): CodeIgniter\Database\BaseBuilder->get()
 3 SYSTEMPATH\BaseModel.php(662): CodeIgniter\Model->doFirst()
 4 APPPATH\Controllers\RequestController.php(20): CodeIgniter\BaseModel->first()
 5 APPPATH\Controllers\RequestController.php(26): App\Controllers\RequestController->users('1')
 6 SYSTEMPATH\CodeIgniter.php(919): App\Controllers\RequestController->getuser('1')
 7 SYSTEMPATH\CodeIgniter.php(494): CodeIgniter\CodeIgniter->runController(Object(App\Controllers\RequestController))
 8 SYSTEMPATH\CodeIgniter.php(353): CodeIgniter\CodeIgniter->handleRequest(null, Object(Config\Cache), false)
 9 FCPATH\index.php(86): CodeIgniter\CodeIgniter->run()
ERROR - 2023-12-11 06:31:53 --> mysqli_sql_exception: Unknown column 'token' in 'where clause' in C:\laragon\www\dilg\backend\backend\system\Database\MySQLi\Connection.php:306
Stack trace:
#0 C:\laragon\www\dilg\backend\backend\system\Database\MySQLi\Connection.php(306): mysqli->query('SELECT *\nFROM `...', 0)
#1 C:\laragon\www\dilg\backend\backend\system\Database\BaseConnection.php(692): CodeIgniter\Database\MySQLi\Connection->execute('SELECT *\nFROM `...')
#2 C:\laragon\www\dilg\backend\backend\system\Database\BaseConnection.php(606): CodeIgniter\Database\BaseConnection->simpleQuery('SELECT *\nFROM `...')
#3 C:\laragon\www\dilg\backend\backend\system\Database\BaseBuilder.php(1615): CodeIgniter\Database\BaseConnection->query('SELECT *\nFROM `...', Array, false)
#4 C:\laragon\www\dilg\backend\backend\system\Model.php(264): CodeIgniter\Database\BaseBuilder->get()
#5 C:\laragon\www\dilg\backend\backend\system\BaseModel.php(662): CodeIgniter\Model->doFirst()
#6 C:\laragon\www\dilg\backend\backend\app\Controllers\RequestController.php(20): CodeIgniter\BaseModel->first()
#7 C:\laragon\www\dilg\backend\backend\app\Controllers\RequestController.php(26): App\Controllers\RequestController->users('1')
#8 C:\laragon\www\dilg\backend\backend\system\CodeIgniter.php(919): App\Controllers\RequestController->getuser('1')
#9 C:\laragon\www\dilg\backend\backend\system\CodeIgniter.php(494): CodeIgniter\CodeIgniter->runController(Object(App\Controllers\RequestController))
#10 C:\laragon\www\dilg\backend\backend\system\CodeIgniter.php(353): CodeIgniter\CodeIgniter->handleRequest(NULL, Object(Config\Cache), false)
#11 C:\laragon\www\dilg\backend\index.php(86): CodeIgniter\CodeIgniter->run()
#12 {main}
CRITICAL - 2023-12-11 06:31:53 --> Unknown column 'token' in 'where clause'
in SYSTEMPATH\Database\BaseConnection.php on line 646.
 1 SYSTEMPATH\Database\BaseBuilder.php(1615): CodeIgniter\Database\BaseConnection->query('SELECT *
FROM `requestppe`
WHERE `token` = :token:
 LIMIT 1', [...], false)
 2 SYSTEMPATH\Model.php(264): CodeIgniter\Database\BaseBuilder->get()
 3 SYSTEMPATH\BaseModel.php(662): CodeIgniter\Model->doFirst()
 4 APPPATH\Controllers\RequestController.php(20): CodeIgniter\BaseModel->first()
 5 APPPATH\Controllers\RequestController.php(26): App\Controllers\RequestController->users('1')
 6 SYSTEMPATH\CodeIgniter.php(919): App\Controllers\RequestController->getuser('1')
 7 SYSTEMPATH\CodeIgniter.php(494): CodeIgniter\CodeIgniter->runController(Object(App\Controllers\RequestController))
 8 SYSTEMPATH\CodeIgniter.php(353): CodeIgniter\CodeIgniter->handleRequest(null, Object(Config\Cache), false)
 9 FCPATH\index.php(86): CodeIgniter\CodeIgniter->run()
CRITICAL - 2023-12-11 06:32:39 --> Trying to access array offset on value of type null
in APPPATH\Controllers\RequestController.php on line 22.
 1 APPPATH\Controllers\RequestController.php(22): CodeIgniter\Debug\Exceptions->errorHandler(2, 'Trying to access array offset on value of type null', 'C:\\laragon\\www\\dilg\\backend\\backend\\app\\Controllers\\RequestController.php', 22)
 2 APPPATH\Controllers\RequestController.php(27): App\Controllers\RequestController->users('1')
 3 SYSTEMPATH\CodeIgniter.php(919): App\Controllers\RequestController->getuser('1')
 4 SYSTEMPATH\CodeIgniter.php(494): CodeIgniter\CodeIgniter->runController(Object(App\Controllers\RequestController))
 5 SYSTEMPATH\CodeIgniter.php(353): CodeIgniter\CodeIgniter->handleRequest(null, Object(Config\Cache), false)
 6 FCPATH\index.php(86): CodeIgniter\CodeIgniter->run()
CRITICAL - 2023-12-11 06:32:45 --> Trying to access array offset on value of type null
in APPPATH\Controllers\RequestController.php on line 22.
 1 APPPATH\Controllers\RequestController.php(22): CodeIgniter\Debug\Exceptions->errorHandler(2, 'Trying to access array offset on value of type null', 'C:\\laragon\\www\\dilg\\backend\\backend\\app\\Controllers\\RequestController.php', 22)
 2 APPPATH\Controllers\RequestController.php(27): App\Controllers\RequestController->users('1')
 3 SYSTEMPATH\CodeIgniter.php(919): App\Controllers\RequestController->getuser('1')
 4 SYSTEMPATH\CodeIgniter.php(494): CodeIgniter\CodeIgniter->runController(Object(App\Controllers\RequestController))
 5 SYSTEMPATH\CodeIgniter.php(353): CodeIgniter\CodeIgniter->handleRequest(null, Object(Config\Cache), false)
 6 FCPATH\index.php(86): CodeIgniter\CodeIgniter->run()
CRITICAL - 2023-12-11 06:33:17 --> Undefined variable $userData0
in APPPATH\Controllers\RequestController.php on line 33.
 1 APPPATH\Controllers\RequestController.php(33): CodeIgniter\Debug\Exceptions->errorHandler(2, 'Undefined variable $userData0', 'C:\\laragon\\www\\dilg\\backend\\backend\\app\\Controllers\\RequestController.php', 33)
 2 SYSTEMPATH\CodeIgniter.php(919): App\Controllers\RequestController->getuser('1')
 3 SYSTEMPATH\CodeIgniter.php(494): CodeIgniter\CodeIgniter->runController(Object(App\Controllers\RequestController))
 4 SYSTEMPATH\CodeIgniter.php(353): CodeIgniter\CodeIgniter->handleRequest(null, Object(Config\Cache), false)
 5 FCPATH\index.php(86): CodeIgniter\CodeIgniter->run()
CRITICAL - 2023-12-11 06:33:49 --> Undefined variable $userData0
in APPPATH\Controllers\RequestController.php on line 33.
 1 APPPATH\Controllers\RequestController.php(33): CodeIgniter\Debug\Exceptions->errorHandler(2, 'Undefined variable $userData0', 'C:\\laragon\\www\\dilg\\backend\\backend\\app\\Controllers\\RequestController.php', 33)
 2 SYSTEMPATH\CodeIgniter.php(919): App\Controllers\RequestController->getuser('1AiSKJTtU7IkqnvWC5xwNzFu8yhpRVj4lGX9obaBEfDgm6Q20r')
 3 SYSTEMPATH\CodeIgniter.php(494): CodeIgniter\CodeIgniter->runController(Object(App\Controllers\RequestController))
 4 SYSTEMPATH\CodeIgniter.php(353): CodeIgniter\CodeIgniter->handleRequest(null, Object(Config\Cache), false)
 5 FCPATH\index.php(86): CodeIgniter\CodeIgniter->run()
CRITICAL - 2023-12-11 06:33:55 --> Call to undefined method App\Controllers\RequestController::respond()
in APPPATH\Controllers\RequestController.php on line 37.
 1 SYSTEMPATH\CodeIgniter.php(919): App\Controllers\RequestController->getuser('1AiSKJTtU7IkqnvWC5xwNzFu8yhpRVj4lGX9obaBEfDgm6Q20r')
 2 SYSTEMPATH\CodeIgniter.php(494): CodeIgniter\CodeIgniter->runController(Object(App\Controllers\RequestController))
 3 SYSTEMPATH\CodeIgniter.php(353): CodeIgniter\CodeIgniter->handleRequest(null, Object(Config\Cache), false)
 4 FCPATH\index.php(86): CodeIgniter\CodeIgniter->run()
CRITICAL - 2023-12-11 06:34:14 --> Call to undefined method App\Controllers\RequestController::respond()
in APPPATH\Controllers\RequestController.php on line 37.
 1 SYSTEMPATH\CodeIgniter.php(919): App\Controllers\RequestController->getuser('1AiSKJTtU7IkqnvWC5xwNzFu8yhpRVj4lGX9obaBEfDgm6Q20r')
 2 SYSTEMPATH\CodeIgniter.php(494): CodeIgniter\CodeIgniter->runController(Object(App\Controllers\RequestController))
 3 SYSTEMPATH\CodeIgniter.php(353): CodeIgniter\CodeIgniter->handleRequest(null, Object(Config\Cache), false)
 4 FCPATH\index.php(86): CodeIgniter\CodeIgniter->run()
CRITICAL - 2023-12-11 06:34:42 --> Call to undefined method App\Controllers\RequestController::respond()
in APPPATH\Controllers\RequestController.php on line 37.
 1 SYSTEMPATH\CodeIgniter.php(919): App\Controllers\RequestController->getuser('1AiSKJTtU7IkqnvWC5xwNzFu8yhpRVj4lGX9obaBEfDgm6Q20r')
 2 SYSTEMPATH\CodeIgniter.php(494): CodeIgniter\CodeIgniter->runController(Object(App\Controllers\RequestController))
 3 SYSTEMPATH\CodeIgniter.php(353): CodeIgniter\CodeIgniter->handleRequest(null, Object(Config\Cache), false)
 4 FCPATH\index.php(86): CodeIgniter\CodeIgniter->run()
CRITICAL - 2023-12-11 06:35:51 --> Call to undefined method App\Controllers\RequestController::respond()
in APPPATH\Controllers\RequestController.php on line 37.
 1 SYSTEMPATH\CodeIgniter.php(919): App\Controllers\RequestController->getuser('1AiSKJTtU7IkqnvWC5xwNzFu8yhpRVj4lGX9obaBEfDgm6Q20r')
 2 SYSTEMPATH\CodeIgniter.php(494): CodeIgniter\CodeIgniter->runController(Object(App\Controllers\RequestController))
 3 SYSTEMPATH\CodeIgniter.php(353): CodeIgniter\CodeIgniter->handleRequest(null, Object(Config\Cache), false)
 4 FCPATH\index.php(86): CodeIgniter\CodeIgniter->run()
CRITICAL - 2023-12-11 06:36:15 --> Call to undefined method App\Controllers\RequestController::respond()
in APPPATH\Controllers\RequestController.php on line 37.
 1 SYSTEMPATH\CodeIgniter.php(919): App\Controllers\RequestController->getuser('1AiSKJTtU7IkqnvWC5xwNzFu8yhpRVj4lGX9obaBEfDgm6Q20r')
 2 SYSTEMPATH\CodeIgniter.php(494): CodeIgniter\CodeIgniter->runController(Object(App\Controllers\RequestController))
 3 SYSTEMPATH\CodeIgniter.php(353): CodeIgniter\CodeIgniter->handleRequest(null, Object(Config\Cache), false)
 4 FCPATH\index.php(86): CodeIgniter\CodeIgniter->run()
CRITICAL - 2023-12-11 06:36:24 --> Call to undefined method App\Controllers\RequestController::respond()
in APPPATH\Controllers\RequestController.php on line 37.
 1 SYSTEMPATH\CodeIgniter.php(919): App\Controllers\RequestController->getuser('1AiSKJTtU7IkqnvWC5xwNzFu8yhpRVj4lGX9obaBEfDgm6Q20r')
 2 SYSTEMPATH\CodeIgniter.php(494): CodeIgniter\CodeIgniter->runController(Object(App\Controllers\RequestController))
 3 SYSTEMPATH\CodeIgniter.php(353): CodeIgniter\CodeIgniter->handleRequest(null, Object(Config\Cache), false)
 4 FCPATH\index.php(86): CodeIgniter\CodeIgniter->run()
CRITICAL - 2023-12-11 06:39:50 --> Cannot access offset of type string on string
in APPPATH\Controllers\RequestController.php on line 32.
 1 SYSTEMPATH\CodeIgniter.php(919): App\Controllers\RequestController->getuser('1AiSKJTtU7IkqnvWC5xwNzFu8yhpRVj4lGX9obaBEfDgm6Q20r')
 2 SYSTEMPATH\CodeIgniter.php(494): CodeIgniter\CodeIgniter->runController(Object(App\Controllers\RequestController))
 3 SYSTEMPATH\CodeIgniter.php(353): CodeIgniter\CodeIgniter->handleRequest(null, Object(Config\Cache), false)
 4 FCPATH\index.php(86): CodeIgniter\CodeIgniter->run()
ERROR - 2023-12-11 06:40:51 --> mysqli_sql_exception: Operand should contain 1 column(s) in C:\laragon\www\dilg\backend\backend\system\Database\MySQLi\Connection.php:306
Stack trace:
#0 C:\laragon\www\dilg\backend\backend\system\Database\MySQLi\Connection.php(306): mysqli->query('SELECT *\nFROM `...', 0)
#1 C:\laragon\www\dilg\backend\backend\system\Database\BaseConnection.php(692): CodeIgniter\Database\MySQLi\Connection->execute('SELECT *\nFROM `...')
#2 C:\laragon\www\dilg\backend\backend\system\Database\BaseConnection.php(606): CodeIgniter\Database\BaseConnection->simpleQuery('SELECT *\nFROM `...')
#3 C:\laragon\www\dilg\backend\backend\system\Database\BaseBuilder.php(1615): CodeIgniter\Database\BaseConnection->query('SELECT *\nFROM `...', Array, false)
#4 C:\laragon\www\dilg\backend\backend\system\Model.php(264): CodeIgniter\Database\BaseBuilder->get()
#5 C:\laragon\www\dilg\backend\backend\system\BaseModel.php(662): CodeIgniter\Model->doFirst()
#6 C:\laragon\www\dilg\backend\backend\app\Controllers\RequestController.php(32): CodeIgniter\BaseModel->first()
#7 C:\laragon\www\dilg\backend\backend\system\CodeIgniter.php(919): App\Controllers\RequestController->getuser('1AiSKJTtU7Ikqnv...')
#8 C:\laragon\www\dilg\backend\backend\system\CodeIgniter.php(494): CodeIgniter\CodeIgniter->runController(Object(App\Controllers\RequestController))
#9 C:\laragon\www\dilg\backend\backend\system\CodeIgniter.php(353): CodeIgniter\CodeIgniter->handleRequest(NULL, Object(Config\Cache), false)
#10 C:\laragon\www\dilg\backend\index.php(86): CodeIgniter\CodeIgniter->run()
#11 {main}
CRITICAL - 2023-12-11 06:40:51 --> Operand should contain 1 column(s)
in SYSTEMPATH\Database\BaseConnection.php on line 646.
 1 SYSTEMPATH\Database\BaseBuilder.php(1615): CodeIgniter\Database\BaseConnection->query('SELECT *
FROM `requestppe`
WHERE `id` = :id:
 LIMIT 1', [...], false)
 2 SYSTEMPATH\Model.php(264): CodeIgniter\Database\BaseBuilder->get()
 3 SYSTEMPATH\BaseModel.php(662): CodeIgniter\Model->doFirst()
 4 APPPATH\Controllers\RequestController.php(32): CodeIgniter\BaseModel->first()
 5 SYSTEMPATH\CodeIgniter.php(919): App\Controllers\RequestController->getuser('1AiSKJTtU7IkqnvWC5xwNzFu8yhpRVj4lGX9obaBEfDgm6Q20r')
 6 SYSTEMPATH\CodeIgniter.php(494): CodeIgniter\CodeIgniter->runController(Object(App\Controllers\RequestController))
 7 SYSTEMPATH\CodeIgniter.php(353): CodeIgniter\CodeIgniter->handleRequest(null, Object(Config\Cache), false)
 8 FCPATH\index.php(86): CodeIgniter\CodeIgniter->run()
CRITICAL - 2023-12-11 06:42:47 --> Call to undefined method App\Controllers\RequestController::respond()
in APPPATH\Controllers\RequestController.php on line 22.
 1 SYSTEMPATH\CodeIgniter.php(919): App\Controllers\RequestController->users('1AiSKJTtU7IkqnvWC5xwNzFu8yhpRVj4lGX9obaBEfDgm6Q20r')
 2 SYSTEMPATH\CodeIgniter.php(494): CodeIgniter\CodeIgniter->runController(Object(App\Controllers\RequestController))
 3 SYSTEMPATH\CodeIgniter.php(353): CodeIgniter\CodeIgniter->handleRequest(null, Object(Config\Cache), false)
 4 FCPATH\index.php(86): CodeIgniter\CodeIgniter->run()
CRITICAL - 2023-12-11 14:41:14 --> Call to undefined method App\Models\RequestModel::findBy
in SYSTEMPATH\Model.php on line 873.
 1 APPPATH\Controllers\RequestController.php(48): CodeIgniter\Model->__call('findBy', [...])
 2 SYSTEMPATH\CodeIgniter.php(919): App\Controllers\RequestController->getReq()
 3 SYSTEMPATH\CodeIgniter.php(494): CodeIgniter\CodeIgniter->runController(Object(App\Controllers\RequestController))
 4 SYSTEMPATH\CodeIgniter.php(353): CodeIgniter\CodeIgniter->handleRequest(null, Object(Config\Cache), false)
 5 FCPATH\index.php(86): CodeIgniter\CodeIgniter->run()
CRITICAL - 2023-12-11 14:41:32 --> Call to undefined method App\Models\RequestModel::findBy
in SYSTEMPATH\Model.php on line 873.
 1 APPPATH\Controllers\RequestController.php(48): CodeIgniter\Model->__call('findBy', [...])
 2 SYSTEMPATH\CodeIgniter.php(919): App\Controllers\RequestController->getReq()
 3 SYSTEMPATH\CodeIgniter.php(494): CodeIgniter\CodeIgniter->runController(Object(App\Controllers\RequestController))
 4 SYSTEMPATH\CodeIgniter.php(353): CodeIgniter\CodeIgniter->handleRequest(null, Object(Config\Cache), false)
 5 FCPATH\index.php(86): CodeIgniter\CodeIgniter->run()
CRITICAL - 2023-12-11 14:41:38 --> Call to undefined method App\Models\RequestModel::findBy
in SYSTEMPATH\Model.php on line 873.
 1 APPPATH\Controllers\RequestController.php(48): CodeIgniter\Model->__call('findBy', [...])
 2 SYSTEMPATH\CodeIgniter.php(919): App\Controllers\RequestController->getReq()
 3 SYSTEMPATH\CodeIgniter.php(494): CodeIgniter\CodeIgniter->runController(Object(App\Controllers\RequestController))
 4 SYSTEMPATH\CodeIgniter.php(353): CodeIgniter\CodeIgniter->handleRequest(null, Object(Config\Cache), false)
 5 FCPATH\index.php(86): CodeIgniter\CodeIgniter->run()
CRITICAL - 2023-12-11 14:42:54 --> Call to undefined method App\Models\RequestModel::findBy
in SYSTEMPATH\Model.php on line 873.
 1 APPPATH\Controllers\RequestController.php(48): CodeIgniter\Model->__call('findBy', [...])
 2 SYSTEMPATH\CodeIgniter.php(919): App\Controllers\RequestController->getReq()
 3 SYSTEMPATH\CodeIgniter.php(494): CodeIgniter\CodeIgniter->runController(Object(App\Controllers\RequestController))
 4 SYSTEMPATH\CodeIgniter.php(353): CodeIgniter\CodeIgniter->handleRequest(null, Object(Config\Cache), false)
 5 FCPATH\index.php(86): CodeIgniter\CodeIgniter->run()
CRITICAL - 2023-12-11 14:43:36 --> Call to undefined method App\Models\RequestModel::findBy
in SYSTEMPATH\Model.php on line 873.
 1 APPPATH\Controllers\RequestController.php(48): CodeIgniter\Model->__call('findBy', [...])
 2 SYSTEMPATH\CodeIgniter.php(919): App\Controllers\RequestController->getReq()
 3 SYSTEMPATH\CodeIgniter.php(494): CodeIgniter\CodeIgniter->runController(Object(App\Controllers\RequestController))
 4 SYSTEMPATH\CodeIgniter.php(353): CodeIgniter\CodeIgniter->handleRequest(null, Object(Config\Cache), false)
 5 FCPATH\index.php(86): CodeIgniter\CodeIgniter->run()
CRITICAL - 2023-12-11 14:43:38 --> Call to undefined method App\Models\RequestModel::findBy
in SYSTEMPATH\Model.php on line 873.
 1 APPPATH\Controllers\RequestController.php(48): CodeIgniter\Model->__call('findBy', [...])
 2 SYSTEMPATH\CodeIgniter.php(919): App\Controllers\RequestController->getReq()
 3 SYSTEMPATH\CodeIgniter.php(494): CodeIgniter\CodeIgniter->runController(Object(App\Controllers\RequestController))
 4 SYSTEMPATH\CodeIgniter.php(353): CodeIgniter\CodeIgniter->handleRequest(null, Object(Config\Cache), false)
 5 FCPATH\index.php(86): CodeIgniter\CodeIgniter->run()
CRITICAL - 2023-12-11 14:43:49 --> Call to undefined method App\Models\RequestModel::findBy
in SYSTEMPATH\Model.php on line 873.
 1 APPPATH\Controllers\RequestController.php(48): CodeIgniter\Model->__call('findBy', [...])
 2 SYSTEMPATH\CodeIgniter.php(919): App\Controllers\RequestController->getReq()
 3 SYSTEMPATH\CodeIgniter.php(494): CodeIgniter\CodeIgniter->runController(Object(App\Controllers\RequestController))
 4 SYSTEMPATH\CodeIgniter.php(353): CodeIgniter\CodeIgniter->handleRequest(null, Object(Config\Cache), false)
 5 FCPATH\index.php(86): CodeIgniter\CodeIgniter->run()
CRITICAL - 2023-12-11 14:44:06 --> Call to undefined method App\Models\RequestModel::findBy
in SYSTEMPATH\Model.php on line 873.
 1 APPPATH\Controllers\RequestController.php(48): CodeIgniter\Model->__call('findBy', [...])
 2 SYSTEMPATH\CodeIgniter.php(919): App\Controllers\RequestController->getReq()
 3 SYSTEMPATH\CodeIgniter.php(494): CodeIgniter\CodeIgniter->runController(Object(App\Controllers\RequestController))
 4 SYSTEMPATH\CodeIgniter.php(353): CodeIgniter\CodeIgniter->handleRequest(null, Object(Config\Cache), false)
 5 FCPATH\index.php(86): CodeIgniter\CodeIgniter->run()
CRITICAL - 2023-12-11 14:44:30 --> Call to undefined method App\Models\RequestModel::findBy
in SYSTEMPATH\Model.php on line 873.
 1 APPPATH\Controllers\RequestController.php(48): CodeIgniter\Model->__call('findBy', [...])
 2 SYSTEMPATH\CodeIgniter.php(919): App\Controllers\RequestController->getReq()
 3 SYSTEMPATH\CodeIgniter.php(494): CodeIgniter\CodeIgniter->runController(Object(App\Controllers\RequestController))
 4 SYSTEMPATH\CodeIgniter.php(353): CodeIgniter\CodeIgniter->handleRequest(null, Object(Config\Cache), false)
 5 FCPATH\index.php(86): CodeIgniter\CodeIgniter->run()
CRITICAL - 2023-12-11 14:48:49 --> Call to undefined method App\Models\RequestModel::findBy
in SYSTEMPATH\Model.php on line 873.
 1 APPPATH\Controllers\RequestController.php(48): CodeIgniter\Model->__call('findBy', [...])
 2 SYSTEMPATH\CodeIgniter.php(919): App\Controllers\RequestController->getReq()
 3 SYSTEMPATH\CodeIgniter.php(494): CodeIgniter\CodeIgniter->runController(Object(App\Controllers\RequestController))
 4 SYSTEMPATH\CodeIgniter.php(353): CodeIgniter\CodeIgniter->handleRequest(null, Object(Config\Cache), false)
 5 FCPATH\index.php(86): CodeIgniter\CodeIgniter->run()
CRITICAL - 2023-12-11 14:48:53 --> Call to undefined method App\Models\RequestModel::findBy
in SYSTEMPATH\Model.php on line 873.
 1 APPPATH\Controllers\RequestController.php(48): CodeIgniter\Model->__call('findBy', [...])
 2 SYSTEMPATH\CodeIgniter.php(919): App\Controllers\RequestController->getReq()
 3 SYSTEMPATH\CodeIgniter.php(494): CodeIgniter\CodeIgniter->runController(Object(App\Controllers\RequestController))
 4 SYSTEMPATH\CodeIgniter.php(353): CodeIgniter\CodeIgniter->handleRequest(null, Object(Config\Cache), false)
 5 FCPATH\index.php(86): CodeIgniter\CodeIgniter->run()
CRITICAL - 2023-12-11 14:49:25 --> Call to undefined method App\Models\RequestModel::findBy
in SYSTEMPATH\Model.php on line 873.
 1 APPPATH\Controllers\RequestController.php(48): CodeIgniter\Model->__call('findBy', [...])
 2 SYSTEMPATH\CodeIgniter.php(919): App\Controllers\RequestController->getReq()
 3 SYSTEMPATH\CodeIgniter.php(494): CodeIgniter\CodeIgniter->runController(Object(App\Controllers\RequestController))
 4 SYSTEMPATH\CodeIgniter.php(353): CodeIgniter\CodeIgniter->handleRequest(null, Object(Config\Cache), false)
 5 FCPATH\index.php(86): CodeIgniter\CodeIgniter->run()
CRITICAL - 2023-12-11 15:00:51 --> Call to undefined method App\Models\RequestModel::findBy
in SYSTEMPATH\Model.php on line 873.
 1 APPPATH\Controllers\RequestController.php(48): CodeIgniter\Model->__call('findBy', [...])
 2 SYSTEMPATH\CodeIgniter.php(919): App\Controllers\RequestController->getReq()
 3 SYSTEMPATH\CodeIgniter.php(494): CodeIgniter\CodeIgniter->runController(Object(App\Controllers\RequestController))
 4 SYSTEMPATH\CodeIgniter.php(353): CodeIgniter\CodeIgniter->handleRequest(null, Object(Config\Cache), false)
 5 FCPATH\index.php(86): CodeIgniter\CodeIgniter->run()
CRITICAL - 2023-12-11 15:01:20 --> Call to undefined method App\Models\RequestModel::findBy
in SYSTEMPATH\Model.php on line 873.
 1 APPPATH\Controllers\RequestController.php(48): CodeIgniter\Model->__call('findBy', [...])
 2 SYSTEMPATH\CodeIgniter.php(919): App\Controllers\RequestController->getReq()
 3 SYSTEMPATH\CodeIgniter.php(494): CodeIgniter\CodeIgniter->runController(Object(App\Controllers\RequestController))
 4 SYSTEMPATH\CodeIgniter.php(353): CodeIgniter\CodeIgniter->handleRequest(null, Object(Config\Cache), false)
 5 FCPATH\index.php(86): CodeIgniter\CodeIgniter->run()
CRITICAL - 2023-12-11 15:08:07 --> Call to undefined method App\Models\RequestModel::findBy
in SYSTEMPATH\Model.php on line 873.
 1 APPPATH\Controllers\RequestController.php(48): CodeIgniter\Model->__call('findBy', [...])
 2 SYSTEMPATH\CodeIgniter.php(919): App\Controllers\RequestController->getReq()
 3 SYSTEMPATH\CodeIgniter.php(494): CodeIgniter\CodeIgniter->runController(Object(App\Controllers\RequestController))
 4 SYSTEMPATH\CodeIgniter.php(353): CodeIgniter\CodeIgniter->handleRequest(null, Object(Config\Cache), false)
 5 FCPATH\index.php(86): CodeIgniter\CodeIgniter->run()
CRITICAL - 2023-12-11 15:08:23 --> Call to undefined method App\Models\RequestModel::findBy
in SYSTEMPATH\Model.php on line 873.
 1 APPPATH\Controllers\RequestController.php(48): CodeIgniter\Model->__call('findBy', [...])
 2 SYSTEMPATH\CodeIgniter.php(919): App\Controllers\RequestController->getReq()
 3 SYSTEMPATH\CodeIgniter.php(494): CodeIgniter\CodeIgniter->runController(Object(App\Controllers\RequestController))
 4 SYSTEMPATH\CodeIgniter.php(353): CodeIgniter\CodeIgniter->handleRequest(null, Object(Config\Cache), false)
 5 FCPATH\index.php(86): CodeIgniter\CodeIgniter->run()
CRITICAL - 2023-12-11 15:09:03 --> Call to undefined method App\Models\RequestModel::findBy
in SYSTEMPATH\Model.php on line 873.
 1 APPPATH\Controllers\RequestController.php(48): CodeIgniter\Model->__call('findBy', [...])
 2 SYSTEMPATH\CodeIgniter.php(919): App\Controllers\RequestController->getReq()
 3 SYSTEMPATH\CodeIgniter.php(494): CodeIgniter\CodeIgniter->runController(Object(App\Controllers\RequestController))
 4 SYSTEMPATH\CodeIgniter.php(353): CodeIgniter\CodeIgniter->handleRequest(null, Object(Config\Cache), false)
 5 FCPATH\index.php(86): CodeIgniter\CodeIgniter->run()
CRITICAL - 2023-12-11 15:09:54 --> Call to undefined method App\Models\RequestModel::findBy
in SYSTEMPATH\Model.php on line 873.
 1 APPPATH\Controllers\RequestController.php(48): CodeIgniter\Model->__call('findBy', [...])
 2 SYSTEMPATH\CodeIgniter.php(919): App\Controllers\RequestController->getReq()
 3 SYSTEMPATH\CodeIgniter.php(494): CodeIgniter\CodeIgniter->runController(Object(App\Controllers\RequestController))
 4 SYSTEMPATH\CodeIgniter.php(353): CodeIgniter\CodeIgniter->handleRequest(null, Object(Config\Cache), false)
 5 FCPATH\index.php(86): CodeIgniter\CodeIgniter->run()
CRITICAL - 2023-12-11 15:11:21 --> Call to undefined method App\Models\RequestModel::findBy
in SYSTEMPATH\Model.php on line 873.
 1 APPPATH\Controllers\RequestController.php(48): CodeIgniter\Model->__call('findBy', [...])
 2 SYSTEMPATH\CodeIgniter.php(919): App\Controllers\RequestController->getReq()
 3 SYSTEMPATH\CodeIgniter.php(494): CodeIgniter\CodeIgniter->runController(Object(App\Controllers\RequestController))
 4 SYSTEMPATH\CodeIgniter.php(353): CodeIgniter\CodeIgniter->handleRequest(null, Object(Config\Cache), false)
 5 FCPATH\index.php(86): CodeIgniter\CodeIgniter->run()
CRITICAL - 2023-12-11 15:14:18 --> Call to undefined method App\Models\RequestModel::findBy
in SYSTEMPATH\Model.php on line 873.
 1 APPPATH\Controllers\RequestController.php(48): CodeIgniter\Model->__call('findBy', [...])
 2 SYSTEMPATH\CodeIgniter.php(919): App\Controllers\RequestController->getReq()
 3 SYSTEMPATH\CodeIgniter.php(494): CodeIgniter\CodeIgniter->runController(Object(App\Controllers\RequestController))
 4 SYSTEMPATH\CodeIgniter.php(353): CodeIgniter\CodeIgniter->handleRequest(null, Object(Config\Cache), false)
 5 FCPATH\index.php(86): CodeIgniter\CodeIgniter->run()
CRITICAL - 2023-12-11 15:14:18 --> Call to undefined method App\Models\RequestModel::findBy
in SYSTEMPATH\Model.php on line 873.
 1 APPPATH\Controllers\RequestController.php(48): CodeIgniter\Model->__call('findBy', [...])
 2 SYSTEMPATH\CodeIgniter.php(919): App\Controllers\RequestController->getReq()
 3 SYSTEMPATH\CodeIgniter.php(494): CodeIgniter\CodeIgniter->runController(Object(App\Controllers\RequestController))
 4 SYSTEMPATH\CodeIgniter.php(353): CodeIgniter\CodeIgniter->handleRequest(null, Object(Config\Cache), false)
 5 FCPATH\index.php(86): CodeIgniter\CodeIgniter->run()
CRITICAL - 2023-12-11 15:14:19 --> Call to undefined method App\Models\RequestModel::findBy
in SYSTEMPATH\Model.php on line 873.
 1 APPPATH\Controllers\RequestController.php(48): CodeIgniter\Model->__call('findBy', [...])
 2 SYSTEMPATH\CodeIgniter.php(919): App\Controllers\RequestController->getReq()
 3 SYSTEMPATH\CodeIgniter.php(494): CodeIgniter\CodeIgniter->runController(Object(App\Controllers\RequestController))
 4 SYSTEMPATH\CodeIgniter.php(353): CodeIgniter\CodeIgniter->handleRequest(null, Object(Config\Cache), false)
 5 FCPATH\index.php(86): CodeIgniter\CodeIgniter->run()
CRITICAL - 2023-12-11 15:14:33 --> Call to undefined method App\Models\RequestModel::findBy
in SYSTEMPATH\Model.php on line 873.
 1 APPPATH\Controllers\RequestController.php(48): CodeIgniter\Model->__call('findBy', [...])
 2 SYSTEMPATH\CodeIgniter.php(919): App\Controllers\RequestController->getReq()
 3 SYSTEMPATH\CodeIgniter.php(494): CodeIgniter\CodeIgniter->runController(Object(App\Controllers\RequestController))
 4 SYSTEMPATH\CodeIgniter.php(353): CodeIgniter\CodeIgniter->handleRequest(null, Object(Config\Cache), false)
 5 FCPATH\index.php(86): CodeIgniter\CodeIgniter->run()
CRITICAL - 2023-12-11 15:14:35 --> Call to undefined method App\Models\RequestModel::findBy
in SYSTEMPATH\Model.php on line 873.
 1 APPPATH\Controllers\RequestController.php(48): CodeIgniter\Model->__call('findBy', [...])
 2 SYSTEMPATH\CodeIgniter.php(919): App\Controllers\RequestController->getReq()
 3 SYSTEMPATH\CodeIgniter.php(494): CodeIgniter\CodeIgniter->runController(Object(App\Controllers\RequestController))
 4 SYSTEMPATH\CodeIgniter.php(353): CodeIgniter\CodeIgniter->handleRequest(null, Object(Config\Cache), false)
 5 FCPATH\index.php(86): CodeIgniter\CodeIgniter->run()
CRITICAL - 2023-12-11 15:15:13 --> Call to undefined method App\Models\RequestModel::findBy
in SYSTEMPATH\Model.php on line 873.
 1 APPPATH\Controllers\RequestController.php(48): CodeIgniter\Model->__call('findBy', [...])
 2 SYSTEMPATH\CodeIgniter.php(919): App\Controllers\RequestController->getReq()
 3 SYSTEMPATH\CodeIgniter.php(494): CodeIgniter\CodeIgniter->runController(Object(App\Controllers\RequestController))
 4 SYSTEMPATH\CodeIgniter.php(353): CodeIgniter\CodeIgniter->handleRequest(null, Object(Config\Cache), false)
 5 FCPATH\index.php(86): CodeIgniter\CodeIgniter->run()
CRITICAL - 2023-12-11 15:15:14 --> Call to undefined method App\Models\RequestModel::findBy
in SYSTEMPATH\Model.php on line 873.
 1 APPPATH\Controllers\RequestController.php(48): CodeIgniter\Model->__call('findBy', [...])
 2 SYSTEMPATH\CodeIgniter.php(919): App\Controllers\RequestController->getReq()
 3 SYSTEMPATH\CodeIgniter.php(494): CodeIgniter\CodeIgniter->runController(Object(App\Controllers\RequestController))
 4 SYSTEMPATH\CodeIgniter.php(353): CodeIgniter\CodeIgniter->handleRequest(null, Object(Config\Cache), false)
 5 FCPATH\index.php(86): CodeIgniter\CodeIgniter->run()
CRITICAL - 2023-12-11 15:18:47 --> Undefined variable $id
in APPPATH\Controllers\RequestController.php on line 47.
 1 APPPATH\Controllers\RequestController.php(47): CodeIgniter\Debug\Exceptions->errorHandler(2, 'Undefined variable $id', 'C:\\laragon\\www\\dilg\\backend\\backend\\app\\Controllers\\RequestController.php', 47)
 2 SYSTEMPATH\CodeIgniter.php(919): App\Controllers\RequestController->getReq()
 3 SYSTEMPATH\CodeIgniter.php(494): CodeIgniter\CodeIgniter->runController(Object(App\Controllers\RequestController))
 4 SYSTEMPATH\CodeIgniter.php(353): CodeIgniter\CodeIgniter->handleRequest(null, Object(Config\Cache), false)
 5 FCPATH\index.php(86): CodeIgniter\CodeIgniter->run()
CRITICAL - 2023-12-11 15:19:39 --> Undefined variable $id
in APPPATH\Controllers\RequestController.php on line 47.
 1 APPPATH\Controllers\RequestController.php(47): CodeIgniter\Debug\Exceptions->errorHandler(2, 'Undefined variable $id', 'C:\\laragon\\www\\dilg\\backend\\backend\\app\\Controllers\\RequestController.php', 47)
 2 SYSTEMPATH\CodeIgniter.php(919): App\Controllers\RequestController->getReq()
 3 SYSTEMPATH\CodeIgniter.php(494): CodeIgniter\CodeIgniter->runController(Object(App\Controllers\RequestController))
 4 SYSTEMPATH\CodeIgniter.php(353): CodeIgniter\CodeIgniter->handleRequest(null, Object(Config\Cache), false)
 5 FCPATH\index.php(86): CodeIgniter\CodeIgniter->run()
CRITICAL - 2023-12-11 15:19:42 --> Undefined variable $id
in APPPATH\Controllers\RequestController.php on line 47.
 1 APPPATH\Controllers\RequestController.php(47): CodeIgniter\Debug\Exceptions->errorHandler(2, 'Undefined variable $id', 'C:\\laragon\\www\\dilg\\backend\\backend\\app\\Controllers\\RequestController.php', 47)
 2 SYSTEMPATH\CodeIgniter.php(919): App\Controllers\RequestController->getReq()
 3 SYSTEMPATH\CodeIgniter.php(494): CodeIgniter\CodeIgniter->runController(Object(App\Controllers\RequestController))
 4 SYSTEMPATH\CodeIgniter.php(353): CodeIgniter\CodeIgniter->handleRequest(null, Object(Config\Cache), false)
 5 FCPATH\index.php(86): CodeIgniter\CodeIgniter->run()
CRITICAL - 2023-12-11 15:55:27 --> Call to undefined method App\Models\RequestModel::findBy
in SYSTEMPATH\Model.php on line 873.
 1 APPPATH\Controllers\RequestController.php(48): CodeIgniter\Model->__call('findBy', [...])
 2 SYSTEMPATH\CodeIgniter.php(919): App\Controllers\RequestController->getReq()
 3 SYSTEMPATH\CodeIgniter.php(494): CodeIgniter\CodeIgniter->runController(Object(App\Controllers\RequestController))
 4 SYSTEMPATH\CodeIgniter.php(353): CodeIgniter\CodeIgniter->handleRequest(null, Object(Config\Cache), false)
 5 FCPATH\index.php(86): CodeIgniter\CodeIgniter->run()
CRITICAL - 2023-12-11 15:55:33 --> Call to undefined method App\Models\RequestModel::findBy
in SYSTEMPATH\Model.php on line 873.
 1 APPPATH\Controllers\RequestController.php(48): CodeIgniter\Model->__call('findBy', [...])
 2 SYSTEMPATH\CodeIgniter.php(919): App\Controllers\RequestController->getReq()
 3 SYSTEMPATH\CodeIgniter.php(494): CodeIgniter\CodeIgniter->runController(Object(App\Controllers\RequestController))
 4 SYSTEMPATH\CodeIgniter.php(353): CodeIgniter\CodeIgniter->handleRequest(null, Object(Config\Cache), false)
 5 FCPATH\index.php(86): CodeIgniter\CodeIgniter->run()
CRITICAL - 2023-12-11 15:55:54 --> Call to undefined method App\Models\RequestModel::findBy
in SYSTEMPATH\Model.php on line 873.
 1 APPPATH\Controllers\RequestController.php(48): CodeIgniter\Model->__call('findBy', [...])
 2 SYSTEMPATH\CodeIgniter.php(919): App\Controllers\RequestController->getReq()
 3 SYSTEMPATH\CodeIgniter.php(494): CodeIgniter\CodeIgniter->runController(Object(App\Controllers\RequestController))
 4 SYSTEMPATH\CodeIgniter.php(353): CodeIgniter\CodeIgniter->handleRequest(null, Object(Config\Cache), false)
 5 FCPATH\index.php(86): CodeIgniter\CodeIgniter->run()
CRITICAL - 2023-12-11 15:56:03 --> Undefined variable $id
in APPPATH\Controllers\RequestController.php on line 47.
 1 APPPATH\Controllers\RequestController.php(47): CodeIgniter\Debug\Exceptions->errorHandler(2, 'Undefined variable $id', 'C:\\laragon\\www\\dilg\\backend\\backend\\app\\Controllers\\RequestController.php', 47)
 2 SYSTEMPATH\CodeIgniter.php(919): App\Controllers\RequestController->getReq()
 3 SYSTEMPATH\CodeIgniter.php(494): CodeIgniter\CodeIgniter->runController(Object(App\Controllers\RequestController))
 4 SYSTEMPATH\CodeIgniter.php(353): CodeIgniter\CodeIgniter->handleRequest(null, Object(Config\Cache), false)
 5 FCPATH\index.php(86): CodeIgniter\CodeIgniter->run()
CRITICAL - 2023-12-11 16:00:01 --> Undefined variable $data
in APPPATH\Controllers\RequestController.php on line 57.
 1 APPPATH\Controllers\RequestController.php(57): CodeIgniter\Debug\Exceptions->errorHandler(2, 'Undefined variable $data', 'C:\\laragon\\www\\dilg\\backend\\backend\\app\\Controllers\\RequestController.php', 57)
 2 SYSTEMPATH\CodeIgniter.php(919): App\Controllers\RequestController->getReq()
 3 SYSTEMPATH\CodeIgniter.php(494): CodeIgniter\CodeIgniter->runController(Object(App\Controllers\RequestController))
 4 SYSTEMPATH\CodeIgniter.php(353): CodeIgniter\CodeIgniter->handleRequest(null, Object(Config\Cache), false)
 5 FCPATH\index.php(86): CodeIgniter\CodeIgniter->run()
CRITICAL - 2023-12-11 16:15:24 --> Too few arguments to function App\Controllers\RequestController::getReq(), 0 passed in C:\laragon\www\dilg\backend\backend\system\CodeIgniter.php on line 919 and exactly 1 expected
in APPPATH\Controllers\RequestController.php on line 48.
 1 SYSTEMPATH\CodeIgniter.php(919): App\Controllers\RequestController->getReq()
 2 SYSTEMPATH\CodeIgniter.php(494): CodeIgniter\CodeIgniter->runController(Object(App\Controllers\RequestController))
 3 SYSTEMPATH\CodeIgniter.php(353): CodeIgniter\CodeIgniter->handleRequest(null, Object(Config\Cache), false)
 4 FCPATH\index.php(86): CodeIgniter\CodeIgniter->run()
CRITICAL - 2023-12-11 16:17:46 --> Too few arguments to function App\Controllers\RequestController::getReq(), 0 passed in C:\laragon\www\dilg\backend\backend\system\CodeIgniter.php on line 919 and exactly 1 expected
in APPPATH\Controllers\RequestController.php on line 41.
 1 SYSTEMPATH\CodeIgniter.php(919): App\Controllers\RequestController->getReq()
 2 SYSTEMPATH\CodeIgniter.php(494): CodeIgniter\CodeIgniter->runController(Object(App\Controllers\RequestController))
 3 SYSTEMPATH\CodeIgniter.php(353): CodeIgniter\CodeIgniter->handleRequest(null, Object(Config\Cache), false)
 4 FCPATH\index.php(86): CodeIgniter\CodeIgniter->run()
CRITICAL - 2023-12-11 16:17:49 --> Too few arguments to function App\Controllers\RequestController::getReq(), 0 passed in C:\laragon\www\dilg\backend\backend\system\CodeIgniter.php on line 919 and exactly 1 expected
in APPPATH\Controllers\RequestController.php on line 41.
 1 SYSTEMPATH\CodeIgniter.php(919): App\Controllers\RequestController->getReq()
 2 SYSTEMPATH\CodeIgniter.php(494): CodeIgniter\CodeIgniter->runController(Object(App\Controllers\RequestController))
 3 SYSTEMPATH\CodeIgniter.php(353): CodeIgniter\CodeIgniter->handleRequest(null, Object(Config\Cache), false)
 4 FCPATH\index.php(86): CodeIgniter\CodeIgniter->run()
CRITICAL - 2023-12-11 16:17:56 --> Undefined variable $id
in APPPATH\Controllers\RequestController.php on line 43.
 1 APPPATH\Controllers\RequestController.php(43): CodeIgniter\Debug\Exceptions->errorHandler(2, 'Undefined variable $id', 'C:\\laragon\\www\\dilg\\backend\\backend\\app\\Controllers\\RequestController.php', 43)
 2 SYSTEMPATH\CodeIgniter.php(919): App\Controllers\RequestController->getReq()
 3 SYSTEMPATH\CodeIgniter.php(494): CodeIgniter\CodeIgniter->runController(Object(App\Controllers\RequestController))
 4 SYSTEMPATH\CodeIgniter.php(353): CodeIgniter\CodeIgniter->handleRequest(null, Object(Config\Cache), false)
 5 FCPATH\index.php(86): CodeIgniter\CodeIgniter->run()
CRITICAL - 2023-12-11 16:18:12 --> Undefined variable $data
in APPPATH\Controllers\RequestController.php on line 43.
 1 APPPATH\Controllers\RequestController.php(43): CodeIgniter\Debug\Exceptions->errorHandler(2, 'Undefined variable $data', 'C:\\laragon\\www\\dilg\\backend\\backend\\app\\Controllers\\RequestController.php', 43)
 2 SYSTEMPATH\CodeIgniter.php(919): App\Controllers\RequestController->getReq()
 3 SYSTEMPATH\CodeIgniter.php(494): CodeIgniter\CodeIgniter->runController(Object(App\Controllers\RequestController))
 4 SYSTEMPATH\CodeIgniter.php(353): CodeIgniter\CodeIgniter->handleRequest(null, Object(Config\Cache), false)
 5 FCPATH\index.php(86): CodeIgniter\CodeIgniter->run()
CRITICAL - 2023-12-11 16:25:46 --> Trying to access array offset on value of type null
in APPPATH\Controllers\RequestController.php on line 58.
 1 APPPATH\Controllers\RequestController.php(58): CodeIgniter\Debug\Exceptions->errorHandler(2, 'Trying to access array offset on value of type null', 'C:\\laragon\\www\\dilg\\backend\\backend\\app\\Controllers\\RequestController.php', 58)
 2 SYSTEMPATH\CodeIgniter.php(919): App\Controllers\RequestController->getReq()
 3 SYSTEMPATH\CodeIgniter.php(494): CodeIgniter\CodeIgniter->runController(Object(App\Controllers\RequestController))
 4 SYSTEMPATH\CodeIgniter.php(353): CodeIgniter\CodeIgniter->handleRequest(null, Object(Config\Cache), false)
 5 FCPATH\index.php(86): CodeIgniter\CodeIgniter->run()
CRITICAL - 2023-12-11 16:31:45 --> Cannot redeclare App\Controllers\RequestController::getReq()
in APPPATH\Controllers\RequestController.php on line 48.
 1 [internal function]: CodeIgniter\Debug\Exceptions->shutdownHandler()
CRITICAL - 2023-12-11 16:31:46 --> Cannot redeclare App\Controllers\RequestController::getReq()
in APPPATH\Controllers\RequestController.php on line 48.
 1 [internal function]: CodeIgniter\Debug\Exceptions->shutdownHandler()
CRITICAL - 2023-12-11 16:31:54 --> Cannot redeclare App\Controllers\RequestController::getReq()
in APPPATH\Controllers\RequestController.php on line 48.
 1 [internal function]: CodeIgniter\Debug\Exceptions->shutdownHandler()
CRITICAL - 2023-12-11 16:32:55 --> Cannot redeclare App\Controllers\RequestController::getReq()
in APPPATH\Controllers\RequestController.php on line 48.
 1 [internal function]: CodeIgniter\Debug\Exceptions->shutdownHandler()
CRITICAL - 2023-12-11 16:53:53 --> Trying to access array offset on value of type null
in APPPATH\Controllers\RequestController.php on line 58.
 1 APPPATH\Controllers\RequestController.php(58): CodeIgniter\Debug\Exceptions->errorHandler(2, 'Trying to access array offset on value of type null', 'C:\\laragon\\www\\dilg\\backend\\backend\\app\\Controllers\\RequestController.php', 58)
 2 SYSTEMPATH\CodeIgniter.php(919): App\Controllers\RequestController->getReq()
 3 SYSTEMPATH\CodeIgniter.php(494): CodeIgniter\CodeIgniter->runController(Object(App\Controllers\RequestController))
 4 SYSTEMPATH\CodeIgniter.php(353): CodeIgniter\CodeIgniter->handleRequest(null, Object(Config\Cache), false)
 5 FCPATH\index.php(86): CodeIgniter\CodeIgniter->run()
CRITICAL - 2023-12-11 16:54:17 --> Trying to access array offset on value of type null
in APPPATH\Controllers\RequestController.php on line 58.
 1 APPPATH\Controllers\RequestController.php(58): CodeIgniter\Debug\Exceptions->errorHandler(2, 'Trying to access array offset on value of type null', 'C:\\laragon\\www\\dilg\\backend\\backend\\app\\Controllers\\RequestController.php', 58)
 2 SYSTEMPATH\CodeIgniter.php(919): App\Controllers\RequestController->getReq()
 3 SYSTEMPATH\CodeIgniter.php(494): CodeIgniter\CodeIgniter->runController(Object(App\Controllers\RequestController))
 4 SYSTEMPATH\CodeIgniter.php(353): CodeIgniter\CodeIgniter->handleRequest(null, Object(Config\Cache), false)
 5 FCPATH\index.php(86): CodeIgniter\CodeIgniter->run()
CRITICAL - 2023-12-11 16:54:39 --> Trying to access array offset on value of type null
in APPPATH\Controllers\RequestController.php on line 58.
 1 APPPATH\Controllers\RequestController.php(58): CodeIgniter\Debug\Exceptions->errorHandler(2, 'Trying to access array offset on value of type null', 'C:\\laragon\\www\\dilg\\backend\\backend\\app\\Controllers\\RequestController.php', 58)
 2 SYSTEMPATH\CodeIgniter.php(919): App\Controllers\RequestController->getReq()
 3 SYSTEMPATH\CodeIgniter.php(494): CodeIgniter\CodeIgniter->runController(Object(App\Controllers\RequestController))
 4 SYSTEMPATH\CodeIgniter.php(353): CodeIgniter\CodeIgniter->handleRequest(null, Object(Config\Cache), false)
 5 FCPATH\index.php(86): CodeIgniter\CodeIgniter->run()
ERROR - 2023-12-11 17:31:50 --> User not found for token: Ariel James Aljecera De Guzman
ERROR - 2023-12-11 17:31:54 --> User not found for token: Ariel James Aljecera De Guzman
ERROR - 2023-12-11 17:31:58 --> User not found for token: 
CRITICAL - 2023-12-11 17:33:08 --> Cannot access offset of type string on string
in APPPATH\Controllers\RequestController.php on line 59.
 1 SYSTEMPATH\CodeIgniter.php(919): App\Controllers\RequestController->getReq()
 2 SYSTEMPATH\CodeIgniter.php(494): CodeIgniter\CodeIgniter->runController(Object(App\Controllers\RequestController))
 3 SYSTEMPATH\CodeIgniter.php(353): CodeIgniter\CodeIgniter->handleRequest(null, Object(Config\Cache), false)
 4 FCPATH\index.php(86): CodeIgniter\CodeIgniter->run()
CRITICAL - 2023-12-11 17:33:10 --> Cannot access offset of type string on string
in APPPATH\Controllers\RequestController.php on line 59.
 1 SYSTEMPATH\CodeIgniter.php(919): App\Controllers\RequestController->getReq()
 2 SYSTEMPATH\CodeIgniter.php(494): CodeIgniter\CodeIgniter->runController(Object(App\Controllers\RequestController))
 3 SYSTEMPATH\CodeIgniter.php(353): CodeIgniter\CodeIgniter->handleRequest(null, Object(Config\Cache), false)
 4 FCPATH\index.php(86): CodeIgniter\CodeIgniter->run()
CRITICAL - 2023-12-11 17:33:11 --> Cannot access offset of type string on string
in APPPATH\Controllers\RequestController.php on line 59.
 1 SYSTEMPATH\CodeIgniter.php(919): App\Controllers\RequestController->getReq()
 2 SYSTEMPATH\CodeIgniter.php(494): CodeIgniter\CodeIgniter->runController(Object(App\Controllers\RequestController))
 3 SYSTEMPATH\CodeIgniter.php(353): CodeIgniter\CodeIgniter->handleRequest(null, Object(Config\Cache), false)
 4 FCPATH\index.php(86): CodeIgniter\CodeIgniter->run()
CRITICAL - 2023-12-11 17:33:36 --> Undefined variable $userData
in APPPATH\Controllers\RequestController.php on line 58.
 1 APPPATH\Controllers\RequestController.php(58): CodeIgniter\Debug\Exceptions->errorHandler(2, 'Undefined variable $userData', 'C:\\laragon\\www\\dilg\\backend\\backend\\app\\Controllers\\RequestController.php', 58)
 2 SYSTEMPATH\CodeIgniter.php(919): App\Controllers\RequestController->getReq()
 3 SYSTEMPATH\CodeIgniter.php(494): CodeIgniter\CodeIgniter->runController(Object(App\Controllers\RequestController))
 4 SYSTEMPATH\CodeIgniter.php(353): CodeIgniter\CodeIgniter->handleRequest(null, Object(Config\Cache), false)
 5 FCPATH\index.php(86): CodeIgniter\CodeIgniter->run()
CRITICAL - 2023-12-11 17:33:54 --> Undefined variable $userData
in APPPATH\Controllers\RequestController.php on line 59.
 1 APPPATH\Controllers\RequestController.php(59): CodeIgniter\Debug\Exceptions->errorHandler(2, 'Undefined variable $userData', 'C:\\laragon\\www\\dilg\\backend\\backend\\app\\Controllers\\RequestController.php', 59)
 2 SYSTEMPATH\CodeIgniter.php(919): App\Controllers\RequestController->getReq()
 3 SYSTEMPATH\CodeIgniter.php(494): CodeIgniter\CodeIgniter->runController(Object(App\Controllers\RequestController))
 4 SYSTEMPATH\CodeIgniter.php(353): CodeIgniter\CodeIgniter->handleRequest(null, Object(Config\Cache), false)
 5 FCPATH\index.php(86): CodeIgniter\CodeIgniter->run()
ERROR - 2023-12-11 17:34:26 --> User not found for token: 
CRITICAL - 2023-12-11 17:35:23 --> syntax error, unexpected token "echo", expecting ")"
in APPPATH\Controllers\RequestController.php on line 64.
 1 SYSTEMPATH\Autoloader\Autoloader.php(285): CodeIgniter\Autoloader\Autoloader->includeFile('C:\\laragon\\www\\dilg\\backend\\backend\\app\\Controllers\\RequestController.php')
 2 SYSTEMPATH\Autoloader\Autoloader.php(263): CodeIgniter\Autoloader\Autoloader->loadInNamespace('App\\Controllers\\RequestController')
 3 [internal function]: CodeIgniter\Autoloader\Autoloader->loadClass('App\\Controllers\\RequestController')
 4 SYSTEMPATH\CodeIgniter.php(877): class_exists('\\App\\Controllers\\RequestController', true)
 5 SYSTEMPATH\CodeIgniter.php(481): CodeIgniter\CodeIgniter->startController()
 6 SYSTEMPATH\CodeIgniter.php(353): CodeIgniter\CodeIgniter->handleRequest(null, Object(Config\Cache), false)
 7 FCPATH\index.php(86): CodeIgniter\CodeIgniter->run()
ERROR - 2023-12-11 17:35:53 --> User not found for token: 
ERROR - 2023-12-11 17:36:19 --> User not found for token: 
CRITICAL - 2023-12-11 17:38:38 --> Trying to access array offset on value of type null
in APPPATH\Controllers\RequestController.php on line 62.
 1 APPPATH\Controllers\RequestController.php(62): CodeIgniter\Debug\Exceptions->errorHandler(2, 'Trying to access array offset on value of type null', 'C:\\laragon\\www\\dilg\\backend\\backend\\app\\Controllers\\RequestController.php', 62)
 2 SYSTEMPATH\CodeIgniter.php(919): App\Controllers\RequestController->getReq()
 3 SYSTEMPATH\CodeIgniter.php(494): CodeIgniter\CodeIgniter->runController(Object(App\Controllers\RequestController))
 4 SYSTEMPATH\CodeIgniter.php(353): CodeIgniter\CodeIgniter->handleRequest(null, Object(Config\Cache), false)
 5 FCPATH\index.php(86): CodeIgniter\CodeIgniter->run()
CRITICAL - 2023-12-11 17:44:16 --> Undefined variable $fullname
in APPPATH\Controllers\RequestController.php on line 62.
 1 APPPATH\Controllers\RequestController.php(62): CodeIgniter\Debug\Exceptions->errorHandler(2, 'Undefined variable $fullname', 'C:\\laragon\\www\\dilg\\backend\\backend\\app\\Controllers\\RequestController.php', 62)
 2 SYSTEMPATH\CodeIgniter.php(919): App\Controllers\RequestController->getReq()
 3 SYSTEMPATH\CodeIgniter.php(494): CodeIgniter\CodeIgniter->runController(Object(App\Controllers\RequestController))
 4 SYSTEMPATH\CodeIgniter.php(353): CodeIgniter\CodeIgniter->handleRequest(null, Object(Config\Cache), false)
 5 FCPATH\index.php(86): CodeIgniter\CodeIgniter->run()
CRITICAL - 2023-12-11 17:44:48 --> Undefined variable $fullname
in APPPATH\Controllers\RequestController.php on line 62.
 1 APPPATH\Controllers\RequestController.php(62): CodeIgniter\Debug\Exceptions->errorHandler(2, 'Undefined variable $fullname', 'C:\\laragon\\www\\dilg\\backend\\backend\\app\\Controllers\\RequestController.php', 62)
 2 SYSTEMPATH\CodeIgniter.php(919): App\Controllers\RequestController->getReq()
 3 SYSTEMPATH\CodeIgniter.php(494): CodeIgniter\CodeIgniter->runController(Object(App\Controllers\RequestController))
 4 SYSTEMPATH\CodeIgniter.php(353): CodeIgniter\CodeIgniter->handleRequest(null, Object(Config\Cache), false)
 5 FCPATH\index.php(86): CodeIgniter\CodeIgniter->run()
