CRITICAL - 2024-11-03 04:19:29 --> Too few arguments to function App\Controllers\DatabasePPEController::databaseListener(), 0 passed in C:\laragon\www\dilg\backend\backend\system\CodeIgniter.php on line 919 and exactly 1 expected
in APPPATH\Controllers\DatabasePPEController.php on line 1710.
 1 SYSTEMPATH\CodeIgniter.php(919): App\Controllers\DatabasePPEController->databaseListener()
 2 SYSTEMPATH\CodeIgniter.php(494): CodeIgniter\CodeIgniter->runController(Object(App\Controllers\DatabasePPEController))
 3 SYSTEMPATH\CodeIgniter.php(353): CodeIgniter\CodeIgniter->handleRequest(null, Object(Config\Cache), false)
 4 FCPATH\index.php(86): CodeIgniter\CodeIgniter->run()
ERROR - 2024-11-03 05:03:59 --> mysqli_sql_exception: Unknown column 'databaseppe.empfullname' in 'where clause' in C:\laragon\www\dilg\backend\backend\system\Database\MySQLi\Connection.php:306
Stack trace:
#0 C:\laragon\www\dilg\backend\backend\system\Database\MySQLi\Connection.php(306): mysqli->query('SELECT `databas...', 0)
#1 C:\laragon\www\dilg\backend\backend\system\Database\BaseConnection.php(692): CodeIgniter\Database\MySQLi\Connection->execute('SELECT `databas...')
#2 C:\laragon\www\dilg\backend\backend\system\Database\BaseConnection.php(606): CodeIgniter\Database\BaseConnection->simpleQuery('SELECT `databas...')
#3 C:\laragon\www\dilg\backend\backend\system\Database\BaseBuilder.php(1615): CodeIgniter\Database\BaseConnection->query('SELECT `databas...', Array, false)
#4 C:\laragon\www\dilg\backend\backend\system\Model.php(237): CodeIgniter\Database\BaseBuilder->get()
#5 C:\laragon\www\dilg\backend\backend\system\BaseModel.php(624): CodeIgniter\Model->doFindAll(0, 0)
#6 C:\laragon\www\dilg\backend\backend\app\Controllers\ServiceController.php(168): CodeIgniter\BaseModel->findAll()
#7 C:\laragon\www\dilg\backend\backend\system\CodeIgniter.php(919): App\Controllers\ServiceController->getUserDataServiceable()
#8 C:\laragon\www\dilg\backend\backend\system\CodeIgniter.php(494): CodeIgniter\CodeIgniter->runController(Object(App\Controllers\ServiceController))
#9 C:\laragon\www\dilg\backend\backend\system\CodeIgniter.php(353): CodeIgniter\CodeIgniter->handleRequest(NULL, Object(Config\Cache), false)
#10 C:\laragon\www\dilg\backend\index.php(86): CodeIgniter\CodeIgniter->run()
#11 {main}
CRITICAL - 2024-11-03 05:03:59 --> Unknown column 'databaseppe.empfullname' in 'where clause'
in SYSTEMPATH\Database\BaseConnection.php on line 646.
 1 SYSTEMPATH\Database\BaseBuilder.php(1615): CodeIgniter\Database\BaseConnection->query('SELECT `databaseppe`.*, `inventoryppe`.`entityname`, `inventoryppe`.`classification`, `inventoryppe`.`code`, `inventoryppe`.`article`, `inventoryppe`.`modelno`, `inventoryppe`.`serialno`, `inventoryppe`.`fulldescription`, `inventoryppe`.`image`
FROM `databaseppe`
LEFT JOIN `inventoryppe` ON `inventoryppe`.`particulars` = `databaseppe`.`particulars`
WHERE `databaseppe`.`empfullname` = :databaseppe.empfullname:
AND `databaseppe`.`status` = :databaseppe.status:
ORDER BY `databaseppe`.`id` DESC', [...], false)
 2 SYSTEMPATH\Model.php(237): CodeIgniter\Database\BaseBuilder->get()
 3 SYSTEMPATH\BaseModel.php(624): CodeIgniter\Model->doFindAll(0, 0)
 4 APPPATH\Controllers\ServiceController.php(168): CodeIgniter\BaseModel->findAll()
 5 SYSTEMPATH\CodeIgniter.php(919): App\Controllers\ServiceController->getUserDataServiceable()
 6 SYSTEMPATH\CodeIgniter.php(494): CodeIgniter\CodeIgniter->runController(Object(App\Controllers\ServiceController))
 7 SYSTEMPATH\CodeIgniter.php(353): CodeIgniter\CodeIgniter->handleRequest(null, Object(Config\Cache), false)
 8 FCPATH\index.php(86): CodeIgniter\CodeIgniter->run()
ERROR - 2024-11-03 05:03:59 --> mysqli_sql_exception: Unknown column 'databaseppe.empfullname' in 'where clause' in C:\laragon\www\dilg\backend\backend\system\Database\MySQLi\Connection.php:306
Stack trace:
#0 C:\laragon\www\dilg\backend\backend\system\Database\MySQLi\Connection.php(306): mysqli->query('SELECT `databas...', 0)
#1 C:\laragon\www\dilg\backend\backend\system\Database\BaseConnection.php(692): CodeIgniter\Database\MySQLi\Connection->execute('SELECT `databas...')
#2 C:\laragon\www\dilg\backend\backend\system\Database\BaseConnection.php(606): CodeIgniter\Database\BaseConnection->simpleQuery('SELECT `databas...')
#3 C:\laragon\www\dilg\backend\backend\system\Database\BaseBuilder.php(1615): CodeIgniter\Database\BaseConnection->query('SELECT `databas...', Array, false)
#4 C:\laragon\www\dilg\backend\backend\system\Model.php(237): CodeIgniter\Database\BaseBuilder->get()
#5 C:\laragon\www\dilg\backend\backend\system\BaseModel.php(624): CodeIgniter\Model->doFindAll(0, 0)
#6 C:\laragon\www\dilg\backend\backend\app\Controllers\ServiceController.php(202): CodeIgniter\BaseModel->findAll()
#7 C:\laragon\www\dilg\backend\backend\system\CodeIgniter.php(919): App\Controllers\ServiceController->getUserDataUnserviceable()
#8 C:\laragon\www\dilg\backend\backend\system\CodeIgniter.php(494): CodeIgniter\CodeIgniter->runController(Object(App\Controllers\ServiceController))
#9 C:\laragon\www\dilg\backend\backend\system\CodeIgniter.php(353): CodeIgniter\CodeIgniter->handleRequest(NULL, Object(Config\Cache), false)
#10 C:\laragon\www\dilg\backend\index.php(86): CodeIgniter\CodeIgniter->run()
#11 {main}
CRITICAL - 2024-11-03 05:03:59 --> Unknown column 'databaseppe.empfullname' in 'where clause'
in SYSTEMPATH\Database\BaseConnection.php on line 646.
 1 SYSTEMPATH\Database\BaseBuilder.php(1615): CodeIgniter\Database\BaseConnection->query('SELECT `databaseppe`.*, `inventoryppe`.`entityname`, `inventoryppe`.`classification`, `inventoryppe`.`code`, `inventoryppe`.`article`, `inventoryppe`.`modelno`, `inventoryppe`.`serialno`, `inventoryppe`.`fulldescription`, `inventoryppe`.`image`
FROM `databaseppe`
LEFT JOIN `inventoryppe` ON `inventoryppe`.`particulars` = `databaseppe`.`particulars`
WHERE `databaseppe`.`empfullname` = :databaseppe.empfullname:
AND `databaseppe`.`status` = :databaseppe.status:
ORDER BY `databaseppe`.`id` DESC', [...], false)
 2 SYSTEMPATH\Model.php(237): CodeIgniter\Database\BaseBuilder->get()
 3 SYSTEMPATH\BaseModel.php(624): CodeIgniter\Model->doFindAll(0, 0)
 4 APPPATH\Controllers\ServiceController.php(202): CodeIgniter\BaseModel->findAll()
 5 SYSTEMPATH\CodeIgniter.php(919): App\Controllers\ServiceController->getUserDataUnserviceable()
 6 SYSTEMPATH\CodeIgniter.php(494): CodeIgniter\CodeIgniter->runController(Object(App\Controllers\ServiceController))
 7 SYSTEMPATH\CodeIgniter.php(353): CodeIgniter\CodeIgniter->handleRequest(null, Object(Config\Cache), false)
 8 FCPATH\index.php(86): CodeIgniter\CodeIgniter->run()
ERROR - 2024-11-03 05:06:46 --> mysqli_sql_exception: Duplicate entry 'CPU, Kebos Brand' for key 'inventoryppe.particulars' in C:\laragon\www\dilg\backend\backend\system\Database\MySQLi\Connection.php:306
Stack trace:
#0 C:\laragon\www\dilg\backend\backend\system\Database\MySQLi\Connection.php(306): mysqli->query('INSERT INTO `in...', 0)
#1 C:\laragon\www\dilg\backend\backend\system\Database\BaseConnection.php(692): CodeIgniter\Database\MySQLi\Connection->execute('INSERT INTO `in...')
#2 C:\laragon\www\dilg\backend\backend\system\Database\BaseConnection.php(606): CodeIgniter\Database\BaseConnection->simpleQuery('INSERT INTO `in...')
#3 C:\laragon\www\dilg\backend\backend\system\Database\BaseBuilder.php(2308): CodeIgniter\Database\BaseConnection->query('INSERT INTO `in...', Array, false)
#4 C:\laragon\www\dilg\backend\backend\system\Model.php(319): CodeIgniter\Database\BaseBuilder->insert()
#5 C:\laragon\www\dilg\backend\backend\system\BaseModel.php(788): CodeIgniter\Model->doInsert(Array)
#6 C:\laragon\www\dilg\backend\backend\system\Model.php(715): CodeIgniter\BaseModel->insert(Array, false)
#7 C:\laragon\www\dilg\backend\backend\system\BaseModel.php(698): CodeIgniter\Model->insert(Array, false)
#8 C:\laragon\www\dilg\backend\backend\app\Controllers\DatabasePPEController.php(648): CodeIgniter\BaseModel->save(Array)
#9 C:\laragon\www\dilg\backend\backend\system\CodeIgniter.php(919): App\Controllers\DatabasePPEController->saveInventory()
#10 C:\laragon\www\dilg\backend\backend\system\CodeIgniter.php(494): CodeIgniter\CodeIgniter->runController(Object(App\Controllers\DatabasePPEController))
#11 C:\laragon\www\dilg\backend\backend\system\CodeIgniter.php(353): CodeIgniter\CodeIgniter->handleRequest(NULL, Object(Config\Cache), false)
#12 C:\laragon\www\dilg\backend\index.php(86): CodeIgniter\CodeIgniter->run()
#13 {main}
CRITICAL - 2024-11-03 05:06:46 --> Duplicate entry 'CPU, Kebos Brand' for key 'inventoryppe.particulars'
in SYSTEMPATH\Database\BaseConnection.php on line 646.
 1 SYSTEMPATH\Database\BaseBuilder.php(2308): CodeIgniter\Database\BaseConnection->query('INSERT INTO `inventoryppe` (`entityname`, `classification`, `code`, `article`, `particulars`, `modelno`, `serialno`, `propertynumber`, `propertydate`, `quantity`, `unit`, `unitcost`, `totalcost`, `image`) VALUES (:entityname:, :classification:, :code:, :article:, :particulars:, :modelno:, :serialno:, :propertynumber:, :propertydate:, :quantity:, :unit:, :unitcost:, :totalcost:, :image:)', [...], false)
 2 SYSTEMPATH\Model.php(319): CodeIgniter\Database\BaseBuilder->insert()
 3 SYSTEMPATH\BaseModel.php(788): CodeIgniter\Model->doInsert([...])
 4 SYSTEMPATH\Model.php(715): CodeIgniter\BaseModel->insert([...], false)
 5 SYSTEMPATH\BaseModel.php(698): CodeIgniter\Model->insert([...], false)
 6 APPPATH\Controllers\DatabasePPEController.php(648): CodeIgniter\BaseModel->save([...])
 7 SYSTEMPATH\CodeIgniter.php(919): App\Controllers\DatabasePPEController->saveInventory()
 8 SYSTEMPATH\CodeIgniter.php(494): CodeIgniter\CodeIgniter->runController(Object(App\Controllers\DatabasePPEController))
 9 SYSTEMPATH\CodeIgniter.php(353): CodeIgniter\CodeIgniter->handleRequest(null, Object(Config\Cache), false)
10 FCPATH\index.php(86): CodeIgniter\CodeIgniter->run()
ERROR - 2024-11-03 05:07:18 --> mysqli_sql_exception: Duplicate entry 'CPU, Kebos Brand' for key 'inventoryppe.particulars' in C:\laragon\www\dilg\backend\backend\system\Database\MySQLi\Connection.php:306
Stack trace:
#0 C:\laragon\www\dilg\backend\backend\system\Database\MySQLi\Connection.php(306): mysqli->query('INSERT INTO `in...', 0)
#1 C:\laragon\www\dilg\backend\backend\system\Database\BaseConnection.php(692): CodeIgniter\Database\MySQLi\Connection->execute('INSERT INTO `in...')
#2 C:\laragon\www\dilg\backend\backend\system\Database\BaseConnection.php(606): CodeIgniter\Database\BaseConnection->simpleQuery('INSERT INTO `in...')
#3 C:\laragon\www\dilg\backend\backend\system\Database\BaseBuilder.php(2308): CodeIgniter\Database\BaseConnection->query('INSERT INTO `in...', Array, false)
#4 C:\laragon\www\dilg\backend\backend\system\Model.php(319): CodeIgniter\Database\BaseBuilder->insert()
#5 C:\laragon\www\dilg\backend\backend\system\BaseModel.php(788): CodeIgniter\Model->doInsert(Array)
#6 C:\laragon\www\dilg\backend\backend\system\Model.php(715): CodeIgniter\BaseModel->insert(Array, false)
#7 C:\laragon\www\dilg\backend\backend\system\BaseModel.php(698): CodeIgniter\Model->insert(Array, false)
#8 C:\laragon\www\dilg\backend\backend\app\Controllers\DatabasePPEController.php(648): CodeIgniter\BaseModel->save(Array)
#9 C:\laragon\www\dilg\backend\backend\system\CodeIgniter.php(919): App\Controllers\DatabasePPEController->saveInventory()
#10 C:\laragon\www\dilg\backend\backend\system\CodeIgniter.php(494): CodeIgniter\CodeIgniter->runController(Object(App\Controllers\DatabasePPEController))
#11 C:\laragon\www\dilg\backend\backend\system\CodeIgniter.php(353): CodeIgniter\CodeIgniter->handleRequest(NULL, Object(Config\Cache), false)
#12 C:\laragon\www\dilg\backend\index.php(86): CodeIgniter\CodeIgniter->run()
#13 {main}
CRITICAL - 2024-11-03 05:07:18 --> Duplicate entry 'CPU, Kebos Brand' for key 'inventoryppe.particulars'
in SYSTEMPATH\Database\BaseConnection.php on line 646.
 1 SYSTEMPATH\Database\BaseBuilder.php(2308): CodeIgniter\Database\BaseConnection->query('INSERT INTO `inventoryppe` (`entityname`, `classification`, `code`, `article`, `particulars`, `modelno`, `serialno`, `propertynumber`, `propertydate`, `quantity`, `unit`, `unitcost`, `totalcost`, `image`) VALUES (:entityname:, :classification:, :code:, :article:, :particulars:, :modelno:, :serialno:, :propertynumber:, :propertydate:, :quantity:, :unit:, :unitcost:, :totalcost:, :image:)', [...], false)
 2 SYSTEMPATH\Model.php(319): CodeIgniter\Database\BaseBuilder->insert()
 3 SYSTEMPATH\BaseModel.php(788): CodeIgniter\Model->doInsert([...])
 4 SYSTEMPATH\Model.php(715): CodeIgniter\BaseModel->insert([...], false)
 5 SYSTEMPATH\BaseModel.php(698): CodeIgniter\Model->insert([...], false)
 6 APPPATH\Controllers\DatabasePPEController.php(648): CodeIgniter\BaseModel->save([...])
 7 SYSTEMPATH\CodeIgniter.php(919): App\Controllers\DatabasePPEController->saveInventory()
 8 SYSTEMPATH\CodeIgniter.php(494): CodeIgniter\CodeIgniter->runController(Object(App\Controllers\DatabasePPEController))
 9 SYSTEMPATH\CodeIgniter.php(353): CodeIgniter\CodeIgniter->handleRequest(null, Object(Config\Cache), false)
10 FCPATH\index.php(86): CodeIgniter\CodeIgniter->run()
ERROR - 2024-11-03 05:07:20 --> mysqli_sql_exception: Duplicate entry 'CPU, Kebos Brand' for key 'inventoryppe.particulars' in C:\laragon\www\dilg\backend\backend\system\Database\MySQLi\Connection.php:306
Stack trace:
#0 C:\laragon\www\dilg\backend\backend\system\Database\MySQLi\Connection.php(306): mysqli->query('INSERT INTO `in...', 0)
#1 C:\laragon\www\dilg\backend\backend\system\Database\BaseConnection.php(692): CodeIgniter\Database\MySQLi\Connection->execute('INSERT INTO `in...')
#2 C:\laragon\www\dilg\backend\backend\system\Database\BaseConnection.php(606): CodeIgniter\Database\BaseConnection->simpleQuery('INSERT INTO `in...')
#3 C:\laragon\www\dilg\backend\backend\system\Database\BaseBuilder.php(2308): CodeIgniter\Database\BaseConnection->query('INSERT INTO `in...', Array, false)
#4 C:\laragon\www\dilg\backend\backend\system\Model.php(319): CodeIgniter\Database\BaseBuilder->insert()
#5 C:\laragon\www\dilg\backend\backend\system\BaseModel.php(788): CodeIgniter\Model->doInsert(Array)
#6 C:\laragon\www\dilg\backend\backend\system\Model.php(715): CodeIgniter\BaseModel->insert(Array, false)
#7 C:\laragon\www\dilg\backend\backend\system\BaseModel.php(698): CodeIgniter\Model->insert(Array, false)
#8 C:\laragon\www\dilg\backend\backend\app\Controllers\DatabasePPEController.php(648): CodeIgniter\BaseModel->save(Array)
#9 C:\laragon\www\dilg\backend\backend\system\CodeIgniter.php(919): App\Controllers\DatabasePPEController->saveInventory()
#10 C:\laragon\www\dilg\backend\backend\system\CodeIgniter.php(494): CodeIgniter\CodeIgniter->runController(Object(App\Controllers\DatabasePPEController))
#11 C:\laragon\www\dilg\backend\backend\system\CodeIgniter.php(353): CodeIgniter\CodeIgniter->handleRequest(NULL, Object(Config\Cache), false)
#12 C:\laragon\www\dilg\backend\index.php(86): CodeIgniter\CodeIgniter->run()
#13 {main}
CRITICAL - 2024-11-03 05:07:20 --> Duplicate entry 'CPU, Kebos Brand' for key 'inventoryppe.particulars'
in SYSTEMPATH\Database\BaseConnection.php on line 646.
 1 SYSTEMPATH\Database\BaseBuilder.php(2308): CodeIgniter\Database\BaseConnection->query('INSERT INTO `inventoryppe` (`entityname`, `classification`, `code`, `article`, `particulars`, `modelno`, `serialno`, `propertynumber`, `propertydate`, `quantity`, `unit`, `unitcost`, `totalcost`, `image`) VALUES (:entityname:, :classification:, :code:, :article:, :particulars:, :modelno:, :serialno:, :propertynumber:, :propertydate:, :quantity:, :unit:, :unitcost:, :totalcost:, :image:)', [...], false)
 2 SYSTEMPATH\Model.php(319): CodeIgniter\Database\BaseBuilder->insert()
 3 SYSTEMPATH\BaseModel.php(788): CodeIgniter\Model->doInsert([...])
 4 SYSTEMPATH\Model.php(715): CodeIgniter\BaseModel->insert([...], false)
 5 SYSTEMPATH\BaseModel.php(698): CodeIgniter\Model->insert([...], false)
 6 APPPATH\Controllers\DatabasePPEController.php(648): CodeIgniter\BaseModel->save([...])
 7 SYSTEMPATH\CodeIgniter.php(919): App\Controllers\DatabasePPEController->saveInventory()
 8 SYSTEMPATH\CodeIgniter.php(494): CodeIgniter\CodeIgniter->runController(Object(App\Controllers\DatabasePPEController))
 9 SYSTEMPATH\CodeIgniter.php(353): CodeIgniter\CodeIgniter->handleRequest(null, Object(Config\Cache), false)
10 FCPATH\index.php(86): CodeIgniter\CodeIgniter->run()
ERROR - 2024-11-03 05:07:52 --> mysqli_sql_exception: Duplicate entry 'CPU, Kebos Brand' for key 'inventoryppe.particulars' in C:\laragon\www\dilg\backend\backend\system\Database\MySQLi\Connection.php:306
Stack trace:
#0 C:\laragon\www\dilg\backend\backend\system\Database\MySQLi\Connection.php(306): mysqli->query('INSERT INTO `in...', 0)
#1 C:\laragon\www\dilg\backend\backend\system\Database\BaseConnection.php(692): CodeIgniter\Database\MySQLi\Connection->execute('INSERT INTO `in...')
#2 C:\laragon\www\dilg\backend\backend\system\Database\BaseConnection.php(606): CodeIgniter\Database\BaseConnection->simpleQuery('INSERT INTO `in...')
#3 C:\laragon\www\dilg\backend\backend\system\Database\BaseBuilder.php(2308): CodeIgniter\Database\BaseConnection->query('INSERT INTO `in...', Array, false)
#4 C:\laragon\www\dilg\backend\backend\system\Model.php(319): CodeIgniter\Database\BaseBuilder->insert()
#5 C:\laragon\www\dilg\backend\backend\system\BaseModel.php(788): CodeIgniter\Model->doInsert(Array)
#6 C:\laragon\www\dilg\backend\backend\system\Model.php(715): CodeIgniter\BaseModel->insert(Array, false)
#7 C:\laragon\www\dilg\backend\backend\system\BaseModel.php(698): CodeIgniter\Model->insert(Array, false)
#8 C:\laragon\www\dilg\backend\backend\app\Controllers\DatabasePPEController.php(648): CodeIgniter\BaseModel->save(Array)
#9 C:\laragon\www\dilg\backend\backend\system\CodeIgniter.php(919): App\Controllers\DatabasePPEController->saveInventory()
#10 C:\laragon\www\dilg\backend\backend\system\CodeIgniter.php(494): CodeIgniter\CodeIgniter->runController(Object(App\Controllers\DatabasePPEController))
#11 C:\laragon\www\dilg\backend\backend\system\CodeIgniter.php(353): CodeIgniter\CodeIgniter->handleRequest(NULL, Object(Config\Cache), false)
#12 C:\laragon\www\dilg\backend\index.php(86): CodeIgniter\CodeIgniter->run()
#13 {main}
CRITICAL - 2024-11-03 05:07:52 --> Duplicate entry 'CPU, Kebos Brand' for key 'inventoryppe.particulars'
in SYSTEMPATH\Database\BaseConnection.php on line 646.
 1 SYSTEMPATH\Database\BaseBuilder.php(2308): CodeIgniter\Database\BaseConnection->query('INSERT INTO `inventoryppe` (`entityname`, `classification`, `code`, `article`, `particulars`, `modelno`, `serialno`, `propertynumber`, `propertydate`, `quantity`, `unit`, `unitcost`, `totalcost`, `image`) VALUES (:entityname:, :classification:, :code:, :article:, :particulars:, :modelno:, :serialno:, :propertynumber:, :propertydate:, :quantity:, :unit:, :unitcost:, :totalcost:, :image:)', [...], false)
 2 SYSTEMPATH\Model.php(319): CodeIgniter\Database\BaseBuilder->insert()
 3 SYSTEMPATH\BaseModel.php(788): CodeIgniter\Model->doInsert([...])
 4 SYSTEMPATH\Model.php(715): CodeIgniter\BaseModel->insert([...], false)
 5 SYSTEMPATH\BaseModel.php(698): CodeIgniter\Model->insert([...], false)
 6 APPPATH\Controllers\DatabasePPEController.php(648): CodeIgniter\BaseModel->save([...])
 7 SYSTEMPATH\CodeIgniter.php(919): App\Controllers\DatabasePPEController->saveInventory()
 8 SYSTEMPATH\CodeIgniter.php(494): CodeIgniter\CodeIgniter->runController(Object(App\Controllers\DatabasePPEController))
 9 SYSTEMPATH\CodeIgniter.php(353): CodeIgniter\CodeIgniter->handleRequest(null, Object(Config\Cache), false)
10 FCPATH\index.php(86): CodeIgniter\CodeIgniter->run()
ERROR - 2024-11-03 05:08:10 --> mysqli_sql_exception: Duplicate entry 'CPU, Kebos Brand' for key 'inventoryppe.particulars' in C:\laragon\www\dilg\backend\backend\system\Database\MySQLi\Connection.php:306
Stack trace:
#0 C:\laragon\www\dilg\backend\backend\system\Database\MySQLi\Connection.php(306): mysqli->query('INSERT INTO `in...', 0)
#1 C:\laragon\www\dilg\backend\backend\system\Database\BaseConnection.php(692): CodeIgniter\Database\MySQLi\Connection->execute('INSERT INTO `in...')
#2 C:\laragon\www\dilg\backend\backend\system\Database\BaseConnection.php(606): CodeIgniter\Database\BaseConnection->simpleQuery('INSERT INTO `in...')
#3 C:\laragon\www\dilg\backend\backend\system\Database\BaseBuilder.php(2308): CodeIgniter\Database\BaseConnection->query('INSERT INTO `in...', Array, false)
#4 C:\laragon\www\dilg\backend\backend\system\Model.php(319): CodeIgniter\Database\BaseBuilder->insert()
#5 C:\laragon\www\dilg\backend\backend\system\BaseModel.php(788): CodeIgniter\Model->doInsert(Array)
#6 C:\laragon\www\dilg\backend\backend\system\Model.php(715): CodeIgniter\BaseModel->insert(Array, false)
#7 C:\laragon\www\dilg\backend\backend\system\BaseModel.php(698): CodeIgniter\Model->insert(Array, false)
#8 C:\laragon\www\dilg\backend\backend\app\Controllers\DatabasePPEController.php(648): CodeIgniter\BaseModel->save(Array)
#9 C:\laragon\www\dilg\backend\backend\system\CodeIgniter.php(919): App\Controllers\DatabasePPEController->saveInventory()
#10 C:\laragon\www\dilg\backend\backend\system\CodeIgniter.php(494): CodeIgniter\CodeIgniter->runController(Object(App\Controllers\DatabasePPEController))
#11 C:\laragon\www\dilg\backend\backend\system\CodeIgniter.php(353): CodeIgniter\CodeIgniter->handleRequest(NULL, Object(Config\Cache), false)
#12 C:\laragon\www\dilg\backend\index.php(86): CodeIgniter\CodeIgniter->run()
#13 {main}
CRITICAL - 2024-11-03 05:08:10 --> Duplicate entry 'CPU, Kebos Brand' for key 'inventoryppe.particulars'
in SYSTEMPATH\Database\BaseConnection.php on line 646.
 1 SYSTEMPATH\Database\BaseBuilder.php(2308): CodeIgniter\Database\BaseConnection->query('INSERT INTO `inventoryppe` (`entityname`, `classification`, `code`, `article`, `particulars`, `modelno`, `serialno`, `propertynumber`, `propertydate`, `quantity`, `unit`, `unitcost`, `totalcost`, `image`) VALUES (:entityname:, :classification:, :code:, :article:, :particulars:, :modelno:, :serialno:, :propertynumber:, :propertydate:, :quantity:, :unit:, :unitcost:, :totalcost:, :image:)', [...], false)
 2 SYSTEMPATH\Model.php(319): CodeIgniter\Database\BaseBuilder->insert()
 3 SYSTEMPATH\BaseModel.php(788): CodeIgniter\Model->doInsert([...])
 4 SYSTEMPATH\Model.php(715): CodeIgniter\BaseModel->insert([...], false)
 5 SYSTEMPATH\BaseModel.php(698): CodeIgniter\Model->insert([...], false)
 6 APPPATH\Controllers\DatabasePPEController.php(648): CodeIgniter\BaseModel->save([...])
 7 SYSTEMPATH\CodeIgniter.php(919): App\Controllers\DatabasePPEController->saveInventory()
 8 SYSTEMPATH\CodeIgniter.php(494): CodeIgniter\CodeIgniter->runController(Object(App\Controllers\DatabasePPEController))
 9 SYSTEMPATH\CodeIgniter.php(353): CodeIgniter\CodeIgniter->handleRequest(null, Object(Config\Cache), false)
10 FCPATH\index.php(86): CodeIgniter\CodeIgniter->run()
CRITICAL - 2024-11-03 18:25:09 --> Too few arguments to function App\Controllers\DatabasePPEController::databaseListener(), 0 passed in C:\laragon\www\dilg\backend\backend\system\CodeIgniter.php on line 919 and exactly 1 expected
in APPPATH\Controllers\DatabasePPEController.php on line 1710.
 1 SYSTEMPATH\CodeIgniter.php(919): App\Controllers\DatabasePPEController->databaseListener()
 2 SYSTEMPATH\CodeIgniter.php(494): CodeIgniter\CodeIgniter->runController(Object(App\Controllers\DatabasePPEController))
 3 SYSTEMPATH\CodeIgniter.php(353): CodeIgniter\CodeIgniter->handleRequest(null, Object(Config\Cache), false)
 4 FCPATH\index.php(86): CodeIgniter\CodeIgniter->run()
ERROR - 2024-11-03 19:32:16 --> mysqli_sql_exception: Unknown column 'databaseppe.empfullname' in 'where clause' in C:\laragon\www\dilg\backend\backend\system\Database\MySQLi\Connection.php:306
Stack trace:
#0 C:\laragon\www\dilg\backend\backend\system\Database\MySQLi\Connection.php(306): mysqli->query('SELECT `databas...', 0)
#1 C:\laragon\www\dilg\backend\backend\system\Database\BaseConnection.php(692): CodeIgniter\Database\MySQLi\Connection->execute('SELECT `databas...')
#2 C:\laragon\www\dilg\backend\backend\system\Database\BaseConnection.php(606): CodeIgniter\Database\BaseConnection->simpleQuery('SELECT `databas...')
#3 C:\laragon\www\dilg\backend\backend\system\Database\BaseBuilder.php(1615): CodeIgniter\Database\BaseConnection->query('SELECT `databas...', Array, false)
#4 C:\laragon\www\dilg\backend\backend\system\Model.php(237): CodeIgniter\Database\BaseBuilder->get()
#5 C:\laragon\www\dilg\backend\backend\system\BaseModel.php(624): CodeIgniter\Model->doFindAll(0, 0)
#6 C:\laragon\www\dilg\backend\backend\app\Controllers\ServiceController.php(168): CodeIgniter\BaseModel->findAll()
#7 C:\laragon\www\dilg\backend\backend\system\CodeIgniter.php(919): App\Controllers\ServiceController->getUserDataServiceable()
#8 C:\laragon\www\dilg\backend\backend\system\CodeIgniter.php(494): CodeIgniter\CodeIgniter->runController(Object(App\Controllers\ServiceController))
#9 C:\laragon\www\dilg\backend\backend\system\CodeIgniter.php(353): CodeIgniter\CodeIgniter->handleRequest(NULL, Object(Config\Cache), false)
#10 C:\laragon\www\dilg\backend\index.php(86): CodeIgniter\CodeIgniter->run()
#11 {main}
CRITICAL - 2024-11-03 19:32:16 --> Unknown column 'databaseppe.empfullname' in 'where clause'
in SYSTEMPATH\Database\BaseConnection.php on line 646.
 1 SYSTEMPATH\Database\BaseBuilder.php(1615): CodeIgniter\Database\BaseConnection->query('SELECT `databaseppe`.*, `inventoryppe`.`entityname`, `inventoryppe`.`classification`, `inventoryppe`.`code`, `inventoryppe`.`article`, `inventoryppe`.`modelno`, `inventoryppe`.`serialno`, `inventoryppe`.`fulldescription`, `inventoryppe`.`image`
FROM `databaseppe`
LEFT JOIN `inventoryppe` ON `inventoryppe`.`particulars` = `databaseppe`.`particulars`
WHERE `databaseppe`.`empfullname` = :databaseppe.empfullname:
AND `databaseppe`.`status` = :databaseppe.status:
ORDER BY `databaseppe`.`id` DESC', [...], false)
 2 SYSTEMPATH\Model.php(237): CodeIgniter\Database\BaseBuilder->get()
 3 SYSTEMPATH\BaseModel.php(624): CodeIgniter\Model->doFindAll(0, 0)
 4 APPPATH\Controllers\ServiceController.php(168): CodeIgniter\BaseModel->findAll()
 5 SYSTEMPATH\CodeIgniter.php(919): App\Controllers\ServiceController->getUserDataServiceable()
 6 SYSTEMPATH\CodeIgniter.php(494): CodeIgniter\CodeIgniter->runController(Object(App\Controllers\ServiceController))
 7 SYSTEMPATH\CodeIgniter.php(353): CodeIgniter\CodeIgniter->handleRequest(null, Object(Config\Cache), false)
 8 FCPATH\index.php(86): CodeIgniter\CodeIgniter->run()
CRITICAL - 2024-11-03 19:36:04 --> Too few arguments to function App\Controllers\DatabasePPEController::databaseListener(), 0 passed in C:\laragon\www\dilg\backend\backend\system\CodeIgniter.php on line 919 and exactly 1 expected
in APPPATH\Controllers\DatabasePPEController.php on line 1710.
 1 SYSTEMPATH\CodeIgniter.php(919): App\Controllers\DatabasePPEController->databaseListener()
 2 SYSTEMPATH\CodeIgniter.php(494): CodeIgniter\CodeIgniter->runController(Object(App\Controllers\DatabasePPEController))
 3 SYSTEMPATH\CodeIgniter.php(353): CodeIgniter\CodeIgniter->handleRequest(null, Object(Config\Cache), false)
 4 FCPATH\index.php(86): CodeIgniter\CodeIgniter->run()
CRITICAL - 2024-11-03 19:41:48 --> Undefined variable $particularName
in APPPATH\Controllers\DatabasePPEController.php on line 651.
 1 APPPATH\Controllers\DatabasePPEController.php(651): CodeIgniter\Debug\Exceptions->errorHandler(2, 'Undefined variable $particularName', 'C:\\laragon\\www\\dilg\\backend\\backend\\app\\Controllers\\DatabasePPEController.php', 651)
 2 SYSTEMPATH\CodeIgniter.php(919): App\Controllers\DatabasePPEController->saveInventory()
 3 SYSTEMPATH\CodeIgniter.php(494): CodeIgniter\CodeIgniter->runController(Object(App\Controllers\DatabasePPEController))
 4 SYSTEMPATH\CodeIgniter.php(353): CodeIgniter\CodeIgniter->handleRequest(null, Object(Config\Cache), false)
 5 FCPATH\index.php(86): CodeIgniter\CodeIgniter->run()
ERROR - 2024-11-03 19:46:59 --> mysqli_sql_exception: Unknown column 'databaseppe.empfullname' in 'where clause' in C:\laragon\www\dilg\backend\backend\system\Database\MySQLi\Connection.php:306
Stack trace:
#0 C:\laragon\www\dilg\backend\backend\system\Database\MySQLi\Connection.php(306): mysqli->query('SELECT `databas...', 0)
#1 C:\laragon\www\dilg\backend\backend\system\Database\BaseConnection.php(692): CodeIgniter\Database\MySQLi\Connection->execute('SELECT `databas...')
#2 C:\laragon\www\dilg\backend\backend\system\Database\BaseConnection.php(606): CodeIgniter\Database\BaseConnection->simpleQuery('SELECT `databas...')
#3 C:\laragon\www\dilg\backend\backend\system\Database\BaseBuilder.php(1615): CodeIgniter\Database\BaseConnection->query('SELECT `databas...', Array, false)
#4 C:\laragon\www\dilg\backend\backend\system\Model.php(237): CodeIgniter\Database\BaseBuilder->get()
#5 C:\laragon\www\dilg\backend\backend\system\BaseModel.php(624): CodeIgniter\Model->doFindAll(0, 0)
#6 C:\laragon\www\dilg\backend\backend\app\Controllers\ServiceController.php(168): CodeIgniter\BaseModel->findAll()
#7 C:\laragon\www\dilg\backend\backend\system\CodeIgniter.php(919): App\Controllers\ServiceController->getUserDataServiceable()
#8 C:\laragon\www\dilg\backend\backend\system\CodeIgniter.php(494): CodeIgniter\CodeIgniter->runController(Object(App\Controllers\ServiceController))
#9 C:\laragon\www\dilg\backend\backend\system\CodeIgniter.php(353): CodeIgniter\CodeIgniter->handleRequest(NULL, Object(Config\Cache), false)
#10 C:\laragon\www\dilg\backend\index.php(86): CodeIgniter\CodeIgniter->run()
#11 {main}
CRITICAL - 2024-11-03 19:46:59 --> Unknown column 'databaseppe.empfullname' in 'where clause'
in SYSTEMPATH\Database\BaseConnection.php on line 646.
 1 SYSTEMPATH\Database\BaseBuilder.php(1615): CodeIgniter\Database\BaseConnection->query('SELECT `databaseppe`.*, `inventoryppe`.`entityname`, `inventoryppe`.`classification`, `inventoryppe`.`code`, `inventoryppe`.`article`, `inventoryppe`.`modelno`, `inventoryppe`.`serialno`, `inventoryppe`.`fulldescription`, `inventoryppe`.`image`
FROM `databaseppe`
LEFT JOIN `inventoryppe` ON `inventoryppe`.`particulars` = `databaseppe`.`particulars`
WHERE `databaseppe`.`empfullname` = :databaseppe.empfullname:
AND `databaseppe`.`status` = :databaseppe.status:
ORDER BY `databaseppe`.`id` DESC', [...], false)
 2 SYSTEMPATH\Model.php(237): CodeIgniter\Database\BaseBuilder->get()
 3 SYSTEMPATH\BaseModel.php(624): CodeIgniter\Model->doFindAll(0, 0)
 4 APPPATH\Controllers\ServiceController.php(168): CodeIgniter\BaseModel->findAll()
 5 SYSTEMPATH\CodeIgniter.php(919): App\Controllers\ServiceController->getUserDataServiceable()
 6 SYSTEMPATH\CodeIgniter.php(494): CodeIgniter\CodeIgniter->runController(Object(App\Controllers\ServiceController))
 7 SYSTEMPATH\CodeIgniter.php(353): CodeIgniter\CodeIgniter->handleRequest(null, Object(Config\Cache), false)
 8 FCPATH\index.php(86): CodeIgniter\CodeIgniter->run()
ERROR - 2024-11-03 19:52:51 --> mysqli_sql_exception: Unknown column 'databaseppe.empfullname' in 'where clause' in C:\laragon\www\dilg\backend\backend\system\Database\MySQLi\Connection.php:306
Stack trace:
#0 C:\laragon\www\dilg\backend\backend\system\Database\MySQLi\Connection.php(306): mysqli->query('SELECT `databas...', 0)
#1 C:\laragon\www\dilg\backend\backend\system\Database\BaseConnection.php(692): CodeIgniter\Database\MySQLi\Connection->execute('SELECT `databas...')
#2 C:\laragon\www\dilg\backend\backend\system\Database\BaseConnection.php(606): CodeIgniter\Database\BaseConnection->simpleQuery('SELECT `databas...')
#3 C:\laragon\www\dilg\backend\backend\system\Database\BaseBuilder.php(1615): CodeIgniter\Database\BaseConnection->query('SELECT `databas...', Array, false)
#4 C:\laragon\www\dilg\backend\backend\system\Model.php(237): CodeIgniter\Database\BaseBuilder->get()
#5 C:\laragon\www\dilg\backend\backend\system\BaseModel.php(624): CodeIgniter\Model->doFindAll(0, 0)
#6 C:\laragon\www\dilg\backend\backend\app\Controllers\ServiceController.php(168): CodeIgniter\BaseModel->findAll()
#7 C:\laragon\www\dilg\backend\backend\system\CodeIgniter.php(919): App\Controllers\ServiceController->getUserDataServiceable()
#8 C:\laragon\www\dilg\backend\backend\system\CodeIgniter.php(494): CodeIgniter\CodeIgniter->runController(Object(App\Controllers\ServiceController))
#9 C:\laragon\www\dilg\backend\backend\system\CodeIgniter.php(353): CodeIgniter\CodeIgniter->handleRequest(NULL, Object(Config\Cache), false)
#10 C:\laragon\www\dilg\backend\index.php(86): CodeIgniter\CodeIgniter->run()
#11 {main}
CRITICAL - 2024-11-03 19:52:51 --> Unknown column 'databaseppe.empfullname' in 'where clause'
in SYSTEMPATH\Database\BaseConnection.php on line 646.
 1 SYSTEMPATH\Database\BaseBuilder.php(1615): CodeIgniter\Database\BaseConnection->query('SELECT `databaseppe`.*, `inventoryppe`.`entityname`, `inventoryppe`.`classification`, `inventoryppe`.`code`, `inventoryppe`.`article`, `inventoryppe`.`modelno`, `inventoryppe`.`serialno`, `inventoryppe`.`fulldescription`, `inventoryppe`.`image`
FROM `databaseppe`
LEFT JOIN `inventoryppe` ON `inventoryppe`.`particulars` = `databaseppe`.`particulars`
WHERE `databaseppe`.`empfullname` = :databaseppe.empfullname:
AND `databaseppe`.`status` = :databaseppe.status:
ORDER BY `databaseppe`.`id` DESC', [...], false)
 2 SYSTEMPATH\Model.php(237): CodeIgniter\Database\BaseBuilder->get()
 3 SYSTEMPATH\BaseModel.php(624): CodeIgniter\Model->doFindAll(0, 0)
 4 APPPATH\Controllers\ServiceController.php(168): CodeIgniter\BaseModel->findAll()
 5 SYSTEMPATH\CodeIgniter.php(919): App\Controllers\ServiceController->getUserDataServiceable()
 6 SYSTEMPATH\CodeIgniter.php(494): CodeIgniter\CodeIgniter->runController(Object(App\Controllers\ServiceController))
 7 SYSTEMPATH\CodeIgniter.php(353): CodeIgniter\CodeIgniter->handleRequest(null, Object(Config\Cache), false)
 8 FCPATH\index.php(86): CodeIgniter\CodeIgniter->run()
ERROR - 2024-11-03 19:52:54 --> mysqli_sql_exception: Unknown column 'databaseppe.empfullname' in 'where clause' in C:\laragon\www\dilg\backend\backend\system\Database\MySQLi\Connection.php:306
Stack trace:
#0 C:\laragon\www\dilg\backend\backend\system\Database\MySQLi\Connection.php(306): mysqli->query('SELECT `databas...', 0)
#1 C:\laragon\www\dilg\backend\backend\system\Database\BaseConnection.php(692): CodeIgniter\Database\MySQLi\Connection->execute('SELECT `databas...')
#2 C:\laragon\www\dilg\backend\backend\system\Database\BaseConnection.php(606): CodeIgniter\Database\BaseConnection->simpleQuery('SELECT `databas...')
#3 C:\laragon\www\dilg\backend\backend\system\Database\BaseBuilder.php(1615): CodeIgniter\Database\BaseConnection->query('SELECT `databas...', Array, false)
#4 C:\laragon\www\dilg\backend\backend\system\Model.php(237): CodeIgniter\Database\BaseBuilder->get()
#5 C:\laragon\www\dilg\backend\backend\system\BaseModel.php(624): CodeIgniter\Model->doFindAll(0, 0)
#6 C:\laragon\www\dilg\backend\backend\app\Controllers\ServiceController.php(168): CodeIgniter\BaseModel->findAll()
#7 C:\laragon\www\dilg\backend\backend\system\CodeIgniter.php(919): App\Controllers\ServiceController->getUserDataServiceable()
#8 C:\laragon\www\dilg\backend\backend\system\CodeIgniter.php(494): CodeIgniter\CodeIgniter->runController(Object(App\Controllers\ServiceController))
#9 C:\laragon\www\dilg\backend\backend\system\CodeIgniter.php(353): CodeIgniter\CodeIgniter->handleRequest(NULL, Object(Config\Cache), false)
#10 C:\laragon\www\dilg\backend\index.php(86): CodeIgniter\CodeIgniter->run()
#11 {main}
CRITICAL - 2024-11-03 19:52:54 --> Unknown column 'databaseppe.empfullname' in 'where clause'
in SYSTEMPATH\Database\BaseConnection.php on line 646.
 1 SYSTEMPATH\Database\BaseBuilder.php(1615): CodeIgniter\Database\BaseConnection->query('SELECT `databaseppe`.*, `inventoryppe`.`entityname`, `inventoryppe`.`classification`, `inventoryppe`.`code`, `inventoryppe`.`article`, `inventoryppe`.`modelno`, `inventoryppe`.`serialno`, `inventoryppe`.`fulldescription`, `inventoryppe`.`image`
FROM `databaseppe`
LEFT JOIN `inventoryppe` ON `inventoryppe`.`particulars` = `databaseppe`.`particulars`
WHERE `databaseppe`.`empfullname` = :databaseppe.empfullname:
AND `databaseppe`.`status` = :databaseppe.status:
ORDER BY `databaseppe`.`id` DESC', [...], false)
 2 SYSTEMPATH\Model.php(237): CodeIgniter\Database\BaseBuilder->get()
 3 SYSTEMPATH\BaseModel.php(624): CodeIgniter\Model->doFindAll(0, 0)
 4 APPPATH\Controllers\ServiceController.php(168): CodeIgniter\BaseModel->findAll()
 5 SYSTEMPATH\CodeIgniter.php(919): App\Controllers\ServiceController->getUserDataServiceable()
 6 SYSTEMPATH\CodeIgniter.php(494): CodeIgniter\CodeIgniter->runController(Object(App\Controllers\ServiceController))
 7 SYSTEMPATH\CodeIgniter.php(353): CodeIgniter\CodeIgniter->handleRequest(null, Object(Config\Cache), false)
 8 FCPATH\index.php(86): CodeIgniter\CodeIgniter->run()
ERROR - 2024-11-03 19:52:55 --> mysqli_sql_exception: Unknown column 'databaseppe.empfullname' in 'where clause' in C:\laragon\www\dilg\backend\backend\system\Database\MySQLi\Connection.php:306
Stack trace:
#0 C:\laragon\www\dilg\backend\backend\system\Database\MySQLi\Connection.php(306): mysqli->query('SELECT `databas...', 0)
#1 C:\laragon\www\dilg\backend\backend\system\Database\BaseConnection.php(692): CodeIgniter\Database\MySQLi\Connection->execute('SELECT `databas...')
#2 C:\laragon\www\dilg\backend\backend\system\Database\BaseConnection.php(606): CodeIgniter\Database\BaseConnection->simpleQuery('SELECT `databas...')
#3 C:\laragon\www\dilg\backend\backend\system\Database\BaseBuilder.php(1615): CodeIgniter\Database\BaseConnection->query('SELECT `databas...', Array, false)
#4 C:\laragon\www\dilg\backend\backend\system\Model.php(237): CodeIgniter\Database\BaseBuilder->get()
#5 C:\laragon\www\dilg\backend\backend\system\BaseModel.php(624): CodeIgniter\Model->doFindAll(0, 0)
#6 C:\laragon\www\dilg\backend\backend\app\Controllers\ServiceController.php(168): CodeIgniter\BaseModel->findAll()
#7 C:\laragon\www\dilg\backend\backend\system\CodeIgniter.php(919): App\Controllers\ServiceController->getUserDataServiceable()
#8 C:\laragon\www\dilg\backend\backend\system\CodeIgniter.php(494): CodeIgniter\CodeIgniter->runController(Object(App\Controllers\ServiceController))
#9 C:\laragon\www\dilg\backend\backend\system\CodeIgniter.php(353): CodeIgniter\CodeIgniter->handleRequest(NULL, Object(Config\Cache), false)
#10 C:\laragon\www\dilg\backend\index.php(86): CodeIgniter\CodeIgniter->run()
#11 {main}
CRITICAL - 2024-11-03 19:52:55 --> Unknown column 'databaseppe.empfullname' in 'where clause'
in SYSTEMPATH\Database\BaseConnection.php on line 646.
 1 SYSTEMPATH\Database\BaseBuilder.php(1615): CodeIgniter\Database\BaseConnection->query('SELECT `databaseppe`.*, `inventoryppe`.`entityname`, `inventoryppe`.`classification`, `inventoryppe`.`code`, `inventoryppe`.`article`, `inventoryppe`.`modelno`, `inventoryppe`.`serialno`, `inventoryppe`.`fulldescription`, `inventoryppe`.`image`
FROM `databaseppe`
LEFT JOIN `inventoryppe` ON `inventoryppe`.`particulars` = `databaseppe`.`particulars`
WHERE `databaseppe`.`empfullname` = :databaseppe.empfullname:
AND `databaseppe`.`status` = :databaseppe.status:
ORDER BY `databaseppe`.`id` DESC', [...], false)
 2 SYSTEMPATH\Model.php(237): CodeIgniter\Database\BaseBuilder->get()
 3 SYSTEMPATH\BaseModel.php(624): CodeIgniter\Model->doFindAll(0, 0)
 4 APPPATH\Controllers\ServiceController.php(168): CodeIgniter\BaseModel->findAll()
 5 SYSTEMPATH\CodeIgniter.php(919): App\Controllers\ServiceController->getUserDataServiceable()
 6 SYSTEMPATH\CodeIgniter.php(494): CodeIgniter\CodeIgniter->runController(Object(App\Controllers\ServiceController))
 7 SYSTEMPATH\CodeIgniter.php(353): CodeIgniter\CodeIgniter->handleRequest(null, Object(Config\Cache), false)
 8 FCPATH\index.php(86): CodeIgniter\CodeIgniter->run()
ERROR - 2024-11-03 19:53:03 --> mysqli_sql_exception: Unknown column 'databaseppe.empfullname' in 'where clause' in C:\laragon\www\dilg\backend\backend\system\Database\MySQLi\Connection.php:306
Stack trace:
#0 C:\laragon\www\dilg\backend\backend\system\Database\MySQLi\Connection.php(306): mysqli->query('SELECT `databas...', 0)
#1 C:\laragon\www\dilg\backend\backend\system\Database\BaseConnection.php(692): CodeIgniter\Database\MySQLi\Connection->execute('SELECT `databas...')
#2 C:\laragon\www\dilg\backend\backend\system\Database\BaseConnection.php(606): CodeIgniter\Database\BaseConnection->simpleQuery('SELECT `databas...')
#3 C:\laragon\www\dilg\backend\backend\system\Database\BaseBuilder.php(1615): CodeIgniter\Database\BaseConnection->query('SELECT `databas...', Array, false)
#4 C:\laragon\www\dilg\backend\backend\system\Model.php(237): CodeIgniter\Database\BaseBuilder->get()
#5 C:\laragon\www\dilg\backend\backend\system\BaseModel.php(624): CodeIgniter\Model->doFindAll(0, 0)
#6 C:\laragon\www\dilg\backend\backend\app\Controllers\ServiceController.php(168): CodeIgniter\BaseModel->findAll()
#7 C:\laragon\www\dilg\backend\backend\system\CodeIgniter.php(919): App\Controllers\ServiceController->getUserDataServiceable()
#8 C:\laragon\www\dilg\backend\backend\system\CodeIgniter.php(494): CodeIgniter\CodeIgniter->runController(Object(App\Controllers\ServiceController))
#9 C:\laragon\www\dilg\backend\backend\system\CodeIgniter.php(353): CodeIgniter\CodeIgniter->handleRequest(NULL, Object(Config\Cache), false)
#10 C:\laragon\www\dilg\backend\index.php(86): CodeIgniter\CodeIgniter->run()
#11 {main}
CRITICAL - 2024-11-03 19:53:03 --> Unknown column 'databaseppe.empfullname' in 'where clause'
in SYSTEMPATH\Database\BaseConnection.php on line 646.
 1 SYSTEMPATH\Database\BaseBuilder.php(1615): CodeIgniter\Database\BaseConnection->query('SELECT `databaseppe`.*, `inventoryppe`.`entityname`, `inventoryppe`.`classification`, `inventoryppe`.`code`, `inventoryppe`.`article`, `inventoryppe`.`modelno`, `inventoryppe`.`serialno`, `inventoryppe`.`fulldescription`, `inventoryppe`.`image`
FROM `databaseppe`
LEFT JOIN `inventoryppe` ON `inventoryppe`.`particulars` = `databaseppe`.`particulars`
WHERE `databaseppe`.`empfullname` = :databaseppe.empfullname:
AND `databaseppe`.`status` = :databaseppe.status:
ORDER BY `databaseppe`.`id` DESC', [...], false)
 2 SYSTEMPATH\Model.php(237): CodeIgniter\Database\BaseBuilder->get()
 3 SYSTEMPATH\BaseModel.php(624): CodeIgniter\Model->doFindAll(0, 0)
 4 APPPATH\Controllers\ServiceController.php(168): CodeIgniter\BaseModel->findAll()
 5 SYSTEMPATH\CodeIgniter.php(919): App\Controllers\ServiceController->getUserDataServiceable()
 6 SYSTEMPATH\CodeIgniter.php(494): CodeIgniter\CodeIgniter->runController(Object(App\Controllers\ServiceController))
 7 SYSTEMPATH\CodeIgniter.php(353): CodeIgniter\CodeIgniter->handleRequest(null, Object(Config\Cache), false)
 8 FCPATH\index.php(86): CodeIgniter\CodeIgniter->run()
ERROR - 2024-11-03 19:53:19 --> mysqli_sql_exception: Unknown column 'databaseppe.empfullname' in 'where clause' in C:\laragon\www\dilg\backend\backend\system\Database\MySQLi\Connection.php:306
Stack trace:
#0 C:\laragon\www\dilg\backend\backend\system\Database\MySQLi\Connection.php(306): mysqli->query('SELECT `databas...', 0)
#1 C:\laragon\www\dilg\backend\backend\system\Database\BaseConnection.php(692): CodeIgniter\Database\MySQLi\Connection->execute('SELECT `databas...')
#2 C:\laragon\www\dilg\backend\backend\system\Database\BaseConnection.php(606): CodeIgniter\Database\BaseConnection->simpleQuery('SELECT `databas...')
#3 C:\laragon\www\dilg\backend\backend\system\Database\BaseBuilder.php(1615): CodeIgniter\Database\BaseConnection->query('SELECT `databas...', Array, false)
#4 C:\laragon\www\dilg\backend\backend\system\Model.php(237): CodeIgniter\Database\BaseBuilder->get()
#5 C:\laragon\www\dilg\backend\backend\system\BaseModel.php(624): CodeIgniter\Model->doFindAll(0, 0)
#6 C:\laragon\www\dilg\backend\backend\app\Controllers\ServiceController.php(168): CodeIgniter\BaseModel->findAll()
#7 C:\laragon\www\dilg\backend\backend\system\CodeIgniter.php(919): App\Controllers\ServiceController->getUserDataServiceable()
#8 C:\laragon\www\dilg\backend\backend\system\CodeIgniter.php(494): CodeIgniter\CodeIgniter->runController(Object(App\Controllers\ServiceController))
#9 C:\laragon\www\dilg\backend\backend\system\CodeIgniter.php(353): CodeIgniter\CodeIgniter->handleRequest(NULL, Object(Config\Cache), false)
#10 C:\laragon\www\dilg\backend\index.php(86): CodeIgniter\CodeIgniter->run()
#11 {main}
CRITICAL - 2024-11-03 19:53:19 --> Unknown column 'databaseppe.empfullname' in 'where clause'
in SYSTEMPATH\Database\BaseConnection.php on line 646.
 1 SYSTEMPATH\Database\BaseBuilder.php(1615): CodeIgniter\Database\BaseConnection->query('SELECT `databaseppe`.*, `inventoryppe`.`entityname`, `inventoryppe`.`classification`, `inventoryppe`.`code`, `inventoryppe`.`article`, `inventoryppe`.`modelno`, `inventoryppe`.`serialno`, `inventoryppe`.`fulldescription`, `inventoryppe`.`image`
FROM `databaseppe`
LEFT JOIN `inventoryppe` ON `inventoryppe`.`particulars` = `databaseppe`.`particulars`
WHERE `databaseppe`.`empfullname` = :databaseppe.empfullname:
AND `databaseppe`.`status` = :databaseppe.status:
ORDER BY `databaseppe`.`id` DESC', [...], false)
 2 SYSTEMPATH\Model.php(237): CodeIgniter\Database\BaseBuilder->get()
 3 SYSTEMPATH\BaseModel.php(624): CodeIgniter\Model->doFindAll(0, 0)
 4 APPPATH\Controllers\ServiceController.php(168): CodeIgniter\BaseModel->findAll()
 5 SYSTEMPATH\CodeIgniter.php(919): App\Controllers\ServiceController->getUserDataServiceable()
 6 SYSTEMPATH\CodeIgniter.php(494): CodeIgniter\CodeIgniter->runController(Object(App\Controllers\ServiceController))
 7 SYSTEMPATH\CodeIgniter.php(353): CodeIgniter\CodeIgniter->handleRequest(null, Object(Config\Cache), false)
 8 FCPATH\index.php(86): CodeIgniter\CodeIgniter->run()
ERROR - 2024-11-03 19:53:19 --> mysqli_sql_exception: Unknown column 'databaseppe.empfullname' in 'where clause' in C:\laragon\www\dilg\backend\backend\system\Database\MySQLi\Connection.php:306
Stack trace:
#0 C:\laragon\www\dilg\backend\backend\system\Database\MySQLi\Connection.php(306): mysqli->query('SELECT `databas...', 0)
#1 C:\laragon\www\dilg\backend\backend\system\Database\BaseConnection.php(692): CodeIgniter\Database\MySQLi\Connection->execute('SELECT `databas...')
#2 C:\laragon\www\dilg\backend\backend\system\Database\BaseConnection.php(606): CodeIgniter\Database\BaseConnection->simpleQuery('SELECT `databas...')
#3 C:\laragon\www\dilg\backend\backend\system\Database\BaseBuilder.php(1615): CodeIgniter\Database\BaseConnection->query('SELECT `databas...', Array, false)
#4 C:\laragon\www\dilg\backend\backend\system\Model.php(237): CodeIgniter\Database\BaseBuilder->get()
#5 C:\laragon\www\dilg\backend\backend\system\BaseModel.php(624): CodeIgniter\Model->doFindAll(0, 0)
#6 C:\laragon\www\dilg\backend\backend\app\Controllers\ServiceController.php(202): CodeIgniter\BaseModel->findAll()
#7 C:\laragon\www\dilg\backend\backend\system\CodeIgniter.php(919): App\Controllers\ServiceController->getUserDataUnserviceable()
#8 C:\laragon\www\dilg\backend\backend\system\CodeIgniter.php(494): CodeIgniter\CodeIgniter->runController(Object(App\Controllers\ServiceController))
#9 C:\laragon\www\dilg\backend\backend\system\CodeIgniter.php(353): CodeIgniter\CodeIgniter->handleRequest(NULL, Object(Config\Cache), false)
#10 C:\laragon\www\dilg\backend\index.php(86): CodeIgniter\CodeIgniter->run()
#11 {main}
CRITICAL - 2024-11-03 19:53:19 --> Unknown column 'databaseppe.empfullname' in 'where clause'
in SYSTEMPATH\Database\BaseConnection.php on line 646.
 1 SYSTEMPATH\Database\BaseBuilder.php(1615): CodeIgniter\Database\BaseConnection->query('SELECT `databaseppe`.*, `inventoryppe`.`entityname`, `inventoryppe`.`classification`, `inventoryppe`.`code`, `inventoryppe`.`article`, `inventoryppe`.`modelno`, `inventoryppe`.`serialno`, `inventoryppe`.`fulldescription`, `inventoryppe`.`image`
FROM `databaseppe`
LEFT JOIN `inventoryppe` ON `inventoryppe`.`particulars` = `databaseppe`.`particulars`
WHERE `databaseppe`.`empfullname` = :databaseppe.empfullname:
AND `databaseppe`.`status` = :databaseppe.status:
ORDER BY `databaseppe`.`id` DESC', [...], false)
 2 SYSTEMPATH\Model.php(237): CodeIgniter\Database\BaseBuilder->get()
 3 SYSTEMPATH\BaseModel.php(624): CodeIgniter\Model->doFindAll(0, 0)
 4 APPPATH\Controllers\ServiceController.php(202): CodeIgniter\BaseModel->findAll()
 5 SYSTEMPATH\CodeIgniter.php(919): App\Controllers\ServiceController->getUserDataUnserviceable()
 6 SYSTEMPATH\CodeIgniter.php(494): CodeIgniter\CodeIgniter->runController(Object(App\Controllers\ServiceController))
 7 SYSTEMPATH\CodeIgniter.php(353): CodeIgniter\CodeIgniter->handleRequest(null, Object(Config\Cache), false)
 8 FCPATH\index.php(86): CodeIgniter\CodeIgniter->run()
ERROR - 2024-11-03 19:53:20 --> mysqli_sql_exception: Unknown column 'databaseppe.empfullname' in 'where clause' in C:\laragon\www\dilg\backend\backend\system\Database\MySQLi\Connection.php:306
Stack trace:
#0 C:\laragon\www\dilg\backend\backend\system\Database\MySQLi\Connection.php(306): mysqli->query('SELECT `databas...', 0)
#1 C:\laragon\www\dilg\backend\backend\system\Database\BaseConnection.php(692): CodeIgniter\Database\MySQLi\Connection->execute('SELECT `databas...')
#2 C:\laragon\www\dilg\backend\backend\system\Database\BaseConnection.php(606): CodeIgniter\Database\BaseConnection->simpleQuery('SELECT `databas...')
#3 C:\laragon\www\dilg\backend\backend\system\Database\BaseBuilder.php(1615): CodeIgniter\Database\BaseConnection->query('SELECT `databas...', Array, false)
#4 C:\laragon\www\dilg\backend\backend\system\Model.php(237): CodeIgniter\Database\BaseBuilder->get()
#5 C:\laragon\www\dilg\backend\backend\system\BaseModel.php(624): CodeIgniter\Model->doFindAll(0, 0)
#6 C:\laragon\www\dilg\backend\backend\app\Controllers\ServiceController.php(168): CodeIgniter\BaseModel->findAll()
#7 C:\laragon\www\dilg\backend\backend\system\CodeIgniter.php(919): App\Controllers\ServiceController->getUserDataServiceable()
#8 C:\laragon\www\dilg\backend\backend\system\CodeIgniter.php(494): CodeIgniter\CodeIgniter->runController(Object(App\Controllers\ServiceController))
#9 C:\laragon\www\dilg\backend\backend\system\CodeIgniter.php(353): CodeIgniter\CodeIgniter->handleRequest(NULL, Object(Config\Cache), false)
#10 C:\laragon\www\dilg\backend\index.php(86): CodeIgniter\CodeIgniter->run()
#11 {main}
CRITICAL - 2024-11-03 19:53:20 --> Unknown column 'databaseppe.empfullname' in 'where clause'
in SYSTEMPATH\Database\BaseConnection.php on line 646.
 1 SYSTEMPATH\Database\BaseBuilder.php(1615): CodeIgniter\Database\BaseConnection->query('SELECT `databaseppe`.*, `inventoryppe`.`entityname`, `inventoryppe`.`classification`, `inventoryppe`.`code`, `inventoryppe`.`article`, `inventoryppe`.`modelno`, `inventoryppe`.`serialno`, `inventoryppe`.`fulldescription`, `inventoryppe`.`image`
FROM `databaseppe`
LEFT JOIN `inventoryppe` ON `inventoryppe`.`particulars` = `databaseppe`.`particulars`
WHERE `databaseppe`.`empfullname` = :databaseppe.empfullname:
AND `databaseppe`.`status` = :databaseppe.status:
ORDER BY `databaseppe`.`id` DESC', [...], false)
 2 SYSTEMPATH\Model.php(237): CodeIgniter\Database\BaseBuilder->get()
 3 SYSTEMPATH\BaseModel.php(624): CodeIgniter\Model->doFindAll(0, 0)
 4 APPPATH\Controllers\ServiceController.php(168): CodeIgniter\BaseModel->findAll()
 5 SYSTEMPATH\CodeIgniter.php(919): App\Controllers\ServiceController->getUserDataServiceable()
 6 SYSTEMPATH\CodeIgniter.php(494): CodeIgniter\CodeIgniter->runController(Object(App\Controllers\ServiceController))
 7 SYSTEMPATH\CodeIgniter.php(353): CodeIgniter\CodeIgniter->handleRequest(null, Object(Config\Cache), false)
 8 FCPATH\index.php(86): CodeIgniter\CodeIgniter->run()
ERROR - 2024-11-03 19:53:20 --> mysqli_sql_exception: Unknown column 'databaseppe.empfullname' in 'where clause' in C:\laragon\www\dilg\backend\backend\system\Database\MySQLi\Connection.php:306
Stack trace:
#0 C:\laragon\www\dilg\backend\backend\system\Database\MySQLi\Connection.php(306): mysqli->query('SELECT `databas...', 0)
#1 C:\laragon\www\dilg\backend\backend\system\Database\BaseConnection.php(692): CodeIgniter\Database\MySQLi\Connection->execute('SELECT `databas...')
#2 C:\laragon\www\dilg\backend\backend\system\Database\BaseConnection.php(606): CodeIgniter\Database\BaseConnection->simpleQuery('SELECT `databas...')
#3 C:\laragon\www\dilg\backend\backend\system\Database\BaseBuilder.php(1615): CodeIgniter\Database\BaseConnection->query('SELECT `databas...', Array, false)
#4 C:\laragon\www\dilg\backend\backend\system\Model.php(237): CodeIgniter\Database\BaseBuilder->get()
#5 C:\laragon\www\dilg\backend\backend\system\BaseModel.php(624): CodeIgniter\Model->doFindAll(0, 0)
#6 C:\laragon\www\dilg\backend\backend\app\Controllers\ServiceController.php(202): CodeIgniter\BaseModel->findAll()
#7 C:\laragon\www\dilg\backend\backend\system\CodeIgniter.php(919): App\Controllers\ServiceController->getUserDataUnserviceable()
#8 C:\laragon\www\dilg\backend\backend\system\CodeIgniter.php(494): CodeIgniter\CodeIgniter->runController(Object(App\Controllers\ServiceController))
#9 C:\laragon\www\dilg\backend\backend\system\CodeIgniter.php(353): CodeIgniter\CodeIgniter->handleRequest(NULL, Object(Config\Cache), false)
#10 C:\laragon\www\dilg\backend\index.php(86): CodeIgniter\CodeIgniter->run()
#11 {main}
CRITICAL - 2024-11-03 19:53:20 --> Unknown column 'databaseppe.empfullname' in 'where clause'
in SYSTEMPATH\Database\BaseConnection.php on line 646.
 1 SYSTEMPATH\Database\BaseBuilder.php(1615): CodeIgniter\Database\BaseConnection->query('SELECT `databaseppe`.*, `inventoryppe`.`entityname`, `inventoryppe`.`classification`, `inventoryppe`.`code`, `inventoryppe`.`article`, `inventoryppe`.`modelno`, `inventoryppe`.`serialno`, `inventoryppe`.`fulldescription`, `inventoryppe`.`image`
FROM `databaseppe`
LEFT JOIN `inventoryppe` ON `inventoryppe`.`particulars` = `databaseppe`.`particulars`
WHERE `databaseppe`.`empfullname` = :databaseppe.empfullname:
AND `databaseppe`.`status` = :databaseppe.status:
ORDER BY `databaseppe`.`id` DESC', [...], false)
 2 SYSTEMPATH\Model.php(237): CodeIgniter\Database\BaseBuilder->get()
 3 SYSTEMPATH\BaseModel.php(624): CodeIgniter\Model->doFindAll(0, 0)
 4 APPPATH\Controllers\ServiceController.php(202): CodeIgniter\BaseModel->findAll()
 5 SYSTEMPATH\CodeIgniter.php(919): App\Controllers\ServiceController->getUserDataUnserviceable()
 6 SYSTEMPATH\CodeIgniter.php(494): CodeIgniter\CodeIgniter->runController(Object(App\Controllers\ServiceController))
 7 SYSTEMPATH\CodeIgniter.php(353): CodeIgniter\CodeIgniter->handleRequest(null, Object(Config\Cache), false)
 8 FCPATH\index.php(86): CodeIgniter\CodeIgniter->run()
ERROR - 2024-11-03 19:53:21 --> mysqli_sql_exception: Unknown column 'databaseppe.empfullname' in 'where clause' in C:\laragon\www\dilg\backend\backend\system\Database\MySQLi\Connection.php:306
Stack trace:
#0 C:\laragon\www\dilg\backend\backend\system\Database\MySQLi\Connection.php(306): mysqli->query('SELECT `databas...', 0)
#1 C:\laragon\www\dilg\backend\backend\system\Database\BaseConnection.php(692): CodeIgniter\Database\MySQLi\Connection->execute('SELECT `databas...')
#2 C:\laragon\www\dilg\backend\backend\system\Database\BaseConnection.php(606): CodeIgniter\Database\BaseConnection->simpleQuery('SELECT `databas...')
#3 C:\laragon\www\dilg\backend\backend\system\Database\BaseBuilder.php(1615): CodeIgniter\Database\BaseConnection->query('SELECT `databas...', Array, false)
#4 C:\laragon\www\dilg\backend\backend\system\Model.php(237): CodeIgniter\Database\BaseBuilder->get()
#5 C:\laragon\www\dilg\backend\backend\system\BaseModel.php(624): CodeIgniter\Model->doFindAll(0, 0)
#6 C:\laragon\www\dilg\backend\backend\app\Controllers\ServiceController.php(168): CodeIgniter\BaseModel->findAll()
#7 C:\laragon\www\dilg\backend\backend\system\CodeIgniter.php(919): App\Controllers\ServiceController->getUserDataServiceable()
#8 C:\laragon\www\dilg\backend\backend\system\CodeIgniter.php(494): CodeIgniter\CodeIgniter->runController(Object(App\Controllers\ServiceController))
#9 C:\laragon\www\dilg\backend\backend\system\CodeIgniter.php(353): CodeIgniter\CodeIgniter->handleRequest(NULL, Object(Config\Cache), false)
#10 C:\laragon\www\dilg\backend\index.php(86): CodeIgniter\CodeIgniter->run()
#11 {main}
CRITICAL - 2024-11-03 19:53:21 --> Unknown column 'databaseppe.empfullname' in 'where clause'
in SYSTEMPATH\Database\BaseConnection.php on line 646.
 1 SYSTEMPATH\Database\BaseBuilder.php(1615): CodeIgniter\Database\BaseConnection->query('SELECT `databaseppe`.*, `inventoryppe`.`entityname`, `inventoryppe`.`classification`, `inventoryppe`.`code`, `inventoryppe`.`article`, `inventoryppe`.`modelno`, `inventoryppe`.`serialno`, `inventoryppe`.`fulldescription`, `inventoryppe`.`image`
FROM `databaseppe`
LEFT JOIN `inventoryppe` ON `inventoryppe`.`particulars` = `databaseppe`.`particulars`
WHERE `databaseppe`.`empfullname` = :databaseppe.empfullname:
AND `databaseppe`.`status` = :databaseppe.status:
ORDER BY `databaseppe`.`id` DESC', [...], false)
 2 SYSTEMPATH\Model.php(237): CodeIgniter\Database\BaseBuilder->get()
 3 SYSTEMPATH\BaseModel.php(624): CodeIgniter\Model->doFindAll(0, 0)
 4 APPPATH\Controllers\ServiceController.php(168): CodeIgniter\BaseModel->findAll()
 5 SYSTEMPATH\CodeIgniter.php(919): App\Controllers\ServiceController->getUserDataServiceable()
 6 SYSTEMPATH\CodeIgniter.php(494): CodeIgniter\CodeIgniter->runController(Object(App\Controllers\ServiceController))
 7 SYSTEMPATH\CodeIgniter.php(353): CodeIgniter\CodeIgniter->handleRequest(null, Object(Config\Cache), false)
 8 FCPATH\index.php(86): CodeIgniter\CodeIgniter->run()
ERROR - 2024-11-03 19:53:21 --> mysqli_sql_exception: Unknown column 'databaseppe.empfullname' in 'where clause' in C:\laragon\www\dilg\backend\backend\system\Database\MySQLi\Connection.php:306
Stack trace:
#0 C:\laragon\www\dilg\backend\backend\system\Database\MySQLi\Connection.php(306): mysqli->query('SELECT `databas...', 0)
#1 C:\laragon\www\dilg\backend\backend\system\Database\BaseConnection.php(692): CodeIgniter\Database\MySQLi\Connection->execute('SELECT `databas...')
#2 C:\laragon\www\dilg\backend\backend\system\Database\BaseConnection.php(606): CodeIgniter\Database\BaseConnection->simpleQuery('SELECT `databas...')
#3 C:\laragon\www\dilg\backend\backend\system\Database\BaseBuilder.php(1615): CodeIgniter\Database\BaseConnection->query('SELECT `databas...', Array, false)
#4 C:\laragon\www\dilg\backend\backend\system\Model.php(237): CodeIgniter\Database\BaseBuilder->get()
#5 C:\laragon\www\dilg\backend\backend\system\BaseModel.php(624): CodeIgniter\Model->doFindAll(0, 0)
#6 C:\laragon\www\dilg\backend\backend\app\Controllers\ServiceController.php(168): CodeIgniter\BaseModel->findAll()
#7 C:\laragon\www\dilg\backend\backend\system\CodeIgniter.php(919): App\Controllers\ServiceController->getUserDataServiceable()
#8 C:\laragon\www\dilg\backend\backend\system\CodeIgniter.php(494): CodeIgniter\CodeIgniter->runController(Object(App\Controllers\ServiceController))
#9 C:\laragon\www\dilg\backend\backend\system\CodeIgniter.php(353): CodeIgniter\CodeIgniter->handleRequest(NULL, Object(Config\Cache), false)
#10 C:\laragon\www\dilg\backend\index.php(86): CodeIgniter\CodeIgniter->run()
#11 {main}
CRITICAL - 2024-11-03 19:53:21 --> Unknown column 'databaseppe.empfullname' in 'where clause'
in SYSTEMPATH\Database\BaseConnection.php on line 646.
 1 SYSTEMPATH\Database\BaseBuilder.php(1615): CodeIgniter\Database\BaseConnection->query('SELECT `databaseppe`.*, `inventoryppe`.`entityname`, `inventoryppe`.`classification`, `inventoryppe`.`code`, `inventoryppe`.`article`, `inventoryppe`.`modelno`, `inventoryppe`.`serialno`, `inventoryppe`.`fulldescription`, `inventoryppe`.`image`
FROM `databaseppe`
LEFT JOIN `inventoryppe` ON `inventoryppe`.`particulars` = `databaseppe`.`particulars`
WHERE `databaseppe`.`empfullname` = :databaseppe.empfullname:
AND `databaseppe`.`status` = :databaseppe.status:
ORDER BY `databaseppe`.`id` DESC', [...], false)
 2 SYSTEMPATH\Model.php(237): CodeIgniter\Database\BaseBuilder->get()
 3 SYSTEMPATH\BaseModel.php(624): CodeIgniter\Model->doFindAll(0, 0)
 4 APPPATH\Controllers\ServiceController.php(168): CodeIgniter\BaseModel->findAll()
 5 SYSTEMPATH\CodeIgniter.php(919): App\Controllers\ServiceController->getUserDataServiceable()
 6 SYSTEMPATH\CodeIgniter.php(494): CodeIgniter\CodeIgniter->runController(Object(App\Controllers\ServiceController))
 7 SYSTEMPATH\CodeIgniter.php(353): CodeIgniter\CodeIgniter->handleRequest(null, Object(Config\Cache), false)
 8 FCPATH\index.php(86): CodeIgniter\CodeIgniter->run()
ERROR - 2024-11-03 19:53:22 --> mysqli_sql_exception: Unknown column 'databaseppe.empfullname' in 'where clause' in C:\laragon\www\dilg\backend\backend\system\Database\MySQLi\Connection.php:306
Stack trace:
#0 C:\laragon\www\dilg\backend\backend\system\Database\MySQLi\Connection.php(306): mysqli->query('SELECT `databas...', 0)
#1 C:\laragon\www\dilg\backend\backend\system\Database\BaseConnection.php(692): CodeIgniter\Database\MySQLi\Connection->execute('SELECT `databas...')
#2 C:\laragon\www\dilg\backend\backend\system\Database\BaseConnection.php(606): CodeIgniter\Database\BaseConnection->simpleQuery('SELECT `databas...')
#3 C:\laragon\www\dilg\backend\backend\system\Database\BaseBuilder.php(1615): CodeIgniter\Database\BaseConnection->query('SELECT `databas...', Array, false)
#4 C:\laragon\www\dilg\backend\backend\system\Model.php(237): CodeIgniter\Database\BaseBuilder->get()
#5 C:\laragon\www\dilg\backend\backend\system\BaseModel.php(624): CodeIgniter\Model->doFindAll(0, 0)
#6 C:\laragon\www\dilg\backend\backend\app\Controllers\ServiceController.php(202): CodeIgniter\BaseModel->findAll()
#7 C:\laragon\www\dilg\backend\backend\system\CodeIgniter.php(919): App\Controllers\ServiceController->getUserDataUnserviceable()
#8 C:\laragon\www\dilg\backend\backend\system\CodeIgniter.php(494): CodeIgniter\CodeIgniter->runController(Object(App\Controllers\ServiceController))
#9 C:\laragon\www\dilg\backend\backend\system\CodeIgniter.php(353): CodeIgniter\CodeIgniter->handleRequest(NULL, Object(Config\Cache), false)
#10 C:\laragon\www\dilg\backend\index.php(86): CodeIgniter\CodeIgniter->run()
#11 {main}
CRITICAL - 2024-11-03 19:53:22 --> Unknown column 'databaseppe.empfullname' in 'where clause'
in SYSTEMPATH\Database\BaseConnection.php on line 646.
 1 SYSTEMPATH\Database\BaseBuilder.php(1615): CodeIgniter\Database\BaseConnection->query('SELECT `databaseppe`.*, `inventoryppe`.`entityname`, `inventoryppe`.`classification`, `inventoryppe`.`code`, `inventoryppe`.`article`, `inventoryppe`.`modelno`, `inventoryppe`.`serialno`, `inventoryppe`.`fulldescription`, `inventoryppe`.`image`
FROM `databaseppe`
LEFT JOIN `inventoryppe` ON `inventoryppe`.`particulars` = `databaseppe`.`particulars`
WHERE `databaseppe`.`empfullname` = :databaseppe.empfullname:
AND `databaseppe`.`status` = :databaseppe.status:
ORDER BY `databaseppe`.`id` DESC', [...], false)
 2 SYSTEMPATH\Model.php(237): CodeIgniter\Database\BaseBuilder->get()
 3 SYSTEMPATH\BaseModel.php(624): CodeIgniter\Model->doFindAll(0, 0)
 4 APPPATH\Controllers\ServiceController.php(202): CodeIgniter\BaseModel->findAll()
 5 SYSTEMPATH\CodeIgniter.php(919): App\Controllers\ServiceController->getUserDataUnserviceable()
 6 SYSTEMPATH\CodeIgniter.php(494): CodeIgniter\CodeIgniter->runController(Object(App\Controllers\ServiceController))
 7 SYSTEMPATH\CodeIgniter.php(353): CodeIgniter\CodeIgniter->handleRequest(null, Object(Config\Cache), false)
 8 FCPATH\index.php(86): CodeIgniter\CodeIgniter->run()
ERROR - 2024-11-03 19:53:22 --> mysqli_sql_exception: Unknown column 'databaseppe.empfullname' in 'where clause' in C:\laragon\www\dilg\backend\backend\system\Database\MySQLi\Connection.php:306
Stack trace:
#0 C:\laragon\www\dilg\backend\backend\system\Database\MySQLi\Connection.php(306): mysqli->query('SELECT `databas...', 0)
#1 C:\laragon\www\dilg\backend\backend\system\Database\BaseConnection.php(692): CodeIgniter\Database\MySQLi\Connection->execute('SELECT `databas...')
#2 C:\laragon\www\dilg\backend\backend\system\Database\BaseConnection.php(606): CodeIgniter\Database\BaseConnection->simpleQuery('SELECT `databas...')
#3 C:\laragon\www\dilg\backend\backend\system\Database\BaseBuilder.php(1615): CodeIgniter\Database\BaseConnection->query('SELECT `databas...', Array, false)
#4 C:\laragon\www\dilg\backend\backend\system\Model.php(237): CodeIgniter\Database\BaseBuilder->get()
#5 C:\laragon\www\dilg\backend\backend\system\BaseModel.php(624): CodeIgniter\Model->doFindAll(0, 0)
#6 C:\laragon\www\dilg\backend\backend\app\Controllers\ServiceController.php(168): CodeIgniter\BaseModel->findAll()
#7 C:\laragon\www\dilg\backend\backend\system\CodeIgniter.php(919): App\Controllers\ServiceController->getUserDataServiceable()
#8 C:\laragon\www\dilg\backend\backend\system\CodeIgniter.php(494): CodeIgniter\CodeIgniter->runController(Object(App\Controllers\ServiceController))
#9 C:\laragon\www\dilg\backend\backend\system\CodeIgniter.php(353): CodeIgniter\CodeIgniter->handleRequest(NULL, Object(Config\Cache), false)
#10 C:\laragon\www\dilg\backend\index.php(86): CodeIgniter\CodeIgniter->run()
#11 {main}
CRITICAL - 2024-11-03 19:53:22 --> Unknown column 'databaseppe.empfullname' in 'where clause'
in SYSTEMPATH\Database\BaseConnection.php on line 646.
 1 SYSTEMPATH\Database\BaseBuilder.php(1615): CodeIgniter\Database\BaseConnection->query('SELECT `databaseppe`.*, `inventoryppe`.`entityname`, `inventoryppe`.`classification`, `inventoryppe`.`code`, `inventoryppe`.`article`, `inventoryppe`.`modelno`, `inventoryppe`.`serialno`, `inventoryppe`.`fulldescription`, `inventoryppe`.`image`
FROM `databaseppe`
LEFT JOIN `inventoryppe` ON `inventoryppe`.`particulars` = `databaseppe`.`particulars`
WHERE `databaseppe`.`empfullname` = :databaseppe.empfullname:
AND `databaseppe`.`status` = :databaseppe.status:
ORDER BY `databaseppe`.`id` DESC', [...], false)
 2 SYSTEMPATH\Model.php(237): CodeIgniter\Database\BaseBuilder->get()
 3 SYSTEMPATH\BaseModel.php(624): CodeIgniter\Model->doFindAll(0, 0)
 4 APPPATH\Controllers\ServiceController.php(168): CodeIgniter\BaseModel->findAll()
 5 SYSTEMPATH\CodeIgniter.php(919): App\Controllers\ServiceController->getUserDataServiceable()
 6 SYSTEMPATH\CodeIgniter.php(494): CodeIgniter\CodeIgniter->runController(Object(App\Controllers\ServiceController))
 7 SYSTEMPATH\CodeIgniter.php(353): CodeIgniter\CodeIgniter->handleRequest(null, Object(Config\Cache), false)
 8 FCPATH\index.php(86): CodeIgniter\CodeIgniter->run()
ERROR - 2024-11-03 19:53:23 --> mysqli_sql_exception: Unknown column 'databaseppe.empfullname' in 'where clause' in C:\laragon\www\dilg\backend\backend\system\Database\MySQLi\Connection.php:306
Stack trace:
#0 C:\laragon\www\dilg\backend\backend\system\Database\MySQLi\Connection.php(306): mysqli->query('SELECT `databas...', 0)
#1 C:\laragon\www\dilg\backend\backend\system\Database\BaseConnection.php(692): CodeIgniter\Database\MySQLi\Connection->execute('SELECT `databas...')
#2 C:\laragon\www\dilg\backend\backend\system\Database\BaseConnection.php(606): CodeIgniter\Database\BaseConnection->simpleQuery('SELECT `databas...')
#3 C:\laragon\www\dilg\backend\backend\system\Database\BaseBuilder.php(1615): CodeIgniter\Database\BaseConnection->query('SELECT `databas...', Array, false)
#4 C:\laragon\www\dilg\backend\backend\system\Model.php(237): CodeIgniter\Database\BaseBuilder->get()
#5 C:\laragon\www\dilg\backend\backend\system\BaseModel.php(624): CodeIgniter\Model->doFindAll(0, 0)
#6 C:\laragon\www\dilg\backend\backend\app\Controllers\ServiceController.php(202): CodeIgniter\BaseModel->findAll()
#7 C:\laragon\www\dilg\backend\backend\system\CodeIgniter.php(919): App\Controllers\ServiceController->getUserDataUnserviceable()
#8 C:\laragon\www\dilg\backend\backend\system\CodeIgniter.php(494): CodeIgniter\CodeIgniter->runController(Object(App\Controllers\ServiceController))
#9 C:\laragon\www\dilg\backend\backend\system\CodeIgniter.php(353): CodeIgniter\CodeIgniter->handleRequest(NULL, Object(Config\Cache), false)
#10 C:\laragon\www\dilg\backend\index.php(86): CodeIgniter\CodeIgniter->run()
#11 {main}
CRITICAL - 2024-11-03 19:53:23 --> Unknown column 'databaseppe.empfullname' in 'where clause'
in SYSTEMPATH\Database\BaseConnection.php on line 646.
 1 SYSTEMPATH\Database\BaseBuilder.php(1615): CodeIgniter\Database\BaseConnection->query('SELECT `databaseppe`.*, `inventoryppe`.`entityname`, `inventoryppe`.`classification`, `inventoryppe`.`code`, `inventoryppe`.`article`, `inventoryppe`.`modelno`, `inventoryppe`.`serialno`, `inventoryppe`.`fulldescription`, `inventoryppe`.`image`
FROM `databaseppe`
LEFT JOIN `inventoryppe` ON `inventoryppe`.`particulars` = `databaseppe`.`particulars`
WHERE `databaseppe`.`empfullname` = :databaseppe.empfullname:
AND `databaseppe`.`status` = :databaseppe.status:
ORDER BY `databaseppe`.`id` DESC', [...], false)
 2 SYSTEMPATH\Model.php(237): CodeIgniter\Database\BaseBuilder->get()
 3 SYSTEMPATH\BaseModel.php(624): CodeIgniter\Model->doFindAll(0, 0)
 4 APPPATH\Controllers\ServiceController.php(202): CodeIgniter\BaseModel->findAll()
 5 SYSTEMPATH\CodeIgniter.php(919): App\Controllers\ServiceController->getUserDataUnserviceable()
 6 SYSTEMPATH\CodeIgniter.php(494): CodeIgniter\CodeIgniter->runController(Object(App\Controllers\ServiceController))
 7 SYSTEMPATH\CodeIgniter.php(353): CodeIgniter\CodeIgniter->handleRequest(null, Object(Config\Cache), false)
 8 FCPATH\index.php(86): CodeIgniter\CodeIgniter->run()
ERROR - 2024-11-03 19:53:24 --> mysqli_sql_exception: Unknown column 'databaseppe.empfullname' in 'where clause' in C:\laragon\www\dilg\backend\backend\system\Database\MySQLi\Connection.php:306
Stack trace:
#0 C:\laragon\www\dilg\backend\backend\system\Database\MySQLi\Connection.php(306): mysqli->query('SELECT `databas...', 0)
#1 C:\laragon\www\dilg\backend\backend\system\Database\BaseConnection.php(692): CodeIgniter\Database\MySQLi\Connection->execute('SELECT `databas...')
#2 C:\laragon\www\dilg\backend\backend\system\Database\BaseConnection.php(606): CodeIgniter\Database\BaseConnection->simpleQuery('SELECT `databas...')
#3 C:\laragon\www\dilg\backend\backend\system\Database\BaseBuilder.php(1615): CodeIgniter\Database\BaseConnection->query('SELECT `databas...', Array, false)
#4 C:\laragon\www\dilg\backend\backend\system\Model.php(237): CodeIgniter\Database\BaseBuilder->get()
#5 C:\laragon\www\dilg\backend\backend\system\BaseModel.php(624): CodeIgniter\Model->doFindAll(0, 0)
#6 C:\laragon\www\dilg\backend\backend\app\Controllers\ServiceController.php(202): CodeIgniter\BaseModel->findAll()
#7 C:\laragon\www\dilg\backend\backend\system\CodeIgniter.php(919): App\Controllers\ServiceController->getUserDataUnserviceable()
#8 C:\laragon\www\dilg\backend\backend\system\CodeIgniter.php(494): CodeIgniter\CodeIgniter->runController(Object(App\Controllers\ServiceController))
#9 C:\laragon\www\dilg\backend\backend\system\CodeIgniter.php(353): CodeIgniter\CodeIgniter->handleRequest(NULL, Object(Config\Cache), false)
#10 C:\laragon\www\dilg\backend\index.php(86): CodeIgniter\CodeIgniter->run()
#11 {main}
CRITICAL - 2024-11-03 19:53:24 --> Unknown column 'databaseppe.empfullname' in 'where clause'
in SYSTEMPATH\Database\BaseConnection.php on line 646.
 1 SYSTEMPATH\Database\BaseBuilder.php(1615): CodeIgniter\Database\BaseConnection->query('SELECT `databaseppe`.*, `inventoryppe`.`entityname`, `inventoryppe`.`classification`, `inventoryppe`.`code`, `inventoryppe`.`article`, `inventoryppe`.`modelno`, `inventoryppe`.`serialno`, `inventoryppe`.`fulldescription`, `inventoryppe`.`image`
FROM `databaseppe`
LEFT JOIN `inventoryppe` ON `inventoryppe`.`particulars` = `databaseppe`.`particulars`
WHERE `databaseppe`.`empfullname` = :databaseppe.empfullname:
AND `databaseppe`.`status` = :databaseppe.status:
ORDER BY `databaseppe`.`id` DESC', [...], false)
 2 SYSTEMPATH\Model.php(237): CodeIgniter\Database\BaseBuilder->get()
 3 SYSTEMPATH\BaseModel.php(624): CodeIgniter\Model->doFindAll(0, 0)
 4 APPPATH\Controllers\ServiceController.php(202): CodeIgniter\BaseModel->findAll()
 5 SYSTEMPATH\CodeIgniter.php(919): App\Controllers\ServiceController->getUserDataUnserviceable()
 6 SYSTEMPATH\CodeIgniter.php(494): CodeIgniter\CodeIgniter->runController(Object(App\Controllers\ServiceController))
 7 SYSTEMPATH\CodeIgniter.php(353): CodeIgniter\CodeIgniter->handleRequest(null, Object(Config\Cache), false)
 8 FCPATH\index.php(86): CodeIgniter\CodeIgniter->run()
