CRITICAL - 2023-11-28 02:38:28 --> Call to undefined method App\Controllers\RequestController::respond()
in APPPATH\Controllers\RequestController.php on line 21.
 1 SYSTEMPATH\CodeIgniter.php(919): App\Controllers\RequestController->getReq()
 2 SYSTEMPATH\CodeIgniter.php(494): CodeIgniter\CodeIgniter->runController(Object(App\Controllers\RequestController))
 3 SYSTEMPATH\CodeIgniter.php(353): CodeIgniter\CodeIgniter->handleRequest(null, Object(Config\Cache), false)
 4 FCPATH\index.php(86): CodeIgniter\CodeIgniter->run()
CRITICAL - 2023-11-28 02:39:06 --> Call to undefined method App\Controllers\RequestController::respond()
in APPPATH\Controllers\RequestController.php on line 33.
 1 SYSTEMPATH\CodeIgniter.php(919): App\Controllers\RequestController->send_request()
 2 SYSTEMPATH\CodeIgniter.php(494): CodeIgniter\CodeIgniter->runController(Object(App\Controllers\RequestController))
 3 SYSTEMPATH\CodeIgniter.php(353): CodeIgniter\CodeIgniter->handleRequest(null, Object(Config\Cache), false)
 4 FCPATH\index.php(86): CodeIgniter\CodeIgniter->run()
CRITICAL - 2023-11-28 04:16:54 --> Call to undefined method App\Controllers\RequestController::respond()
in APPPATH\Controllers\RequestController.php on line 21.
 1 SYSTEMPATH\CodeIgniter.php(919): App\Controllers\RequestController->getReq()
 2 SYSTEMPATH\CodeIgniter.php(494): CodeIgniter\CodeIgniter->runController(Object(App\Controllers\RequestController))
 3 SYSTEMPATH\CodeIgniter.php(353): CodeIgniter\CodeIgniter->handleRequest(null, Object(Config\Cache), false)
 4 FCPATH\index.php(86): CodeIgniter\CodeIgniter->run()
CRITICAL - 2023-11-28 04:35:37 --> Call to undefined method App\Controllers\RequestController::respond()
in APPPATH\Controllers\RequestController.php on line 21.
 1 SYSTEMPATH\CodeIgniter.php(919): App\Controllers\RequestController->getReq()
 2 SYSTEMPATH\CodeIgniter.php(494): CodeIgniter\CodeIgniter->runController(Object(App\Controllers\RequestController))
 3 SYSTEMPATH\CodeIgniter.php(353): CodeIgniter\CodeIgniter->handleRequest(null, Object(Config\Cache), false)
 4 FCPATH\index.php(86): CodeIgniter\CodeIgniter->run()
CRITICAL - 2023-11-28 04:57:46 --> Call to undefined method App\Controllers\RequestController::respond()
in APPPATH\Controllers\RequestController.php on line 21.
 1 SYSTEMPATH\CodeIgniter.php(919): App\Controllers\RequestController->getReq()
 2 SYSTEMPATH\CodeIgniter.php(494): CodeIgniter\CodeIgniter->runController(Object(App\Controllers\RequestController))
 3 SYSTEMPATH\CodeIgniter.php(353): CodeIgniter\CodeIgniter->handleRequest(null, Object(Config\Cache), false)
 4 FCPATH\index.php(86): CodeIgniter\CodeIgniter->run()
CRITICAL - 2023-11-28 04:58:07 --> Call to undefined method App\Controllers\RequestController::respond()
in APPPATH\Controllers\RequestController.php on line 21.
 1 SYSTEMPATH\CodeIgniter.php(919): App\Controllers\RequestController->getReq()
 2 SYSTEMPATH\CodeIgniter.php(494): CodeIgniter\CodeIgniter->runController(Object(App\Controllers\RequestController))
 3 SYSTEMPATH\CodeIgniter.php(353): CodeIgniter\CodeIgniter->handleRequest(null, Object(Config\Cache), false)
 4 FCPATH\index.php(86): CodeIgniter\CodeIgniter->run()
ERROR - 2023-11-28 05:01:21 --> mysqli_sql_exception: Column 'usertype' cannot be null in C:\laragon\www\dilg\backend\system\Database\MySQLi\Connection.php:306
Stack trace:
#0 C:\laragon\www\dilg\backend\system\Database\MySQLi\Connection.php(306): mysqli->query('INSERT INTO `si...', 0)
#1 C:\laragon\www\dilg\backend\system\Database\BaseConnection.php(692): CodeIgniter\Database\MySQLi\Connection->execute('INSERT INTO `si...')
#2 C:\laragon\www\dilg\backend\system\Database\BaseConnection.php(606): CodeIgniter\Database\BaseConnection->simpleQuery('INSERT INTO `si...')
#3 C:\laragon\www\dilg\backend\system\Database\BaseBuilder.php(2308): CodeIgniter\Database\BaseConnection->query('INSERT INTO `si...', Array, false)
#4 C:\laragon\www\dilg\backend\system\Model.php(319): CodeIgniter\Database\BaseBuilder->insert()
#5 C:\laragon\www\dilg\backend\system\BaseModel.php(788): CodeIgniter\Model->doInsert(Array)
#6 C:\laragon\www\dilg\backend\system\Model.php(715): CodeIgniter\BaseModel->insert(Array, false)
#7 C:\laragon\www\dilg\backend\system\BaseModel.php(698): CodeIgniter\Model->insert(Array, false)
#8 C:\laragon\www\dilg\backend\app\Controllers\SigninController.php(74): CodeIgniter\BaseModel->save(Array)
#9 C:\laragon\www\dilg\backend\system\CodeIgniter.php(919): App\Controllers\SigninController->signup()
#10 C:\laragon\www\dilg\backend\system\CodeIgniter.php(494): CodeIgniter\CodeIgniter->runController(Object(App\Controllers\SigninController))
#11 C:\laragon\www\dilg\backend\system\CodeIgniter.php(353): CodeIgniter\CodeIgniter->handleRequest(NULL, Object(Config\Cache), false)
#12 C:\laragon\www\dilg\backend\public\index.php(86): CodeIgniter\CodeIgniter->run()
#13 {main}
CRITICAL - 2023-11-28 05:01:21 --> Column 'usertype' cannot be null
in SYSTEMPATH\Database\BaseConnection.php on line 646.
 1 SYSTEMPATH\Database\BaseBuilder.php(2308): CodeIgniter\Database\BaseConnection->query('INSERT INTO `signin` (`username`, `fullname`, `position`, `email`, `usertype`, `password`, `token`) VALUES (:username:, :fullname:, :position:, :email:, :usertype:, :password:, :token:)', [...], false)
 2 SYSTEMPATH\Model.php(319): CodeIgniter\Database\BaseBuilder->insert()
 3 SYSTEMPATH\BaseModel.php(788): CodeIgniter\Model->doInsert([...])
 4 SYSTEMPATH\Model.php(715): CodeIgniter\BaseModel->insert([...], false)
 5 SYSTEMPATH\BaseModel.php(698): CodeIgniter\Model->insert([...], false)
 6 APPPATH\Controllers\SigninController.php(74): CodeIgniter\BaseModel->save([...])
 7 SYSTEMPATH\CodeIgniter.php(919): App\Controllers\SigninController->signup()
 8 SYSTEMPATH\CodeIgniter.php(494): CodeIgniter\CodeIgniter->runController(Object(App\Controllers\SigninController))
 9 SYSTEMPATH\CodeIgniter.php(353): CodeIgniter\CodeIgniter->handleRequest(null, Object(Config\Cache), false)
10 FCPATH\index.php(86): CodeIgniter\CodeIgniter->run()
ERROR - 2023-11-28 05:02:06 --> mysqli_sql_exception: Column 'usertype' cannot be null in C:\laragon\www\dilg\backend\system\Database\MySQLi\Connection.php:306
Stack trace:
#0 C:\laragon\www\dilg\backend\system\Database\MySQLi\Connection.php(306): mysqli->query('INSERT INTO `si...', 0)
#1 C:\laragon\www\dilg\backend\system\Database\BaseConnection.php(692): CodeIgniter\Database\MySQLi\Connection->execute('INSERT INTO `si...')
#2 C:\laragon\www\dilg\backend\system\Database\BaseConnection.php(606): CodeIgniter\Database\BaseConnection->simpleQuery('INSERT INTO `si...')
#3 C:\laragon\www\dilg\backend\system\Database\BaseBuilder.php(2308): CodeIgniter\Database\BaseConnection->query('INSERT INTO `si...', Array, false)
#4 C:\laragon\www\dilg\backend\system\Model.php(319): CodeIgniter\Database\BaseBuilder->insert()
#5 C:\laragon\www\dilg\backend\system\BaseModel.php(788): CodeIgniter\Model->doInsert(Array)
#6 C:\laragon\www\dilg\backend\system\Model.php(715): CodeIgniter\BaseModel->insert(Array, false)
#7 C:\laragon\www\dilg\backend\system\BaseModel.php(698): CodeIgniter\Model->insert(Array, false)
#8 C:\laragon\www\dilg\backend\app\Controllers\SigninController.php(74): CodeIgniter\BaseModel->save(Array)
#9 C:\laragon\www\dilg\backend\system\CodeIgniter.php(919): App\Controllers\SigninController->signup()
#10 C:\laragon\www\dilg\backend\system\CodeIgniter.php(494): CodeIgniter\CodeIgniter->runController(Object(App\Controllers\SigninController))
#11 C:\laragon\www\dilg\backend\system\CodeIgniter.php(353): CodeIgniter\CodeIgniter->handleRequest(NULL, Object(Config\Cache), false)
#12 C:\laragon\www\dilg\backend\public\index.php(86): CodeIgniter\CodeIgniter->run()
#13 {main}
CRITICAL - 2023-11-28 05:02:06 --> Column 'usertype' cannot be null
in SYSTEMPATH\Database\BaseConnection.php on line 646.
 1 SYSTEMPATH\Database\BaseBuilder.php(2308): CodeIgniter\Database\BaseConnection->query('INSERT INTO `signin` (`username`, `fullname`, `position`, `email`, `usertype`, `password`, `token`) VALUES (:username:, :fullname:, :position:, :email:, :usertype:, :password:, :token:)', [...], false)
 2 SYSTEMPATH\Model.php(319): CodeIgniter\Database\BaseBuilder->insert()
 3 SYSTEMPATH\BaseModel.php(788): CodeIgniter\Model->doInsert([...])
 4 SYSTEMPATH\Model.php(715): CodeIgniter\BaseModel->insert([...], false)
 5 SYSTEMPATH\BaseModel.php(698): CodeIgniter\Model->insert([...], false)
 6 APPPATH\Controllers\SigninController.php(74): CodeIgniter\BaseModel->save([...])
 7 SYSTEMPATH\CodeIgniter.php(919): App\Controllers\SigninController->signup()
 8 SYSTEMPATH\CodeIgniter.php(494): CodeIgniter\CodeIgniter->runController(Object(App\Controllers\SigninController))
 9 SYSTEMPATH\CodeIgniter.php(353): CodeIgniter\CodeIgniter->handleRequest(null, Object(Config\Cache), false)
10 FCPATH\index.php(86): CodeIgniter\CodeIgniter->run()
CRITICAL - 2023-11-28 05:07:59 --> Call to undefined method App\Controllers\RequestController::respond()
in APPPATH\Controllers\RequestController.php on line 21.
 1 SYSTEMPATH\CodeIgniter.php(919): App\Controllers\RequestController->getReq()
 2 SYSTEMPATH\CodeIgniter.php(494): CodeIgniter\CodeIgniter->runController(Object(App\Controllers\RequestController))
 3 SYSTEMPATH\CodeIgniter.php(353): CodeIgniter\CodeIgniter->handleRequest(null, Object(Config\Cache), false)
 4 FCPATH\index.php(86): CodeIgniter\CodeIgniter->run()
CRITICAL - 2023-11-28 05:09:30 --> Call to undefined method App\Controllers\RequestController::respond()
in APPPATH\Controllers\RequestController.php on line 21.
 1 SYSTEMPATH\CodeIgniter.php(919): App\Controllers\RequestController->getReq()
 2 SYSTEMPATH\CodeIgniter.php(494): CodeIgniter\CodeIgniter->runController(Object(App\Controllers\RequestController))
 3 SYSTEMPATH\CodeIgniter.php(353): CodeIgniter\CodeIgniter->handleRequest(null, Object(Config\Cache), false)
 4 FCPATH\index.php(86): CodeIgniter\CodeIgniter->run()
CRITICAL - 2023-11-28 05:09:44 --> Call to undefined method App\Controllers\RequestController::respond()
in APPPATH\Controllers\RequestController.php on line 21.
 1 SYSTEMPATH\CodeIgniter.php(919): App\Controllers\RequestController->getReq()
 2 SYSTEMPATH\CodeIgniter.php(494): CodeIgniter\CodeIgniter->runController(Object(App\Controllers\RequestController))
 3 SYSTEMPATH\CodeIgniter.php(353): CodeIgniter\CodeIgniter->handleRequest(null, Object(Config\Cache), false)
 4 FCPATH\index.php(86): CodeIgniter\CodeIgniter->run()
CRITICAL - 2023-11-28 05:16:02 --> Call to undefined method App\Controllers\RequestController::respond()
in APPPATH\Controllers\RequestController.php on line 21.
 1 SYSTEMPATH\CodeIgniter.php(919): App\Controllers\RequestController->getReq()
 2 SYSTEMPATH\CodeIgniter.php(494): CodeIgniter\CodeIgniter->runController(Object(App\Controllers\RequestController))
 3 SYSTEMPATH\CodeIgniter.php(353): CodeIgniter\CodeIgniter->handleRequest(null, Object(Config\Cache), false)
 4 FCPATH\index.php(86): CodeIgniter\CodeIgniter->run()
CRITICAL - 2023-11-28 07:29:43 --> Call to undefined method App\Controllers\RequestController::respond()
in APPPATH\Controllers\RequestController.php on line 21.
 1 SYSTEMPATH\CodeIgniter.php(919): App\Controllers\RequestController->getReq()
 2 SYSTEMPATH\CodeIgniter.php(494): CodeIgniter\CodeIgniter->runController(Object(App\Controllers\RequestController))
 3 SYSTEMPATH\CodeIgniter.php(353): CodeIgniter\CodeIgniter->handleRequest(null, Object(Config\Cache), false)
 4 FCPATH\index.php(86): CodeIgniter\CodeIgniter->run()
CRITICAL - 2023-11-28 07:38:54 --> Call to undefined method App\Controllers\RequestController::respond()
in APPPATH\Controllers\RequestController.php on line 21.
 1 SYSTEMPATH\CodeIgniter.php(919): App\Controllers\RequestController->getReq()
 2 SYSTEMPATH\CodeIgniter.php(494): CodeIgniter\CodeIgniter->runController(Object(App\Controllers\RequestController))
 3 SYSTEMPATH\CodeIgniter.php(353): CodeIgniter\CodeIgniter->handleRequest(null, Object(Config\Cache), false)
 4 FCPATH\index.php(86): CodeIgniter\CodeIgniter->run()
