ERROR - 2024-11-04 00:57:34 --> mysqli_sql_exception: Column 'image' cannot be null in C:\laragon\www\dilg\backend\backend\system\Database\MySQLi\Connection.php:306
Stack trace:
#0 C:\laragon\www\dilg\backend\backend\system\Database\MySQLi\Connection.php(306): mysqli->query('INSERT INTO `da...', 0)
#1 C:\laragon\www\dilg\backend\backend\system\Database\BaseConnection.php(692): CodeIgniter\Database\MySQLi\Connection->execute('INSERT INTO `da...')
#2 C:\laragon\www\dilg\backend\backend\system\Database\BaseConnection.php(606): CodeIgniter\Database\BaseConnection->simpleQuery('INSERT INTO `da...')
#3 C:\laragon\www\dilg\backend\backend\system\Database\BaseBuilder.php(2308): CodeIgniter\Database\BaseConnection->query('INSERT INTO `da...', Array, false)
#4 C:\laragon\www\dilg\backend\backend\system\Model.php(319): CodeIgniter\Database\BaseBuilder->insert()
#5 C:\laragon\www\dilg\backend\backend\system\BaseModel.php(788): CodeIgniter\Model->doInsert(Array)
#6 C:\laragon\www\dilg\backend\backend\system\Model.php(715): CodeIgniter\BaseModel->insert(Array, false)
#7 C:\laragon\www\dilg\backend\backend\system\BaseModel.php(698): CodeIgniter\Model->insert(Array, false)
#8 C:\laragon\www\dilg\backend\backend\app\Controllers\SupplyController.php(142): CodeIgniter\BaseModel->save(Array)
#9 C:\laragon\www\dilg\backend\backend\system\CodeIgniter.php(919): App\Controllers\SupplyController->saveSupplies()
#10 C:\laragon\www\dilg\backend\backend\system\CodeIgniter.php(494): CodeIgniter\CodeIgniter->runController(Object(App\Controllers\SupplyController))
#11 C:\laragon\www\dilg\backend\backend\system\CodeIgniter.php(353): CodeIgniter\CodeIgniter->handleRequest(NULL, Object(Config\Cache), false)
#12 C:\laragon\www\dilg\backend\index.php(86): CodeIgniter\CodeIgniter->run()
#13 {main}
CRITICAL - 2024-11-04 00:57:34 --> Column 'image' cannot be null
in SYSTEMPATH\Database\BaseConnection.php on line 646.
 1 SYSTEMPATH\Database\BaseBuilder.php(2308): CodeIgniter\Database\BaseConnection->query('INSERT INTO `databasesupplies` (`date`, `supplier`, `item`, `description`, `unit_measurement`, `item_code`, `rec_quantity`, `rec_unitcost`, `rec_totalcost`, `no_days`, `image`) VALUES (:date:, :supplier:, :item:, :description:, :unit_measurement:, :item_code:, :rec_quantity:, :rec_unitcost:, :rec_totalcost:, :no_days:, :image:)', [...], false)
 2 SYSTEMPATH\Model.php(319): CodeIgniter\Database\BaseBuilder->insert()
 3 SYSTEMPATH\BaseModel.php(788): CodeIgniter\Model->doInsert([...])
 4 SYSTEMPATH\Model.php(715): CodeIgniter\BaseModel->insert([...], false)
 5 SYSTEMPATH\BaseModel.php(698): CodeIgniter\Model->insert([...], false)
 6 APPPATH\Controllers\SupplyController.php(142): CodeIgniter\BaseModel->save([...])
 7 SYSTEMPATH\CodeIgniter.php(919): App\Controllers\SupplyController->saveSupplies()
 8 SYSTEMPATH\CodeIgniter.php(494): CodeIgniter\CodeIgniter->runController(Object(App\Controllers\SupplyController))
 9 SYSTEMPATH\CodeIgniter.php(353): CodeIgniter\CodeIgniter->handleRequest(null, Object(Config\Cache), false)
10 FCPATH\index.php(86): CodeIgniter\CodeIgniter->run()
CRITICAL - 2024-11-04 01:01:05 --> Too few arguments to function App\Controllers\DatabasePPEController::databaseListener(), 0 passed in C:\laragon\www\dilg\backend\backend\system\CodeIgniter.php on line 919 and exactly 1 expected
in APPPATH\Controllers\DatabasePPEController.php on line 1710.
 1 SYSTEMPATH\CodeIgniter.php(919): App\Controllers\DatabasePPEController->databaseListener()
 2 SYSTEMPATH\CodeIgniter.php(494): CodeIgniter\CodeIgniter->runController(Object(App\Controllers\DatabasePPEController))
 3 SYSTEMPATH\CodeIgniter.php(353): CodeIgniter\CodeIgniter->handleRequest(null, Object(Config\Cache), false)
 4 FCPATH\index.php(86): CodeIgniter\CodeIgniter->run()
CRITICAL - 2024-11-04 01:11:28 --> Too few arguments to function App\Controllers\DatabasePPEController::databaseListener(), 0 passed in C:\laragon\www\dilg\backend\backend\system\CodeIgniter.php on line 919 and exactly 1 expected
in APPPATH\Controllers\DatabasePPEController.php on line 1710.
 1 SYSTEMPATH\CodeIgniter.php(919): App\Controllers\DatabasePPEController->databaseListener()
 2 SYSTEMPATH\CodeIgniter.php(494): CodeIgniter\CodeIgniter->runController(Object(App\Controllers\DatabasePPEController))
 3 SYSTEMPATH\CodeIgniter.php(353): CodeIgniter\CodeIgniter->handleRequest(null, Object(Config\Cache), false)
 4 FCPATH\index.php(86): CodeIgniter\CodeIgniter->run()
CRITICAL - 2024-11-04 01:18:38 --> Too few arguments to function App\Controllers\DatabasePPEController::databaseListener(), 0 passed in C:\laragon\www\dilg\backend\backend\system\CodeIgniter.php on line 919 and exactly 1 expected
in APPPATH\Controllers\DatabasePPEController.php on line 1710.
 1 SYSTEMPATH\CodeIgniter.php(919): App\Controllers\DatabasePPEController->databaseListener()
 2 SYSTEMPATH\CodeIgniter.php(494): CodeIgniter\CodeIgniter->runController(Object(App\Controllers\DatabasePPEController))
 3 SYSTEMPATH\CodeIgniter.php(353): CodeIgniter\CodeIgniter->handleRequest(null, Object(Config\Cache), false)
 4 FCPATH\index.php(86): CodeIgniter\CodeIgniter->run()
CRITICAL - 2024-11-04 01:24:56 --> Trying to access array offset on value of type null
in APPPATH\Controllers\SupplyController.php on line 249.
 1 APPPATH\Controllers\SupplyController.php(249): CodeIgniter\Debug\Exceptions->errorHandler(2, 'Trying to access array offset on value of type null', 'C:\\laragon\\www\\dilg\\backend\\backend\\app\\Controllers\\SupplyController.php', 249)
 2 SYSTEMPATH\CodeIgniter.php(919): App\Controllers\SupplyController->delEmployeeSupplies()
 3 SYSTEMPATH\CodeIgniter.php(494): CodeIgniter\CodeIgniter->runController(Object(App\Controllers\SupplyController))
 4 SYSTEMPATH\CodeIgniter.php(353): CodeIgniter\CodeIgniter->handleRequest(null, Object(Config\Cache), false)
 5 FCPATH\index.php(86): CodeIgniter\CodeIgniter->run()
CRITICAL - 2024-11-04 01:25:03 --> Trying to access array offset on value of type null
in APPPATH\Controllers\SupplyController.php on line 249.
 1 APPPATH\Controllers\SupplyController.php(249): CodeIgniter\Debug\Exceptions->errorHandler(2, 'Trying to access array offset on value of type null', 'C:\\laragon\\www\\dilg\\backend\\backend\\app\\Controllers\\SupplyController.php', 249)
 2 SYSTEMPATH\CodeIgniter.php(919): App\Controllers\SupplyController->delEmployeeSupplies()
 3 SYSTEMPATH\CodeIgniter.php(494): CodeIgniter\CodeIgniter->runController(Object(App\Controllers\SupplyController))
 4 SYSTEMPATH\CodeIgniter.php(353): CodeIgniter\CodeIgniter->handleRequest(null, Object(Config\Cache), false)
 5 FCPATH\index.php(86): CodeIgniter\CodeIgniter->run()
CRITICAL - 2024-11-04 01:26:34 --> Trying to access array offset on value of type null
in APPPATH\Controllers\SupplyController.php on line 249.
 1 APPPATH\Controllers\SupplyController.php(249): CodeIgniter\Debug\Exceptions->errorHandler(2, 'Trying to access array offset on value of type null', 'C:\\laragon\\www\\dilg\\backend\\backend\\app\\Controllers\\SupplyController.php', 249)
 2 SYSTEMPATH\CodeIgniter.php(919): App\Controllers\SupplyController->delEmployeeSupplies()
 3 SYSTEMPATH\CodeIgniter.php(494): CodeIgniter\CodeIgniter->runController(Object(App\Controllers\SupplyController))
 4 SYSTEMPATH\CodeIgniter.php(353): CodeIgniter\CodeIgniter->handleRequest(null, Object(Config\Cache), false)
 5 FCPATH\index.php(86): CodeIgniter\CodeIgniter->run()
CRITICAL - 2024-11-04 01:26:48 --> Trying to access array offset on value of type null
in APPPATH\Controllers\SupplyController.php on line 249.
 1 APPPATH\Controllers\SupplyController.php(249): CodeIgniter\Debug\Exceptions->errorHandler(2, 'Trying to access array offset on value of type null', 'C:\\laragon\\www\\dilg\\backend\\backend\\app\\Controllers\\SupplyController.php', 249)
 2 SYSTEMPATH\CodeIgniter.php(919): App\Controllers\SupplyController->delEmployeeSupplies()
 3 SYSTEMPATH\CodeIgniter.php(494): CodeIgniter\CodeIgniter->runController(Object(App\Controllers\SupplyController))
 4 SYSTEMPATH\CodeIgniter.php(353): CodeIgniter\CodeIgniter->handleRequest(null, Object(Config\Cache), false)
 5 FCPATH\index.php(86): CodeIgniter\CodeIgniter->run()
CRITICAL - 2024-11-04 01:35:15 --> Trying to access array offset on value of type null
in APPPATH\Controllers\SupplyController.php on line 249.
 1 APPPATH\Controllers\SupplyController.php(249): CodeIgniter\Debug\Exceptions->errorHandler(2, 'Trying to access array offset on value of type null', 'C:\\laragon\\www\\dilg\\backend\\backend\\app\\Controllers\\SupplyController.php', 249)
 2 SYSTEMPATH\CodeIgniter.php(919): App\Controllers\SupplyController->delEmployeeSupplies()
 3 SYSTEMPATH\CodeIgniter.php(494): CodeIgniter\CodeIgniter->runController(Object(App\Controllers\SupplyController))
 4 SYSTEMPATH\CodeIgniter.php(353): CodeIgniter\CodeIgniter->handleRequest(null, Object(Config\Cache), false)
 5 FCPATH\index.php(86): CodeIgniter\CodeIgniter->run()
CRITICAL - 2024-11-04 03:21:19 --> Undefined variable $data
in APPPATH\Controllers\DatabasePPEController.php on line 2764.
 1 APPPATH\Controllers\DatabasePPEController.php(2764): CodeIgniter\Debug\Exceptions->errorHandler(2, 'Undefined variable $data', 'C:\\laragon\\www\\dilg\\backend\\backend\\app\\Controllers\\DatabasePPEController.php', 2764)
 2 SYSTEMPATH\CodeIgniter.php(919): App\Controllers\DatabasePPEController->updateVerification('90')
 3 SYSTEMPATH\CodeIgniter.php(494): CodeIgniter\CodeIgniter->runController(Object(App\Controllers\DatabasePPEController))
 4 SYSTEMPATH\CodeIgniter.php(353): CodeIgniter\CodeIgniter->handleRequest(null, Object(Config\Cache), false)
 5 FCPATH\index.php(86): CodeIgniter\CodeIgniter->run()
CRITICAL - 2024-11-04 03:38:42 --> Trying to access array offset on value of type null
in APPPATH\Controllers\SupplyController.php on line 249.
 1 APPPATH\Controllers\SupplyController.php(249): CodeIgniter\Debug\Exceptions->errorHandler(2, 'Trying to access array offset on value of type null', 'C:\\laragon\\www\\dilg\\backend\\backend\\app\\Controllers\\SupplyController.php', 249)
 2 SYSTEMPATH\CodeIgniter.php(919): App\Controllers\SupplyController->delEmployeeSupplies()
 3 SYSTEMPATH\CodeIgniter.php(494): CodeIgniter\CodeIgniter->runController(Object(App\Controllers\SupplyController))
 4 SYSTEMPATH\CodeIgniter.php(353): CodeIgniter\CodeIgniter->handleRequest(null, Object(Config\Cache), false)
 5 FCPATH\index.php(86): CodeIgniter\CodeIgniter->run()
ERROR - 2024-11-04 03:52:58 --> mysqli_sql_exception: Unknown column 'databaseppe.empfullname' in 'where clause' in C:\laragon\www\dilg\backend\backend\system\Database\MySQLi\Connection.php:306
Stack trace:
#0 C:\laragon\www\dilg\backend\backend\system\Database\MySQLi\Connection.php(306): mysqli->query('SELECT `databas...', 0)
#1 C:\laragon\www\dilg\backend\backend\system\Database\BaseConnection.php(692): CodeIgniter\Database\MySQLi\Connection->execute('SELECT `databas...')
#2 C:\laragon\www\dilg\backend\backend\system\Database\BaseConnection.php(606): CodeIgniter\Database\BaseConnection->simpleQuery('SELECT `databas...')
#3 C:\laragon\www\dilg\backend\backend\system\Database\BaseBuilder.php(1615): CodeIgniter\Database\BaseConnection->query('SELECT `databas...', Array, false)
#4 C:\laragon\www\dilg\backend\backend\system\Model.php(237): CodeIgniter\Database\BaseBuilder->get()
#5 C:\laragon\www\dilg\backend\backend\system\BaseModel.php(624): CodeIgniter\Model->doFindAll(0, 0)
#6 C:\laragon\www\dilg\backend\backend\app\Controllers\ServiceController.php(168): CodeIgniter\BaseModel->findAll()
#7 C:\laragon\www\dilg\backend\backend\system\CodeIgniter.php(919): App\Controllers\ServiceController->getUserDataServiceable()
#8 C:\laragon\www\dilg\backend\backend\system\CodeIgniter.php(494): CodeIgniter\CodeIgniter->runController(Object(App\Controllers\ServiceController))
#9 C:\laragon\www\dilg\backend\backend\system\CodeIgniter.php(353): CodeIgniter\CodeIgniter->handleRequest(NULL, Object(Config\Cache), false)
#10 C:\laragon\www\dilg\backend\index.php(86): CodeIgniter\CodeIgniter->run()
#11 {main}
CRITICAL - 2024-11-04 03:52:58 --> Unknown column 'databaseppe.empfullname' in 'where clause'
in SYSTEMPATH\Database\BaseConnection.php on line 646.
 1 SYSTEMPATH\Database\BaseBuilder.php(1615): CodeIgniter\Database\BaseConnection->query('SELECT `databaseppe`.*, `inventoryppe`.`entityname`, `inventoryppe`.`classification`, `inventoryppe`.`code`, `inventoryppe`.`article`, `inventoryppe`.`modelno`, `inventoryppe`.`serialno`, `inventoryppe`.`fulldescription`, `inventoryppe`.`image`
FROM `databaseppe`
LEFT JOIN `inventoryppe` ON `inventoryppe`.`particulars` = `databaseppe`.`particulars`
WHERE `databaseppe`.`empfullname` = :databaseppe.empfullname:
AND `databaseppe`.`status` = :databaseppe.status:
ORDER BY `databaseppe`.`id` DESC', [...], false)
 2 SYSTEMPATH\Model.php(237): CodeIgniter\Database\BaseBuilder->get()
 3 SYSTEMPATH\BaseModel.php(624): CodeIgniter\Model->doFindAll(0, 0)
 4 APPPATH\Controllers\ServiceController.php(168): CodeIgniter\BaseModel->findAll()
 5 SYSTEMPATH\CodeIgniter.php(919): App\Controllers\ServiceController->getUserDataServiceable()
 6 SYSTEMPATH\CodeIgniter.php(494): CodeIgniter\CodeIgniter->runController(Object(App\Controllers\ServiceController))
 7 SYSTEMPATH\CodeIgniter.php(353): CodeIgniter\CodeIgniter->handleRequest(null, Object(Config\Cache), false)
 8 FCPATH\index.php(86): CodeIgniter\CodeIgniter->run()
ERROR - 2024-11-04 03:58:21 --> mysqli_sql_exception: Unknown column 'databaseppe.empfullname' in 'where clause' in C:\laragon\www\dilg\backend\backend\system\Database\MySQLi\Connection.php:306
Stack trace:
#0 C:\laragon\www\dilg\backend\backend\system\Database\MySQLi\Connection.php(306): mysqli->query('SELECT `databas...', 0)
#1 C:\laragon\www\dilg\backend\backend\system\Database\BaseConnection.php(692): CodeIgniter\Database\MySQLi\Connection->execute('SELECT `databas...')
#2 C:\laragon\www\dilg\backend\backend\system\Database\BaseConnection.php(606): CodeIgniter\Database\BaseConnection->simpleQuery('SELECT `databas...')
#3 C:\laragon\www\dilg\backend\backend\system\Database\BaseBuilder.php(1615): CodeIgniter\Database\BaseConnection->query('SELECT `databas...', Array, false)
#4 C:\laragon\www\dilg\backend\backend\system\Model.php(237): CodeIgniter\Database\BaseBuilder->get()
#5 C:\laragon\www\dilg\backend\backend\system\BaseModel.php(624): CodeIgniter\Model->doFindAll(0, 0)
#6 C:\laragon\www\dilg\backend\backend\app\Controllers\ServiceController.php(168): CodeIgniter\BaseModel->findAll()
#7 C:\laragon\www\dilg\backend\backend\system\CodeIgniter.php(919): App\Controllers\ServiceController->getUserDataServiceable()
#8 C:\laragon\www\dilg\backend\backend\system\CodeIgniter.php(494): CodeIgniter\CodeIgniter->runController(Object(App\Controllers\ServiceController))
#9 C:\laragon\www\dilg\backend\backend\system\CodeIgniter.php(353): CodeIgniter\CodeIgniter->handleRequest(NULL, Object(Config\Cache), false)
#10 C:\laragon\www\dilg\backend\index.php(86): CodeIgniter\CodeIgniter->run()
#11 {main}
CRITICAL - 2024-11-04 03:58:21 --> Unknown column 'databaseppe.empfullname' in 'where clause'
in SYSTEMPATH\Database\BaseConnection.php on line 646.
 1 SYSTEMPATH\Database\BaseBuilder.php(1615): CodeIgniter\Database\BaseConnection->query('SELECT `databaseppe`.*, `inventoryppe`.`entityname`, `inventoryppe`.`classification`, `inventoryppe`.`code`, `inventoryppe`.`article`, `inventoryppe`.`modelno`, `inventoryppe`.`serialno`, `inventoryppe`.`fulldescription`, `inventoryppe`.`image`
FROM `databaseppe`
LEFT JOIN `inventoryppe` ON `inventoryppe`.`particulars` = `databaseppe`.`particulars`
WHERE `databaseppe`.`empfullname` = :databaseppe.empfullname:
AND `databaseppe`.`status` = :databaseppe.status:
ORDER BY `databaseppe`.`id` DESC', [...], false)
 2 SYSTEMPATH\Model.php(237): CodeIgniter\Database\BaseBuilder->get()
 3 SYSTEMPATH\BaseModel.php(624): CodeIgniter\Model->doFindAll(0, 0)
 4 APPPATH\Controllers\ServiceController.php(168): CodeIgniter\BaseModel->findAll()
 5 SYSTEMPATH\CodeIgniter.php(919): App\Controllers\ServiceController->getUserDataServiceable()
 6 SYSTEMPATH\CodeIgniter.php(494): CodeIgniter\CodeIgniter->runController(Object(App\Controllers\ServiceController))
 7 SYSTEMPATH\CodeIgniter.php(353): CodeIgniter\CodeIgniter->handleRequest(null, Object(Config\Cache), false)
 8 FCPATH\index.php(86): CodeIgniter\CodeIgniter->run()
CRITICAL - 2024-11-04 12:53:06 --> Call to undefined method App\Models\SupplyModel::getMonthlyIssueQuantity
in SYSTEMPATH\Model.php on line 873.
 1 APPPATH\Controllers\SupplyController.php(23): CodeIgniter\Model->__call('getMonthlyIssueQuantity', [...])
 2 SYSTEMPATH\CodeIgniter.php(919): App\Controllers\SupplyController->predictSupplyUsage('ORM-2023-06')
 3 SYSTEMPATH\CodeIgniter.php(494): CodeIgniter\CodeIgniter->runController(Object(App\Controllers\SupplyController))
 4 SYSTEMPATH\CodeIgniter.php(353): CodeIgniter\CodeIgniter->handleRequest(null, Object(Config\Cache), false)
 5 FCPATH\index.php(86): CodeIgniter\CodeIgniter->run()
CRITICAL - 2024-11-04 13:05:37 --> escapeshellarg(): Argument #1 ($arg) must be of type string, array given
in APPPATH\Controllers\SupplyController.php on line 26.
 1 APPPATH\Controllers\SupplyController.php(26): escapeshellarg([...])
 2 SYSTEMPATH\CodeIgniter.php(919): App\Controllers\SupplyController->predictSupplyUsage('ORM-2023-06')
 3 SYSTEMPATH\CodeIgniter.php(494): CodeIgniter\CodeIgniter->runController(Object(App\Controllers\SupplyController))
 4 SYSTEMPATH\CodeIgniter.php(353): CodeIgniter\CodeIgniter->handleRequest(null, Object(Config\Cache), false)
 5 FCPATH\index.php(86): CodeIgniter\CodeIgniter->run()
CRITICAL - 2024-11-04 13:05:42 --> escapeshellarg(): Argument #1 ($arg) must be of type string, array given
in APPPATH\Controllers\SupplyController.php on line 26.
 1 APPPATH\Controllers\SupplyController.php(26): escapeshellarg([...])
 2 SYSTEMPATH\CodeIgniter.php(919): App\Controllers\SupplyController->predictSupplyUsage('ORM-2023-06')
 3 SYSTEMPATH\CodeIgniter.php(494): CodeIgniter\CodeIgniter->runController(Object(App\Controllers\SupplyController))
 4 SYSTEMPATH\CodeIgniter.php(353): CodeIgniter\CodeIgniter->handleRequest(null, Object(Config\Cache), false)
 5 FCPATH\index.php(86): CodeIgniter\CodeIgniter->run()
CRITICAL - 2024-11-04 15:07:40 --> Undefined variable $main
in APPPATH\Controllers\SupplyController.php on line 141.
 1 APPPATH\Controllers\SupplyController.php(141): CodeIgniter\Debug\Exceptions->errorHandler(2, 'Undefined variable $main', 'C:\\laragon\\www\\dilg\\backend\\backend\\app\\Controllers\\SupplyController.php', 141)
 2 SYSTEMPATH\CodeIgniter.php(919): App\Controllers\SupplyController->getEmployeeSupplies()
 3 SYSTEMPATH\CodeIgniter.php(494): CodeIgniter\CodeIgniter->runController(Object(App\Controllers\SupplyController))
 4 SYSTEMPATH\CodeIgniter.php(353): CodeIgniter\CodeIgniter->handleRequest(null, Object(Config\Cache), false)
 5 FCPATH\index.php(86): CodeIgniter\CodeIgniter->run()
ERROR - 2024-11-04 15:24:16 --> mysqli_sql_exception: Unknown column 'DISTINCT' in 'field list' in C:\laragon\www\dilg\backend\backend\system\Database\MySQLi\Connection.php:306
Stack trace:
#0 C:\laragon\www\dilg\backend\backend\system\Database\MySQLi\Connection.php(306): mysqli->query('SELECT `DISTINC...', 0)
#1 C:\laragon\www\dilg\backend\backend\system\Database\BaseConnection.php(692): CodeIgniter\Database\MySQLi\Connection->execute('SELECT `DISTINC...')
#2 C:\laragon\www\dilg\backend\backend\system\Database\BaseConnection.php(606): CodeIgniter\Database\BaseConnection->simpleQuery('SELECT `DISTINC...')
#3 C:\laragon\www\dilg\backend\backend\system\Database\BaseBuilder.php(1615): CodeIgniter\Database\BaseConnection->query('SELECT `DISTINC...', Array, false)
#4 C:\laragon\www\dilg\backend\backend\app\Models\EmployeeSuppliesModel.php(74): CodeIgniter\Database\BaseBuilder->get()
#5 C:\laragon\www\dilg\backend\backend\app\Controllers\SupplyController.php(40): App\Models\EmployeeSuppliesModel->getDistinctItemCodes()
#6 C:\laragon\www\dilg\backend\backend\system\CodeIgniter.php(919): App\Controllers\SupplyController->predictSupplyUsage()
#7 C:\laragon\www\dilg\backend\backend\system\CodeIgniter.php(494): CodeIgniter\CodeIgniter->runController(Object(App\Controllers\SupplyController))
#8 C:\laragon\www\dilg\backend\backend\system\CodeIgniter.php(353): CodeIgniter\CodeIgniter->handleRequest(NULL, Object(Config\Cache), false)
#9 C:\laragon\www\dilg\backend\index.php(86): CodeIgniter\CodeIgniter->run()
#10 {main}
CRITICAL - 2024-11-04 15:24:16 --> Unknown column 'DISTINCT' in 'field list'
in SYSTEMPATH\Database\BaseConnection.php on line 646.
 1 SYSTEMPATH\Database\BaseBuilder.php(1615): CodeIgniter\Database\BaseConnection->query('SELECT `DISTINCT` `item_code`
FROM `employeesupplies`', [], false)
 2 APPPATH\Models\EmployeeSuppliesModel.php(74): CodeIgniter\Database\BaseBuilder->get()
 3 APPPATH\Controllers\SupplyController.php(40): App\Models\EmployeeSuppliesModel->getDistinctItemCodes()
 4 SYSTEMPATH\CodeIgniter.php(919): App\Controllers\SupplyController->predictSupplyUsage()
 5 SYSTEMPATH\CodeIgniter.php(494): CodeIgniter\CodeIgniter->runController(Object(App\Controllers\SupplyController))
 6 SYSTEMPATH\CodeIgniter.php(353): CodeIgniter\CodeIgniter->handleRequest(null, Object(Config\Cache), false)
 7 FCPATH\index.php(86): CodeIgniter\CodeIgniter->run()
ERROR - 2024-11-04 15:24:18 --> mysqli_sql_exception: Unknown column 'DISTINCT' in 'field list' in C:\laragon\www\dilg\backend\backend\system\Database\MySQLi\Connection.php:306
Stack trace:
#0 C:\laragon\www\dilg\backend\backend\system\Database\MySQLi\Connection.php(306): mysqli->query('SELECT `DISTINC...', 0)
#1 C:\laragon\www\dilg\backend\backend\system\Database\BaseConnection.php(692): CodeIgniter\Database\MySQLi\Connection->execute('SELECT `DISTINC...')
#2 C:\laragon\www\dilg\backend\backend\system\Database\BaseConnection.php(606): CodeIgniter\Database\BaseConnection->simpleQuery('SELECT `DISTINC...')
#3 C:\laragon\www\dilg\backend\backend\system\Database\BaseBuilder.php(1615): CodeIgniter\Database\BaseConnection->query('SELECT `DISTINC...', Array, false)
#4 C:\laragon\www\dilg\backend\backend\app\Models\EmployeeSuppliesModel.php(74): CodeIgniter\Database\BaseBuilder->get()
#5 C:\laragon\www\dilg\backend\backend\app\Controllers\SupplyController.php(40): App\Models\EmployeeSuppliesModel->getDistinctItemCodes()
#6 C:\laragon\www\dilg\backend\backend\system\CodeIgniter.php(919): App\Controllers\SupplyController->predictSupplyUsage()
#7 C:\laragon\www\dilg\backend\backend\system\CodeIgniter.php(494): CodeIgniter\CodeIgniter->runController(Object(App\Controllers\SupplyController))
#8 C:\laragon\www\dilg\backend\backend\system\CodeIgniter.php(353): CodeIgniter\CodeIgniter->handleRequest(NULL, Object(Config\Cache), false)
#9 C:\laragon\www\dilg\backend\index.php(86): CodeIgniter\CodeIgniter->run()
#10 {main}
CRITICAL - 2024-11-04 15:24:18 --> Unknown column 'DISTINCT' in 'field list'
in SYSTEMPATH\Database\BaseConnection.php on line 646.
 1 SYSTEMPATH\Database\BaseBuilder.php(1615): CodeIgniter\Database\BaseConnection->query('SELECT `DISTINCT` `item_code`
FROM `employeesupplies`', [], false)
 2 APPPATH\Models\EmployeeSuppliesModel.php(74): CodeIgniter\Database\BaseBuilder->get()
 3 APPPATH\Controllers\SupplyController.php(40): App\Models\EmployeeSuppliesModel->getDistinctItemCodes()
 4 SYSTEMPATH\CodeIgniter.php(919): App\Controllers\SupplyController->predictSupplyUsage()
 5 SYSTEMPATH\CodeIgniter.php(494): CodeIgniter\CodeIgniter->runController(Object(App\Controllers\SupplyController))
 6 SYSTEMPATH\CodeIgniter.php(353): CodeIgniter\CodeIgniter->handleRequest(null, Object(Config\Cache), false)
 7 FCPATH\index.php(86): CodeIgniter\CodeIgniter->run()
ERROR - 2024-11-04 15:24:19 --> mysqli_sql_exception: Unknown column 'DISTINCT' in 'field list' in C:\laragon\www\dilg\backend\backend\system\Database\MySQLi\Connection.php:306
Stack trace:
#0 C:\laragon\www\dilg\backend\backend\system\Database\MySQLi\Connection.php(306): mysqli->query('SELECT `DISTINC...', 0)
#1 C:\laragon\www\dilg\backend\backend\system\Database\BaseConnection.php(692): CodeIgniter\Database\MySQLi\Connection->execute('SELECT `DISTINC...')
#2 C:\laragon\www\dilg\backend\backend\system\Database\BaseConnection.php(606): CodeIgniter\Database\BaseConnection->simpleQuery('SELECT `DISTINC...')
#3 C:\laragon\www\dilg\backend\backend\system\Database\BaseBuilder.php(1615): CodeIgniter\Database\BaseConnection->query('SELECT `DISTINC...', Array, false)
#4 C:\laragon\www\dilg\backend\backend\app\Models\EmployeeSuppliesModel.php(74): CodeIgniter\Database\BaseBuilder->get()
#5 C:\laragon\www\dilg\backend\backend\app\Controllers\SupplyController.php(40): App\Models\EmployeeSuppliesModel->getDistinctItemCodes()
#6 C:\laragon\www\dilg\backend\backend\system\CodeIgniter.php(919): App\Controllers\SupplyController->predictSupplyUsage()
#7 C:\laragon\www\dilg\backend\backend\system\CodeIgniter.php(494): CodeIgniter\CodeIgniter->runController(Object(App\Controllers\SupplyController))
#8 C:\laragon\www\dilg\backend\backend\system\CodeIgniter.php(353): CodeIgniter\CodeIgniter->handleRequest(NULL, Object(Config\Cache), false)
#9 C:\laragon\www\dilg\backend\index.php(86): CodeIgniter\CodeIgniter->run()
#10 {main}
CRITICAL - 2024-11-04 15:24:19 --> Unknown column 'DISTINCT' in 'field list'
in SYSTEMPATH\Database\BaseConnection.php on line 646.
 1 SYSTEMPATH\Database\BaseBuilder.php(1615): CodeIgniter\Database\BaseConnection->query('SELECT `DISTINCT` `item_code`
FROM `employeesupplies`', [], false)
 2 APPPATH\Models\EmployeeSuppliesModel.php(74): CodeIgniter\Database\BaseBuilder->get()
 3 APPPATH\Controllers\SupplyController.php(40): App\Models\EmployeeSuppliesModel->getDistinctItemCodes()
 4 SYSTEMPATH\CodeIgniter.php(919): App\Controllers\SupplyController->predictSupplyUsage()
 5 SYSTEMPATH\CodeIgniter.php(494): CodeIgniter\CodeIgniter->runController(Object(App\Controllers\SupplyController))
 6 SYSTEMPATH\CodeIgniter.php(353): CodeIgniter\CodeIgniter->handleRequest(null, Object(Config\Cache), false)
 7 FCPATH\index.php(86): CodeIgniter\CodeIgniter->run()
CRITICAL - 2024-11-04 15:25:18 --> Call to undefined method App\Models\EmployeeSuppliesModel::getEmployeeSupplies
in SYSTEMPATH\Model.php on line 873.
 1 APPPATH\Controllers\SupplyController.php(40): CodeIgniter\Model->__call('getEmployeeSupplies', [])
 2 SYSTEMPATH\CodeIgniter.php(919): App\Controllers\SupplyController->predictSupplyUsage()
 3 SYSTEMPATH\CodeIgniter.php(494): CodeIgniter\CodeIgniter->runController(Object(App\Controllers\SupplyController))
 4 SYSTEMPATH\CodeIgniter.php(353): CodeIgniter\CodeIgniter->handleRequest(null, Object(Config\Cache), false)
 5 FCPATH\index.php(86): CodeIgniter\CodeIgniter->run()
CRITICAL - 2024-11-04 15:25:50 --> Undefined variable $employeesup
in APPPATH\Controllers\SupplyController.php on line 40.
 1 APPPATH\Controllers\SupplyController.php(40): CodeIgniter\Debug\Exceptions->errorHandler(2, 'Undefined variable $employeesup', 'C:\\laragon\\www\\dilg\\backend\\backend\\app\\Controllers\\SupplyController.php', 40)
 2 SYSTEMPATH\CodeIgniter.php(919): App\Controllers\SupplyController->predictSupplyUsage()
 3 SYSTEMPATH\CodeIgniter.php(494): CodeIgniter\CodeIgniter->runController(Object(App\Controllers\SupplyController))
 4 SYSTEMPATH\CodeIgniter.php(353): CodeIgniter\CodeIgniter->handleRequest(null, Object(Config\Cache), false)
 5 FCPATH\index.php(86): CodeIgniter\CodeIgniter->run()
CRITICAL - 2024-11-04 15:25:56 --> Too few arguments to function App\Controllers\SupplyController::predictSupplyUsage(), 0 passed in C:\laragon\www\dilg\backend\backend\system\CodeIgniter.php on line 919 and exactly 1 expected
in APPPATH\Controllers\SupplyController.php on line 37.
 1 SYSTEMPATH\CodeIgniter.php(919): App\Controllers\SupplyController->predictSupplyUsage()
 2 SYSTEMPATH\CodeIgniter.php(494): CodeIgniter\CodeIgniter->runController(Object(App\Controllers\SupplyController))
 3 SYSTEMPATH\CodeIgniter.php(353): CodeIgniter\CodeIgniter->handleRequest(null, Object(Config\Cache), false)
 4 FCPATH\index.php(86): CodeIgniter\CodeIgniter->run()
CRITICAL - 2024-11-04 15:26:08 --> Undefined variable $employeesup
in APPPATH\Controllers\SupplyController.php on line 40.
 1 APPPATH\Controllers\SupplyController.php(40): CodeIgniter\Debug\Exceptions->errorHandler(2, 'Undefined variable $employeesup', 'C:\\laragon\\www\\dilg\\backend\\backend\\app\\Controllers\\SupplyController.php', 40)
 2 SYSTEMPATH\CodeIgniter.php(919): App\Controllers\SupplyController->predictSupplyUsage()
 3 SYSTEMPATH\CodeIgniter.php(494): CodeIgniter\CodeIgniter->runController(Object(App\Controllers\SupplyController))
 4 SYSTEMPATH\CodeIgniter.php(353): CodeIgniter\CodeIgniter->handleRequest(null, Object(Config\Cache), false)
 5 FCPATH\index.php(86): CodeIgniter\CodeIgniter->run()
CRITICAL - 2024-11-04 15:27:07 --> Call to undefined method App\Models\EmployeeSuppliesModel::getEmployeeSupplies
in SYSTEMPATH\Model.php on line 873.
 1 APPPATH\Controllers\SupplyController.php(40): CodeIgniter\Model->__call('getEmployeeSupplies', [])
 2 SYSTEMPATH\CodeIgniter.php(919): App\Controllers\SupplyController->predictSupplyUsage()
 3 SYSTEMPATH\CodeIgniter.php(494): CodeIgniter\CodeIgniter->runController(Object(App\Controllers\SupplyController))
 4 SYSTEMPATH\CodeIgniter.php(353): CodeIgniter\CodeIgniter->handleRequest(null, Object(Config\Cache), false)
 5 FCPATH\index.php(86): CodeIgniter\CodeIgniter->run()
CRITICAL - 2024-11-04 15:27:23 --> Call to undefined method App\Models\EmployeeSuppliesModel::getEmployeeSupplies
in SYSTEMPATH\Model.php on line 873.
 1 APPPATH\Controllers\SupplyController.php(40): CodeIgniter\Model->__call('getEmployeeSupplies', [])
 2 SYSTEMPATH\CodeIgniter.php(919): App\Controllers\SupplyController->predictSupplyUsage()
 3 SYSTEMPATH\CodeIgniter.php(494): CodeIgniter\CodeIgniter->runController(Object(App\Controllers\SupplyController))
 4 SYSTEMPATH\CodeIgniter.php(353): CodeIgniter\CodeIgniter->handleRequest(null, Object(Config\Cache), false)
 5 FCPATH\index.php(86): CodeIgniter\CodeIgniter->run()
CRITICAL - 2024-11-04 15:27:37 --> Call to undefined method App\Models\EmployeeSuppliesModel::getDistinctItemCodes
in SYSTEMPATH\Model.php on line 873.
 1 APPPATH\Controllers\SupplyController.php(40): CodeIgniter\Model->__call('getDistinctItemCodes', [])
 2 SYSTEMPATH\CodeIgniter.php(919): App\Controllers\SupplyController->predictSupplyUsage()
 3 SYSTEMPATH\CodeIgniter.php(494): CodeIgniter\CodeIgniter->runController(Object(App\Controllers\SupplyController))
 4 SYSTEMPATH\CodeIgniter.php(353): CodeIgniter\CodeIgniter->handleRequest(null, Object(Config\Cache), false)
 5 FCPATH\index.php(86): CodeIgniter\CodeIgniter->run()
CRITICAL - 2024-11-04 15:27:38 --> Call to undefined method App\Models\EmployeeSuppliesModel::getDistinctItemCodes
in SYSTEMPATH\Model.php on line 873.
 1 APPPATH\Controllers\SupplyController.php(40): CodeIgniter\Model->__call('getDistinctItemCodes', [])
 2 SYSTEMPATH\CodeIgniter.php(919): App\Controllers\SupplyController->predictSupplyUsage()
 3 SYSTEMPATH\CodeIgniter.php(494): CodeIgniter\CodeIgniter->runController(Object(App\Controllers\SupplyController))
 4 SYSTEMPATH\CodeIgniter.php(353): CodeIgniter\CodeIgniter->handleRequest(null, Object(Config\Cache), false)
 5 FCPATH\index.php(86): CodeIgniter\CodeIgniter->run()
CRITICAL - 2024-11-04 15:27:42 --> Call to undefined method App\Models\EmployeeSuppliesModel::getEmployeeSupplies
in SYSTEMPATH\Model.php on line 873.
 1 APPPATH\Controllers\SupplyController.php(40): CodeIgniter\Model->__call('getEmployeeSupplies', [])
 2 SYSTEMPATH\CodeIgniter.php(919): App\Controllers\SupplyController->predictSupplyUsage()
 3 SYSTEMPATH\CodeIgniter.php(494): CodeIgniter\CodeIgniter->runController(Object(App\Controllers\SupplyController))
 4 SYSTEMPATH\CodeIgniter.php(353): CodeIgniter\CodeIgniter->handleRequest(null, Object(Config\Cache), false)
 5 FCPATH\index.php(86): CodeIgniter\CodeIgniter->run()
CRITICAL - 2024-11-04 15:39:22 --> Too few arguments to function App\Controllers\SupplyController::predictSupplyUsage(), 1 passed in C:\laragon\www\dilg\backend\backend\system\CodeIgniter.php on line 919 and exactly 2 expected
in APPPATH\Controllers\SupplyController.php on line 37.
 1 SYSTEMPATH\CodeIgniter.php(919): App\Controllers\SupplyController->predictSupplyUsage('ORM-2023-07')
 2 SYSTEMPATH\CodeIgniter.php(494): CodeIgniter\CodeIgniter->runController(Object(App\Controllers\SupplyController))
 3 SYSTEMPATH\CodeIgniter.php(353): CodeIgniter\CodeIgniter->handleRequest(null, Object(Config\Cache), false)
 4 FCPATH\index.php(86): CodeIgniter\CodeIgniter->run()
ERROR - 2024-11-04 15:42:02 --> mysqli_sql_exception: Unknown column 'last_predicted' in 'field list' in C:\laragon\www\dilg\backend\backend\system\Database\MySQLi\Connection.php:306
Stack trace:
#0 C:\laragon\www\dilg\backend\backend\system\Database\MySQLi\Connection.php(306): mysqli->query('SELECT `last_pr...', 0)
#1 C:\laragon\www\dilg\backend\backend\system\Database\BaseConnection.php(692): CodeIgniter\Database\MySQLi\Connection->execute('SELECT `last_pr...')
#2 C:\laragon\www\dilg\backend\backend\system\Database\BaseConnection.php(606): CodeIgniter\Database\BaseConnection->simpleQuery('SELECT `last_pr...')
#3 C:\laragon\www\dilg\backend\backend\system\Database\BaseBuilder.php(1615): CodeIgniter\Database\BaseConnection->query('SELECT `last_pr...', Array, false)
#4 C:\laragon\www\dilg\backend\backend\app\Models\EmployeeSuppliesModel.php(57): CodeIgniter\Database\BaseBuilder->get()
#5 C:\laragon\www\dilg\backend\backend\app\Controllers\SupplyController.php(45): App\Models\EmployeeSuppliesModel->needsPredictionUpdate('ORM-2023-06')
#6 C:\laragon\www\dilg\backend\backend\system\CodeIgniter.php(919): App\Controllers\SupplyController->predictSupplyUsage('ORM-2023-06', 'ORM-2023-07')
#7 C:\laragon\www\dilg\backend\backend\system\CodeIgniter.php(494): CodeIgniter\CodeIgniter->runController(Object(App\Controllers\SupplyController))
#8 C:\laragon\www\dilg\backend\backend\system\CodeIgniter.php(353): CodeIgniter\CodeIgniter->handleRequest(NULL, Object(Config\Cache), false)
#9 C:\laragon\www\dilg\backend\index.php(86): CodeIgniter\CodeIgniter->run()
#10 {main}
CRITICAL - 2024-11-04 15:42:02 --> Unknown column 'last_predicted' in 'field list'
in SYSTEMPATH\Database\BaseConnection.php on line 646.
 1 SYSTEMPATH\Database\BaseBuilder.php(1615): CodeIgniter\Database\BaseConnection->query('SELECT `last_predicted`
FROM `employeesupplies`
WHERE `item_code` = :item_code:', [...], false)
 2 APPPATH\Models\EmployeeSuppliesModel.php(57): CodeIgniter\Database\BaseBuilder->get()
 3 APPPATH\Controllers\SupplyController.php(45): App\Models\EmployeeSuppliesModel->needsPredictionUpdate('ORM-2023-06')
 4 SYSTEMPATH\CodeIgniter.php(919): App\Controllers\SupplyController->predictSupplyUsage('ORM-2023-06', 'ORM-2023-07')
 5 SYSTEMPATH\CodeIgniter.php(494): CodeIgniter\CodeIgniter->runController(Object(App\Controllers\SupplyController))
 6 SYSTEMPATH\CodeIgniter.php(353): CodeIgniter\CodeIgniter->handleRequest(null, Object(Config\Cache), false)
 7 FCPATH\index.php(86): CodeIgniter\CodeIgniter->run()
CRITICAL - 2024-11-04 15:58:04 --> Cannot use object of type CodeIgniter\HTTP\ContentSecurityPolicy as array
in APPPATH\Controllers\SupplyController.php on line 47.
 1 SYSTEMPATH\CodeIgniter.php(919): App\Controllers\SupplyController->predictSupplyUsage()
 2 SYSTEMPATH\CodeIgniter.php(494): CodeIgniter\CodeIgniter->runController(Object(App\Controllers\SupplyController))
 3 SYSTEMPATH\CodeIgniter.php(353): CodeIgniter\CodeIgniter->handleRequest(null, Object(Config\Cache), false)
 4 FCPATH\index.php(86): CodeIgniter\CodeIgniter->run()
CRITICAL - 2024-11-04 15:58:12 --> Cannot use object of type CodeIgniter\HTTP\ContentSecurityPolicy as array
in APPPATH\Controllers\SupplyController.php on line 47.
 1 SYSTEMPATH\CodeIgniter.php(919): App\Controllers\SupplyController->predictSupplyUsage()
 2 SYSTEMPATH\CodeIgniter.php(494): CodeIgniter\CodeIgniter->runController(Object(App\Controllers\SupplyController))
 3 SYSTEMPATH\CodeIgniter.php(353): CodeIgniter\CodeIgniter->handleRequest(null, Object(Config\Cache), false)
 4 FCPATH\index.php(86): CodeIgniter\CodeIgniter->run()
CRITICAL - 2024-11-04 15:58:22 --> Cannot use object of type CodeIgniter\HTTP\ContentSecurityPolicy as array
in APPPATH\Controllers\SupplyController.php on line 47.
 1 SYSTEMPATH\CodeIgniter.php(919): App\Controllers\SupplyController->predictSupplyUsage()
 2 SYSTEMPATH\CodeIgniter.php(494): CodeIgniter\CodeIgniter->runController(Object(App\Controllers\SupplyController))
 3 SYSTEMPATH\CodeIgniter.php(353): CodeIgniter\CodeIgniter->handleRequest(null, Object(Config\Cache), false)
 4 FCPATH\index.php(86): CodeIgniter\CodeIgniter->run()
CRITICAL - 2024-11-04 16:26:40 --> Too few arguments to function App\Controllers\DatabasePPEController::databaseListener(), 0 passed in C:\laragon\www\dilg\backend\backend\system\CodeIgniter.php on line 919 and exactly 1 expected
in APPPATH\Controllers\DatabasePPEController.php on line 1713.
 1 SYSTEMPATH\CodeIgniter.php(919): App\Controllers\DatabasePPEController->databaseListener()
 2 SYSTEMPATH\CodeIgniter.php(494): CodeIgniter\CodeIgniter->runController(Object(App\Controllers\DatabasePPEController))
 3 SYSTEMPATH\CodeIgniter.php(353): CodeIgniter\CodeIgniter->handleRequest(null, Object(Config\Cache), false)
 4 FCPATH\index.php(86): CodeIgniter\CodeIgniter->run()
