CRITICAL - 2023-12-03 14:24:15 --> Call to undefined method App\Controllers\RequestController::respond()
in APPPATH\Controllers\RequestController.php on line 21.
 1 SYSTEMPATH\CodeIgniter.php(919): App\Controllers\RequestController->getReq()
 2 SYSTEMPATH\CodeIgniter.php(494): CodeIgniter\CodeIgniter->runController(Object(App\Controllers\RequestController))
 3 SYSTEMPATH\CodeIgniter.php(353): CodeIgniter\CodeIgniter->handleRequest(null, Object(Config\Cache), false)
 4 FCPATH\index.php(86): CodeIgniter\CodeIgniter->run()
CRITICAL - 2023-12-03 14:24:17 --> Call to undefined method App\Controllers\RequestController::respond()
in APPPATH\Controllers\RequestController.php on line 21.
 1 SYSTEMPATH\CodeIgniter.php(919): App\Controllers\RequestController->getReq()
 2 SYSTEMPATH\CodeIgniter.php(494): CodeIgniter\CodeIgniter->runController(Object(App\Controllers\RequestController))
 3 SYSTEMPATH\CodeIgniter.php(353): CodeIgniter\CodeIgniter->handleRequest(null, Object(Config\Cache), false)
 4 FCPATH\index.php(86): CodeIgniter\CodeIgniter->run()
CRITICAL - 2023-12-03 14:24:54 --> Call to undefined method App\Controllers\RequestController::respond()
in APPPATH\Controllers\RequestController.php on line 21.
 1 SYSTEMPATH\CodeIgniter.php(919): App\Controllers\RequestController->getReq()
 2 SYSTEMPATH\CodeIgniter.php(494): CodeIgniter\CodeIgniter->runController(Object(App\Controllers\RequestController))
 3 SYSTEMPATH\CodeIgniter.php(353): CodeIgniter\CodeIgniter->handleRequest(null, Object(Config\Cache), false)
 4 FCPATH\index.php(86): CodeIgniter\CodeIgniter->run()
CRITICAL - 2023-12-03 15:36:26 --> Call to undefined method App\Controllers\RequestController::respond()
in APPPATH\Controllers\RequestController.php on line 21.
 1 SYSTEMPATH\CodeIgniter.php(919): App\Controllers\RequestController->getReq()
 2 SYSTEMPATH\CodeIgniter.php(494): CodeIgniter\CodeIgniter->runController(Object(App\Controllers\RequestController))
 3 SYSTEMPATH\CodeIgniter.php(353): CodeIgniter\CodeIgniter->handleRequest(null, Object(Config\Cache), false)
 4 FCPATH\index.php(86): CodeIgniter\CodeIgniter->run()
CRITICAL - 2023-12-03 16:23:19 --> Call to undefined method App\Controllers\RequestController::respond()
in APPPATH\Controllers\RequestController.php on line 21.
 1 SYSTEMPATH\CodeIgniter.php(919): App\Controllers\RequestController->getReq()
 2 SYSTEMPATH\CodeIgniter.php(494): CodeIgniter\CodeIgniter->runController(Object(App\Controllers\RequestController))
 3 SYSTEMPATH\CodeIgniter.php(353): CodeIgniter\CodeIgniter->handleRequest(null, Object(Config\Cache), false)
 4 FCPATH\index.php(86): CodeIgniter\CodeIgniter->run()
