CRITICAL - 2024-05-14 03:37:00 --> Declaration of App\Models\DatabasePPEModel::save($data) must be compatible with CodeIgniter\BaseModel::save($data): bool
in APPPATH\Models\DatabasePPEModel.php on line 44.
 1 [internal function]: CodeIgniter\Debug\Exceptions->shutdownHandler()
CRITICAL - 2024-05-14 03:38:59 --> Declaration of App\Models\DatabasePPEModel::save($data) must be compatible with CodeIgniter\BaseModel::save($data): bool
in APPPATH\Models\DatabasePPEModel.php on line 44.
 1 [internal function]: CodeIgniter\Debug\Exceptions->shutdownHandler()
CRITICAL - 2024-05-14 03:39:04 --> Declaration of App\Models\DatabasePPEModel::save($data) must be compatible with CodeIgniter\BaseModel::save($data): bool
in APPPATH\Models\DatabasePPEModel.php on line 44.
 1 [internal function]: CodeIgniter\Debug\Exceptions->shutdownHandler()
CRITICAL - 2024-05-14 03:39:13 --> Declaration of App\Models\DatabasePPEModel::save($data) must be compatible with CodeIgniter\BaseModel::save($data): bool
in APPPATH\Models\DatabasePPEModel.php on line 44.
 1 [internal function]: CodeIgniter\Debug\Exceptions->shutdownHandler()
CRITICAL - 2024-05-14 03:39:25 --> Declaration of App\Models\DatabasePPEModel::save($data) must be compatible with CodeIgniter\BaseModel::save($data): bool
in APPPATH\Models\DatabasePPEModel.php on line 44.
 1 [internal function]: CodeIgniter\Debug\Exceptions->shutdownHandler()
CRITICAL - 2024-05-14 03:39:46 --> Declaration of App\Models\DatabasePPEModel::save($data) must be compatible with CodeIgniter\BaseModel::save($data): bool
in APPPATH\Models\DatabasePPEModel.php on line 44.
 1 [internal function]: CodeIgniter\Debug\Exceptions->shutdownHandler()
CRITICAL - 2024-05-14 03:39:48 --> Declaration of App\Models\DatabasePPEModel::save($data) must be compatible with CodeIgniter\BaseModel::save($data): bool
in APPPATH\Models\DatabasePPEModel.php on line 44.
 1 [internal function]: CodeIgniter\Debug\Exceptions->shutdownHandler()
CRITICAL - 2024-05-14 03:40:18 --> Declaration of App\Models\DatabasePPEModel::save($data) must be compatible with CodeIgniter\BaseModel::save($data): bool
in APPPATH\Models\DatabasePPEModel.php on line 44.
 1 [internal function]: CodeIgniter\Debug\Exceptions->shutdownHandler()
CRITICAL - 2024-05-14 03:40:19 --> Declaration of App\Models\DatabasePPEModel::save($data) must be compatible with CodeIgniter\BaseModel::save($data): bool
in APPPATH\Models\DatabasePPEModel.php on line 44.
 1 [internal function]: CodeIgniter\Debug\Exceptions->shutdownHandler()
CRITICAL - 2024-05-14 03:40:20 --> Declaration of App\Models\DatabasePPEModel::save($data) must be compatible with CodeIgniter\BaseModel::save($data): bool
in APPPATH\Models\DatabasePPEModel.php on line 44.
 1 [internal function]: CodeIgniter\Debug\Exceptions->shutdownHandler()
CRITICAL - 2024-05-14 03:40:21 --> Declaration of App\Models\DatabasePPEModel::save($data) must be compatible with CodeIgniter\BaseModel::save($data): bool
in APPPATH\Models\DatabasePPEModel.php on line 44.
 1 [internal function]: CodeIgniter\Debug\Exceptions->shutdownHandler()
CRITICAL - 2024-05-14 03:40:30 --> Declaration of App\Models\DatabasePPEModel::save($data) must be compatible with CodeIgniter\BaseModel::save($data): bool
in APPPATH\Models\DatabasePPEModel.php on line 44.
 1 [internal function]: CodeIgniter\Debug\Exceptions->shutdownHandler()
ERROR - 2024-05-14 03:51:57 --> mysqli_sql_exception: Unknown column 'empfullname' in 'field list' in C:\laragon\www\dilg\backend\backend\system\Database\MySQLi\Connection.php:306
Stack trace:
#0 C:\laragon\www\dilg\backend\backend\system\Database\MySQLi\Connection.php(306): mysqli->query('INSERT INTO `da...', 0)
#1 C:\laragon\www\dilg\backend\backend\system\Database\BaseConnection.php(692): CodeIgniter\Database\MySQLi\Connection->execute('INSERT INTO `da...')
#2 C:\laragon\www\dilg\backend\backend\system\Database\BaseConnection.php(606): CodeIgniter\Database\BaseConnection->simpleQuery('INSERT INTO `da...')
#3 C:\laragon\www\dilg\backend\backend\system\Database\BaseBuilder.php(2308): CodeIgniter\Database\BaseConnection->query('INSERT INTO `da...', Array, false)
#4 C:\laragon\www\dilg\backend\backend\system\Model.php(319): CodeIgniter\Database\BaseBuilder->insert()
#5 C:\laragon\www\dilg\backend\backend\system\BaseModel.php(788): CodeIgniter\Model->doInsert(Array)
#6 C:\laragon\www\dilg\backend\backend\system\Model.php(715): CodeIgniter\BaseModel->insert(Array, false)
#7 C:\laragon\www\dilg\backend\backend\system\BaseModel.php(698): CodeIgniter\Model->insert(Array, false)
#8 C:\laragon\www\dilg\backend\backend\app\Controllers\DatabasePPEController.php(341): CodeIgniter\BaseModel->save(Array)
#9 C:\laragon\www\dilg\backend\backend\system\CodeIgniter.php(919): App\Controllers\DatabasePPEController->save()
#10 C:\laragon\www\dilg\backend\backend\system\CodeIgniter.php(494): CodeIgniter\CodeIgniter->runController(Object(App\Controllers\DatabasePPEController))
#11 C:\laragon\www\dilg\backend\backend\system\CodeIgniter.php(353): CodeIgniter\CodeIgniter->handleRequest(NULL, Object(Config\Cache), false)
#12 C:\laragon\www\dilg\backend\index.php(86): CodeIgniter\CodeIgniter->run()
#13 {main}
CRITICAL - 2024-05-14 03:51:57 --> Unknown column 'empfullname' in 'field list'
in SYSTEMPATH\Database\BaseConnection.php on line 646.
 1 SYSTEMPATH\Database\BaseBuilder.php(2308): CodeIgniter\Database\BaseConnection->query('INSERT INTO `databaseppe` (`entityname`, `classification`, `code`, `article`, `particulars`, `modelno`, `serialno`, `propertynumber`, `propertydate`, `icsnumber`, `jevnumber`, `rec_quantity`, `rec_unit`, `rec_unitcost`, `isstranadjamount`, `accimploss`, `adjustedcost`, `repair_nature`, `repair_amount`, `issue_date`, `issue_officeofficer`, `transfer_date`, `transfer_quantity`, `transfer_officeofficer`, `disposal_date`, `disposal_quantity`, `disposal_officeofficer`, `remarks`, `empfullname`, `estimatedlife`, `issued_officer`, `issued_offposition`, `acc_officer`, `acc_empposition`, `acc_date`, `itr_no`, `itr_date`, `rrsp_no`, `rrsp_date`, `reasonfortrans`, `reg_semiissuedserialno`, `reg_returned_qty`, `reg_reissued_qty`, `reg_reissued_off`, `reg_disposed_qty`, `reg_balance_quantity`, `reg_amount`, `reg_remarks`, `property_officer`, `approving_authority`) VALUES (:entityname:, :classification:, :code:, :article:, :particulars:, :modelno:, :serialno:, :propertynumber:, :propertydate:, :icsnumber:, :jevnumber:, :rec_quantity:, :rec_unit:, :rec_unitcost:, :isstranadjamount:, :accimploss:, :adjustedcost:, :repair_nature:, :repair_amount:, :issue_date:, :issue_officeofficer:, :transfer_date:, :transfer_quantity:, :transfer_officeofficer:, :disposal_date:, :disposal_quantity:, :disposal_officeofficer:, :remarks:, :empfullname:, :estimatedlife:, :issued_officer:, :issued_offposition:, :acc_officer:, :acc_empposition:, :acc_date:, :itr_no:, :itr_date:, :rrsp_no:, :rrsp_date:, :reasonfortrans:, :reg_semiissuedserialno:, :reg_returned_qty:, :reg_reissued_qty:, :reg_reissued_off:, :reg_disposed_qty:, :reg_balance_quantity:, :reg_amount:, :reg_remarks:, :property_officer:, :approving_authority:)', [...], false)
 2 SYSTEMPATH\Model.php(319): CodeIgniter\Database\BaseBuilder->insert()
 3 SYSTEMPATH\BaseModel.php(788): CodeIgniter\Model->doInsert([...])
 4 SYSTEMPATH\Model.php(715): CodeIgniter\BaseModel->insert([...], false)
 5 SYSTEMPATH\BaseModel.php(698): CodeIgniter\Model->insert([...], false)
 6 APPPATH\Controllers\DatabasePPEController.php(341): CodeIgniter\BaseModel->save([...])
 7 SYSTEMPATH\CodeIgniter.php(919): App\Controllers\DatabasePPEController->save()
 8 SYSTEMPATH\CodeIgniter.php(494): CodeIgniter\CodeIgniter->runController(Object(App\Controllers\DatabasePPEController))
 9 SYSTEMPATH\CodeIgniter.php(353): CodeIgniter\CodeIgniter->handleRequest(null, Object(Config\Cache), false)
10 FCPATH\index.php(86): CodeIgniter\CodeIgniter->run()
ERROR - 2024-05-14 16:57:03 --> mysqli_sql_exception: Unknown column 'databaseppe.empfullname' in 'where clause' in C:\laragon\www\dilg\backend\backend\system\Database\MySQLi\Connection.php:306
Stack trace:
#0 C:\laragon\www\dilg\backend\backend\system\Database\MySQLi\Connection.php(306): mysqli->query('SELECT `databas...', 0)
#1 C:\laragon\www\dilg\backend\backend\system\Database\BaseConnection.php(692): CodeIgniter\Database\MySQLi\Connection->execute('SELECT `databas...')
#2 C:\laragon\www\dilg\backend\backend\system\Database\BaseConnection.php(606): CodeIgniter\Database\BaseConnection->simpleQuery('SELECT `databas...')
#3 C:\laragon\www\dilg\backend\backend\system\Database\BaseBuilder.php(1615): CodeIgniter\Database\BaseConnection->query('SELECT `databas...', Array, false)
#4 C:\laragon\www\dilg\backend\backend\system\Model.php(237): CodeIgniter\Database\BaseBuilder->get()
#5 C:\laragon\www\dilg\backend\backend\system\BaseModel.php(624): CodeIgniter\Model->doFindAll(0, 0)
#6 C:\laragon\www\dilg\backend\backend\app\Controllers\ServiceController.php(70): CodeIgniter\BaseModel->findAll()
#7 C:\laragon\www\dilg\backend\backend\system\CodeIgniter.php(919): App\Controllers\ServiceController->getDataUser()
#8 C:\laragon\www\dilg\backend\backend\system\CodeIgniter.php(494): CodeIgniter\CodeIgniter->runController(Object(App\Controllers\ServiceController))
#9 C:\laragon\www\dilg\backend\backend\system\CodeIgniter.php(353): CodeIgniter\CodeIgniter->handleRequest(NULL, Object(Config\Cache), false)
#10 C:\laragon\www\dilg\backend\index.php(86): CodeIgniter\CodeIgniter->run()
#11 {main}
CRITICAL - 2024-05-14 16:57:03 --> Unknown column 'databaseppe.empfullname' in 'where clause'
in SYSTEMPATH\Database\BaseConnection.php on line 646.
 1 SYSTEMPATH\Database\BaseBuilder.php(1615): CodeIgniter\Database\BaseConnection->query('SELECT `databaseppe`.*, `inventoryppe`.`entityname`, `inventoryppe`.`classification`, `inventoryppe`.`code`, `inventoryppe`.`article`, `inventoryppe`.`modelno`, `inventoryppe`.`serialno`, `inventoryppe`.`fulldescription`, `inventoryppe`.`image`
FROM `databaseppe`
LEFT JOIN `inventoryppe` ON `inventoryppe`.`particulars` = `databaseppe`.`particulars`
WHERE `databaseppe`.`empfullname` = :databaseppe.empfullname:
ORDER BY `databaseppe`.`id` DESC', [...], false)
 2 SYSTEMPATH\Model.php(237): CodeIgniter\Database\BaseBuilder->get()
 3 SYSTEMPATH\BaseModel.php(624): CodeIgniter\Model->doFindAll(0, 0)
 4 APPPATH\Controllers\ServiceController.php(70): CodeIgniter\BaseModel->findAll()
 5 SYSTEMPATH\CodeIgniter.php(919): App\Controllers\ServiceController->getDataUser()
 6 SYSTEMPATH\CodeIgniter.php(494): CodeIgniter\CodeIgniter->runController(Object(App\Controllers\ServiceController))
 7 SYSTEMPATH\CodeIgniter.php(353): CodeIgniter\CodeIgniter->handleRequest(null, Object(Config\Cache), false)
 8 FCPATH\index.php(86): CodeIgniter\CodeIgniter->run()
ERROR - 2024-05-14 16:57:04 --> mysqli_sql_exception: Unknown column 'databaseppe.empfullname' in 'where clause' in C:\laragon\www\dilg\backend\backend\system\Database\MySQLi\Connection.php:306
Stack trace:
#0 C:\laragon\www\dilg\backend\backend\system\Database\MySQLi\Connection.php(306): mysqli->query('SELECT `databas...', 0)
#1 C:\laragon\www\dilg\backend\backend\system\Database\BaseConnection.php(692): CodeIgniter\Database\MySQLi\Connection->execute('SELECT `databas...')
#2 C:\laragon\www\dilg\backend\backend\system\Database\BaseConnection.php(606): CodeIgniter\Database\BaseConnection->simpleQuery('SELECT `databas...')
#3 C:\laragon\www\dilg\backend\backend\system\Database\BaseBuilder.php(1615): CodeIgniter\Database\BaseConnection->query('SELECT `databas...', Array, false)
#4 C:\laragon\www\dilg\backend\backend\system\Model.php(237): CodeIgniter\Database\BaseBuilder->get()
#5 C:\laragon\www\dilg\backend\backend\system\BaseModel.php(624): CodeIgniter\Model->doFindAll(0, 0)
#6 C:\laragon\www\dilg\backend\backend\app\Controllers\ServiceController.php(70): CodeIgniter\BaseModel->findAll()
#7 C:\laragon\www\dilg\backend\backend\system\CodeIgniter.php(919): App\Controllers\ServiceController->getDataUser()
#8 C:\laragon\www\dilg\backend\backend\system\CodeIgniter.php(494): CodeIgniter\CodeIgniter->runController(Object(App\Controllers\ServiceController))
#9 C:\laragon\www\dilg\backend\backend\system\CodeIgniter.php(353): CodeIgniter\CodeIgniter->handleRequest(NULL, Object(Config\Cache), false)
#10 C:\laragon\www\dilg\backend\index.php(86): CodeIgniter\CodeIgniter->run()
#11 {main}
CRITICAL - 2024-05-14 16:57:04 --> Unknown column 'databaseppe.empfullname' in 'where clause'
in SYSTEMPATH\Database\BaseConnection.php on line 646.
 1 SYSTEMPATH\Database\BaseBuilder.php(1615): CodeIgniter\Database\BaseConnection->query('SELECT `databaseppe`.*, `inventoryppe`.`entityname`, `inventoryppe`.`classification`, `inventoryppe`.`code`, `inventoryppe`.`article`, `inventoryppe`.`modelno`, `inventoryppe`.`serialno`, `inventoryppe`.`fulldescription`, `inventoryppe`.`image`
FROM `databaseppe`
LEFT JOIN `inventoryppe` ON `inventoryppe`.`particulars` = `databaseppe`.`particulars`
WHERE `databaseppe`.`empfullname` = :databaseppe.empfullname:
ORDER BY `databaseppe`.`id` DESC', [...], false)
 2 SYSTEMPATH\Model.php(237): CodeIgniter\Database\BaseBuilder->get()
 3 SYSTEMPATH\BaseModel.php(624): CodeIgniter\Model->doFindAll(0, 0)
 4 APPPATH\Controllers\ServiceController.php(70): CodeIgniter\BaseModel->findAll()
 5 SYSTEMPATH\CodeIgniter.php(919): App\Controllers\ServiceController->getDataUser()
 6 SYSTEMPATH\CodeIgniter.php(494): CodeIgniter\CodeIgniter->runController(Object(App\Controllers\ServiceController))
 7 SYSTEMPATH\CodeIgniter.php(353): CodeIgniter\CodeIgniter->handleRequest(null, Object(Config\Cache), false)
 8 FCPATH\index.php(86): CodeIgniter\CodeIgniter->run()
ERROR - 2024-05-14 16:57:05 --> mysqli_sql_exception: Unknown column 'databaseppe.empfullname' in 'where clause' in C:\laragon\www\dilg\backend\backend\system\Database\MySQLi\Connection.php:306
Stack trace:
#0 C:\laragon\www\dilg\backend\backend\system\Database\MySQLi\Connection.php(306): mysqli->query('SELECT `databas...', 0)
#1 C:\laragon\www\dilg\backend\backend\system\Database\BaseConnection.php(692): CodeIgniter\Database\MySQLi\Connection->execute('SELECT `databas...')
#2 C:\laragon\www\dilg\backend\backend\system\Database\BaseConnection.php(606): CodeIgniter\Database\BaseConnection->simpleQuery('SELECT `databas...')
#3 C:\laragon\www\dilg\backend\backend\system\Database\BaseBuilder.php(1615): CodeIgniter\Database\BaseConnection->query('SELECT `databas...', Array, false)
#4 C:\laragon\www\dilg\backend\backend\system\Model.php(237): CodeIgniter\Database\BaseBuilder->get()
#5 C:\laragon\www\dilg\backend\backend\system\BaseModel.php(624): CodeIgniter\Model->doFindAll(0, 0)
#6 C:\laragon\www\dilg\backend\backend\app\Controllers\ServiceController.php(70): CodeIgniter\BaseModel->findAll()
#7 C:\laragon\www\dilg\backend\backend\system\CodeIgniter.php(919): App\Controllers\ServiceController->getDataUser()
#8 C:\laragon\www\dilg\backend\backend\system\CodeIgniter.php(494): CodeIgniter\CodeIgniter->runController(Object(App\Controllers\ServiceController))
#9 C:\laragon\www\dilg\backend\backend\system\CodeIgniter.php(353): CodeIgniter\CodeIgniter->handleRequest(NULL, Object(Config\Cache), false)
#10 C:\laragon\www\dilg\backend\index.php(86): CodeIgniter\CodeIgniter->run()
#11 {main}
CRITICAL - 2024-05-14 16:57:05 --> Unknown column 'databaseppe.empfullname' in 'where clause'
in SYSTEMPATH\Database\BaseConnection.php on line 646.
 1 SYSTEMPATH\Database\BaseBuilder.php(1615): CodeIgniter\Database\BaseConnection->query('SELECT `databaseppe`.*, `inventoryppe`.`entityname`, `inventoryppe`.`classification`, `inventoryppe`.`code`, `inventoryppe`.`article`, `inventoryppe`.`modelno`, `inventoryppe`.`serialno`, `inventoryppe`.`fulldescription`, `inventoryppe`.`image`
FROM `databaseppe`
LEFT JOIN `inventoryppe` ON `inventoryppe`.`particulars` = `databaseppe`.`particulars`
WHERE `databaseppe`.`empfullname` = :databaseppe.empfullname:
ORDER BY `databaseppe`.`id` DESC', [...], false)
 2 SYSTEMPATH\Model.php(237): CodeIgniter\Database\BaseBuilder->get()
 3 SYSTEMPATH\BaseModel.php(624): CodeIgniter\Model->doFindAll(0, 0)
 4 APPPATH\Controllers\ServiceController.php(70): CodeIgniter\BaseModel->findAll()
 5 SYSTEMPATH\CodeIgniter.php(919): App\Controllers\ServiceController->getDataUser()
 6 SYSTEMPATH\CodeIgniter.php(494): CodeIgniter\CodeIgniter->runController(Object(App\Controllers\ServiceController))
 7 SYSTEMPATH\CodeIgniter.php(353): CodeIgniter\CodeIgniter->handleRequest(null, Object(Config\Cache), false)
 8 FCPATH\index.php(86): CodeIgniter\CodeIgniter->run()
ERROR - 2024-05-14 16:57:07 --> mysqli_sql_exception: Unknown column 'databaseppe.empfullname' in 'where clause' in C:\laragon\www\dilg\backend\backend\system\Database\MySQLi\Connection.php:306
Stack trace:
#0 C:\laragon\www\dilg\backend\backend\system\Database\MySQLi\Connection.php(306): mysqli->query('SELECT `databas...', 0)
#1 C:\laragon\www\dilg\backend\backend\system\Database\BaseConnection.php(692): CodeIgniter\Database\MySQLi\Connection->execute('SELECT `databas...')
#2 C:\laragon\www\dilg\backend\backend\system\Database\BaseConnection.php(606): CodeIgniter\Database\BaseConnection->simpleQuery('SELECT `databas...')
#3 C:\laragon\www\dilg\backend\backend\system\Database\BaseBuilder.php(1615): CodeIgniter\Database\BaseConnection->query('SELECT `databas...', Array, false)
#4 C:\laragon\www\dilg\backend\backend\system\Model.php(237): CodeIgniter\Database\BaseBuilder->get()
#5 C:\laragon\www\dilg\backend\backend\system\BaseModel.php(624): CodeIgniter\Model->doFindAll(0, 0)
#6 C:\laragon\www\dilg\backend\backend\app\Controllers\ServiceController.php(70): CodeIgniter\BaseModel->findAll()
#7 C:\laragon\www\dilg\backend\backend\system\CodeIgniter.php(919): App\Controllers\ServiceController->getDataUser()
#8 C:\laragon\www\dilg\backend\backend\system\CodeIgniter.php(494): CodeIgniter\CodeIgniter->runController(Object(App\Controllers\ServiceController))
#9 C:\laragon\www\dilg\backend\backend\system\CodeIgniter.php(353): CodeIgniter\CodeIgniter->handleRequest(NULL, Object(Config\Cache), false)
#10 C:\laragon\www\dilg\backend\index.php(86): CodeIgniter\CodeIgniter->run()
#11 {main}
CRITICAL - 2024-05-14 16:57:07 --> Unknown column 'databaseppe.empfullname' in 'where clause'
in SYSTEMPATH\Database\BaseConnection.php on line 646.
 1 SYSTEMPATH\Database\BaseBuilder.php(1615): CodeIgniter\Database\BaseConnection->query('SELECT `databaseppe`.*, `inventoryppe`.`entityname`, `inventoryppe`.`classification`, `inventoryppe`.`code`, `inventoryppe`.`article`, `inventoryppe`.`modelno`, `inventoryppe`.`serialno`, `inventoryppe`.`fulldescription`, `inventoryppe`.`image`
FROM `databaseppe`
LEFT JOIN `inventoryppe` ON `inventoryppe`.`particulars` = `databaseppe`.`particulars`
WHERE `databaseppe`.`empfullname` = :databaseppe.empfullname:
ORDER BY `databaseppe`.`id` DESC', [...], false)
 2 SYSTEMPATH\Model.php(237): CodeIgniter\Database\BaseBuilder->get()
 3 SYSTEMPATH\BaseModel.php(624): CodeIgniter\Model->doFindAll(0, 0)
 4 APPPATH\Controllers\ServiceController.php(70): CodeIgniter\BaseModel->findAll()
 5 SYSTEMPATH\CodeIgniter.php(919): App\Controllers\ServiceController->getDataUser()
 6 SYSTEMPATH\CodeIgniter.php(494): CodeIgniter\CodeIgniter->runController(Object(App\Controllers\ServiceController))
 7 SYSTEMPATH\CodeIgniter.php(353): CodeIgniter\CodeIgniter->handleRequest(null, Object(Config\Cache), false)
 8 FCPATH\index.php(86): CodeIgniter\CodeIgniter->run()
ERROR - 2024-05-14 16:57:14 --> mysqli_sql_exception: Unknown column 'databaseppe.empfullname' in 'where clause' in C:\laragon\www\dilg\backend\backend\system\Database\MySQLi\Connection.php:306
Stack trace:
#0 C:\laragon\www\dilg\backend\backend\system\Database\MySQLi\Connection.php(306): mysqli->query('SELECT `databas...', 0)
#1 C:\laragon\www\dilg\backend\backend\system\Database\BaseConnection.php(692): CodeIgniter\Database\MySQLi\Connection->execute('SELECT `databas...')
#2 C:\laragon\www\dilg\backend\backend\system\Database\BaseConnection.php(606): CodeIgniter\Database\BaseConnection->simpleQuery('SELECT `databas...')
#3 C:\laragon\www\dilg\backend\backend\system\Database\BaseBuilder.php(1615): CodeIgniter\Database\BaseConnection->query('SELECT `databas...', Array, false)
#4 C:\laragon\www\dilg\backend\backend\system\Model.php(237): CodeIgniter\Database\BaseBuilder->get()
#5 C:\laragon\www\dilg\backend\backend\system\BaseModel.php(624): CodeIgniter\Model->doFindAll(0, 0)
#6 C:\laragon\www\dilg\backend\backend\app\Controllers\ServiceController.php(70): CodeIgniter\BaseModel->findAll()
#7 C:\laragon\www\dilg\backend\backend\system\CodeIgniter.php(919): App\Controllers\ServiceController->getDataUser()
#8 C:\laragon\www\dilg\backend\backend\system\CodeIgniter.php(494): CodeIgniter\CodeIgniter->runController(Object(App\Controllers\ServiceController))
#9 C:\laragon\www\dilg\backend\backend\system\CodeIgniter.php(353): CodeIgniter\CodeIgniter->handleRequest(NULL, Object(Config\Cache), false)
#10 C:\laragon\www\dilg\backend\index.php(86): CodeIgniter\CodeIgniter->run()
#11 {main}
CRITICAL - 2024-05-14 16:57:14 --> Unknown column 'databaseppe.empfullname' in 'where clause'
in SYSTEMPATH\Database\BaseConnection.php on line 646.
 1 SYSTEMPATH\Database\BaseBuilder.php(1615): CodeIgniter\Database\BaseConnection->query('SELECT `databaseppe`.*, `inventoryppe`.`entityname`, `inventoryppe`.`classification`, `inventoryppe`.`code`, `inventoryppe`.`article`, `inventoryppe`.`modelno`, `inventoryppe`.`serialno`, `inventoryppe`.`fulldescription`, `inventoryppe`.`image`
FROM `databaseppe`
LEFT JOIN `inventoryppe` ON `inventoryppe`.`particulars` = `databaseppe`.`particulars`
WHERE `databaseppe`.`empfullname` = :databaseppe.empfullname:
ORDER BY `databaseppe`.`id` DESC', [...], false)
 2 SYSTEMPATH\Model.php(237): CodeIgniter\Database\BaseBuilder->get()
 3 SYSTEMPATH\BaseModel.php(624): CodeIgniter\Model->doFindAll(0, 0)
 4 APPPATH\Controllers\ServiceController.php(70): CodeIgniter\BaseModel->findAll()
 5 SYSTEMPATH\CodeIgniter.php(919): App\Controllers\ServiceController->getDataUser()
 6 SYSTEMPATH\CodeIgniter.php(494): CodeIgniter\CodeIgniter->runController(Object(App\Controllers\ServiceController))
 7 SYSTEMPATH\CodeIgniter.php(353): CodeIgniter\CodeIgniter->handleRequest(null, Object(Config\Cache), false)
 8 FCPATH\index.php(86): CodeIgniter\CodeIgniter->run()
ERROR - 2024-05-14 16:57:15 --> mysqli_sql_exception: Unknown column 'databaseppe.empfullname' in 'where clause' in C:\laragon\www\dilg\backend\backend\system\Database\MySQLi\Connection.php:306
Stack trace:
#0 C:\laragon\www\dilg\backend\backend\system\Database\MySQLi\Connection.php(306): mysqli->query('SELECT `databas...', 0)
#1 C:\laragon\www\dilg\backend\backend\system\Database\BaseConnection.php(692): CodeIgniter\Database\MySQLi\Connection->execute('SELECT `databas...')
#2 C:\laragon\www\dilg\backend\backend\system\Database\BaseConnection.php(606): CodeIgniter\Database\BaseConnection->simpleQuery('SELECT `databas...')
#3 C:\laragon\www\dilg\backend\backend\system\Database\BaseBuilder.php(1615): CodeIgniter\Database\BaseConnection->query('SELECT `databas...', Array, false)
#4 C:\laragon\www\dilg\backend\backend\system\Model.php(237): CodeIgniter\Database\BaseBuilder->get()
#5 C:\laragon\www\dilg\backend\backend\system\BaseModel.php(624): CodeIgniter\Model->doFindAll(0, 0)
#6 C:\laragon\www\dilg\backend\backend\app\Controllers\ServiceController.php(70): CodeIgniter\BaseModel->findAll()
#7 C:\laragon\www\dilg\backend\backend\system\CodeIgniter.php(919): App\Controllers\ServiceController->getDataUser()
#8 C:\laragon\www\dilg\backend\backend\system\CodeIgniter.php(494): CodeIgniter\CodeIgniter->runController(Object(App\Controllers\ServiceController))
#9 C:\laragon\www\dilg\backend\backend\system\CodeIgniter.php(353): CodeIgniter\CodeIgniter->handleRequest(NULL, Object(Config\Cache), false)
#10 C:\laragon\www\dilg\backend\index.php(86): CodeIgniter\CodeIgniter->run()
#11 {main}
CRITICAL - 2024-05-14 16:57:15 --> Unknown column 'databaseppe.empfullname' in 'where clause'
in SYSTEMPATH\Database\BaseConnection.php on line 646.
 1 SYSTEMPATH\Database\BaseBuilder.php(1615): CodeIgniter\Database\BaseConnection->query('SELECT `databaseppe`.*, `inventoryppe`.`entityname`, `inventoryppe`.`classification`, `inventoryppe`.`code`, `inventoryppe`.`article`, `inventoryppe`.`modelno`, `inventoryppe`.`serialno`, `inventoryppe`.`fulldescription`, `inventoryppe`.`image`
FROM `databaseppe`
LEFT JOIN `inventoryppe` ON `inventoryppe`.`particulars` = `databaseppe`.`particulars`
WHERE `databaseppe`.`empfullname` = :databaseppe.empfullname:
ORDER BY `databaseppe`.`id` DESC', [...], false)
 2 SYSTEMPATH\Model.php(237): CodeIgniter\Database\BaseBuilder->get()
 3 SYSTEMPATH\BaseModel.php(624): CodeIgniter\Model->doFindAll(0, 0)
 4 APPPATH\Controllers\ServiceController.php(70): CodeIgniter\BaseModel->findAll()
 5 SYSTEMPATH\CodeIgniter.php(919): App\Controllers\ServiceController->getDataUser()
 6 SYSTEMPATH\CodeIgniter.php(494): CodeIgniter\CodeIgniter->runController(Object(App\Controllers\ServiceController))
 7 SYSTEMPATH\CodeIgniter.php(353): CodeIgniter\CodeIgniter->handleRequest(null, Object(Config\Cache), false)
 8 FCPATH\index.php(86): CodeIgniter\CodeIgniter->run()
ERROR - 2024-05-14 17:54:01 --> mysqli_sql_exception: Unknown column 'databaseppe.empfullname' in 'where clause' in C:\laragon\www\dilg\backend\backend\system\Database\MySQLi\Connection.php:306
Stack trace:
#0 C:\laragon\www\dilg\backend\backend\system\Database\MySQLi\Connection.php(306): mysqli->query('SELECT `databas...', 0)
#1 C:\laragon\www\dilg\backend\backend\system\Database\BaseConnection.php(692): CodeIgniter\Database\MySQLi\Connection->execute('SELECT `databas...')
#2 C:\laragon\www\dilg\backend\backend\system\Database\BaseConnection.php(606): CodeIgniter\Database\BaseConnection->simpleQuery('SELECT `databas...')
#3 C:\laragon\www\dilg\backend\backend\system\Database\BaseBuilder.php(1615): CodeIgniter\Database\BaseConnection->query('SELECT `databas...', Array, false)
#4 C:\laragon\www\dilg\backend\backend\system\Model.php(237): CodeIgniter\Database\BaseBuilder->get()
#5 C:\laragon\www\dilg\backend\backend\system\BaseModel.php(624): CodeIgniter\Model->doFindAll(0, 0)
#6 C:\laragon\www\dilg\backend\backend\app\Controllers\ServiceController.php(70): CodeIgniter\BaseModel->findAll()
#7 C:\laragon\www\dilg\backend\backend\system\CodeIgniter.php(919): App\Controllers\ServiceController->getDataUser()
#8 C:\laragon\www\dilg\backend\backend\system\CodeIgniter.php(494): CodeIgniter\CodeIgniter->runController(Object(App\Controllers\ServiceController))
#9 C:\laragon\www\dilg\backend\backend\system\CodeIgniter.php(353): CodeIgniter\CodeIgniter->handleRequest(NULL, Object(Config\Cache), false)
#10 C:\laragon\www\dilg\backend\index.php(86): CodeIgniter\CodeIgniter->run()
#11 {main}
CRITICAL - 2024-05-14 17:54:01 --> Unknown column 'databaseppe.empfullname' in 'where clause'
in SYSTEMPATH\Database\BaseConnection.php on line 646.
 1 SYSTEMPATH\Database\BaseBuilder.php(1615): CodeIgniter\Database\BaseConnection->query('SELECT `databaseppe`.*, `inventoryppe`.`entityname`, `inventoryppe`.`classification`, `inventoryppe`.`code`, `inventoryppe`.`article`, `inventoryppe`.`modelno`, `inventoryppe`.`serialno`, `inventoryppe`.`fulldescription`, `inventoryppe`.`image`
FROM `databaseppe`
LEFT JOIN `inventoryppe` ON `inventoryppe`.`particulars` = `databaseppe`.`particulars`
WHERE `databaseppe`.`empfullname` = :databaseppe.empfullname:
ORDER BY `databaseppe`.`id` DESC', [...], false)
 2 SYSTEMPATH\Model.php(237): CodeIgniter\Database\BaseBuilder->get()
 3 SYSTEMPATH\BaseModel.php(624): CodeIgniter\Model->doFindAll(0, 0)
 4 APPPATH\Controllers\ServiceController.php(70): CodeIgniter\BaseModel->findAll()
 5 SYSTEMPATH\CodeIgniter.php(919): App\Controllers\ServiceController->getDataUser()
 6 SYSTEMPATH\CodeIgniter.php(494): CodeIgniter\CodeIgniter->runController(Object(App\Controllers\ServiceController))
 7 SYSTEMPATH\CodeIgniter.php(353): CodeIgniter\CodeIgniter->handleRequest(null, Object(Config\Cache), false)
 8 FCPATH\index.php(86): CodeIgniter\CodeIgniter->run()
CRITICAL - 2024-05-14 18:46:28 --> Attempt to read property "employee" on null
in APPPATH\Controllers\OfficerVerifyController.php on line 155.
 1 APPPATH\Controllers\OfficerVerifyController.php(155): CodeIgniter\Debug\Exceptions->errorHandler(2, 'Attempt to read property "employee" on null', 'C:\\laragon\\www\\dilg\\backend\\backend\\app\\Controllers\\OfficerVerifyController.php', 155)
 2 SYSTEMPATH\CodeIgniter.php(919): App\Controllers\OfficerVerifyController->employeeRecordsPDF()
 3 SYSTEMPATH\CodeIgniter.php(494): CodeIgniter\CodeIgniter->runController(Object(App\Controllers\OfficerVerifyController))
 4 SYSTEMPATH\CodeIgniter.php(353): CodeIgniter\CodeIgniter->handleRequest(null, Object(Config\Cache), false)
 5 FCPATH\index.php(86): CodeIgniter\CodeIgniter->run()
CRITICAL - 2024-05-14 18:47:10 --> Attempt to read property "employee" on null
in APPPATH\Controllers\OfficerVerifyController.php on line 155.
 1 APPPATH\Controllers\OfficerVerifyController.php(155): CodeIgniter\Debug\Exceptions->errorHandler(2, 'Attempt to read property "employee" on null', 'C:\\laragon\\www\\dilg\\backend\\backend\\app\\Controllers\\OfficerVerifyController.php', 155)
 2 SYSTEMPATH\CodeIgniter.php(919): App\Controllers\OfficerVerifyController->employeeRecordsPDF()
 3 SYSTEMPATH\CodeIgniter.php(494): CodeIgniter\CodeIgniter->runController(Object(App\Controllers\OfficerVerifyController))
 4 SYSTEMPATH\CodeIgniter.php(353): CodeIgniter\CodeIgniter->handleRequest(null, Object(Config\Cache), false)
 5 FCPATH\index.php(86): CodeIgniter\CodeIgniter->run()
CRITICAL - 2024-05-14 18:47:13 --> Attempt to read property "employee" on null
in APPPATH\Controllers\OfficerVerifyController.php on line 155.
 1 APPPATH\Controllers\OfficerVerifyController.php(155): CodeIgniter\Debug\Exceptions->errorHandler(2, 'Attempt to read property "employee" on null', 'C:\\laragon\\www\\dilg\\backend\\backend\\app\\Controllers\\OfficerVerifyController.php', 155)
 2 SYSTEMPATH\CodeIgniter.php(919): App\Controllers\OfficerVerifyController->employeeRecordsPDF()
 3 SYSTEMPATH\CodeIgniter.php(494): CodeIgniter\CodeIgniter->runController(Object(App\Controllers\OfficerVerifyController))
 4 SYSTEMPATH\CodeIgniter.php(353): CodeIgniter\CodeIgniter->handleRequest(null, Object(Config\Cache), false)
 5 FCPATH\index.php(86): CodeIgniter\CodeIgniter->run()
CRITICAL - 2024-05-14 18:47:14 --> Attempt to read property "employee" on null
in APPPATH\Controllers\OfficerVerifyController.php on line 155.
 1 APPPATH\Controllers\OfficerVerifyController.php(155): CodeIgniter\Debug\Exceptions->errorHandler(2, 'Attempt to read property "employee" on null', 'C:\\laragon\\www\\dilg\\backend\\backend\\app\\Controllers\\OfficerVerifyController.php', 155)
 2 SYSTEMPATH\CodeIgniter.php(919): App\Controllers\OfficerVerifyController->employeeRecordsPDF()
 3 SYSTEMPATH\CodeIgniter.php(494): CodeIgniter\CodeIgniter->runController(Object(App\Controllers\OfficerVerifyController))
 4 SYSTEMPATH\CodeIgniter.php(353): CodeIgniter\CodeIgniter->handleRequest(null, Object(Config\Cache), false)
 5 FCPATH\index.php(86): CodeIgniter\CodeIgniter->run()
CRITICAL - 2024-05-14 18:47:14 --> Attempt to read property "employee" on null
in APPPATH\Controllers\OfficerVerifyController.php on line 155.
 1 APPPATH\Controllers\OfficerVerifyController.php(155): CodeIgniter\Debug\Exceptions->errorHandler(2, 'Attempt to read property "employee" on null', 'C:\\laragon\\www\\dilg\\backend\\backend\\app\\Controllers\\OfficerVerifyController.php', 155)
 2 SYSTEMPATH\CodeIgniter.php(919): App\Controllers\OfficerVerifyController->employeeRecordsPDF()
 3 SYSTEMPATH\CodeIgniter.php(494): CodeIgniter\CodeIgniter->runController(Object(App\Controllers\OfficerVerifyController))
 4 SYSTEMPATH\CodeIgniter.php(353): CodeIgniter\CodeIgniter->handleRequest(null, Object(Config\Cache), false)
 5 FCPATH\index.php(86): CodeIgniter\CodeIgniter->run()
CRITICAL - 2024-05-14 18:47:15 --> Attempt to read property "employee" on null
in APPPATH\Controllers\OfficerVerifyController.php on line 155.
 1 APPPATH\Controllers\OfficerVerifyController.php(155): CodeIgniter\Debug\Exceptions->errorHandler(2, 'Attempt to read property "employee" on null', 'C:\\laragon\\www\\dilg\\backend\\backend\\app\\Controllers\\OfficerVerifyController.php', 155)
 2 SYSTEMPATH\CodeIgniter.php(919): App\Controllers\OfficerVerifyController->employeeRecordsPDF()
 3 SYSTEMPATH\CodeIgniter.php(494): CodeIgniter\CodeIgniter->runController(Object(App\Controllers\OfficerVerifyController))
 4 SYSTEMPATH\CodeIgniter.php(353): CodeIgniter\CodeIgniter->handleRequest(null, Object(Config\Cache), false)
 5 FCPATH\index.php(86): CodeIgniter\CodeIgniter->run()
CRITICAL - 2024-05-14 18:47:15 --> Attempt to read property "employee" on null
in APPPATH\Controllers\OfficerVerifyController.php on line 155.
 1 APPPATH\Controllers\OfficerVerifyController.php(155): CodeIgniter\Debug\Exceptions->errorHandler(2, 'Attempt to read property "employee" on null', 'C:\\laragon\\www\\dilg\\backend\\backend\\app\\Controllers\\OfficerVerifyController.php', 155)
 2 SYSTEMPATH\CodeIgniter.php(919): App\Controllers\OfficerVerifyController->employeeRecordsPDF()
 3 SYSTEMPATH\CodeIgniter.php(494): CodeIgniter\CodeIgniter->runController(Object(App\Controllers\OfficerVerifyController))
 4 SYSTEMPATH\CodeIgniter.php(353): CodeIgniter\CodeIgniter->handleRequest(null, Object(Config\Cache), false)
 5 FCPATH\index.php(86): CodeIgniter\CodeIgniter->run()
CRITICAL - 2024-05-14 18:47:15 --> Attempt to read property "employee" on null
in APPPATH\Controllers\OfficerVerifyController.php on line 155.
 1 APPPATH\Controllers\OfficerVerifyController.php(155): CodeIgniter\Debug\Exceptions->errorHandler(2, 'Attempt to read property "employee" on null', 'C:\\laragon\\www\\dilg\\backend\\backend\\app\\Controllers\\OfficerVerifyController.php', 155)
 2 SYSTEMPATH\CodeIgniter.php(919): App\Controllers\OfficerVerifyController->employeeRecordsPDF()
 3 SYSTEMPATH\CodeIgniter.php(494): CodeIgniter\CodeIgniter->runController(Object(App\Controllers\OfficerVerifyController))
 4 SYSTEMPATH\CodeIgniter.php(353): CodeIgniter\CodeIgniter->handleRequest(null, Object(Config\Cache), false)
 5 FCPATH\index.php(86): CodeIgniter\CodeIgniter->run()
CRITICAL - 2024-05-14 18:47:15 --> Attempt to read property "employee" on null
in APPPATH\Controllers\OfficerVerifyController.php on line 155.
 1 APPPATH\Controllers\OfficerVerifyController.php(155): CodeIgniter\Debug\Exceptions->errorHandler(2, 'Attempt to read property "employee" on null', 'C:\\laragon\\www\\dilg\\backend\\backend\\app\\Controllers\\OfficerVerifyController.php', 155)
 2 SYSTEMPATH\CodeIgniter.php(919): App\Controllers\OfficerVerifyController->employeeRecordsPDF()
 3 SYSTEMPATH\CodeIgniter.php(494): CodeIgniter\CodeIgniter->runController(Object(App\Controllers\OfficerVerifyController))
 4 SYSTEMPATH\CodeIgniter.php(353): CodeIgniter\CodeIgniter->handleRequest(null, Object(Config\Cache), false)
 5 FCPATH\index.php(86): CodeIgniter\CodeIgniter->run()
CRITICAL - 2024-05-14 18:47:15 --> Attempt to read property "employee" on null
in APPPATH\Controllers\OfficerVerifyController.php on line 155.
 1 APPPATH\Controllers\OfficerVerifyController.php(155): CodeIgniter\Debug\Exceptions->errorHandler(2, 'Attempt to read property "employee" on null', 'C:\\laragon\\www\\dilg\\backend\\backend\\app\\Controllers\\OfficerVerifyController.php', 155)
 2 SYSTEMPATH\CodeIgniter.php(919): App\Controllers\OfficerVerifyController->employeeRecordsPDF()
 3 SYSTEMPATH\CodeIgniter.php(494): CodeIgniter\CodeIgniter->runController(Object(App\Controllers\OfficerVerifyController))
 4 SYSTEMPATH\CodeIgniter.php(353): CodeIgniter\CodeIgniter->handleRequest(null, Object(Config\Cache), false)
 5 FCPATH\index.php(86): CodeIgniter\CodeIgniter->run()
CRITICAL - 2024-05-14 18:47:16 --> Attempt to read property "employee" on null
in APPPATH\Controllers\OfficerVerifyController.php on line 155.
 1 APPPATH\Controllers\OfficerVerifyController.php(155): CodeIgniter\Debug\Exceptions->errorHandler(2, 'Attempt to read property "employee" on null', 'C:\\laragon\\www\\dilg\\backend\\backend\\app\\Controllers\\OfficerVerifyController.php', 155)
 2 SYSTEMPATH\CodeIgniter.php(919): App\Controllers\OfficerVerifyController->employeeRecordsPDF()
 3 SYSTEMPATH\CodeIgniter.php(494): CodeIgniter\CodeIgniter->runController(Object(App\Controllers\OfficerVerifyController))
 4 SYSTEMPATH\CodeIgniter.php(353): CodeIgniter\CodeIgniter->handleRequest(null, Object(Config\Cache), false)
 5 FCPATH\index.php(86): CodeIgniter\CodeIgniter->run()
CRITICAL - 2024-05-14 18:47:17 --> Attempt to read property "employee" on null
in APPPATH\Controllers\OfficerVerifyController.php on line 155.
 1 APPPATH\Controllers\OfficerVerifyController.php(155): CodeIgniter\Debug\Exceptions->errorHandler(2, 'Attempt to read property "employee" on null', 'C:\\laragon\\www\\dilg\\backend\\backend\\app\\Controllers\\OfficerVerifyController.php', 155)
 2 SYSTEMPATH\CodeIgniter.php(919): App\Controllers\OfficerVerifyController->employeeRecordsPDF()
 3 SYSTEMPATH\CodeIgniter.php(494): CodeIgniter\CodeIgniter->runController(Object(App\Controllers\OfficerVerifyController))
 4 SYSTEMPATH\CodeIgniter.php(353): CodeIgniter\CodeIgniter->handleRequest(null, Object(Config\Cache), false)
 5 FCPATH\index.php(86): CodeIgniter\CodeIgniter->run()
CRITICAL - 2024-05-14 18:47:47 --> Attempt to read property "employee" on null
in APPPATH\Controllers\OfficerVerifyController.php on line 155.
 1 APPPATH\Controllers\OfficerVerifyController.php(155): CodeIgniter\Debug\Exceptions->errorHandler(2, 'Attempt to read property "employee" on null', 'C:\\laragon\\www\\dilg\\backend\\backend\\app\\Controllers\\OfficerVerifyController.php', 155)
 2 SYSTEMPATH\CodeIgniter.php(919): App\Controllers\OfficerVerifyController->employeeRecordsPDF()
 3 SYSTEMPATH\CodeIgniter.php(494): CodeIgniter\CodeIgniter->runController(Object(App\Controllers\OfficerVerifyController))
 4 SYSTEMPATH\CodeIgniter.php(353): CodeIgniter\CodeIgniter->handleRequest(null, Object(Config\Cache), false)
 5 FCPATH\index.php(86): CodeIgniter\CodeIgniter->run()
CRITICAL - 2024-05-14 18:47:48 --> Attempt to read property "employee" on null
in APPPATH\Controllers\OfficerVerifyController.php on line 155.
 1 APPPATH\Controllers\OfficerVerifyController.php(155): CodeIgniter\Debug\Exceptions->errorHandler(2, 'Attempt to read property "employee" on null', 'C:\\laragon\\www\\dilg\\backend\\backend\\app\\Controllers\\OfficerVerifyController.php', 155)
 2 SYSTEMPATH\CodeIgniter.php(919): App\Controllers\OfficerVerifyController->employeeRecordsPDF()
 3 SYSTEMPATH\CodeIgniter.php(494): CodeIgniter\CodeIgniter->runController(Object(App\Controllers\OfficerVerifyController))
 4 SYSTEMPATH\CodeIgniter.php(353): CodeIgniter\CodeIgniter->handleRequest(null, Object(Config\Cache), false)
 5 FCPATH\index.php(86): CodeIgniter\CodeIgniter->run()
CRITICAL - 2024-05-14 18:47:48 --> Attempt to read property "employee" on null
in APPPATH\Controllers\OfficerVerifyController.php on line 155.
 1 APPPATH\Controllers\OfficerVerifyController.php(155): CodeIgniter\Debug\Exceptions->errorHandler(2, 'Attempt to read property "employee" on null', 'C:\\laragon\\www\\dilg\\backend\\backend\\app\\Controllers\\OfficerVerifyController.php', 155)
 2 SYSTEMPATH\CodeIgniter.php(919): App\Controllers\OfficerVerifyController->employeeRecordsPDF()
 3 SYSTEMPATH\CodeIgniter.php(494): CodeIgniter\CodeIgniter->runController(Object(App\Controllers\OfficerVerifyController))
 4 SYSTEMPATH\CodeIgniter.php(353): CodeIgniter\CodeIgniter->handleRequest(null, Object(Config\Cache), false)
 5 FCPATH\index.php(86): CodeIgniter\CodeIgniter->run()
CRITICAL - 2024-05-14 18:47:48 --> Attempt to read property "employee" on null
in APPPATH\Controllers\OfficerVerifyController.php on line 155.
 1 APPPATH\Controllers\OfficerVerifyController.php(155): CodeIgniter\Debug\Exceptions->errorHandler(2, 'Attempt to read property "employee" on null', 'C:\\laragon\\www\\dilg\\backend\\backend\\app\\Controllers\\OfficerVerifyController.php', 155)
 2 SYSTEMPATH\CodeIgniter.php(919): App\Controllers\OfficerVerifyController->employeeRecordsPDF()
 3 SYSTEMPATH\CodeIgniter.php(494): CodeIgniter\CodeIgniter->runController(Object(App\Controllers\OfficerVerifyController))
 4 SYSTEMPATH\CodeIgniter.php(353): CodeIgniter\CodeIgniter->handleRequest(null, Object(Config\Cache), false)
 5 FCPATH\index.php(86): CodeIgniter\CodeIgniter->run()
CRITICAL - 2024-05-14 18:47:49 --> Attempt to read property "employee" on null
in APPPATH\Controllers\OfficerVerifyController.php on line 155.
 1 APPPATH\Controllers\OfficerVerifyController.php(155): CodeIgniter\Debug\Exceptions->errorHandler(2, 'Attempt to read property "employee" on null', 'C:\\laragon\\www\\dilg\\backend\\backend\\app\\Controllers\\OfficerVerifyController.php', 155)
 2 SYSTEMPATH\CodeIgniter.php(919): App\Controllers\OfficerVerifyController->employeeRecordsPDF()
 3 SYSTEMPATH\CodeIgniter.php(494): CodeIgniter\CodeIgniter->runController(Object(App\Controllers\OfficerVerifyController))
 4 SYSTEMPATH\CodeIgniter.php(353): CodeIgniter\CodeIgniter->handleRequest(null, Object(Config\Cache), false)
 5 FCPATH\index.php(86): CodeIgniter\CodeIgniter->run()
CRITICAL - 2024-05-14 18:47:49 --> Attempt to read property "employee" on null
in APPPATH\Controllers\OfficerVerifyController.php on line 155.
 1 APPPATH\Controllers\OfficerVerifyController.php(155): CodeIgniter\Debug\Exceptions->errorHandler(2, 'Attempt to read property "employee" on null', 'C:\\laragon\\www\\dilg\\backend\\backend\\app\\Controllers\\OfficerVerifyController.php', 155)
 2 SYSTEMPATH\CodeIgniter.php(919): App\Controllers\OfficerVerifyController->employeeRecordsPDF()
 3 SYSTEMPATH\CodeIgniter.php(494): CodeIgniter\CodeIgniter->runController(Object(App\Controllers\OfficerVerifyController))
 4 SYSTEMPATH\CodeIgniter.php(353): CodeIgniter\CodeIgniter->handleRequest(null, Object(Config\Cache), false)
 5 FCPATH\index.php(86): CodeIgniter\CodeIgniter->run()
CRITICAL - 2024-05-14 18:47:49 --> Attempt to read property "employee" on null
in APPPATH\Controllers\OfficerVerifyController.php on line 155.
 1 APPPATH\Controllers\OfficerVerifyController.php(155): CodeIgniter\Debug\Exceptions->errorHandler(2, 'Attempt to read property "employee" on null', 'C:\\laragon\\www\\dilg\\backend\\backend\\app\\Controllers\\OfficerVerifyController.php', 155)
 2 SYSTEMPATH\CodeIgniter.php(919): App\Controllers\OfficerVerifyController->employeeRecordsPDF()
 3 SYSTEMPATH\CodeIgniter.php(494): CodeIgniter\CodeIgniter->runController(Object(App\Controllers\OfficerVerifyController))
 4 SYSTEMPATH\CodeIgniter.php(353): CodeIgniter\CodeIgniter->handleRequest(null, Object(Config\Cache), false)
 5 FCPATH\index.php(86): CodeIgniter\CodeIgniter->run()
CRITICAL - 2024-05-14 18:47:49 --> Attempt to read property "employee" on null
in APPPATH\Controllers\OfficerVerifyController.php on line 155.
 1 APPPATH\Controllers\OfficerVerifyController.php(155): CodeIgniter\Debug\Exceptions->errorHandler(2, 'Attempt to read property "employee" on null', 'C:\\laragon\\www\\dilg\\backend\\backend\\app\\Controllers\\OfficerVerifyController.php', 155)
 2 SYSTEMPATH\CodeIgniter.php(919): App\Controllers\OfficerVerifyController->employeeRecordsPDF()
 3 SYSTEMPATH\CodeIgniter.php(494): CodeIgniter\CodeIgniter->runController(Object(App\Controllers\OfficerVerifyController))
 4 SYSTEMPATH\CodeIgniter.php(353): CodeIgniter\CodeIgniter->handleRequest(null, Object(Config\Cache), false)
 5 FCPATH\index.php(86): CodeIgniter\CodeIgniter->run()
CRITICAL - 2024-05-14 18:47:49 --> Attempt to read property "employee" on null
in APPPATH\Controllers\OfficerVerifyController.php on line 155.
 1 APPPATH\Controllers\OfficerVerifyController.php(155): CodeIgniter\Debug\Exceptions->errorHandler(2, 'Attempt to read property "employee" on null', 'C:\\laragon\\www\\dilg\\backend\\backend\\app\\Controllers\\OfficerVerifyController.php', 155)
 2 SYSTEMPATH\CodeIgniter.php(919): App\Controllers\OfficerVerifyController->employeeRecordsPDF()
 3 SYSTEMPATH\CodeIgniter.php(494): CodeIgniter\CodeIgniter->runController(Object(App\Controllers\OfficerVerifyController))
 4 SYSTEMPATH\CodeIgniter.php(353): CodeIgniter\CodeIgniter->handleRequest(null, Object(Config\Cache), false)
 5 FCPATH\index.php(86): CodeIgniter\CodeIgniter->run()
CRITICAL - 2024-05-14 18:47:49 --> Attempt to read property "employee" on null
in APPPATH\Controllers\OfficerVerifyController.php on line 155.
 1 APPPATH\Controllers\OfficerVerifyController.php(155): CodeIgniter\Debug\Exceptions->errorHandler(2, 'Attempt to read property "employee" on null', 'C:\\laragon\\www\\dilg\\backend\\backend\\app\\Controllers\\OfficerVerifyController.php', 155)
 2 SYSTEMPATH\CodeIgniter.php(919): App\Controllers\OfficerVerifyController->employeeRecordsPDF()
 3 SYSTEMPATH\CodeIgniter.php(494): CodeIgniter\CodeIgniter->runController(Object(App\Controllers\OfficerVerifyController))
 4 SYSTEMPATH\CodeIgniter.php(353): CodeIgniter\CodeIgniter->handleRequest(null, Object(Config\Cache), false)
 5 FCPATH\index.php(86): CodeIgniter\CodeIgniter->run()
CRITICAL - 2024-05-14 18:47:50 --> Attempt to read property "employee" on null
in APPPATH\Controllers\OfficerVerifyController.php on line 155.
 1 APPPATH\Controllers\OfficerVerifyController.php(155): CodeIgniter\Debug\Exceptions->errorHandler(2, 'Attempt to read property "employee" on null', 'C:\\laragon\\www\\dilg\\backend\\backend\\app\\Controllers\\OfficerVerifyController.php', 155)
 2 SYSTEMPATH\CodeIgniter.php(919): App\Controllers\OfficerVerifyController->employeeRecordsPDF()
 3 SYSTEMPATH\CodeIgniter.php(494): CodeIgniter\CodeIgniter->runController(Object(App\Controllers\OfficerVerifyController))
 4 SYSTEMPATH\CodeIgniter.php(353): CodeIgniter\CodeIgniter->handleRequest(null, Object(Config\Cache), false)
 5 FCPATH\index.php(86): CodeIgniter\CodeIgniter->run()
CRITICAL - 2024-05-14 18:47:50 --> Attempt to read property "employee" on null
in APPPATH\Controllers\OfficerVerifyController.php on line 155.
 1 APPPATH\Controllers\OfficerVerifyController.php(155): CodeIgniter\Debug\Exceptions->errorHandler(2, 'Attempt to read property "employee" on null', 'C:\\laragon\\www\\dilg\\backend\\backend\\app\\Controllers\\OfficerVerifyController.php', 155)
 2 SYSTEMPATH\CodeIgniter.php(919): App\Controllers\OfficerVerifyController->employeeRecordsPDF()
 3 SYSTEMPATH\CodeIgniter.php(494): CodeIgniter\CodeIgniter->runController(Object(App\Controllers\OfficerVerifyController))
 4 SYSTEMPATH\CodeIgniter.php(353): CodeIgniter\CodeIgniter->handleRequest(null, Object(Config\Cache), false)
 5 FCPATH\index.php(86): CodeIgniter\CodeIgniter->run()
CRITICAL - 2024-05-14 18:47:50 --> Attempt to read property "employee" on null
in APPPATH\Controllers\OfficerVerifyController.php on line 155.
 1 APPPATH\Controllers\OfficerVerifyController.php(155): CodeIgniter\Debug\Exceptions->errorHandler(2, 'Attempt to read property "employee" on null', 'C:\\laragon\\www\\dilg\\backend\\backend\\app\\Controllers\\OfficerVerifyController.php', 155)
 2 SYSTEMPATH\CodeIgniter.php(919): App\Controllers\OfficerVerifyController->employeeRecordsPDF()
 3 SYSTEMPATH\CodeIgniter.php(494): CodeIgniter\CodeIgniter->runController(Object(App\Controllers\OfficerVerifyController))
 4 SYSTEMPATH\CodeIgniter.php(353): CodeIgniter\CodeIgniter->handleRequest(null, Object(Config\Cache), false)
 5 FCPATH\index.php(86): CodeIgniter\CodeIgniter->run()
CRITICAL - 2024-05-14 18:47:50 --> Attempt to read property "employee" on null
in APPPATH\Controllers\OfficerVerifyController.php on line 155.
 1 APPPATH\Controllers\OfficerVerifyController.php(155): CodeIgniter\Debug\Exceptions->errorHandler(2, 'Attempt to read property "employee" on null', 'C:\\laragon\\www\\dilg\\backend\\backend\\app\\Controllers\\OfficerVerifyController.php', 155)
 2 SYSTEMPATH\CodeIgniter.php(919): App\Controllers\OfficerVerifyController->employeeRecordsPDF()
 3 SYSTEMPATH\CodeIgniter.php(494): CodeIgniter\CodeIgniter->runController(Object(App\Controllers\OfficerVerifyController))
 4 SYSTEMPATH\CodeIgniter.php(353): CodeIgniter\CodeIgniter->handleRequest(null, Object(Config\Cache), false)
 5 FCPATH\index.php(86): CodeIgniter\CodeIgniter->run()
CRITICAL - 2024-05-14 18:49:17 --> Attempt to read property "employee" on null
in APPPATH\Controllers\OfficerVerifyController.php on line 155.
 1 APPPATH\Controllers\OfficerVerifyController.php(155): CodeIgniter\Debug\Exceptions->errorHandler(2, 'Attempt to read property "employee" on null', 'C:\\laragon\\www\\dilg\\backend\\backend\\app\\Controllers\\OfficerVerifyController.php', 155)
 2 SYSTEMPATH\CodeIgniter.php(919): App\Controllers\OfficerVerifyController->employeeRecordsPDF()
 3 SYSTEMPATH\CodeIgniter.php(494): CodeIgniter\CodeIgniter->runController(Object(App\Controllers\OfficerVerifyController))
 4 SYSTEMPATH\CodeIgniter.php(353): CodeIgniter\CodeIgniter->handleRequest(null, Object(Config\Cache), false)
 5 FCPATH\index.php(86): CodeIgniter\CodeIgniter->run()
CRITICAL - 2024-05-14 18:49:18 --> Attempt to read property "employee" on null
in APPPATH\Controllers\OfficerVerifyController.php on line 155.
 1 APPPATH\Controllers\OfficerVerifyController.php(155): CodeIgniter\Debug\Exceptions->errorHandler(2, 'Attempt to read property "employee" on null', 'C:\\laragon\\www\\dilg\\backend\\backend\\app\\Controllers\\OfficerVerifyController.php', 155)
 2 SYSTEMPATH\CodeIgniter.php(919): App\Controllers\OfficerVerifyController->employeeRecordsPDF()
 3 SYSTEMPATH\CodeIgniter.php(494): CodeIgniter\CodeIgniter->runController(Object(App\Controllers\OfficerVerifyController))
 4 SYSTEMPATH\CodeIgniter.php(353): CodeIgniter\CodeIgniter->handleRequest(null, Object(Config\Cache), false)
 5 FCPATH\index.php(86): CodeIgniter\CodeIgniter->run()
CRITICAL - 2024-05-14 18:49:18 --> Attempt to read property "employee" on null
in APPPATH\Controllers\OfficerVerifyController.php on line 155.
 1 APPPATH\Controllers\OfficerVerifyController.php(155): CodeIgniter\Debug\Exceptions->errorHandler(2, 'Attempt to read property "employee" on null', 'C:\\laragon\\www\\dilg\\backend\\backend\\app\\Controllers\\OfficerVerifyController.php', 155)
 2 SYSTEMPATH\CodeIgniter.php(919): App\Controllers\OfficerVerifyController->employeeRecordsPDF()
 3 SYSTEMPATH\CodeIgniter.php(494): CodeIgniter\CodeIgniter->runController(Object(App\Controllers\OfficerVerifyController))
 4 SYSTEMPATH\CodeIgniter.php(353): CodeIgniter\CodeIgniter->handleRequest(null, Object(Config\Cache), false)
 5 FCPATH\index.php(86): CodeIgniter\CodeIgniter->run()
CRITICAL - 2024-05-14 18:49:19 --> Attempt to read property "employee" on null
in APPPATH\Controllers\OfficerVerifyController.php on line 155.
 1 APPPATH\Controllers\OfficerVerifyController.php(155): CodeIgniter\Debug\Exceptions->errorHandler(2, 'Attempt to read property "employee" on null', 'C:\\laragon\\www\\dilg\\backend\\backend\\app\\Controllers\\OfficerVerifyController.php', 155)
 2 SYSTEMPATH\CodeIgniter.php(919): App\Controllers\OfficerVerifyController->employeeRecordsPDF()
 3 SYSTEMPATH\CodeIgniter.php(494): CodeIgniter\CodeIgniter->runController(Object(App\Controllers\OfficerVerifyController))
 4 SYSTEMPATH\CodeIgniter.php(353): CodeIgniter\CodeIgniter->handleRequest(null, Object(Config\Cache), false)
 5 FCPATH\index.php(86): CodeIgniter\CodeIgniter->run()
CRITICAL - 2024-05-14 18:49:19 --> Attempt to read property "employee" on null
in APPPATH\Controllers\OfficerVerifyController.php on line 155.
 1 APPPATH\Controllers\OfficerVerifyController.php(155): CodeIgniter\Debug\Exceptions->errorHandler(2, 'Attempt to read property "employee" on null', 'C:\\laragon\\www\\dilg\\backend\\backend\\app\\Controllers\\OfficerVerifyController.php', 155)
 2 SYSTEMPATH\CodeIgniter.php(919): App\Controllers\OfficerVerifyController->employeeRecordsPDF()
 3 SYSTEMPATH\CodeIgniter.php(494): CodeIgniter\CodeIgniter->runController(Object(App\Controllers\OfficerVerifyController))
 4 SYSTEMPATH\CodeIgniter.php(353): CodeIgniter\CodeIgniter->handleRequest(null, Object(Config\Cache), false)
 5 FCPATH\index.php(86): CodeIgniter\CodeIgniter->run()
CRITICAL - 2024-05-14 18:49:20 --> Attempt to read property "employee" on null
in APPPATH\Controllers\OfficerVerifyController.php on line 155.
 1 APPPATH\Controllers\OfficerVerifyController.php(155): CodeIgniter\Debug\Exceptions->errorHandler(2, 'Attempt to read property "employee" on null', 'C:\\laragon\\www\\dilg\\backend\\backend\\app\\Controllers\\OfficerVerifyController.php', 155)
 2 SYSTEMPATH\CodeIgniter.php(919): App\Controllers\OfficerVerifyController->employeeRecordsPDF()
 3 SYSTEMPATH\CodeIgniter.php(494): CodeIgniter\CodeIgniter->runController(Object(App\Controllers\OfficerVerifyController))
 4 SYSTEMPATH\CodeIgniter.php(353): CodeIgniter\CodeIgniter->handleRequest(null, Object(Config\Cache), false)
 5 FCPATH\index.php(86): CodeIgniter\CodeIgniter->run()
CRITICAL - 2024-05-14 18:49:20 --> Attempt to read property "employee" on null
in APPPATH\Controllers\OfficerVerifyController.php on line 155.
 1 APPPATH\Controllers\OfficerVerifyController.php(155): CodeIgniter\Debug\Exceptions->errorHandler(2, 'Attempt to read property "employee" on null', 'C:\\laragon\\www\\dilg\\backend\\backend\\app\\Controllers\\OfficerVerifyController.php', 155)
 2 SYSTEMPATH\CodeIgniter.php(919): App\Controllers\OfficerVerifyController->employeeRecordsPDF()
 3 SYSTEMPATH\CodeIgniter.php(494): CodeIgniter\CodeIgniter->runController(Object(App\Controllers\OfficerVerifyController))
 4 SYSTEMPATH\CodeIgniter.php(353): CodeIgniter\CodeIgniter->handleRequest(null, Object(Config\Cache), false)
 5 FCPATH\index.php(86): CodeIgniter\CodeIgniter->run()
CRITICAL - 2024-05-14 18:54:13 --> Undefined array key "empfullname"
in APPPATH\Views\pdf_template.php on line 61.
 1 APPPATH\Views\pdf_template.php(61): CodeIgniter\Debug\Exceptions->errorHandler(2, 'Undefined array key "empfullname"', 'C:\\laragon\\www\\dilg\\backend\\backend\\app\\Views\\pdf_template.php', 61)
 2 SYSTEMPATH\View\View.php(226): include('C:\\laragon\\www\\dilg\\backend\\backend\\app\\Views\\pdf_template.php')
 3 SYSTEMPATH\View\View.php(229): CodeIgniter\View\View->CodeIgniter\View\{closure}()
 4 SYSTEMPATH\Common.php(1188): CodeIgniter\View\View->render('pdf_template', [], true)
 5 APPPATH\Controllers\DatabasePPEController.php(1047): view('pdf_template', [...])
 6 SYSTEMPATH\CodeIgniter.php(919): App\Controllers\DatabasePPEController->employeeRecordsPDF()
 7 SYSTEMPATH\CodeIgniter.php(494): CodeIgniter\CodeIgniter->runController(Object(App\Controllers\DatabasePPEController))
 8 SYSTEMPATH\CodeIgniter.php(353): CodeIgniter\CodeIgniter->handleRequest(null, Object(Config\Cache), false)
 9 FCPATH\index.php(86): CodeIgniter\CodeIgniter->run()
CRITICAL - 2024-05-14 18:54:20 --> Undefined array key "empfullname"
in APPPATH\Views\pdf_template.php on line 61.
 1 APPPATH\Views\pdf_template.php(61): CodeIgniter\Debug\Exceptions->errorHandler(2, 'Undefined array key "empfullname"', 'C:\\laragon\\www\\dilg\\backend\\backend\\app\\Views\\pdf_template.php', 61)
 2 SYSTEMPATH\View\View.php(226): include('C:\\laragon\\www\\dilg\\backend\\backend\\app\\Views\\pdf_template.php')
 3 SYSTEMPATH\View\View.php(229): CodeIgniter\View\View->CodeIgniter\View\{closure}()
 4 SYSTEMPATH\Common.php(1188): CodeIgniter\View\View->render('pdf_template', [], true)
 5 APPPATH\Controllers\DatabasePPEController.php(1047): view('pdf_template', [...])
 6 SYSTEMPATH\CodeIgniter.php(919): App\Controllers\DatabasePPEController->employeeRecordsPDF()
 7 SYSTEMPATH\CodeIgniter.php(494): CodeIgniter\CodeIgniter->runController(Object(App\Controllers\DatabasePPEController))
 8 SYSTEMPATH\CodeIgniter.php(353): CodeIgniter\CodeIgniter->handleRequest(null, Object(Config\Cache), false)
 9 FCPATH\index.php(86): CodeIgniter\CodeIgniter->run()
CRITICAL - 2024-05-14 18:54:30 --> Attempt to read property "employee" on null
in APPPATH\Controllers\DatabasePPEController.php on line 1025.
 1 APPPATH\Controllers\DatabasePPEController.php(1025): CodeIgniter\Debug\Exceptions->errorHandler(2, 'Attempt to read property "employee" on null', 'C:\\laragon\\www\\dilg\\backend\\backend\\app\\Controllers\\DatabasePPEController.php', 1025)
 2 SYSTEMPATH\CodeIgniter.php(919): App\Controllers\DatabasePPEController->employeeRecordsPDF()
 3 SYSTEMPATH\CodeIgniter.php(494): CodeIgniter\CodeIgniter->runController(Object(App\Controllers\DatabasePPEController))
 4 SYSTEMPATH\CodeIgniter.php(353): CodeIgniter\CodeIgniter->handleRequest(null, Object(Config\Cache), false)
 5 FCPATH\index.php(86): CodeIgniter\CodeIgniter->run()
CRITICAL - 2024-05-14 18:55:27 --> Undefined property: stdClass::$acc_officer
in APPPATH\Controllers\DatabasePPEController.php on line 1025.
 1 APPPATH\Controllers\DatabasePPEController.php(1025): CodeIgniter\Debug\Exceptions->errorHandler(2, 'Undefined property: stdClass::$acc_officer', 'C:\\laragon\\www\\dilg\\backend\\backend\\app\\Controllers\\DatabasePPEController.php', 1025)
 2 SYSTEMPATH\CodeIgniter.php(919): App\Controllers\DatabasePPEController->employeeRecordsPDF()
 3 SYSTEMPATH\CodeIgniter.php(494): CodeIgniter\CodeIgniter->runController(Object(App\Controllers\DatabasePPEController))
 4 SYSTEMPATH\CodeIgniter.php(353): CodeIgniter\CodeIgniter->handleRequest(null, Object(Config\Cache), false)
 5 FCPATH\index.php(86): CodeIgniter\CodeIgniter->run()
CRITICAL - 2024-05-14 18:55:59 --> Undefined array key "empfullname"
in APPPATH\Views\pdf_template.php on line 61.
 1 APPPATH\Views\pdf_template.php(61): CodeIgniter\Debug\Exceptions->errorHandler(2, 'Undefined array key "empfullname"', 'C:\\laragon\\www\\dilg\\backend\\backend\\app\\Views\\pdf_template.php', 61)
 2 SYSTEMPATH\View\View.php(226): include('C:\\laragon\\www\\dilg\\backend\\backend\\app\\Views\\pdf_template.php')
 3 SYSTEMPATH\View\View.php(229): CodeIgniter\View\View->CodeIgniter\View\{closure}()
 4 SYSTEMPATH\Common.php(1188): CodeIgniter\View\View->render('pdf_template', [], true)
 5 APPPATH\Controllers\DatabasePPEController.php(1047): view('pdf_template', [...])
 6 SYSTEMPATH\CodeIgniter.php(919): App\Controllers\DatabasePPEController->employeeRecordsPDF()
 7 SYSTEMPATH\CodeIgniter.php(494): CodeIgniter\CodeIgniter->runController(Object(App\Controllers\DatabasePPEController))
 8 SYSTEMPATH\CodeIgniter.php(353): CodeIgniter\CodeIgniter->handleRequest(null, Object(Config\Cache), false)
 9 FCPATH\index.php(86): CodeIgniter\CodeIgniter->run()
CRITICAL - 2024-05-14 18:56:07 --> Undefined array key "empfullname"
in APPPATH\Views\pdf_template.php on line 61.
 1 APPPATH\Views\pdf_template.php(61): CodeIgniter\Debug\Exceptions->errorHandler(2, 'Undefined array key "empfullname"', 'C:\\laragon\\www\\dilg\\backend\\backend\\app\\Views\\pdf_template.php', 61)
 2 SYSTEMPATH\View\View.php(226): include('C:\\laragon\\www\\dilg\\backend\\backend\\app\\Views\\pdf_template.php')
 3 SYSTEMPATH\View\View.php(229): CodeIgniter\View\View->CodeIgniter\View\{closure}()
 4 SYSTEMPATH\Common.php(1188): CodeIgniter\View\View->render('pdf_template', [], true)
 5 APPPATH\Controllers\DatabasePPEController.php(1047): view('pdf_template', [...])
 6 SYSTEMPATH\CodeIgniter.php(919): App\Controllers\DatabasePPEController->employeeRecordsPDF()
 7 SYSTEMPATH\CodeIgniter.php(494): CodeIgniter\CodeIgniter->runController(Object(App\Controllers\DatabasePPEController))
 8 SYSTEMPATH\CodeIgniter.php(353): CodeIgniter\CodeIgniter->handleRequest(null, Object(Config\Cache), false)
 9 FCPATH\index.php(86): CodeIgniter\CodeIgniter->run()
CRITICAL - 2024-05-14 18:57:52 --> Undefined array key "empfullname"
in APPPATH\Views\pdf_template.php on line 61.
 1 APPPATH\Views\pdf_template.php(61): CodeIgniter\Debug\Exceptions->errorHandler(2, 'Undefined array key "empfullname"', 'C:\\laragon\\www\\dilg\\backend\\backend\\app\\Views\\pdf_template.php', 61)
 2 SYSTEMPATH\View\View.php(226): include('C:\\laragon\\www\\dilg\\backend\\backend\\app\\Views\\pdf_template.php')
 3 SYSTEMPATH\View\View.php(229): CodeIgniter\View\View->CodeIgniter\View\{closure}()
 4 SYSTEMPATH\Common.php(1188): CodeIgniter\View\View->render('pdf_template', [], true)
 5 APPPATH\Controllers\DatabasePPEController.php(1047): view('pdf_template', [...])
 6 SYSTEMPATH\CodeIgniter.php(919): App\Controllers\DatabasePPEController->employeeRecordsPDF()
 7 SYSTEMPATH\CodeIgniter.php(494): CodeIgniter\CodeIgniter->runController(Object(App\Controllers\DatabasePPEController))
 8 SYSTEMPATH\CodeIgniter.php(353): CodeIgniter\CodeIgniter->handleRequest(null, Object(Config\Cache), false)
 9 FCPATH\index.php(86): CodeIgniter\CodeIgniter->run()
CRITICAL - 2024-05-14 18:58:01 --> Attempt to read property "acc_officer" on null
in APPPATH\Controllers\DatabasePPEController.php on line 1025.
 1 APPPATH\Controllers\DatabasePPEController.php(1025): CodeIgniter\Debug\Exceptions->errorHandler(2, 'Attempt to read property "acc_officer" on null', 'C:\\laragon\\www\\dilg\\backend\\backend\\app\\Controllers\\DatabasePPEController.php', 1025)
 2 SYSTEMPATH\CodeIgniter.php(919): App\Controllers\DatabasePPEController->employeeRecordsPDF()
 3 SYSTEMPATH\CodeIgniter.php(494): CodeIgniter\CodeIgniter->runController(Object(App\Controllers\DatabasePPEController))
 4 SYSTEMPATH\CodeIgniter.php(353): CodeIgniter\CodeIgniter->handleRequest(null, Object(Config\Cache), false)
 5 FCPATH\index.php(86): CodeIgniter\CodeIgniter->run()
CRITICAL - 2024-05-14 18:58:45 --> Attempt to read property "Elizabeth Pajelago" on null
in APPPATH\Controllers\DatabasePPEController.php on line 1026.
 1 APPPATH\Controllers\DatabasePPEController.php(1026): CodeIgniter\Debug\Exceptions->errorHandler(2, 'Attempt to read property "Elizabeth Pajelago" on null', 'C:\\laragon\\www\\dilg\\backend\\backend\\app\\Controllers\\DatabasePPEController.php', 1026)
 2 SYSTEMPATH\CodeIgniter.php(919): App\Controllers\DatabasePPEController->employeeRecordsPDF()
 3 SYSTEMPATH\CodeIgniter.php(494): CodeIgniter\CodeIgniter->runController(Object(App\Controllers\DatabasePPEController))
 4 SYSTEMPATH\CodeIgniter.php(353): CodeIgniter\CodeIgniter->handleRequest(null, Object(Config\Cache), false)
 5 FCPATH\index.php(86): CodeIgniter\CodeIgniter->run()
CRITICAL - 2024-05-14 18:58:47 --> Attempt to read property "Elizabeth Pajelago" on null
in APPPATH\Controllers\DatabasePPEController.php on line 1026.
 1 APPPATH\Controllers\DatabasePPEController.php(1026): CodeIgniter\Debug\Exceptions->errorHandler(2, 'Attempt to read property "Elizabeth Pajelago" on null', 'C:\\laragon\\www\\dilg\\backend\\backend\\app\\Controllers\\DatabasePPEController.php', 1026)
 2 SYSTEMPATH\CodeIgniter.php(919): App\Controllers\DatabasePPEController->employeeRecordsPDF()
 3 SYSTEMPATH\CodeIgniter.php(494): CodeIgniter\CodeIgniter->runController(Object(App\Controllers\DatabasePPEController))
 4 SYSTEMPATH\CodeIgniter.php(353): CodeIgniter\CodeIgniter->handleRequest(null, Object(Config\Cache), false)
 5 FCPATH\index.php(86): CodeIgniter\CodeIgniter->run()
CRITICAL - 2024-05-14 18:58:47 --> Attempt to read property "Elizabeth Pajelago" on null
in APPPATH\Controllers\DatabasePPEController.php on line 1026.
 1 APPPATH\Controllers\DatabasePPEController.php(1026): CodeIgniter\Debug\Exceptions->errorHandler(2, 'Attempt to read property "Elizabeth Pajelago" on null', 'C:\\laragon\\www\\dilg\\backend\\backend\\app\\Controllers\\DatabasePPEController.php', 1026)
 2 SYSTEMPATH\CodeIgniter.php(919): App\Controllers\DatabasePPEController->employeeRecordsPDF()
 3 SYSTEMPATH\CodeIgniter.php(494): CodeIgniter\CodeIgniter->runController(Object(App\Controllers\DatabasePPEController))
 4 SYSTEMPATH\CodeIgniter.php(353): CodeIgniter\CodeIgniter->handleRequest(null, Object(Config\Cache), false)
 5 FCPATH\index.php(86): CodeIgniter\CodeIgniter->run()
CRITICAL - 2024-05-14 18:58:48 --> Attempt to read property "Elizabeth Pajelago" on null
in APPPATH\Controllers\DatabasePPEController.php on line 1026.
 1 APPPATH\Controllers\DatabasePPEController.php(1026): CodeIgniter\Debug\Exceptions->errorHandler(2, 'Attempt to read property "Elizabeth Pajelago" on null', 'C:\\laragon\\www\\dilg\\backend\\backend\\app\\Controllers\\DatabasePPEController.php', 1026)
 2 SYSTEMPATH\CodeIgniter.php(919): App\Controllers\DatabasePPEController->employeeRecordsPDF()
 3 SYSTEMPATH\CodeIgniter.php(494): CodeIgniter\CodeIgniter->runController(Object(App\Controllers\DatabasePPEController))
 4 SYSTEMPATH\CodeIgniter.php(353): CodeIgniter\CodeIgniter->handleRequest(null, Object(Config\Cache), false)
 5 FCPATH\index.php(86): CodeIgniter\CodeIgniter->run()
CRITICAL - 2024-05-14 18:58:48 --> Attempt to read property "Elizabeth Pajelago" on null
in APPPATH\Controllers\DatabasePPEController.php on line 1026.
 1 APPPATH\Controllers\DatabasePPEController.php(1026): CodeIgniter\Debug\Exceptions->errorHandler(2, 'Attempt to read property "Elizabeth Pajelago" on null', 'C:\\laragon\\www\\dilg\\backend\\backend\\app\\Controllers\\DatabasePPEController.php', 1026)
 2 SYSTEMPATH\CodeIgniter.php(919): App\Controllers\DatabasePPEController->employeeRecordsPDF()
 3 SYSTEMPATH\CodeIgniter.php(494): CodeIgniter\CodeIgniter->runController(Object(App\Controllers\DatabasePPEController))
 4 SYSTEMPATH\CodeIgniter.php(353): CodeIgniter\CodeIgniter->handleRequest(null, Object(Config\Cache), false)
 5 FCPATH\index.php(86): CodeIgniter\CodeIgniter->run()
CRITICAL - 2024-05-14 18:58:49 --> Attempt to read property "Elizabeth Pajelago" on null
in APPPATH\Controllers\DatabasePPEController.php on line 1026.
 1 APPPATH\Controllers\DatabasePPEController.php(1026): CodeIgniter\Debug\Exceptions->errorHandler(2, 'Attempt to read property "Elizabeth Pajelago" on null', 'C:\\laragon\\www\\dilg\\backend\\backend\\app\\Controllers\\DatabasePPEController.php', 1026)
 2 SYSTEMPATH\CodeIgniter.php(919): App\Controllers\DatabasePPEController->employeeRecordsPDF()
 3 SYSTEMPATH\CodeIgniter.php(494): CodeIgniter\CodeIgniter->runController(Object(App\Controllers\DatabasePPEController))
 4 SYSTEMPATH\CodeIgniter.php(353): CodeIgniter\CodeIgniter->handleRequest(null, Object(Config\Cache), false)
 5 FCPATH\index.php(86): CodeIgniter\CodeIgniter->run()
CRITICAL - 2024-05-14 19:00:40 --> Undefined property: stdClass::$Elizabeth Pajelago
in APPPATH\Controllers\DatabasePPEController.php on line 1026.
 1 APPPATH\Controllers\DatabasePPEController.php(1026): CodeIgniter\Debug\Exceptions->errorHandler(2, 'Undefined property: stdClass::$Elizabeth Pajelago', 'C:\\laragon\\www\\dilg\\backend\\backend\\app\\Controllers\\DatabasePPEController.php', 1026)
 2 SYSTEMPATH\CodeIgniter.php(919): App\Controllers\DatabasePPEController->employeeRecordsPDF()
 3 SYSTEMPATH\CodeIgniter.php(494): CodeIgniter\CodeIgniter->runController(Object(App\Controllers\DatabasePPEController))
 4 SYSTEMPATH\CodeIgniter.php(353): CodeIgniter\CodeIgniter->handleRequest(null, Object(Config\Cache), false)
 5 FCPATH\index.php(86): CodeIgniter\CodeIgniter->run()
CRITICAL - 2024-05-14 19:01:53 --> Undefined variable $acc_officer
in APPPATH\Controllers\DatabasePPEController.php on line 1025.
 1 APPPATH\Controllers\DatabasePPEController.php(1025): CodeIgniter\Debug\Exceptions->errorHandler(2, 'Undefined variable $acc_officer', 'C:\\laragon\\www\\dilg\\backend\\backend\\app\\Controllers\\DatabasePPEController.php', 1025)
 2 SYSTEMPATH\CodeIgniter.php(919): App\Controllers\DatabasePPEController->employeeRecordsPDF()
 3 SYSTEMPATH\CodeIgniter.php(494): CodeIgniter\CodeIgniter->runController(Object(App\Controllers\DatabasePPEController))
 4 SYSTEMPATH\CodeIgniter.php(353): CodeIgniter\CodeIgniter->handleRequest(null, Object(Config\Cache), false)
 5 FCPATH\index.php(86): CodeIgniter\CodeIgniter->run()
