CRITICAL - 2024-03-03 06:31:52 --> Undefined variable $existingImage
in APPPATH\Controllers\DatabasePPEController.php on line 627.
 1 APPPATH\Controllers\DatabasePPEController.php(627): CodeIgniter\Debug\Exceptions->errorHandler(2, 'Undefined variable $existingImage', 'C:\\laragon\\www\\dilg\\backend\\backend\\app\\Controllers\\DatabasePPEController.php', 627)
 2 SYSTEMPATH\CodeIgniter.php(919): App\Controllers\DatabasePPEController->updateVerification('10')
 3 SYSTEMPATH\CodeIgniter.php(494): CodeIgniter\CodeIgniter->runController(Object(App\Controllers\DatabasePPEController))
 4 SYSTEMPATH\CodeIgniter.php(353): CodeIgniter\CodeIgniter->handleRequest(null, Object(Config\Cache), false)
 5 FCPATH\index.php(86): CodeIgniter\CodeIgniter->run()
CRITICAL - 2024-03-03 06:31:55 --> Undefined variable $existingImage
in APPPATH\Controllers\DatabasePPEController.php on line 627.
 1 APPPATH\Controllers\DatabasePPEController.php(627): CodeIgniter\Debug\Exceptions->errorHandler(2, 'Undefined variable $existingImage', 'C:\\laragon\\www\\dilg\\backend\\backend\\app\\Controllers\\DatabasePPEController.php', 627)
 2 SYSTEMPATH\CodeIgniter.php(919): App\Controllers\DatabasePPEController->updateVerification('10')
 3 SYSTEMPATH\CodeIgniter.php(494): CodeIgniter\CodeIgniter->runController(Object(App\Controllers\DatabasePPEController))
 4 SYSTEMPATH\CodeIgniter.php(353): CodeIgniter\CodeIgniter->handleRequest(null, Object(Config\Cache), false)
 5 FCPATH\index.php(86): CodeIgniter\CodeIgniter->run()
CRITICAL - 2024-03-03 06:31:56 --> Undefined variable $existingImage
in APPPATH\Controllers\DatabasePPEController.php on line 627.
 1 APPPATH\Controllers\DatabasePPEController.php(627): CodeIgniter\Debug\Exceptions->errorHandler(2, 'Undefined variable $existingImage', 'C:\\laragon\\www\\dilg\\backend\\backend\\app\\Controllers\\DatabasePPEController.php', 627)
 2 SYSTEMPATH\CodeIgniter.php(919): App\Controllers\DatabasePPEController->updateVerification('10')
 3 SYSTEMPATH\CodeIgniter.php(494): CodeIgniter\CodeIgniter->runController(Object(App\Controllers\DatabasePPEController))
 4 SYSTEMPATH\CodeIgniter.php(353): CodeIgniter\CodeIgniter->handleRequest(null, Object(Config\Cache), false)
 5 FCPATH\index.php(86): CodeIgniter\CodeIgniter->run()
CRITICAL - 2024-03-03 06:31:56 --> Undefined variable $existingImage
in APPPATH\Controllers\DatabasePPEController.php on line 627.
 1 APPPATH\Controllers\DatabasePPEController.php(627): CodeIgniter\Debug\Exceptions->errorHandler(2, 'Undefined variable $existingImage', 'C:\\laragon\\www\\dilg\\backend\\backend\\app\\Controllers\\DatabasePPEController.php', 627)
 2 SYSTEMPATH\CodeIgniter.php(919): App\Controllers\DatabasePPEController->updateVerification('10')
 3 SYSTEMPATH\CodeIgniter.php(494): CodeIgniter\CodeIgniter->runController(Object(App\Controllers\DatabasePPEController))
 4 SYSTEMPATH\CodeIgniter.php(353): CodeIgniter\CodeIgniter->handleRequest(null, Object(Config\Cache), false)
 5 FCPATH\index.php(86): CodeIgniter\CodeIgniter->run()
CRITICAL - 2024-03-03 06:31:56 --> Undefined variable $existingImage
in APPPATH\Controllers\DatabasePPEController.php on line 627.
 1 APPPATH\Controllers\DatabasePPEController.php(627): CodeIgniter\Debug\Exceptions->errorHandler(2, 'Undefined variable $existingImage', 'C:\\laragon\\www\\dilg\\backend\\backend\\app\\Controllers\\DatabasePPEController.php', 627)
 2 SYSTEMPATH\CodeIgniter.php(919): App\Controllers\DatabasePPEController->updateVerification('10')
 3 SYSTEMPATH\CodeIgniter.php(494): CodeIgniter\CodeIgniter->runController(Object(App\Controllers\DatabasePPEController))
 4 SYSTEMPATH\CodeIgniter.php(353): CodeIgniter\CodeIgniter->handleRequest(null, Object(Config\Cache), false)
 5 FCPATH\index.php(86): CodeIgniter\CodeIgniter->run()
CRITICAL - 2024-03-03 06:32:00 --> Undefined variable $existingImage
in APPPATH\Controllers\DatabasePPEController.php on line 627.
 1 APPPATH\Controllers\DatabasePPEController.php(627): CodeIgniter\Debug\Exceptions->errorHandler(2, 'Undefined variable $existingImage', 'C:\\laragon\\www\\dilg\\backend\\backend\\app\\Controllers\\DatabasePPEController.php', 627)
 2 SYSTEMPATH\CodeIgniter.php(919): App\Controllers\DatabasePPEController->updateVerification('10')
 3 SYSTEMPATH\CodeIgniter.php(494): CodeIgniter\CodeIgniter->runController(Object(App\Controllers\DatabasePPEController))
 4 SYSTEMPATH\CodeIgniter.php(353): CodeIgniter\CodeIgniter->handleRequest(null, Object(Config\Cache), false)
 5 FCPATH\index.php(86): CodeIgniter\CodeIgniter->run()
CRITICAL - 2024-03-03 06:32:00 --> Undefined variable $existingImage
in APPPATH\Controllers\DatabasePPEController.php on line 627.
 1 APPPATH\Controllers\DatabasePPEController.php(627): CodeIgniter\Debug\Exceptions->errorHandler(2, 'Undefined variable $existingImage', 'C:\\laragon\\www\\dilg\\backend\\backend\\app\\Controllers\\DatabasePPEController.php', 627)
 2 SYSTEMPATH\CodeIgniter.php(919): App\Controllers\DatabasePPEController->updateVerification('10')
 3 SYSTEMPATH\CodeIgniter.php(494): CodeIgniter\CodeIgniter->runController(Object(App\Controllers\DatabasePPEController))
 4 SYSTEMPATH\CodeIgniter.php(353): CodeIgniter\CodeIgniter->handleRequest(null, Object(Config\Cache), false)
 5 FCPATH\index.php(86): CodeIgniter\CodeIgniter->run()
CRITICAL - 2024-03-03 06:32:00 --> Undefined variable $existingImage
in APPPATH\Controllers\DatabasePPEController.php on line 627.
 1 APPPATH\Controllers\DatabasePPEController.php(627): CodeIgniter\Debug\Exceptions->errorHandler(2, 'Undefined variable $existingImage', 'C:\\laragon\\www\\dilg\\backend\\backend\\app\\Controllers\\DatabasePPEController.php', 627)
 2 SYSTEMPATH\CodeIgniter.php(919): App\Controllers\DatabasePPEController->updateVerification('10')
 3 SYSTEMPATH\CodeIgniter.php(494): CodeIgniter\CodeIgniter->runController(Object(App\Controllers\DatabasePPEController))
 4 SYSTEMPATH\CodeIgniter.php(353): CodeIgniter\CodeIgniter->handleRequest(null, Object(Config\Cache), false)
 5 FCPATH\index.php(86): CodeIgniter\CodeIgniter->run()
CRITICAL - 2024-03-03 06:32:00 --> Undefined variable $existingImage
in APPPATH\Controllers\DatabasePPEController.php on line 627.
 1 APPPATH\Controllers\DatabasePPEController.php(627): CodeIgniter\Debug\Exceptions->errorHandler(2, 'Undefined variable $existingImage', 'C:\\laragon\\www\\dilg\\backend\\backend\\app\\Controllers\\DatabasePPEController.php', 627)
 2 SYSTEMPATH\CodeIgniter.php(919): App\Controllers\DatabasePPEController->updateVerification('10')
 3 SYSTEMPATH\CodeIgniter.php(494): CodeIgniter\CodeIgniter->runController(Object(App\Controllers\DatabasePPEController))
 4 SYSTEMPATH\CodeIgniter.php(353): CodeIgniter\CodeIgniter->handleRequest(null, Object(Config\Cache), false)
 5 FCPATH\index.php(86): CodeIgniter\CodeIgniter->run()
CRITICAL - 2024-03-03 06:32:27 --> Undefined variable $existingImage
in APPPATH\Controllers\DatabasePPEController.php on line 627.
 1 APPPATH\Controllers\DatabasePPEController.php(627): CodeIgniter\Debug\Exceptions->errorHandler(2, 'Undefined variable $existingImage', 'C:\\laragon\\www\\dilg\\backend\\backend\\app\\Controllers\\DatabasePPEController.php', 627)
 2 SYSTEMPATH\CodeIgniter.php(919): App\Controllers\DatabasePPEController->updateVerification('10')
 3 SYSTEMPATH\CodeIgniter.php(494): CodeIgniter\CodeIgniter->runController(Object(App\Controllers\DatabasePPEController))
 4 SYSTEMPATH\CodeIgniter.php(353): CodeIgniter\CodeIgniter->handleRequest(null, Object(Config\Cache), false)
 5 FCPATH\index.php(86): CodeIgniter\CodeIgniter->run()
CRITICAL - 2024-03-03 06:32:50 --> Undefined variable $existingImage
in APPPATH\Controllers\DatabasePPEController.php on line 627.
 1 APPPATH\Controllers\DatabasePPEController.php(627): CodeIgniter\Debug\Exceptions->errorHandler(2, 'Undefined variable $existingImage', 'C:\\laragon\\www\\dilg\\backend\\backend\\app\\Controllers\\DatabasePPEController.php', 627)
 2 SYSTEMPATH\CodeIgniter.php(919): App\Controllers\DatabasePPEController->updateVerification('10')
 3 SYSTEMPATH\CodeIgniter.php(494): CodeIgniter\CodeIgniter->runController(Object(App\Controllers\DatabasePPEController))
 4 SYSTEMPATH\CodeIgniter.php(353): CodeIgniter\CodeIgniter->handleRequest(null, Object(Config\Cache), false)
 5 FCPATH\index.php(86): CodeIgniter\CodeIgniter->run()
CRITICAL - 2024-03-03 06:36:25 --> Undefined variable $existingImage
in APPPATH\Controllers\DatabasePPEController.php on line 627.
 1 APPPATH\Controllers\DatabasePPEController.php(627): CodeIgniter\Debug\Exceptions->errorHandler(2, 'Undefined variable $existingImage', 'C:\\laragon\\www\\dilg\\backend\\backend\\app\\Controllers\\DatabasePPEController.php', 627)
 2 SYSTEMPATH\CodeIgniter.php(919): App\Controllers\DatabasePPEController->updateVerification('10')
 3 SYSTEMPATH\CodeIgniter.php(494): CodeIgniter\CodeIgniter->runController(Object(App\Controllers\DatabasePPEController))
 4 SYSTEMPATH\CodeIgniter.php(353): CodeIgniter\CodeIgniter->handleRequest(null, Object(Config\Cache), false)
 5 FCPATH\index.php(86): CodeIgniter\CodeIgniter->run()
CRITICAL - 2024-03-03 06:45:22 --> Undefined variable $existingImage
in APPPATH\Controllers\DatabasePPEController.php on line 627.
 1 APPPATH\Controllers\DatabasePPEController.php(627): CodeIgniter\Debug\Exceptions->errorHandler(2, 'Undefined variable $existingImage', 'C:\\laragon\\www\\dilg\\backend\\backend\\app\\Controllers\\DatabasePPEController.php', 627)
 2 SYSTEMPATH\CodeIgniter.php(919): App\Controllers\DatabasePPEController->updateVerification('10')
 3 SYSTEMPATH\CodeIgniter.php(494): CodeIgniter\CodeIgniter->runController(Object(App\Controllers\DatabasePPEController))
 4 SYSTEMPATH\CodeIgniter.php(353): CodeIgniter\CodeIgniter->handleRequest(null, Object(Config\Cache), false)
 5 FCPATH\index.php(86): CodeIgniter\CodeIgniter->run()
CRITICAL - 2024-03-03 06:45:31 --> Undefined variable $existingImage
in APPPATH\Controllers\DatabasePPEController.php on line 627.
 1 APPPATH\Controllers\DatabasePPEController.php(627): CodeIgniter\Debug\Exceptions->errorHandler(2, 'Undefined variable $existingImage', 'C:\\laragon\\www\\dilg\\backend\\backend\\app\\Controllers\\DatabasePPEController.php', 627)
 2 SYSTEMPATH\CodeIgniter.php(919): App\Controllers\DatabasePPEController->updateVerification('10')
 3 SYSTEMPATH\CodeIgniter.php(494): CodeIgniter\CodeIgniter->runController(Object(App\Controllers\DatabasePPEController))
 4 SYSTEMPATH\CodeIgniter.php(353): CodeIgniter\CodeIgniter->handleRequest(null, Object(Config\Cache), false)
 5 FCPATH\index.php(86): CodeIgniter\CodeIgniter->run()
CRITICAL - 2024-03-03 06:46:38 --> Undefined variable $existingImage
in APPPATH\Controllers\DatabasePPEController.php on line 627.
 1 APPPATH\Controllers\DatabasePPEController.php(627): CodeIgniter\Debug\Exceptions->errorHandler(2, 'Undefined variable $existingImage', 'C:\\laragon\\www\\dilg\\backend\\backend\\app\\Controllers\\DatabasePPEController.php', 627)
 2 SYSTEMPATH\CodeIgniter.php(919): App\Controllers\DatabasePPEController->updateVerification('10')
 3 SYSTEMPATH\CodeIgniter.php(494): CodeIgniter\CodeIgniter->runController(Object(App\Controllers\DatabasePPEController))
 4 SYSTEMPATH\CodeIgniter.php(353): CodeIgniter\CodeIgniter->handleRequest(null, Object(Config\Cache), false)
 5 FCPATH\index.php(86): CodeIgniter\CodeIgniter->run()
CRITICAL - 2024-03-03 06:47:52 --> Undefined variable $existingImage
in APPPATH\Controllers\DatabasePPEController.php on line 627.
 1 APPPATH\Controllers\DatabasePPEController.php(627): CodeIgniter\Debug\Exceptions->errorHandler(2, 'Undefined variable $existingImage', 'C:\\laragon\\www\\dilg\\backend\\backend\\app\\Controllers\\DatabasePPEController.php', 627)
 2 SYSTEMPATH\CodeIgniter.php(919): App\Controllers\DatabasePPEController->updateVerification('10')
 3 SYSTEMPATH\CodeIgniter.php(494): CodeIgniter\CodeIgniter->runController(Object(App\Controllers\DatabasePPEController))
 4 SYSTEMPATH\CodeIgniter.php(353): CodeIgniter\CodeIgniter->handleRequest(null, Object(Config\Cache), false)
 5 FCPATH\index.php(86): CodeIgniter\CodeIgniter->run()
CRITICAL - 2024-03-03 06:47:59 --> Undefined variable $existingImage
in APPPATH\Controllers\DatabasePPEController.php on line 627.
 1 APPPATH\Controllers\DatabasePPEController.php(627): CodeIgniter\Debug\Exceptions->errorHandler(2, 'Undefined variable $existingImage', 'C:\\laragon\\www\\dilg\\backend\\backend\\app\\Controllers\\DatabasePPEController.php', 627)
 2 SYSTEMPATH\CodeIgniter.php(919): App\Controllers\DatabasePPEController->updateVerification('10')
 3 SYSTEMPATH\CodeIgniter.php(494): CodeIgniter\CodeIgniter->runController(Object(App\Controllers\DatabasePPEController))
 4 SYSTEMPATH\CodeIgniter.php(353): CodeIgniter\CodeIgniter->handleRequest(null, Object(Config\Cache), false)
 5 FCPATH\index.php(86): CodeIgniter\CodeIgniter->run()
CRITICAL - 2024-03-03 06:48:53 --> Undefined variable $existingImage
in APPPATH\Controllers\DatabasePPEController.php on line 627.
 1 APPPATH\Controllers\DatabasePPEController.php(627): CodeIgniter\Debug\Exceptions->errorHandler(2, 'Undefined variable $existingImage', 'C:\\laragon\\www\\dilg\\backend\\backend\\app\\Controllers\\DatabasePPEController.php', 627)
 2 SYSTEMPATH\CodeIgniter.php(919): App\Controllers\DatabasePPEController->updateVerification('10')
 3 SYSTEMPATH\CodeIgniter.php(494): CodeIgniter\CodeIgniter->runController(Object(App\Controllers\DatabasePPEController))
 4 SYSTEMPATH\CodeIgniter.php(353): CodeIgniter\CodeIgniter->handleRequest(null, Object(Config\Cache), false)
 5 FCPATH\index.php(86): CodeIgniter\CodeIgniter->run()
CRITICAL - 2024-03-03 06:49:15 --> Undefined variable $existingImage
in APPPATH\Controllers\DatabasePPEController.php on line 627.
 1 APPPATH\Controllers\DatabasePPEController.php(627): CodeIgniter\Debug\Exceptions->errorHandler(2, 'Undefined variable $existingImage', 'C:\\laragon\\www\\dilg\\backend\\backend\\app\\Controllers\\DatabasePPEController.php', 627)
 2 SYSTEMPATH\CodeIgniter.php(919): App\Controllers\DatabasePPEController->updateVerification('10')
 3 SYSTEMPATH\CodeIgniter.php(494): CodeIgniter\CodeIgniter->runController(Object(App\Controllers\DatabasePPEController))
 4 SYSTEMPATH\CodeIgniter.php(353): CodeIgniter\CodeIgniter->handleRequest(null, Object(Config\Cache), false)
 5 FCPATH\index.php(86): CodeIgniter\CodeIgniter->run()
CRITICAL - 2024-03-03 06:50:03 --> Undefined variable $existingImage
in APPPATH\Controllers\DatabasePPEController.php on line 627.
 1 APPPATH\Controllers\DatabasePPEController.php(627): CodeIgniter\Debug\Exceptions->errorHandler(2, 'Undefined variable $existingImage', 'C:\\laragon\\www\\dilg\\backend\\backend\\app\\Controllers\\DatabasePPEController.php', 627)
 2 SYSTEMPATH\CodeIgniter.php(919): App\Controllers\DatabasePPEController->updateVerification('10')
 3 SYSTEMPATH\CodeIgniter.php(494): CodeIgniter\CodeIgniter->runController(Object(App\Controllers\DatabasePPEController))
 4 SYSTEMPATH\CodeIgniter.php(353): CodeIgniter\CodeIgniter->handleRequest(null, Object(Config\Cache), false)
 5 FCPATH\index.php(86): CodeIgniter\CodeIgniter->run()
CRITICAL - 2024-03-03 06:50:25 --> Undefined variable $data
in APPPATH\Controllers\DatabasePPEController.php on line 635.
 1 APPPATH\Controllers\DatabasePPEController.php(635): CodeIgniter\Debug\Exceptions->errorHandler(2, 'Undefined variable $data', 'C:\\laragon\\www\\dilg\\backend\\backend\\app\\Controllers\\DatabasePPEController.php', 635)
 2 SYSTEMPATH\CodeIgniter.php(919): App\Controllers\DatabasePPEController->updateVerification('10')
 3 SYSTEMPATH\CodeIgniter.php(494): CodeIgniter\CodeIgniter->runController(Object(App\Controllers\DatabasePPEController))
 4 SYSTEMPATH\CodeIgniter.php(353): CodeIgniter\CodeIgniter->handleRequest(null, Object(Config\Cache), false)
 5 FCPATH\index.php(86): CodeIgniter\CodeIgniter->run()
CRITICAL - 2024-03-03 06:50:32 --> Undefined variable $data
in APPPATH\Controllers\DatabasePPEController.php on line 635.
 1 APPPATH\Controllers\DatabasePPEController.php(635): CodeIgniter\Debug\Exceptions->errorHandler(2, 'Undefined variable $data', 'C:\\laragon\\www\\dilg\\backend\\backend\\app\\Controllers\\DatabasePPEController.php', 635)
 2 SYSTEMPATH\CodeIgniter.php(919): App\Controllers\DatabasePPEController->updateVerification('10')
 3 SYSTEMPATH\CodeIgniter.php(494): CodeIgniter\CodeIgniter->runController(Object(App\Controllers\DatabasePPEController))
 4 SYSTEMPATH\CodeIgniter.php(353): CodeIgniter\CodeIgniter->handleRequest(null, Object(Config\Cache), false)
 5 FCPATH\index.php(86): CodeIgniter\CodeIgniter->run()
CRITICAL - 2024-03-03 06:50:40 --> Undefined variable $existingImage
in APPPATH\Controllers\DatabasePPEController.php on line 627.
 1 APPPATH\Controllers\DatabasePPEController.php(627): CodeIgniter\Debug\Exceptions->errorHandler(2, 'Undefined variable $existingImage', 'C:\\laragon\\www\\dilg\\backend\\backend\\app\\Controllers\\DatabasePPEController.php', 627)
 2 SYSTEMPATH\CodeIgniter.php(919): App\Controllers\DatabasePPEController->updateVerification('10')
 3 SYSTEMPATH\CodeIgniter.php(494): CodeIgniter\CodeIgniter->runController(Object(App\Controllers\DatabasePPEController))
 4 SYSTEMPATH\CodeIgniter.php(353): CodeIgniter\CodeIgniter->handleRequest(null, Object(Config\Cache), false)
 5 FCPATH\index.php(86): CodeIgniter\CodeIgniter->run()
CRITICAL - 2024-03-03 06:54:06 --> Undefined variable $existingImage
in APPPATH\Controllers\DatabasePPEController.php on line 627.
 1 APPPATH\Controllers\DatabasePPEController.php(627): CodeIgniter\Debug\Exceptions->errorHandler(2, 'Undefined variable $existingImage', 'C:\\laragon\\www\\dilg\\backend\\backend\\app\\Controllers\\DatabasePPEController.php', 627)
 2 SYSTEMPATH\CodeIgniter.php(919): App\Controllers\DatabasePPEController->updateVerification('10')
 3 SYSTEMPATH\CodeIgniter.php(494): CodeIgniter\CodeIgniter->runController(Object(App\Controllers\DatabasePPEController))
 4 SYSTEMPATH\CodeIgniter.php(353): CodeIgniter\CodeIgniter->handleRequest(null, Object(Config\Cache), false)
 5 FCPATH\index.php(86): CodeIgniter\CodeIgniter->run()
CRITICAL - 2024-03-03 06:54:19 --> Undefined variable $existingImage
in APPPATH\Controllers\DatabasePPEController.php on line 627.
 1 APPPATH\Controllers\DatabasePPEController.php(627): CodeIgniter\Debug\Exceptions->errorHandler(2, 'Undefined variable $existingImage', 'C:\\laragon\\www\\dilg\\backend\\backend\\app\\Controllers\\DatabasePPEController.php', 627)
 2 SYSTEMPATH\CodeIgniter.php(919): App\Controllers\DatabasePPEController->updateVerification('10')
 3 SYSTEMPATH\CodeIgniter.php(494): CodeIgniter\CodeIgniter->runController(Object(App\Controllers\DatabasePPEController))
 4 SYSTEMPATH\CodeIgniter.php(353): CodeIgniter\CodeIgniter->handleRequest(null, Object(Config\Cache), false)
 5 FCPATH\index.php(86): CodeIgniter\CodeIgniter->run()
CRITICAL - 2024-03-03 06:59:21 --> unlink(C:\laragon\www\dilg\backend\backend\../uploads/): Is a directory
in APPPATH\Controllers\DatabasePPEController.php on line 630.
 1 [internal function]: CodeIgniter\Debug\Exceptions->errorHandler(2, 'unlink(C:\\laragon\\www\\dilg\\backend\\backend\\../uploads/): Is a directory', 'C:\\laragon\\www\\dilg\\backend\\backend\\app\\Controllers\\DatabasePPEController.php', 630)
 2 APPPATH\Controllers\DatabasePPEController.php(630): unlink('C:\\laragon\\www\\dilg\\backend\\backend\\../uploads/')
 3 SYSTEMPATH\CodeIgniter.php(919): App\Controllers\DatabasePPEController->updateVerification('10')
 4 SYSTEMPATH\CodeIgniter.php(494): CodeIgniter\CodeIgniter->runController(Object(App\Controllers\DatabasePPEController))
 5 SYSTEMPATH\CodeIgniter.php(353): CodeIgniter\CodeIgniter->handleRequest(null, Object(Config\Cache), false)
 6 FCPATH\index.php(86): CodeIgniter\CodeIgniter->run()
CRITICAL - 2024-03-03 07:02:23 --> unlink(C:\laragon\www\dilg\backend\backend\../uploads/): Is a directory
in APPPATH\Controllers\DatabasePPEController.php on line 630.
 1 [internal function]: CodeIgniter\Debug\Exceptions->errorHandler(2, 'unlink(C:\\laragon\\www\\dilg\\backend\\backend\\../uploads/): Is a directory', 'C:\\laragon\\www\\dilg\\backend\\backend\\app\\Controllers\\DatabasePPEController.php', 630)
 2 APPPATH\Controllers\DatabasePPEController.php(630): unlink('C:\\laragon\\www\\dilg\\backend\\backend\\../uploads/')
 3 SYSTEMPATH\CodeIgniter.php(919): App\Controllers\DatabasePPEController->updateVerification('11')
 4 SYSTEMPATH\CodeIgniter.php(494): CodeIgniter\CodeIgniter->runController(Object(App\Controllers\DatabasePPEController))
 5 SYSTEMPATH\CodeIgniter.php(353): CodeIgniter\CodeIgniter->handleRequest(null, Object(Config\Cache), false)
 6 FCPATH\index.php(86): CodeIgniter\CodeIgniter->run()
CRITICAL - 2024-03-03 07:03:09 --> unlink(C:\laragon\www\dilg\backend\backend\../uploads/): Is a directory
in APPPATH\Controllers\DatabasePPEController.php on line 634.
 1 [internal function]: CodeIgniter\Debug\Exceptions->errorHandler(2, 'unlink(C:\\laragon\\www\\dilg\\backend\\backend\\../uploads/): Is a directory', 'C:\\laragon\\www\\dilg\\backend\\backend\\app\\Controllers\\DatabasePPEController.php', 634)
 2 APPPATH\Controllers\DatabasePPEController.php(634): unlink('C:\\laragon\\www\\dilg\\backend\\backend\\../uploads/')
 3 SYSTEMPATH\CodeIgniter.php(919): App\Controllers\DatabasePPEController->updateVerification('11')
 4 SYSTEMPATH\CodeIgniter.php(494): CodeIgniter\CodeIgniter->runController(Object(App\Controllers\DatabasePPEController))
 5 SYSTEMPATH\CodeIgniter.php(353): CodeIgniter\CodeIgniter->handleRequest(null, Object(Config\Cache), false)
 6 FCPATH\index.php(86): CodeIgniter\CodeIgniter->run()
CRITICAL - 2024-03-03 07:04:28 --> unlink(C:\laragon\www\dilg\backend\backend\../uploads/): Is a directory
in APPPATH\Controllers\DatabasePPEController.php on line 628.
 1 [internal function]: CodeIgniter\Debug\Exceptions->errorHandler(2, 'unlink(C:\\laragon\\www\\dilg\\backend\\backend\\../uploads/): Is a directory', 'C:\\laragon\\www\\dilg\\backend\\backend\\app\\Controllers\\DatabasePPEController.php', 628)
 2 APPPATH\Controllers\DatabasePPEController.php(628): unlink('C:\\laragon\\www\\dilg\\backend\\backend\\../uploads/')
 3 SYSTEMPATH\CodeIgniter.php(919): App\Controllers\DatabasePPEController->updateVerification('11')
 4 SYSTEMPATH\CodeIgniter.php(494): CodeIgniter\CodeIgniter->runController(Object(App\Controllers\DatabasePPEController))
 5 SYSTEMPATH\CodeIgniter.php(353): CodeIgniter\CodeIgniter->handleRequest(null, Object(Config\Cache), false)
 6 FCPATH\index.php(86): CodeIgniter\CodeIgniter->run()
CRITICAL - 2024-03-03 07:05:27 --> unlink(C:\laragon\www\dilg\backend\backend\../uploads/): Is a directory
in APPPATH\Controllers\DatabasePPEController.php on line 628.
 1 [internal function]: CodeIgniter\Debug\Exceptions->errorHandler(2, 'unlink(C:\\laragon\\www\\dilg\\backend\\backend\\../uploads/): Is a directory', 'C:\\laragon\\www\\dilg\\backend\\backend\\app\\Controllers\\DatabasePPEController.php', 628)
 2 APPPATH\Controllers\DatabasePPEController.php(628): unlink('C:\\laragon\\www\\dilg\\backend\\backend\\../uploads/')
 3 SYSTEMPATH\CodeIgniter.php(919): App\Controllers\DatabasePPEController->updateVerification('11')
 4 SYSTEMPATH\CodeIgniter.php(494): CodeIgniter\CodeIgniter->runController(Object(App\Controllers\DatabasePPEController))
 5 SYSTEMPATH\CodeIgniter.php(353): CodeIgniter\CodeIgniter->handleRequest(null, Object(Config\Cache), false)
 6 FCPATH\index.php(86): CodeIgniter\CodeIgniter->run()
CRITICAL - 2024-03-03 07:08:39 --> Undefined variable $data
in APPPATH\Controllers\DatabasePPEController.php on line 645.
 1 APPPATH\Controllers\DatabasePPEController.php(645): CodeIgniter\Debug\Exceptions->errorHandler(2, 'Undefined variable $data', 'C:\\laragon\\www\\dilg\\backend\\backend\\app\\Controllers\\DatabasePPEController.php', 645)
 2 SYSTEMPATH\CodeIgniter.php(919): App\Controllers\DatabasePPEController->updateVerification('11')
 3 SYSTEMPATH\CodeIgniter.php(494): CodeIgniter\CodeIgniter->runController(Object(App\Controllers\DatabasePPEController))
 4 SYSTEMPATH\CodeIgniter.php(353): CodeIgniter\CodeIgniter->handleRequest(null, Object(Config\Cache), false)
 5 FCPATH\index.php(86): CodeIgniter\CodeIgniter->run()
CRITICAL - 2024-03-03 07:09:05 --> unlink(C:\laragon\www\dilg\backend\backend\../uploads/1709449704_ed712d6f77d7a144bba6.jpg): No such file or directory
in APPPATH\Controllers\DatabasePPEController.php on line 629.
 1 [internal function]: CodeIgniter\Debug\Exceptions->errorHandler(2, 'unlink(C:\\laragon\\www\\dilg\\backend\\backend\\../uploads/1709449704_ed712d6f77d7a144bba6.jpg): No such file or directory', 'C:\\laragon\\www\\dilg\\backend\\backend\\app\\Controllers\\DatabasePPEController.php', 629)
 2 APPPATH\Controllers\DatabasePPEController.php(629): unlink('C:\\laragon\\www\\dilg\\backend\\backend\\../uploads/1709449704_ed712d6f77d7a144bba6.jpg')
 3 SYSTEMPATH\CodeIgniter.php(919): App\Controllers\DatabasePPEController->updateVerification('11')
 4 SYSTEMPATH\CodeIgniter.php(494): CodeIgniter\CodeIgniter->runController(Object(App\Controllers\DatabasePPEController))
 5 SYSTEMPATH\CodeIgniter.php(353): CodeIgniter\CodeIgniter->handleRequest(null, Object(Config\Cache), false)
 6 FCPATH\index.php(86): CodeIgniter\CodeIgniter->run()
CRITICAL - 2024-03-03 16:34:57 --> Undefined array key "image"
in APPPATH\Controllers\DatabasePPEController.php on line 50.
 1 APPPATH\Controllers\DatabasePPEController.php(50): CodeIgniter\Debug\Exceptions->errorHandler(2, 'Undefined array key "image"', 'C:\\laragon\\www\\dilg\\backend\\backend\\app\\Controllers\\DatabasePPEController.php', 50)
 2 SYSTEMPATH\CodeIgniter.php(919): App\Controllers\DatabasePPEController->getData()
 3 SYSTEMPATH\CodeIgniter.php(494): CodeIgniter\CodeIgniter->runController(Object(App\Controllers\DatabasePPEController))
 4 SYSTEMPATH\CodeIgniter.php(353): CodeIgniter\CodeIgniter->handleRequest(null, Object(Config\Cache), false)
 5 FCPATH\index.php(86): CodeIgniter\CodeIgniter->run()
CRITICAL - 2024-03-03 16:35:00 --> Undefined array key "image"
in APPPATH\Controllers\DatabasePPEController.php on line 50.
 1 APPPATH\Controllers\DatabasePPEController.php(50): CodeIgniter\Debug\Exceptions->errorHandler(2, 'Undefined array key "image"', 'C:\\laragon\\www\\dilg\\backend\\backend\\app\\Controllers\\DatabasePPEController.php', 50)
 2 SYSTEMPATH\CodeIgniter.php(919): App\Controllers\DatabasePPEController->getData()
 3 SYSTEMPATH\CodeIgniter.php(494): CodeIgniter\CodeIgniter->runController(Object(App\Controllers\DatabasePPEController))
 4 SYSTEMPATH\CodeIgniter.php(353): CodeIgniter\CodeIgniter->handleRequest(null, Object(Config\Cache), false)
 5 FCPATH\index.php(86): CodeIgniter\CodeIgniter->run()
CRITICAL - 2024-03-03 16:36:07 --> Trying to access array offset on value of type null
in APPPATH\Controllers\DatabasePPEController.php on line 50.
 1 APPPATH\Controllers\DatabasePPEController.php(50): CodeIgniter\Debug\Exceptions->errorHandler(2, 'Trying to access array offset on value of type null', 'C:\\laragon\\www\\dilg\\backend\\backend\\app\\Controllers\\DatabasePPEController.php', 50)
 2 SYSTEMPATH\CodeIgniter.php(919): App\Controllers\DatabasePPEController->getData()
 3 SYSTEMPATH\CodeIgniter.php(494): CodeIgniter\CodeIgniter->runController(Object(App\Controllers\DatabasePPEController))
 4 SYSTEMPATH\CodeIgniter.php(353): CodeIgniter\CodeIgniter->handleRequest(null, Object(Config\Cache), false)
 5 FCPATH\index.php(86): CodeIgniter\CodeIgniter->run()
CRITICAL - 2024-03-03 16:36:09 --> Trying to access array offset on value of type null
in APPPATH\Controllers\DatabasePPEController.php on line 50.
 1 APPPATH\Controllers\DatabasePPEController.php(50): CodeIgniter\Debug\Exceptions->errorHandler(2, 'Trying to access array offset on value of type null', 'C:\\laragon\\www\\dilg\\backend\\backend\\app\\Controllers\\DatabasePPEController.php', 50)
 2 SYSTEMPATH\CodeIgniter.php(919): App\Controllers\DatabasePPEController->getData()
 3 SYSTEMPATH\CodeIgniter.php(494): CodeIgniter\CodeIgniter->runController(Object(App\Controllers\DatabasePPEController))
 4 SYSTEMPATH\CodeIgniter.php(353): CodeIgniter\CodeIgniter->handleRequest(null, Object(Config\Cache), false)
 5 FCPATH\index.php(86): CodeIgniter\CodeIgniter->run()
CRITICAL - 2024-03-03 16:41:36 --> Undefined array key "image"
in APPPATH\Controllers\DatabasePPEController.php on line 50.
 1 APPPATH\Controllers\DatabasePPEController.php(50): CodeIgniter\Debug\Exceptions->errorHandler(2, 'Undefined array key "image"', 'C:\\laragon\\www\\dilg\\backend\\backend\\app\\Controllers\\DatabasePPEController.php', 50)
 2 SYSTEMPATH\CodeIgniter.php(919): App\Controllers\DatabasePPEController->getData()
 3 SYSTEMPATH\CodeIgniter.php(494): CodeIgniter\CodeIgniter->runController(Object(App\Controllers\DatabasePPEController))
 4 SYSTEMPATH\CodeIgniter.php(353): CodeIgniter\CodeIgniter->handleRequest(null, Object(Config\Cache), false)
 5 FCPATH\index.php(86): CodeIgniter\CodeIgniter->run()
CRITICAL - 2024-03-03 16:41:38 --> Undefined array key "image"
in APPPATH\Controllers\DatabasePPEController.php on line 50.
 1 APPPATH\Controllers\DatabasePPEController.php(50): CodeIgniter\Debug\Exceptions->errorHandler(2, 'Undefined array key "image"', 'C:\\laragon\\www\\dilg\\backend\\backend\\app\\Controllers\\DatabasePPEController.php', 50)
 2 SYSTEMPATH\CodeIgniter.php(919): App\Controllers\DatabasePPEController->getData()
 3 SYSTEMPATH\CodeIgniter.php(494): CodeIgniter\CodeIgniter->runController(Object(App\Controllers\DatabasePPEController))
 4 SYSTEMPATH\CodeIgniter.php(353): CodeIgniter\CodeIgniter->handleRequest(null, Object(Config\Cache), false)
 5 FCPATH\index.php(86): CodeIgniter\CodeIgniter->run()
CRITICAL - 2024-03-03 16:43:06 --> Undefined array key "image"
in APPPATH\Controllers\DatabasePPEController.php on line 50.
 1 APPPATH\Controllers\DatabasePPEController.php(50): CodeIgniter\Debug\Exceptions->errorHandler(2, 'Undefined array key "image"', 'C:\\laragon\\www\\dilg\\backend\\backend\\app\\Controllers\\DatabasePPEController.php', 50)
 2 SYSTEMPATH\CodeIgniter.php(919): App\Controllers\DatabasePPEController->getData()
 3 SYSTEMPATH\CodeIgniter.php(494): CodeIgniter\CodeIgniter->runController(Object(App\Controllers\DatabasePPEController))
 4 SYSTEMPATH\CodeIgniter.php(353): CodeIgniter\CodeIgniter->handleRequest(null, Object(Config\Cache), false)
 5 FCPATH\index.php(86): CodeIgniter\CodeIgniter->run()
CRITICAL - 2024-03-03 16:43:08 --> Undefined array key "image"
in APPPATH\Controllers\DatabasePPEController.php on line 50.
 1 APPPATH\Controllers\DatabasePPEController.php(50): CodeIgniter\Debug\Exceptions->errorHandler(2, 'Undefined array key "image"', 'C:\\laragon\\www\\dilg\\backend\\backend\\app\\Controllers\\DatabasePPEController.php', 50)
 2 SYSTEMPATH\CodeIgniter.php(919): App\Controllers\DatabasePPEController->getData()
 3 SYSTEMPATH\CodeIgniter.php(494): CodeIgniter\CodeIgniter->runController(Object(App\Controllers\DatabasePPEController))
 4 SYSTEMPATH\CodeIgniter.php(353): CodeIgniter\CodeIgniter->handleRequest(null, Object(Config\Cache), false)
 5 FCPATH\index.php(86): CodeIgniter\CodeIgniter->run()
CRITICAL - 2024-03-03 16:44:10 --> Undefined array key "image"
in APPPATH\Controllers\DatabasePPEController.php on line 50.
 1 APPPATH\Controllers\DatabasePPEController.php(50): CodeIgniter\Debug\Exceptions->errorHandler(2, 'Undefined array key "image"', 'C:\\laragon\\www\\dilg\\backend\\backend\\app\\Controllers\\DatabasePPEController.php', 50)
 2 SYSTEMPATH\CodeIgniter.php(919): App\Controllers\DatabasePPEController->getData()
 3 SYSTEMPATH\CodeIgniter.php(494): CodeIgniter\CodeIgniter->runController(Object(App\Controllers\DatabasePPEController))
 4 SYSTEMPATH\CodeIgniter.php(353): CodeIgniter\CodeIgniter->handleRequest(null, Object(Config\Cache), false)
 5 FCPATH\index.php(86): CodeIgniter\CodeIgniter->run()
CRITICAL - 2024-03-03 16:44:12 --> Undefined array key "image"
in APPPATH\Controllers\DatabasePPEController.php on line 50.
 1 APPPATH\Controllers\DatabasePPEController.php(50): CodeIgniter\Debug\Exceptions->errorHandler(2, 'Undefined array key "image"', 'C:\\laragon\\www\\dilg\\backend\\backend\\app\\Controllers\\DatabasePPEController.php', 50)
 2 SYSTEMPATH\CodeIgniter.php(919): App\Controllers\DatabasePPEController->getData()
 3 SYSTEMPATH\CodeIgniter.php(494): CodeIgniter\CodeIgniter->runController(Object(App\Controllers\DatabasePPEController))
 4 SYSTEMPATH\CodeIgniter.php(353): CodeIgniter\CodeIgniter->handleRequest(null, Object(Config\Cache), false)
 5 FCPATH\index.php(86): CodeIgniter\CodeIgniter->run()
CRITICAL - 2024-03-03 16:44:33 --> Undefined array key "image"
in APPPATH\Controllers\DatabasePPEController.php on line 49.
 1 APPPATH\Controllers\DatabasePPEController.php(49): CodeIgniter\Debug\Exceptions->errorHandler(2, 'Undefined array key "image"', 'C:\\laragon\\www\\dilg\\backend\\backend\\app\\Controllers\\DatabasePPEController.php', 49)
 2 SYSTEMPATH\CodeIgniter.php(919): App\Controllers\DatabasePPEController->getData()
 3 SYSTEMPATH\CodeIgniter.php(494): CodeIgniter\CodeIgniter->runController(Object(App\Controllers\DatabasePPEController))
 4 SYSTEMPATH\CodeIgniter.php(353): CodeIgniter\CodeIgniter->handleRequest(null, Object(Config\Cache), false)
 5 FCPATH\index.php(86): CodeIgniter\CodeIgniter->run()
CRITICAL - 2024-03-03 16:45:08 --> Trying to access array offset on value of type null
in APPPATH\Controllers\DatabasePPEController.php on line 49.
 1 APPPATH\Controllers\DatabasePPEController.php(49): CodeIgniter\Debug\Exceptions->errorHandler(2, 'Trying to access array offset on value of type null', 'C:\\laragon\\www\\dilg\\backend\\backend\\app\\Controllers\\DatabasePPEController.php', 49)
 2 SYSTEMPATH\CodeIgniter.php(919): App\Controllers\DatabasePPEController->getData()
 3 SYSTEMPATH\CodeIgniter.php(494): CodeIgniter\CodeIgniter->runController(Object(App\Controllers\DatabasePPEController))
 4 SYSTEMPATH\CodeIgniter.php(353): CodeIgniter\CodeIgniter->handleRequest(null, Object(Config\Cache), false)
 5 FCPATH\index.php(86): CodeIgniter\CodeIgniter->run()
CRITICAL - 2024-03-03 16:46:02 --> Undefined array key "image"
in APPPATH\Controllers\DatabasePPEController.php on line 49.
 1 APPPATH\Controllers\DatabasePPEController.php(49): CodeIgniter\Debug\Exceptions->errorHandler(2, 'Undefined array key "image"', 'C:\\laragon\\www\\dilg\\backend\\backend\\app\\Controllers\\DatabasePPEController.php', 49)
 2 SYSTEMPATH\CodeIgniter.php(919): App\Controllers\DatabasePPEController->getData()
 3 SYSTEMPATH\CodeIgniter.php(494): CodeIgniter\CodeIgniter->runController(Object(App\Controllers\DatabasePPEController))
 4 SYSTEMPATH\CodeIgniter.php(353): CodeIgniter\CodeIgniter->handleRequest(null, Object(Config\Cache), false)
 5 FCPATH\index.php(86): CodeIgniter\CodeIgniter->run()
CRITICAL - 2024-03-03 16:46:22 --> Undefined array key "image"
in APPPATH\Controllers\DatabasePPEController.php on line 49.
 1 APPPATH\Controllers\DatabasePPEController.php(49): CodeIgniter\Debug\Exceptions->errorHandler(2, 'Undefined array key "image"', 'C:\\laragon\\www\\dilg\\backend\\backend\\app\\Controllers\\DatabasePPEController.php', 49)
 2 SYSTEMPATH\CodeIgniter.php(919): App\Controllers\DatabasePPEController->getData()
 3 SYSTEMPATH\CodeIgniter.php(494): CodeIgniter\CodeIgniter->runController(Object(App\Controllers\DatabasePPEController))
 4 SYSTEMPATH\CodeIgniter.php(353): CodeIgniter\CodeIgniter->handleRequest(null, Object(Config\Cache), false)
 5 FCPATH\index.php(86): CodeIgniter\CodeIgniter->run()
