CRITICAL - 2024-09-04 09:45:25 --> Unsupported operand types: string * string
in APPPATH\Controllers\DatabasePPEController.php on line 136.
 1 SYSTEMPATH\CodeIgniter.php(919): App\Controllers\DatabasePPEController->save()
 2 SYSTEMPATH\CodeIgniter.php(494): CodeIgniter\CodeIgniter->runController(Object(App\Controllers\DatabasePPEController))
 3 SYSTEMPATH\CodeIgniter.php(353): CodeIgniter\CodeIgniter->handleRequest(null, Object(Config\Cache), false)
 4 FCPATH\index.php(86): CodeIgniter\CodeIgniter->run()
CRITICAL - 2024-09-04 09:58:15 --> Unsupported operand types: string * string
in APPPATH\Controllers\DatabasePPEController.php on line 136.
 1 SYSTEMPATH\CodeIgniter.php(919): App\Controllers\DatabasePPEController->save()
 2 SYSTEMPATH\CodeIgniter.php(494): CodeIgniter\CodeIgniter->runController(Object(App\Controllers\DatabasePPEController))
 3 SYSTEMPATH\CodeIgniter.php(353): CodeIgniter\CodeIgniter->handleRequest(null, Object(Config\Cache), false)
 4 FCPATH\index.php(86): CodeIgniter\CodeIgniter->run()
CRITICAL - 2024-09-04 12:43:10 --> Unsupported operand types: string * string
in APPPATH\Controllers\DatabasePPEController.php on line 136.
 1 SYSTEMPATH\CodeIgniter.php(919): App\Controllers\DatabasePPEController->save()
 2 SYSTEMPATH\CodeIgniter.php(494): CodeIgniter\CodeIgniter->runController(Object(App\Controllers\DatabasePPEController))
 3 SYSTEMPATH\CodeIgniter.php(353): CodeIgniter\CodeIgniter->handleRequest(null, Object(Config\Cache), false)
 4 FCPATH\index.php(86): CodeIgniter\CodeIgniter->run()
CRITICAL - 2024-09-04 12:45:45 --> Unsupported operand types: string * string
in APPPATH\Controllers\DatabasePPEController.php on line 136.
 1 SYSTEMPATH\CodeIgniter.php(919): App\Controllers\DatabasePPEController->save()
 2 SYSTEMPATH\CodeIgniter.php(494): CodeIgniter\CodeIgniter->runController(Object(App\Controllers\DatabasePPEController))
 3 SYSTEMPATH\CodeIgniter.php(353): CodeIgniter\CodeIgniter->handleRequest(null, Object(Config\Cache), false)
 4 FCPATH\index.php(86): CodeIgniter\CodeIgniter->run()
