CRITICAL - 2024-02-25 03:09:04 --> Undefined array key "entityname"
in APPPATH\Controllers\DatabasePPEController.php on line 286.
 1 APPPATH\Controllers\DatabasePPEController.php(286): CodeIgniter\Debug\Exceptions->errorHandler(2, 'Undefined array key "entityname"', 'C:\\laragon\\www\\dilg\\backend\\backend\\app\\Controllers\\DatabasePPEController.php', 286)
 2 SYSTEMPATH\CodeIgniter.php(919): App\Controllers\DatabasePPEController->saveInventory()
 3 SYSTEMPATH\CodeIgniter.php(494): CodeIgniter\CodeIgniter->runController(Object(App\Controllers\DatabasePPEController))
 4 SYSTEMPATH\CodeIgniter.php(353): CodeIgniter\CodeIgniter->handleRequest(null, Object(Config\Cache), false)
 5 FCPATH\index.php(86): CodeIgniter\CodeIgniter->run()
CRITICAL - 2024-02-25 03:09:22 --> Undefined array key "entityname"
in APPPATH\Controllers\DatabasePPEController.php on line 286.
 1 APPPATH\Controllers\DatabasePPEController.php(286): CodeIgniter\Debug\Exceptions->errorHandler(2, 'Undefined array key "entityname"', 'C:\\laragon\\www\\dilg\\backend\\backend\\app\\Controllers\\DatabasePPEController.php', 286)
 2 SYSTEMPATH\CodeIgniter.php(919): App\Controllers\DatabasePPEController->saveInventory()
 3 SYSTEMPATH\CodeIgniter.php(494): CodeIgniter\CodeIgniter->runController(Object(App\Controllers\DatabasePPEController))
 4 SYSTEMPATH\CodeIgniter.php(353): CodeIgniter\CodeIgniter->handleRequest(null, Object(Config\Cache), false)
 5 FCPATH\index.php(86): CodeIgniter\CodeIgniter->run()
CRITICAL - 2024-02-25 03:09:32 --> Call to a member function isValid() on null
in APPPATH\Controllers\DatabasePPEController.php on line 279.
 1 SYSTEMPATH\CodeIgniter.php(919): App\Controllers\DatabasePPEController->saveInventory()
 2 SYSTEMPATH\CodeIgniter.php(494): CodeIgniter\CodeIgniter->runController(Object(App\Controllers\DatabasePPEController))
 3 SYSTEMPATH\CodeIgniter.php(353): CodeIgniter\CodeIgniter->handleRequest(null, Object(Config\Cache), false)
 4 FCPATH\index.php(86): CodeIgniter\CodeIgniter->run()
CRITICAL - 2024-02-25 03:13:25 --> Undefined array key "entityname"
in APPPATH\Controllers\DatabasePPEController.php on line 286.
 1 APPPATH\Controllers\DatabasePPEController.php(286): CodeIgniter\Debug\Exceptions->errorHandler(2, 'Undefined array key "entityname"', 'C:\\laragon\\www\\dilg\\backend\\backend\\app\\Controllers\\DatabasePPEController.php', 286)
 2 SYSTEMPATH\CodeIgniter.php(919): App\Controllers\DatabasePPEController->saveInventory()
 3 SYSTEMPATH\CodeIgniter.php(494): CodeIgniter\CodeIgniter->runController(Object(App\Controllers\DatabasePPEController))
 4 SYSTEMPATH\CodeIgniter.php(353): CodeIgniter\CodeIgniter->handleRequest(null, Object(Config\Cache), false)
 5 FCPATH\index.php(86): CodeIgniter\CodeIgniter->run()
CRITICAL - 2024-02-25 03:14:04 --> Undefined array key "entityname"
in APPPATH\Controllers\DatabasePPEController.php on line 286.
 1 APPPATH\Controllers\DatabasePPEController.php(286): CodeIgniter\Debug\Exceptions->errorHandler(2, 'Undefined array key "entityname"', 'C:\\laragon\\www\\dilg\\backend\\backend\\app\\Controllers\\DatabasePPEController.php', 286)
 2 SYSTEMPATH\CodeIgniter.php(919): App\Controllers\DatabasePPEController->saveInventory()
 3 SYSTEMPATH\CodeIgniter.php(494): CodeIgniter\CodeIgniter->runController(Object(App\Controllers\DatabasePPEController))
 4 SYSTEMPATH\CodeIgniter.php(353): CodeIgniter\CodeIgniter->handleRequest(null, Object(Config\Cache), false)
 5 FCPATH\index.php(86): CodeIgniter\CodeIgniter->run()
ERROR - 2024-02-25 03:22:51 --> mysqli_sql_exception: Cannot insert duplicate record. Record with the same particulars already exists. in C:\laragon\www\dilg\backend\backend\system\Database\MySQLi\Connection.php:306
Stack trace:
#0 C:\laragon\www\dilg\backend\backend\system\Database\MySQLi\Connection.php(306): mysqli->query('INSERT INTO `in...', 0)
#1 C:\laragon\www\dilg\backend\backend\system\Database\BaseConnection.php(692): CodeIgniter\Database\MySQLi\Connection->execute('INSERT INTO `in...')
#2 C:\laragon\www\dilg\backend\backend\system\Database\BaseConnection.php(606): CodeIgniter\Database\BaseConnection->simpleQuery('INSERT INTO `in...')
#3 C:\laragon\www\dilg\backend\backend\system\Database\BaseBuilder.php(2308): CodeIgniter\Database\BaseConnection->query('INSERT INTO `in...', Array, false)
#4 C:\laragon\www\dilg\backend\backend\system\Model.php(319): CodeIgniter\Database\BaseBuilder->insert()
#5 C:\laragon\www\dilg\backend\backend\system\BaseModel.php(788): CodeIgniter\Model->doInsert(Array)
#6 C:\laragon\www\dilg\backend\backend\system\Model.php(715): CodeIgniter\BaseModel->insert(Array, false)
#7 C:\laragon\www\dilg\backend\backend\system\BaseModel.php(698): CodeIgniter\Model->insert(Array, false)
#8 C:\laragon\www\dilg\backend\backend\app\Controllers\DatabasePPEController.php(295): CodeIgniter\BaseModel->save(Array)
#9 C:\laragon\www\dilg\backend\backend\system\CodeIgniter.php(919): App\Controllers\DatabasePPEController->saveInventory()
#10 C:\laragon\www\dilg\backend\backend\system\CodeIgniter.php(494): CodeIgniter\CodeIgniter->runController(Object(App\Controllers\DatabasePPEController))
#11 C:\laragon\www\dilg\backend\backend\system\CodeIgniter.php(353): CodeIgniter\CodeIgniter->handleRequest(NULL, Object(Config\Cache), false)
#12 C:\laragon\www\dilg\backend\index.php(86): CodeIgniter\CodeIgniter->run()
#13 {main}
CRITICAL - 2024-02-25 03:22:51 --> Cannot insert duplicate record. Record with the same particulars already exists.
in SYSTEMPATH\Database\BaseConnection.php on line 646.
 1 SYSTEMPATH\Database\BaseBuilder.php(2308): CodeIgniter\Database\BaseConnection->query('INSERT INTO `inventoryppe` (`entityname`, `particulars`, `classification`, `quantity`, `arrival`, `image`) VALUES (:entityname:, :particulars:, :classification:, :quantity:, :arrival:, :image:)', [...], false)
 2 SYSTEMPATH\Model.php(319): CodeIgniter\Database\BaseBuilder->insert()
 3 SYSTEMPATH\BaseModel.php(788): CodeIgniter\Model->doInsert([...])
 4 SYSTEMPATH\Model.php(715): CodeIgniter\BaseModel->insert([...], false)
 5 SYSTEMPATH\BaseModel.php(698): CodeIgniter\Model->insert([...], false)
 6 APPPATH\Controllers\DatabasePPEController.php(295): CodeIgniter\BaseModel->save([...])
 7 SYSTEMPATH\CodeIgniter.php(919): App\Controllers\DatabasePPEController->saveInventory()
 8 SYSTEMPATH\CodeIgniter.php(494): CodeIgniter\CodeIgniter->runController(Object(App\Controllers\DatabasePPEController))
 9 SYSTEMPATH\CodeIgniter.php(353): CodeIgniter\CodeIgniter->handleRequest(null, Object(Config\Cache), false)
10 FCPATH\index.php(86): CodeIgniter\CodeIgniter->run()
CRITICAL - 2024-02-25 04:28:11 --> App\Controllers\DatabasePPEController::respond(): Argument #2 ($status) must be of type ?int, string given, called in C:\laragon\www\dilg\backend\backend\app\Controllers\DatabasePPEController.php on line 365
in SYSTEMPATH\API\ResponseTrait.php on line 87.
 1 APPPATH\Controllers\DatabasePPEController.php(365): App\Controllers\DatabasePPEController->respond(true, 'C:\\laragon\\www\\dilg\\backend\\backend\\writable\\../uploads/1708835168_2a5670acfc69f0589266.jpg', 200)
 2 SYSTEMPATH\CodeIgniter.php(919): App\Controllers\DatabasePPEController->delInventory()
 3 SYSTEMPATH\CodeIgniter.php(494): CodeIgniter\CodeIgniter->runController(Object(App\Controllers\DatabasePPEController))
 4 SYSTEMPATH\CodeIgniter.php(353): CodeIgniter\CodeIgniter->handleRequest(null, Object(Config\Cache), false)
 5 FCPATH\index.php(86): CodeIgniter\CodeIgniter->run()
CRITICAL - 2024-02-25 04:28:43 --> App\Controllers\DatabasePPEController::respond(): Argument #2 ($status) must be of type ?int, string given, called in C:\laragon\www\dilg\backend\backend\app\Controllers\DatabasePPEController.php on line 365
in SYSTEMPATH\API\ResponseTrait.php on line 87.
 1 APPPATH\Controllers\DatabasePPEController.php(365): App\Controllers\DatabasePPEController->respond(true, 'C:\\laragon\\www\\dilg\\backend\\backend\\writable\\../uploads/1708835153_6631828ca69f476acf28.png', 200)
 2 SYSTEMPATH\CodeIgniter.php(919): App\Controllers\DatabasePPEController->delInventory()
 3 SYSTEMPATH\CodeIgniter.php(494): CodeIgniter\CodeIgniter->runController(Object(App\Controllers\DatabasePPEController))
 4 SYSTEMPATH\CodeIgniter.php(353): CodeIgniter\CodeIgniter->handleRequest(null, Object(Config\Cache), false)
 5 FCPATH\index.php(86): CodeIgniter\CodeIgniter->run()
CRITICAL - 2024-02-25 04:49:17 --> log(): Argument #1 ($num) must be of type float, string given
in APPPATH\Controllers\DatabasePPEController.php on line 364.
 1 APPPATH\Controllers\DatabasePPEController.php(364): log('Not deleted')
 2 SYSTEMPATH\CodeIgniter.php(919): App\Controllers\DatabasePPEController->delInventory()
 3 SYSTEMPATH\CodeIgniter.php(494): CodeIgniter\CodeIgniter->runController(Object(App\Controllers\DatabasePPEController))
 4 SYSTEMPATH\CodeIgniter.php(353): CodeIgniter\CodeIgniter->handleRequest(null, Object(Config\Cache), false)
 5 FCPATH\index.php(86): CodeIgniter\CodeIgniter->run()
CRITICAL - 2024-02-25 04:49:17 --> log(): Argument #1 ($num) must be of type float, string given
in APPPATH\Controllers\DatabasePPEController.php on line 364.
 1 APPPATH\Controllers\DatabasePPEController.php(364): log('Not deleted')
 2 SYSTEMPATH\CodeIgniter.php(919): App\Controllers\DatabasePPEController->delInventory()
 3 SYSTEMPATH\CodeIgniter.php(494): CodeIgniter\CodeIgniter->runController(Object(App\Controllers\DatabasePPEController))
 4 SYSTEMPATH\CodeIgniter.php(353): CodeIgniter\CodeIgniter->handleRequest(null, Object(Config\Cache), false)
 5 FCPATH\index.php(86): CodeIgniter\CodeIgniter->run()
ERROR - 2024-02-25 08:03:01 --> mysqli_sql_exception: Cannot insert duplicate record. Record with the same particulars already exists. in C:\laragon\www\dilg\backend\backend\system\Database\MySQLi\Connection.php:306
Stack trace:
#0 C:\laragon\www\dilg\backend\backend\system\Database\MySQLi\Connection.php(306): mysqli->query('INSERT INTO `in...', 0)
#1 C:\laragon\www\dilg\backend\backend\system\Database\BaseConnection.php(692): CodeIgniter\Database\MySQLi\Connection->execute('INSERT INTO `in...')
#2 C:\laragon\www\dilg\backend\backend\system\Database\BaseConnection.php(606): CodeIgniter\Database\BaseConnection->simpleQuery('INSERT INTO `in...')
#3 C:\laragon\www\dilg\backend\backend\system\Database\BaseBuilder.php(2308): CodeIgniter\Database\BaseConnection->query('INSERT INTO `in...', Array, false)
#4 C:\laragon\www\dilg\backend\backend\system\Model.php(319): CodeIgniter\Database\BaseBuilder->insert()
#5 C:\laragon\www\dilg\backend\backend\system\BaseModel.php(788): CodeIgniter\Model->doInsert(Array)
#6 C:\laragon\www\dilg\backend\backend\system\Model.php(715): CodeIgniter\BaseModel->insert(Array, false)
#7 C:\laragon\www\dilg\backend\backend\system\BaseModel.php(698): CodeIgniter\Model->insert(Array, false)
#8 C:\laragon\www\dilg\backend\backend\app\Controllers\DatabasePPEController.php(295): CodeIgniter\BaseModel->save(Array)
#9 C:\laragon\www\dilg\backend\backend\system\CodeIgniter.php(919): App\Controllers\DatabasePPEController->saveInventory()
#10 C:\laragon\www\dilg\backend\backend\system\CodeIgniter.php(494): CodeIgniter\CodeIgniter->runController(Object(App\Controllers\DatabasePPEController))
#11 C:\laragon\www\dilg\backend\backend\system\CodeIgniter.php(353): CodeIgniter\CodeIgniter->handleRequest(NULL, Object(Config\Cache), false)
#12 C:\laragon\www\dilg\backend\index.php(86): CodeIgniter\CodeIgniter->run()
#13 {main}
CRITICAL - 2024-02-25 08:03:01 --> Cannot insert duplicate record. Record with the same particulars already exists.
in SYSTEMPATH\Database\BaseConnection.php on line 646.
 1 SYSTEMPATH\Database\BaseBuilder.php(2308): CodeIgniter\Database\BaseConnection->query('INSERT INTO `inventoryppe` (`entityname`, `particulars`, `classification`, `quantity`, `arrival`, `image`) VALUES (:entityname:, :particulars:, :classification:, :quantity:, :arrival:, :image:)', [...], false)
 2 SYSTEMPATH\Model.php(319): CodeIgniter\Database\BaseBuilder->insert()
 3 SYSTEMPATH\BaseModel.php(788): CodeIgniter\Model->doInsert([...])
 4 SYSTEMPATH\Model.php(715): CodeIgniter\BaseModel->insert([...], false)
 5 SYSTEMPATH\BaseModel.php(698): CodeIgniter\Model->insert([...], false)
 6 APPPATH\Controllers\DatabasePPEController.php(295): CodeIgniter\BaseModel->save([...])
 7 SYSTEMPATH\CodeIgniter.php(919): App\Controllers\DatabasePPEController->saveInventory()
 8 SYSTEMPATH\CodeIgniter.php(494): CodeIgniter\CodeIgniter->runController(Object(App\Controllers\DatabasePPEController))
 9 SYSTEMPATH\CodeIgniter.php(353): CodeIgniter\CodeIgniter->handleRequest(null, Object(Config\Cache), false)
10 FCPATH\index.php(86): CodeIgniter\CodeIgniter->run()
ERROR - 2024-02-25 08:03:38 --> mysqli_sql_exception: Cannot insert duplicate record. Record with the same particulars already exists. in C:\laragon\www\dilg\backend\backend\system\Database\MySQLi\Connection.php:306
Stack trace:
#0 C:\laragon\www\dilg\backend\backend\system\Database\MySQLi\Connection.php(306): mysqli->query('INSERT INTO `in...', 0)
#1 C:\laragon\www\dilg\backend\backend\system\Database\BaseConnection.php(692): CodeIgniter\Database\MySQLi\Connection->execute('INSERT INTO `in...')
#2 C:\laragon\www\dilg\backend\backend\system\Database\BaseConnection.php(606): CodeIgniter\Database\BaseConnection->simpleQuery('INSERT INTO `in...')
#3 C:\laragon\www\dilg\backend\backend\system\Database\BaseBuilder.php(2308): CodeIgniter\Database\BaseConnection->query('INSERT INTO `in...', Array, false)
#4 C:\laragon\www\dilg\backend\backend\system\Model.php(319): CodeIgniter\Database\BaseBuilder->insert()
#5 C:\laragon\www\dilg\backend\backend\system\BaseModel.php(788): CodeIgniter\Model->doInsert(Array)
#6 C:\laragon\www\dilg\backend\backend\system\Model.php(715): CodeIgniter\BaseModel->insert(Array, false)
#7 C:\laragon\www\dilg\backend\backend\system\BaseModel.php(698): CodeIgniter\Model->insert(Array, false)
#8 C:\laragon\www\dilg\backend\backend\app\Controllers\DatabasePPEController.php(295): CodeIgniter\BaseModel->save(Array)
#9 C:\laragon\www\dilg\backend\backend\system\CodeIgniter.php(919): App\Controllers\DatabasePPEController->saveInventory()
#10 C:\laragon\www\dilg\backend\backend\system\CodeIgniter.php(494): CodeIgniter\CodeIgniter->runController(Object(App\Controllers\DatabasePPEController))
#11 C:\laragon\www\dilg\backend\backend\system\CodeIgniter.php(353): CodeIgniter\CodeIgniter->handleRequest(NULL, Object(Config\Cache), false)
#12 C:\laragon\www\dilg\backend\index.php(86): CodeIgniter\CodeIgniter->run()
#13 {main}
CRITICAL - 2024-02-25 08:03:38 --> Cannot insert duplicate record. Record with the same particulars already exists.
in SYSTEMPATH\Database\BaseConnection.php on line 646.
 1 SYSTEMPATH\Database\BaseBuilder.php(2308): CodeIgniter\Database\BaseConnection->query('INSERT INTO `inventoryppe` (`entityname`, `particulars`, `classification`, `quantity`, `arrival`, `image`) VALUES (:entityname:, :particulars:, :classification:, :quantity:, :arrival:, :image:)', [...], false)
 2 SYSTEMPATH\Model.php(319): CodeIgniter\Database\BaseBuilder->insert()
 3 SYSTEMPATH\BaseModel.php(788): CodeIgniter\Model->doInsert([...])
 4 SYSTEMPATH\Model.php(715): CodeIgniter\BaseModel->insert([...], false)
 5 SYSTEMPATH\BaseModel.php(698): CodeIgniter\Model->insert([...], false)
 6 APPPATH\Controllers\DatabasePPEController.php(295): CodeIgniter\BaseModel->save([...])
 7 SYSTEMPATH\CodeIgniter.php(919): App\Controllers\DatabasePPEController->saveInventory()
 8 SYSTEMPATH\CodeIgniter.php(494): CodeIgniter\CodeIgniter->runController(Object(App\Controllers\DatabasePPEController))
 9 SYSTEMPATH\CodeIgniter.php(353): CodeIgniter\CodeIgniter->handleRequest(null, Object(Config\Cache), false)
10 FCPATH\index.php(86): CodeIgniter\CodeIgniter->run()
CRITICAL - 2024-02-25 08:05:39 --> Call to a member function isValid() on null
in APPPATH\Controllers\DatabasePPEController.php on line 132.
 1 SYSTEMPATH\CodeIgniter.php(919): App\Controllers\DatabasePPEController->updateInventory('243')
 2 SYSTEMPATH\CodeIgniter.php(494): CodeIgniter\CodeIgniter->runController(Object(App\Controllers\DatabasePPEController))
 3 SYSTEMPATH\CodeIgniter.php(353): CodeIgniter\CodeIgniter->handleRequest(null, Object(Config\Cache), false)
 4 FCPATH\index.php(86): CodeIgniter\CodeIgniter->run()
CRITICAL - 2024-02-25 08:37:14 --> Call to undefined function App\Controllers\delete_files()
in APPPATH\Controllers\DatabasePPEController.php on line 369.
 1 SYSTEMPATH\CodeIgniter.php(919): App\Controllers\DatabasePPEController->delInventory()
 2 SYSTEMPATH\CodeIgniter.php(494): CodeIgniter\CodeIgniter->runController(Object(App\Controllers\DatabasePPEController))
 3 SYSTEMPATH\CodeIgniter.php(353): CodeIgniter\CodeIgniter->handleRequest(null, Object(Config\Cache), false)
 4 FCPATH\index.php(86): CodeIgniter\CodeIgniter->run()
CRITICAL - 2024-02-25 08:37:51 --> Call to undefined function App\Controllers\delete_files()
in APPPATH\Controllers\DatabasePPEController.php on line 370.
 1 SYSTEMPATH\CodeIgniter.php(919): App\Controllers\DatabasePPEController->delInventory()
 2 SYSTEMPATH\CodeIgniter.php(494): CodeIgniter\CodeIgniter->runController(Object(App\Controllers\DatabasePPEController))
 3 SYSTEMPATH\CodeIgniter.php(353): CodeIgniter\CodeIgniter->handleRequest(null, Object(Config\Cache), false)
 4 FCPATH\index.php(86): CodeIgniter\CodeIgniter->run()
CRITICAL - 2024-02-25 08:38:29 --> Call to undefined function App\Controllers\delete_files()
in APPPATH\Controllers\DatabasePPEController.php on line 369.
 1 SYSTEMPATH\CodeIgniter.php(919): App\Controllers\DatabasePPEController->delInventory()
 2 SYSTEMPATH\CodeIgniter.php(494): CodeIgniter\CodeIgniter->runController(Object(App\Controllers\DatabasePPEController))
 3 SYSTEMPATH\CodeIgniter.php(353): CodeIgniter\CodeIgniter->handleRequest(null, Object(Config\Cache), false)
 4 FCPATH\index.php(86): CodeIgniter\CodeIgniter->run()
CRITICAL - 2024-02-25 09:05:57 --> Call to a member function isValid() on null
in APPPATH\Controllers\DatabasePPEController.php on line 136.
 1 SYSTEMPATH\CodeIgniter.php(919): App\Controllers\DatabasePPEController->updateInventory('265')
 2 SYSTEMPATH\CodeIgniter.php(494): CodeIgniter\CodeIgniter->runController(Object(App\Controllers\DatabasePPEController))
 3 SYSTEMPATH\CodeIgniter.php(353): CodeIgniter\CodeIgniter->handleRequest(null, Object(Config\Cache), false)
 4 FCPATH\index.php(86): CodeIgniter\CodeIgniter->run()
CRITICAL - 2024-02-25 09:06:07 --> Call to a member function isValid() on null
in APPPATH\Controllers\DatabasePPEController.php on line 136.
 1 SYSTEMPATH\CodeIgniter.php(919): App\Controllers\DatabasePPEController->updateInventory('265')
 2 SYSTEMPATH\CodeIgniter.php(494): CodeIgniter\CodeIgniter->runController(Object(App\Controllers\DatabasePPEController))
 3 SYSTEMPATH\CodeIgniter.php(353): CodeIgniter\CodeIgniter->handleRequest(null, Object(Config\Cache), false)
 4 FCPATH\index.php(86): CodeIgniter\CodeIgniter->run()
CRITICAL - 2024-02-25 16:11:03 --> Call to a member function isValid() on null
in APPPATH\Controllers\DatabasePPEController.php on line 277.
 1 SYSTEMPATH\CodeIgniter.php(919): App\Controllers\DatabasePPEController->updateInventory('269')
 2 SYSTEMPATH\CodeIgniter.php(494): CodeIgniter\CodeIgniter->runController(Object(App\Controllers\DatabasePPEController))
 3 SYSTEMPATH\CodeIgniter.php(353): CodeIgniter\CodeIgniter->handleRequest(null, Object(Config\Cache), false)
 4 FCPATH\index.php(86): CodeIgniter\CodeIgniter->run()
CRITICAL - 2024-02-25 16:11:15 --> Call to a member function isValid() on null
in APPPATH\Controllers\DatabasePPEController.php on line 277.
 1 SYSTEMPATH\CodeIgniter.php(919): App\Controllers\DatabasePPEController->updateInventory('269')
 2 SYSTEMPATH\CodeIgniter.php(494): CodeIgniter\CodeIgniter->runController(Object(App\Controllers\DatabasePPEController))
 3 SYSTEMPATH\CodeIgniter.php(353): CodeIgniter\CodeIgniter->handleRequest(null, Object(Config\Cache), false)
 4 FCPATH\index.php(86): CodeIgniter\CodeIgniter->run()
CRITICAL - 2024-02-25 16:12:07 --> Call to a member function isValid() on null
in APPPATH\Controllers\DatabasePPEController.php on line 277.
 1 SYSTEMPATH\CodeIgniter.php(919): App\Controllers\DatabasePPEController->updateInventory('269')
 2 SYSTEMPATH\CodeIgniter.php(494): CodeIgniter\CodeIgniter->runController(Object(App\Controllers\DatabasePPEController))
 3 SYSTEMPATH\CodeIgniter.php(353): CodeIgniter\CodeIgniter->handleRequest(null, Object(Config\Cache), false)
 4 FCPATH\index.php(86): CodeIgniter\CodeIgniter->run()
CRITICAL - 2024-02-25 16:12:27 --> Call to a member function isValid() on null
in APPPATH\Controllers\DatabasePPEController.php on line 277.
 1 SYSTEMPATH\CodeIgniter.php(919): App\Controllers\DatabasePPEController->updateInventory('269')
 2 SYSTEMPATH\CodeIgniter.php(494): CodeIgniter\CodeIgniter->runController(Object(App\Controllers\DatabasePPEController))
 3 SYSTEMPATH\CodeIgniter.php(353): CodeIgniter\CodeIgniter->handleRequest(null, Object(Config\Cache), false)
 4 FCPATH\index.php(86): CodeIgniter\CodeIgniter->run()
CRITICAL - 2024-02-25 16:14:13 --> Call to a member function isValid() on null
in APPPATH\Controllers\DatabasePPEController.php on line 277.
 1 SYSTEMPATH\CodeIgniter.php(919): App\Controllers\DatabasePPEController->updateInventory('269')
 2 SYSTEMPATH\CodeIgniter.php(494): CodeIgniter\CodeIgniter->runController(Object(App\Controllers\DatabasePPEController))
 3 SYSTEMPATH\CodeIgniter.php(353): CodeIgniter\CodeIgniter->handleRequest(null, Object(Config\Cache), false)
 4 FCPATH\index.php(86): CodeIgniter\CodeIgniter->run()
CRITICAL - 2024-02-25 16:15:12 --> Call to a member function isValid() on null
in APPPATH\Controllers\DatabasePPEController.php on line 277.
 1 SYSTEMPATH\CodeIgniter.php(919): App\Controllers\DatabasePPEController->updateInventory('269')
 2 SYSTEMPATH\CodeIgniter.php(494): CodeIgniter\CodeIgniter->runController(Object(App\Controllers\DatabasePPEController))
 3 SYSTEMPATH\CodeIgniter.php(353): CodeIgniter\CodeIgniter->handleRequest(null, Object(Config\Cache), false)
 4 FCPATH\index.php(86): CodeIgniter\CodeIgniter->run()
CRITICAL - 2024-02-25 16:19:34 --> Call to a member function isValid() on null
in APPPATH\Controllers\DatabasePPEController.php on line 277.
 1 SYSTEMPATH\CodeIgniter.php(919): App\Controllers\DatabasePPEController->updateInventory('270')
 2 SYSTEMPATH\CodeIgniter.php(494): CodeIgniter\CodeIgniter->runController(Object(App\Controllers\DatabasePPEController))
 3 SYSTEMPATH\CodeIgniter.php(353): CodeIgniter\CodeIgniter->handleRequest(null, Object(Config\Cache), false)
 4 FCPATH\index.php(86): CodeIgniter\CodeIgniter->run()
CRITICAL - 2024-02-25 16:24:54 --> Call to a member function isValid() on null
in APPPATH\Controllers\DatabasePPEController.php on line 140.
 1 SYSTEMPATH\CodeIgniter.php(919): App\Controllers\DatabasePPEController->updateInventory('270')
 2 SYSTEMPATH\CodeIgniter.php(494): CodeIgniter\CodeIgniter->runController(Object(App\Controllers\DatabasePPEController))
 3 SYSTEMPATH\CodeIgniter.php(353): CodeIgniter\CodeIgniter->handleRequest(null, Object(Config\Cache), false)
 4 FCPATH\index.php(86): CodeIgniter\CodeIgniter->run()
CRITICAL - 2024-02-25 16:25:52 --> Call to a member function isValid() on null
in APPPATH\Controllers\DatabasePPEController.php on line 140.
 1 SYSTEMPATH\CodeIgniter.php(919): App\Controllers\DatabasePPEController->updateInventory('270')
 2 SYSTEMPATH\CodeIgniter.php(494): CodeIgniter\CodeIgniter->runController(Object(App\Controllers\DatabasePPEController))
 3 SYSTEMPATH\CodeIgniter.php(353): CodeIgniter\CodeIgniter->handleRequest(null, Object(Config\Cache), false)
 4 FCPATH\index.php(86): CodeIgniter\CodeIgniter->run()
CRITICAL - 2024-02-25 16:26:17 --> Call to a member function isValid() on null
in APPPATH\Controllers\DatabasePPEController.php on line 140.
 1 SYSTEMPATH\CodeIgniter.php(919): App\Controllers\DatabasePPEController->updateInventory('270')
 2 SYSTEMPATH\CodeIgniter.php(494): CodeIgniter\CodeIgniter->runController(Object(App\Controllers\DatabasePPEController))
 3 SYSTEMPATH\CodeIgniter.php(353): CodeIgniter\CodeIgniter->handleRequest(null, Object(Config\Cache), false)
 4 FCPATH\index.php(86): CodeIgniter\CodeIgniter->run()
CRITICAL - 2024-02-25 16:26:35 --> Call to a member function isValid() on null
in APPPATH\Controllers\DatabasePPEController.php on line 140.
 1 SYSTEMPATH\CodeIgniter.php(919): App\Controllers\DatabasePPEController->updateInventory('270')
 2 SYSTEMPATH\CodeIgniter.php(494): CodeIgniter\CodeIgniter->runController(Object(App\Controllers\DatabasePPEController))
 3 SYSTEMPATH\CodeIgniter.php(353): CodeIgniter\CodeIgniter->handleRequest(null, Object(Config\Cache), false)
 4 FCPATH\index.php(86): CodeIgniter\CodeIgniter->run()
CRITICAL - 2024-02-25 16:29:50 --> Call to a member function isValid() on null
in APPPATH\Controllers\DatabasePPEController.php on line 140.
 1 SYSTEMPATH\CodeIgniter.php(919): App\Controllers\DatabasePPEController->updateInventory('270')
 2 SYSTEMPATH\CodeIgniter.php(494): CodeIgniter\CodeIgniter->runController(Object(App\Controllers\DatabasePPEController))
 3 SYSTEMPATH\CodeIgniter.php(353): CodeIgniter\CodeIgniter->handleRequest(null, Object(Config\Cache), false)
 4 FCPATH\index.php(86): CodeIgniter\CodeIgniter->run()
CRITICAL - 2024-02-25 16:30:13 --> Call to a member function isValid() on null
in APPPATH\Controllers\DatabasePPEController.php on line 140.
 1 SYSTEMPATH\CodeIgniter.php(919): App\Controllers\DatabasePPEController->updateInventory('270')
 2 SYSTEMPATH\CodeIgniter.php(494): CodeIgniter\CodeIgniter->runController(Object(App\Controllers\DatabasePPEController))
 3 SYSTEMPATH\CodeIgniter.php(353): CodeIgniter\CodeIgniter->handleRequest(null, Object(Config\Cache), false)
 4 FCPATH\index.php(86): CodeIgniter\CodeIgniter->run()
CRITICAL - 2024-02-25 16:30:26 --> Call to a member function isValid() on null
in APPPATH\Controllers\DatabasePPEController.php on line 140.
 1 SYSTEMPATH\CodeIgniter.php(919): App\Controllers\DatabasePPEController->updateInventory('270')
 2 SYSTEMPATH\CodeIgniter.php(494): CodeIgniter\CodeIgniter->runController(Object(App\Controllers\DatabasePPEController))
 3 SYSTEMPATH\CodeIgniter.php(353): CodeIgniter\CodeIgniter->handleRequest(null, Object(Config\Cache), false)
 4 FCPATH\index.php(86): CodeIgniter\CodeIgniter->run()
CRITICAL - 2024-02-25 16:31:32 --> Call to a member function isValid() on null
in APPPATH\Controllers\DatabasePPEController.php on line 140.
 1 SYSTEMPATH\CodeIgniter.php(919): App\Controllers\DatabasePPEController->updateInventory('269')
 2 SYSTEMPATH\CodeIgniter.php(494): CodeIgniter\CodeIgniter->runController(Object(App\Controllers\DatabasePPEController))
 3 SYSTEMPATH\CodeIgniter.php(353): CodeIgniter\CodeIgniter->handleRequest(null, Object(Config\Cache), false)
 4 FCPATH\index.php(86): CodeIgniter\CodeIgniter->run()
CRITICAL - 2024-02-25 16:36:36 --> Call to a member function isValid() on null
in APPPATH\Controllers\DatabasePPEController.php on line 140.
 1 SYSTEMPATH\CodeIgniter.php(919): App\Controllers\DatabasePPEController->updateInventory('270')
 2 SYSTEMPATH\CodeIgniter.php(494): CodeIgniter\CodeIgniter->runController(Object(App\Controllers\DatabasePPEController))
 3 SYSTEMPATH\CodeIgniter.php(353): CodeIgniter\CodeIgniter->handleRequest(null, Object(Config\Cache), false)
 4 FCPATH\index.php(86): CodeIgniter\CodeIgniter->run()
CRITICAL - 2024-02-25 16:40:13 --> Attempt to read property "entityname" on null
in APPPATH\Controllers\DatabasePPEController.php on line 124.
 1 APPPATH\Controllers\DatabasePPEController.php(124): CodeIgniter\Debug\Exceptions->errorHandler(2, 'Attempt to read property "entityname" on null', 'C:\\laragon\\www\\dilg\\backend\\backend\\app\\Controllers\\DatabasePPEController.php', 124)
 2 SYSTEMPATH\CodeIgniter.php(919): App\Controllers\DatabasePPEController->updateInventory('270')
 3 SYSTEMPATH\CodeIgniter.php(494): CodeIgniter\CodeIgniter->runController(Object(App\Controllers\DatabasePPEController))
 4 SYSTEMPATH\CodeIgniter.php(353): CodeIgniter\CodeIgniter->handleRequest(null, Object(Config\Cache), false)
 5 FCPATH\index.php(86): CodeIgniter\CodeIgniter->run()
CRITICAL - 2024-02-25 16:45:12 --> Call to a member function isValid() on null
in APPPATH\Controllers\DatabasePPEController.php on line 140.
 1 SYSTEMPATH\CodeIgniter.php(919): App\Controllers\DatabasePPEController->updateInventory('269')
 2 SYSTEMPATH\CodeIgniter.php(494): CodeIgniter\CodeIgniter->runController(Object(App\Controllers\DatabasePPEController))
 3 SYSTEMPATH\CodeIgniter.php(353): CodeIgniter\CodeIgniter->handleRequest(null, Object(Config\Cache), false)
 4 FCPATH\index.php(86): CodeIgniter\CodeIgniter->run()
CRITICAL - 2024-02-25 16:50:55 --> Call to a member function isValid() on null
in APPPATH\Controllers\DatabasePPEController.php on line 140.
 1 SYSTEMPATH\CodeIgniter.php(919): App\Controllers\DatabasePPEController->updateInventory('270')
 2 SYSTEMPATH\CodeIgniter.php(494): CodeIgniter\CodeIgniter->runController(Object(App\Controllers\DatabasePPEController))
 3 SYSTEMPATH\CodeIgniter.php(353): CodeIgniter\CodeIgniter->handleRequest(null, Object(Config\Cache), false)
 4 FCPATH\index.php(86): CodeIgniter\CodeIgniter->run()
CRITICAL - 2024-02-25 16:51:16 --> Call to a member function isValid() on null
in APPPATH\Controllers\DatabasePPEController.php on line 140.
 1 SYSTEMPATH\CodeIgniter.php(919): App\Controllers\DatabasePPEController->updateInventory('270')
 2 SYSTEMPATH\CodeIgniter.php(494): CodeIgniter\CodeIgniter->runController(Object(App\Controllers\DatabasePPEController))
 3 SYSTEMPATH\CodeIgniter.php(353): CodeIgniter\CodeIgniter->handleRequest(null, Object(Config\Cache), false)
 4 FCPATH\index.php(86): CodeIgniter\CodeIgniter->run()
CRITICAL - 2024-02-25 16:51:23 --> Call to a member function isValid() on null
in APPPATH\Controllers\DatabasePPEController.php on line 140.
 1 SYSTEMPATH\CodeIgniter.php(919): App\Controllers\DatabasePPEController->updateInventory('270')
 2 SYSTEMPATH\CodeIgniter.php(494): CodeIgniter\CodeIgniter->runController(Object(App\Controllers\DatabasePPEController))
 3 SYSTEMPATH\CodeIgniter.php(353): CodeIgniter\CodeIgniter->handleRequest(null, Object(Config\Cache), false)
 4 FCPATH\index.php(86): CodeIgniter\CodeIgniter->run()
CRITICAL - 2024-02-25 16:53:41 --> Call to a member function isValid() on null
in APPPATH\Controllers\DatabasePPEController.php on line 140.
 1 SYSTEMPATH\CodeIgniter.php(919): App\Controllers\DatabasePPEController->updateInventory('270')
 2 SYSTEMPATH\CodeIgniter.php(494): CodeIgniter\CodeIgniter->runController(Object(App\Controllers\DatabasePPEController))
 3 SYSTEMPATH\CodeIgniter.php(353): CodeIgniter\CodeIgniter->handleRequest(null, Object(Config\Cache), false)
 4 FCPATH\index.php(86): CodeIgniter\CodeIgniter->run()
CRITICAL - 2024-02-25 16:53:50 --> Call to a member function isValid() on null
in APPPATH\Controllers\DatabasePPEController.php on line 140.
 1 SYSTEMPATH\CodeIgniter.php(919): App\Controllers\DatabasePPEController->updateInventory('270')
 2 SYSTEMPATH\CodeIgniter.php(494): CodeIgniter\CodeIgniter->runController(Object(App\Controllers\DatabasePPEController))
 3 SYSTEMPATH\CodeIgniter.php(353): CodeIgniter\CodeIgniter->handleRequest(null, Object(Config\Cache), false)
 4 FCPATH\index.php(86): CodeIgniter\CodeIgniter->run()
CRITICAL - 2024-02-25 17:01:45 --> Trying to access array offset on value of type null
in APPPATH\Controllers\DatabasePPEController.php on line 137.
 1 APPPATH\Controllers\DatabasePPEController.php(137): CodeIgniter\Debug\Exceptions->errorHandler(2, 'Trying to access array offset on value of type null', 'C:\\laragon\\www\\dilg\\backend\\backend\\app\\Controllers\\DatabasePPEController.php', 137)
 2 SYSTEMPATH\CodeIgniter.php(919): App\Controllers\DatabasePPEController->updateInventory('270')
 3 SYSTEMPATH\CodeIgniter.php(494): CodeIgniter\CodeIgniter->runController(Object(App\Controllers\DatabasePPEController))
 4 SYSTEMPATH\CodeIgniter.php(353): CodeIgniter\CodeIgniter->handleRequest(null, Object(Config\Cache), false)
 5 FCPATH\index.php(86): CodeIgniter\CodeIgniter->run()
CRITICAL - 2024-02-25 17:03:20 --> Call to a member function isValid() on null
in APPPATH\Controllers\DatabasePPEController.php on line 140.
 1 SYSTEMPATH\CodeIgniter.php(919): App\Controllers\DatabasePPEController->updateInventory('271')
 2 SYSTEMPATH\CodeIgniter.php(494): CodeIgniter\CodeIgniter->runController(Object(App\Controllers\DatabasePPEController))
 3 SYSTEMPATH\CodeIgniter.php(353): CodeIgniter\CodeIgniter->handleRequest(null, Object(Config\Cache), false)
 4 FCPATH\index.php(86): CodeIgniter\CodeIgniter->run()
CRITICAL - 2024-02-25 17:04:53 --> Call to a member function isValid() on null
in APPPATH\Controllers\DatabasePPEController.php on line 140.
 1 SYSTEMPATH\CodeIgniter.php(919): App\Controllers\DatabasePPEController->updateInventory('271')
 2 SYSTEMPATH\CodeIgniter.php(494): CodeIgniter\CodeIgniter->runController(Object(App\Controllers\DatabasePPEController))
 3 SYSTEMPATH\CodeIgniter.php(353): CodeIgniter\CodeIgniter->handleRequest(null, Object(Config\Cache), false)
 4 FCPATH\index.php(86): CodeIgniter\CodeIgniter->run()
CRITICAL - 2024-02-25 17:10:29 --> Call to a member function isValid() on null
in APPPATH\Controllers\DatabasePPEController.php on line 140.
 1 SYSTEMPATH\CodeIgniter.php(919): App\Controllers\DatabasePPEController->updateInventory('271')
 2 SYSTEMPATH\CodeIgniter.php(494): CodeIgniter\CodeIgniter->runController(Object(App\Controllers\DatabasePPEController))
 3 SYSTEMPATH\CodeIgniter.php(353): CodeIgniter\CodeIgniter->handleRequest(null, Object(Config\Cache), false)
 4 FCPATH\index.php(86): CodeIgniter\CodeIgniter->run()
CRITICAL - 2024-02-25 17:10:52 --> Call to a member function isValid() on null
in APPPATH\Controllers\DatabasePPEController.php on line 140.
 1 SYSTEMPATH\CodeIgniter.php(919): App\Controllers\DatabasePPEController->updateInventory('271')
 2 SYSTEMPATH\CodeIgniter.php(494): CodeIgniter\CodeIgniter->runController(Object(App\Controllers\DatabasePPEController))
 3 SYSTEMPATH\CodeIgniter.php(353): CodeIgniter\CodeIgniter->handleRequest(null, Object(Config\Cache), false)
 4 FCPATH\index.php(86): CodeIgniter\CodeIgniter->run()
CRITICAL - 2024-02-25 17:11:05 --> Call to a member function isValid() on null
in APPPATH\Controllers\DatabasePPEController.php on line 140.
 1 SYSTEMPATH\CodeIgniter.php(919): App\Controllers\DatabasePPEController->updateInventory('271')
 2 SYSTEMPATH\CodeIgniter.php(494): CodeIgniter\CodeIgniter->runController(Object(App\Controllers\DatabasePPEController))
 3 SYSTEMPATH\CodeIgniter.php(353): CodeIgniter\CodeIgniter->handleRequest(null, Object(Config\Cache), false)
 4 FCPATH\index.php(86): CodeIgniter\CodeIgniter->run()
CRITICAL - 2024-02-25 17:11:16 --> Call to a member function isValid() on null
in APPPATH\Controllers\DatabasePPEController.php on line 140.
 1 SYSTEMPATH\CodeIgniter.php(919): App\Controllers\DatabasePPEController->updateInventory('271')
 2 SYSTEMPATH\CodeIgniter.php(494): CodeIgniter\CodeIgniter->runController(Object(App\Controllers\DatabasePPEController))
 3 SYSTEMPATH\CodeIgniter.php(353): CodeIgniter\CodeIgniter->handleRequest(null, Object(Config\Cache), false)
 4 FCPATH\index.php(86): CodeIgniter\CodeIgniter->run()
CRITICAL - 2024-02-25 17:15:03 --> Call to a member function isValid() on null
in APPPATH\Controllers\DatabasePPEController.php on line 140.
 1 SYSTEMPATH\CodeIgniter.php(919): App\Controllers\DatabasePPEController->updateInventory('271')
 2 SYSTEMPATH\CodeIgniter.php(494): CodeIgniter\CodeIgniter->runController(Object(App\Controllers\DatabasePPEController))
 3 SYSTEMPATH\CodeIgniter.php(353): CodeIgniter\CodeIgniter->handleRequest(null, Object(Config\Cache), false)
 4 FCPATH\index.php(86): CodeIgniter\CodeIgniter->run()
CRITICAL - 2024-02-25 17:16:36 --> Call to a member function isValid() on null
in APPPATH\Controllers\DatabasePPEController.php on line 140.
 1 SYSTEMPATH\CodeIgniter.php(919): App\Controllers\DatabasePPEController->updateInventory('271')
 2 SYSTEMPATH\CodeIgniter.php(494): CodeIgniter\CodeIgniter->runController(Object(App\Controllers\DatabasePPEController))
 3 SYSTEMPATH\CodeIgniter.php(353): CodeIgniter\CodeIgniter->handleRequest(null, Object(Config\Cache), false)
 4 FCPATH\index.php(86): CodeIgniter\CodeIgniter->run()
CRITICAL - 2024-02-25 17:18:38 --> Call to a member function isValid() on null
in APPPATH\Controllers\DatabasePPEController.php on line 140.
 1 SYSTEMPATH\CodeIgniter.php(919): App\Controllers\DatabasePPEController->updateInventory('271')
 2 SYSTEMPATH\CodeIgniter.php(494): CodeIgniter\CodeIgniter->runController(Object(App\Controllers\DatabasePPEController))
 3 SYSTEMPATH\CodeIgniter.php(353): CodeIgniter\CodeIgniter->handleRequest(null, Object(Config\Cache), false)
 4 FCPATH\index.php(86): CodeIgniter\CodeIgniter->run()
CRITICAL - 2024-02-25 17:19:12 --> Call to a member function isValid() on null
in APPPATH\Controllers\DatabasePPEController.php on line 140.
 1 SYSTEMPATH\CodeIgniter.php(919): App\Controllers\DatabasePPEController->updateInventory('271')
 2 SYSTEMPATH\CodeIgniter.php(494): CodeIgniter\CodeIgniter->runController(Object(App\Controllers\DatabasePPEController))
 3 SYSTEMPATH\CodeIgniter.php(353): CodeIgniter\CodeIgniter->handleRequest(null, Object(Config\Cache), false)
 4 FCPATH\index.php(86): CodeIgniter\CodeIgniter->run()
CRITICAL - 2024-02-25 17:19:19 --> Call to a member function isValid() on null
in APPPATH\Controllers\DatabasePPEController.php on line 140.
 1 SYSTEMPATH\CodeIgniter.php(919): App\Controllers\DatabasePPEController->updateInventory('271')
 2 SYSTEMPATH\CodeIgniter.php(494): CodeIgniter\CodeIgniter->runController(Object(App\Controllers\DatabasePPEController))
 3 SYSTEMPATH\CodeIgniter.php(353): CodeIgniter\CodeIgniter->handleRequest(null, Object(Config\Cache), false)
 4 FCPATH\index.php(86): CodeIgniter\CodeIgniter->run()
CRITICAL - 2024-02-25 17:20:12 --> Call to a member function isValid() on null
in APPPATH\Controllers\DatabasePPEController.php on line 140.
 1 SYSTEMPATH\CodeIgniter.php(919): App\Controllers\DatabasePPEController->updateInventory('271')
 2 SYSTEMPATH\CodeIgniter.php(494): CodeIgniter\CodeIgniter->runController(Object(App\Controllers\DatabasePPEController))
 3 SYSTEMPATH\CodeIgniter.php(353): CodeIgniter\CodeIgniter->handleRequest(null, Object(Config\Cache), false)
 4 FCPATH\index.php(86): CodeIgniter\CodeIgniter->run()
CRITICAL - 2024-02-25 17:23:18 --> Call to a member function isValid() on null
in APPPATH\Controllers\DatabasePPEController.php on line 140.
 1 SYSTEMPATH\CodeIgniter.php(919): App\Controllers\DatabasePPEController->updateInventory('271')
 2 SYSTEMPATH\CodeIgniter.php(494): CodeIgniter\CodeIgniter->runController(Object(App\Controllers\DatabasePPEController))
 3 SYSTEMPATH\CodeIgniter.php(353): CodeIgniter\CodeIgniter->handleRequest(null, Object(Config\Cache), false)
 4 FCPATH\index.php(86): CodeIgniter\CodeIgniter->run()
CRITICAL - 2024-02-25 17:25:14 --> Call to a member function isValid() on null
in APPPATH\Controllers\DatabasePPEController.php on line 140.
 1 SYSTEMPATH\CodeIgniter.php(919): App\Controllers\DatabasePPEController->updateInventory('271')
 2 SYSTEMPATH\CodeIgniter.php(494): CodeIgniter\CodeIgniter->runController(Object(App\Controllers\DatabasePPEController))
 3 SYSTEMPATH\CodeIgniter.php(353): CodeIgniter\CodeIgniter->handleRequest(null, Object(Config\Cache), false)
 4 FCPATH\index.php(86): CodeIgniter\CodeIgniter->run()
CRITICAL - 2024-02-25 17:28:00 --> Call to a member function isValid() on null
in APPPATH\Controllers\DatabasePPEController.php on line 140.
 1 SYSTEMPATH\CodeIgniter.php(919): App\Controllers\DatabasePPEController->updateInventory('271')
 2 SYSTEMPATH\CodeIgniter.php(494): CodeIgniter\CodeIgniter->runController(Object(App\Controllers\DatabasePPEController))
 3 SYSTEMPATH\CodeIgniter.php(353): CodeIgniter\CodeIgniter->handleRequest(null, Object(Config\Cache), false)
 4 FCPATH\index.php(86): CodeIgniter\CodeIgniter->run()
CRITICAL - 2024-02-25 17:28:00 --> Call to a member function isValid() on null
in APPPATH\Controllers\DatabasePPEController.php on line 140.
 1 SYSTEMPATH\CodeIgniter.php(919): App\Controllers\DatabasePPEController->updateInventory('271')
 2 SYSTEMPATH\CodeIgniter.php(494): CodeIgniter\CodeIgniter->runController(Object(App\Controllers\DatabasePPEController))
 3 SYSTEMPATH\CodeIgniter.php(353): CodeIgniter\CodeIgniter->handleRequest(null, Object(Config\Cache), false)
 4 FCPATH\index.php(86): CodeIgniter\CodeIgniter->run()
CRITICAL - 2024-02-25 17:28:05 --> Call to a member function isValid() on null
in APPPATH\Controllers\DatabasePPEController.php on line 140.
 1 SYSTEMPATH\CodeIgniter.php(919): App\Controllers\DatabasePPEController->updateInventory('271')
 2 SYSTEMPATH\CodeIgniter.php(494): CodeIgniter\CodeIgniter->runController(Object(App\Controllers\DatabasePPEController))
 3 SYSTEMPATH\CodeIgniter.php(353): CodeIgniter\CodeIgniter->handleRequest(null, Object(Config\Cache), false)
 4 FCPATH\index.php(86): CodeIgniter\CodeIgniter->run()
CRITICAL - 2024-02-25 17:28:20 --> Call to a member function isValid() on null
in APPPATH\Controllers\DatabasePPEController.php on line 140.
 1 SYSTEMPATH\CodeIgniter.php(919): App\Controllers\DatabasePPEController->updateInventory('271')
 2 SYSTEMPATH\CodeIgniter.php(494): CodeIgniter\CodeIgniter->runController(Object(App\Controllers\DatabasePPEController))
 3 SYSTEMPATH\CodeIgniter.php(353): CodeIgniter\CodeIgniter->handleRequest(null, Object(Config\Cache), false)
 4 FCPATH\index.php(86): CodeIgniter\CodeIgniter->run()
CRITICAL - 2024-02-25 17:28:20 --> Call to a member function isValid() on null
in APPPATH\Controllers\DatabasePPEController.php on line 140.
 1 SYSTEMPATH\CodeIgniter.php(919): App\Controllers\DatabasePPEController->updateInventory('271')
 2 SYSTEMPATH\CodeIgniter.php(494): CodeIgniter\CodeIgniter->runController(Object(App\Controllers\DatabasePPEController))
 3 SYSTEMPATH\CodeIgniter.php(353): CodeIgniter\CodeIgniter->handleRequest(null, Object(Config\Cache), false)
 4 FCPATH\index.php(86): CodeIgniter\CodeIgniter->run()
ERROR - 2024-02-25 17:28:27 --> mysqli_sql_exception: Cannot insert duplicate record. Record with the same particulars already exists. in C:\laragon\www\dilg\backend\backend\system\Database\MySQLi\Connection.php:306
Stack trace:
#0 C:\laragon\www\dilg\backend\backend\system\Database\MySQLi\Connection.php(306): mysqli->query('INSERT INTO `in...', 0)
#1 C:\laragon\www\dilg\backend\backend\system\Database\BaseConnection.php(692): CodeIgniter\Database\MySQLi\Connection->execute('INSERT INTO `in...')
#2 C:\laragon\www\dilg\backend\backend\system\Database\BaseConnection.php(606): CodeIgniter\Database\BaseConnection->simpleQuery('INSERT INTO `in...')
#3 C:\laragon\www\dilg\backend\backend\system\Database\BaseBuilder.php(2308): CodeIgniter\Database\BaseConnection->query('INSERT INTO `in...', Array, false)
#4 C:\laragon\www\dilg\backend\backend\system\Model.php(319): CodeIgniter\Database\BaseBuilder->insert()
#5 C:\laragon\www\dilg\backend\backend\system\BaseModel.php(788): CodeIgniter\Model->doInsert(Array)
#6 C:\laragon\www\dilg\backend\backend\system\Model.php(715): CodeIgniter\BaseModel->insert(Array, false)
#7 C:\laragon\www\dilg\backend\backend\system\BaseModel.php(698): CodeIgniter\Model->insert(Array, false)
#8 C:\laragon\www\dilg\backend\backend\app\Controllers\DatabasePPEController.php(282): CodeIgniter\BaseModel->save(Array)
#9 C:\laragon\www\dilg\backend\backend\system\CodeIgniter.php(919): App\Controllers\DatabasePPEController->saveInventory()
#10 C:\laragon\www\dilg\backend\backend\system\CodeIgniter.php(494): CodeIgniter\CodeIgniter->runController(Object(App\Controllers\DatabasePPEController))
#11 C:\laragon\www\dilg\backend\backend\system\CodeIgniter.php(353): CodeIgniter\CodeIgniter->handleRequest(NULL, Object(Config\Cache), false)
#12 C:\laragon\www\dilg\backend\index.php(86): CodeIgniter\CodeIgniter->run()
#13 {main}
CRITICAL - 2024-02-25 17:28:27 --> Cannot insert duplicate record. Record with the same particulars already exists.
in SYSTEMPATH\Database\BaseConnection.php on line 646.
 1 SYSTEMPATH\Database\BaseBuilder.php(2308): CodeIgniter\Database\BaseConnection->query('INSERT INTO `inventoryppe` (`entityname`, `classification`, `code`, `article`, `particulars`, `modelno`, `serialno`, `quantity`, `arrival`, `image`) VALUES (:entityname:, :classification:, :code:, :article:, :particulars:, :modelno:, :serialno:, :quantity:, :arrival:, :image:)', [...], false)
 2 SYSTEMPATH\Model.php(319): CodeIgniter\Database\BaseBuilder->insert()
 3 SYSTEMPATH\BaseModel.php(788): CodeIgniter\Model->doInsert([...])
 4 SYSTEMPATH\Model.php(715): CodeIgniter\BaseModel->insert([...], false)
 5 SYSTEMPATH\BaseModel.php(698): CodeIgniter\Model->insert([...], false)
 6 APPPATH\Controllers\DatabasePPEController.php(282): CodeIgniter\BaseModel->save([...])
 7 SYSTEMPATH\CodeIgniter.php(919): App\Controllers\DatabasePPEController->saveInventory()
 8 SYSTEMPATH\CodeIgniter.php(494): CodeIgniter\CodeIgniter->runController(Object(App\Controllers\DatabasePPEController))
 9 SYSTEMPATH\CodeIgniter.php(353): CodeIgniter\CodeIgniter->handleRequest(null, Object(Config\Cache), false)
10 FCPATH\index.php(86): CodeIgniter\CodeIgniter->run()
CRITICAL - 2024-02-25 17:28:59 --> Call to a member function isValid() on null
in APPPATH\Controllers\DatabasePPEController.php on line 140.
 1 SYSTEMPATH\CodeIgniter.php(919): App\Controllers\DatabasePPEController->updateInventory('271')
 2 SYSTEMPATH\CodeIgniter.php(494): CodeIgniter\CodeIgniter->runController(Object(App\Controllers\DatabasePPEController))
 3 SYSTEMPATH\CodeIgniter.php(353): CodeIgniter\CodeIgniter->handleRequest(null, Object(Config\Cache), false)
 4 FCPATH\index.php(86): CodeIgniter\CodeIgniter->run()
CRITICAL - 2024-02-25 17:28:59 --> Call to a member function isValid() on null
in APPPATH\Controllers\DatabasePPEController.php on line 140.
 1 SYSTEMPATH\CodeIgniter.php(919): App\Controllers\DatabasePPEController->updateInventory('271')
 2 SYSTEMPATH\CodeIgniter.php(494): CodeIgniter\CodeIgniter->runController(Object(App\Controllers\DatabasePPEController))
 3 SYSTEMPATH\CodeIgniter.php(353): CodeIgniter\CodeIgniter->handleRequest(null, Object(Config\Cache), false)
 4 FCPATH\index.php(86): CodeIgniter\CodeIgniter->run()
CRITICAL - 2024-02-25 17:29:02 --> Call to a member function isValid() on null
in APPPATH\Controllers\DatabasePPEController.php on line 140.
 1 SYSTEMPATH\CodeIgniter.php(919): App\Controllers\DatabasePPEController->updateInventory('271')
 2 SYSTEMPATH\CodeIgniter.php(494): CodeIgniter\CodeIgniter->runController(Object(App\Controllers\DatabasePPEController))
 3 SYSTEMPATH\CodeIgniter.php(353): CodeIgniter\CodeIgniter->handleRequest(null, Object(Config\Cache), false)
 4 FCPATH\index.php(86): CodeIgniter\CodeIgniter->run()
CRITICAL - 2024-02-25 17:29:07 --> Call to a member function isValid() on null
in APPPATH\Controllers\DatabasePPEController.php on line 140.
 1 SYSTEMPATH\CodeIgniter.php(919): App\Controllers\DatabasePPEController->updateInventory('271')
 2 SYSTEMPATH\CodeIgniter.php(494): CodeIgniter\CodeIgniter->runController(Object(App\Controllers\DatabasePPEController))
 3 SYSTEMPATH\CodeIgniter.php(353): CodeIgniter\CodeIgniter->handleRequest(null, Object(Config\Cache), false)
 4 FCPATH\index.php(86): CodeIgniter\CodeIgniter->run()
CRITICAL - 2024-02-25 17:29:07 --> Call to a member function isValid() on null
in APPPATH\Controllers\DatabasePPEController.php on line 140.
 1 SYSTEMPATH\CodeIgniter.php(919): App\Controllers\DatabasePPEController->updateInventory('271')
 2 SYSTEMPATH\CodeIgniter.php(494): CodeIgniter\CodeIgniter->runController(Object(App\Controllers\DatabasePPEController))
 3 SYSTEMPATH\CodeIgniter.php(353): CodeIgniter\CodeIgniter->handleRequest(null, Object(Config\Cache), false)
 4 FCPATH\index.php(86): CodeIgniter\CodeIgniter->run()
ERROR - 2024-02-25 17:29:13 --> mysqli_sql_exception: Cannot insert duplicate record. Record with the same particulars already exists. in C:\laragon\www\dilg\backend\backend\system\Database\MySQLi\Connection.php:306
Stack trace:
#0 C:\laragon\www\dilg\backend\backend\system\Database\MySQLi\Connection.php(306): mysqli->query('INSERT INTO `in...', 0)
#1 C:\laragon\www\dilg\backend\backend\system\Database\BaseConnection.php(692): CodeIgniter\Database\MySQLi\Connection->execute('INSERT INTO `in...')
#2 C:\laragon\www\dilg\backend\backend\system\Database\BaseConnection.php(606): CodeIgniter\Database\BaseConnection->simpleQuery('INSERT INTO `in...')
#3 C:\laragon\www\dilg\backend\backend\system\Database\BaseBuilder.php(2308): CodeIgniter\Database\BaseConnection->query('INSERT INTO `in...', Array, false)
#4 C:\laragon\www\dilg\backend\backend\system\Model.php(319): CodeIgniter\Database\BaseBuilder->insert()
#5 C:\laragon\www\dilg\backend\backend\system\BaseModel.php(788): CodeIgniter\Model->doInsert(Array)
#6 C:\laragon\www\dilg\backend\backend\system\Model.php(715): CodeIgniter\BaseModel->insert(Array, false)
#7 C:\laragon\www\dilg\backend\backend\system\BaseModel.php(698): CodeIgniter\Model->insert(Array, false)
#8 C:\laragon\www\dilg\backend\backend\app\Controllers\DatabasePPEController.php(282): CodeIgniter\BaseModel->save(Array)
#9 C:\laragon\www\dilg\backend\backend\system\CodeIgniter.php(919): App\Controllers\DatabasePPEController->saveInventory()
#10 C:\laragon\www\dilg\backend\backend\system\CodeIgniter.php(494): CodeIgniter\CodeIgniter->runController(Object(App\Controllers\DatabasePPEController))
#11 C:\laragon\www\dilg\backend\backend\system\CodeIgniter.php(353): CodeIgniter\CodeIgniter->handleRequest(NULL, Object(Config\Cache), false)
#12 C:\laragon\www\dilg\backend\index.php(86): CodeIgniter\CodeIgniter->run()
#13 {main}
CRITICAL - 2024-02-25 17:29:13 --> Cannot insert duplicate record. Record with the same particulars already exists.
in SYSTEMPATH\Database\BaseConnection.php on line 646.
 1 SYSTEMPATH\Database\BaseBuilder.php(2308): CodeIgniter\Database\BaseConnection->query('INSERT INTO `inventoryppe` (`entityname`, `classification`, `code`, `article`, `particulars`, `modelno`, `serialno`, `quantity`, `arrival`, `image`) VALUES (:entityname:, :classification:, :code:, :article:, :particulars:, :modelno:, :serialno:, :quantity:, :arrival:, :image:)', [...], false)
 2 SYSTEMPATH\Model.php(319): CodeIgniter\Database\BaseBuilder->insert()
 3 SYSTEMPATH\BaseModel.php(788): CodeIgniter\Model->doInsert([...])
 4 SYSTEMPATH\Model.php(715): CodeIgniter\BaseModel->insert([...], false)
 5 SYSTEMPATH\BaseModel.php(698): CodeIgniter\Model->insert([...], false)
 6 APPPATH\Controllers\DatabasePPEController.php(282): CodeIgniter\BaseModel->save([...])
 7 SYSTEMPATH\CodeIgniter.php(919): App\Controllers\DatabasePPEController->saveInventory()
 8 SYSTEMPATH\CodeIgniter.php(494): CodeIgniter\CodeIgniter->runController(Object(App\Controllers\DatabasePPEController))
 9 SYSTEMPATH\CodeIgniter.php(353): CodeIgniter\CodeIgniter->handleRequest(null, Object(Config\Cache), false)
10 FCPATH\index.php(86): CodeIgniter\CodeIgniter->run()
CRITICAL - 2024-02-25 17:29:53 --> Call to a member function isValid() on null
in APPPATH\Controllers\DatabasePPEController.php on line 140.
 1 SYSTEMPATH\CodeIgniter.php(919): App\Controllers\DatabasePPEController->updateInventory('271')
 2 SYSTEMPATH\CodeIgniter.php(494): CodeIgniter\CodeIgniter->runController(Object(App\Controllers\DatabasePPEController))
 3 SYSTEMPATH\CodeIgniter.php(353): CodeIgniter\CodeIgniter->handleRequest(null, Object(Config\Cache), false)
 4 FCPATH\index.php(86): CodeIgniter\CodeIgniter->run()
CRITICAL - 2024-02-25 17:30:29 --> Call to a member function isValid() on null
in APPPATH\Controllers\DatabasePPEController.php on line 140.
 1 SYSTEMPATH\CodeIgniter.php(919): App\Controllers\DatabasePPEController->updateInventory('271')
 2 SYSTEMPATH\CodeIgniter.php(494): CodeIgniter\CodeIgniter->runController(Object(App\Controllers\DatabasePPEController))
 3 SYSTEMPATH\CodeIgniter.php(353): CodeIgniter\CodeIgniter->handleRequest(null, Object(Config\Cache), false)
 4 FCPATH\index.php(86): CodeIgniter\CodeIgniter->run()
CRITICAL - 2024-02-25 17:32:06 --> Call to a member function isValid() on null
in APPPATH\Controllers\DatabasePPEController.php on line 140.
 1 SYSTEMPATH\CodeIgniter.php(919): App\Controllers\DatabasePPEController->updateInventory('271')
 2 SYSTEMPATH\CodeIgniter.php(494): CodeIgniter\CodeIgniter->runController(Object(App\Controllers\DatabasePPEController))
 3 SYSTEMPATH\CodeIgniter.php(353): CodeIgniter\CodeIgniter->handleRequest(null, Object(Config\Cache), false)
 4 FCPATH\index.php(86): CodeIgniter\CodeIgniter->run()
CRITICAL - 2024-02-25 17:32:09 --> Call to a member function isValid() on null
in APPPATH\Controllers\DatabasePPEController.php on line 140.
 1 SYSTEMPATH\CodeIgniter.php(919): App\Controllers\DatabasePPEController->updateInventory('271')
 2 SYSTEMPATH\CodeIgniter.php(494): CodeIgniter\CodeIgniter->runController(Object(App\Controllers\DatabasePPEController))
 3 SYSTEMPATH\CodeIgniter.php(353): CodeIgniter\CodeIgniter->handleRequest(null, Object(Config\Cache), false)
 4 FCPATH\index.php(86): CodeIgniter\CodeIgniter->run()
CRITICAL - 2024-02-25 17:36:03 --> Attempt to read property "entityname" on null
in APPPATH\Controllers\DatabasePPEController.php on line 124.
 1 APPPATH\Controllers\DatabasePPEController.php(124): CodeIgniter\Debug\Exceptions->errorHandler(2, 'Attempt to read property "entityname" on null', 'C:\\laragon\\www\\dilg\\backend\\backend\\app\\Controllers\\DatabasePPEController.php', 124)
 2 SYSTEMPATH\CodeIgniter.php(919): App\Controllers\DatabasePPEController->updateInventory('271')
 3 SYSTEMPATH\CodeIgniter.php(494): CodeIgniter\CodeIgniter->runController(Object(App\Controllers\DatabasePPEController))
 4 SYSTEMPATH\CodeIgniter.php(353): CodeIgniter\CodeIgniter->handleRequest(null, Object(Config\Cache), false)
 5 FCPATH\index.php(86): CodeIgniter\CodeIgniter->run()
CRITICAL - 2024-02-25 17:36:34 --> Attempt to read property "entityname" on null
in APPPATH\Controllers\DatabasePPEController.php on line 125.
 1 APPPATH\Controllers\DatabasePPEController.php(125): CodeIgniter\Debug\Exceptions->errorHandler(2, 'Attempt to read property "entityname" on null', 'C:\\laragon\\www\\dilg\\backend\\backend\\app\\Controllers\\DatabasePPEController.php', 125)
 2 SYSTEMPATH\CodeIgniter.php(919): App\Controllers\DatabasePPEController->updateInventory('271')
 3 SYSTEMPATH\CodeIgniter.php(494): CodeIgniter\CodeIgniter->runController(Object(App\Controllers\DatabasePPEController))
 4 SYSTEMPATH\CodeIgniter.php(353): CodeIgniter\CodeIgniter->handleRequest(null, Object(Config\Cache), false)
 5 FCPATH\index.php(86): CodeIgniter\CodeIgniter->run()
CRITICAL - 2024-02-25 17:36:43 --> Attempt to read property "entityname" on null
in APPPATH\Controllers\DatabasePPEController.php on line 125.
 1 APPPATH\Controllers\DatabasePPEController.php(125): CodeIgniter\Debug\Exceptions->errorHandler(2, 'Attempt to read property "entityname" on null', 'C:\\laragon\\www\\dilg\\backend\\backend\\app\\Controllers\\DatabasePPEController.php', 125)
 2 SYSTEMPATH\CodeIgniter.php(919): App\Controllers\DatabasePPEController->updateInventory('271')
 3 SYSTEMPATH\CodeIgniter.php(494): CodeIgniter\CodeIgniter->runController(Object(App\Controllers\DatabasePPEController))
 4 SYSTEMPATH\CodeIgniter.php(353): CodeIgniter\CodeIgniter->handleRequest(null, Object(Config\Cache), false)
 5 FCPATH\index.php(86): CodeIgniter\CodeIgniter->run()
CRITICAL - 2024-02-25 17:39:20 --> Call to a member function isValid() on null
in APPPATH\Controllers\DatabasePPEController.php on line 140.
 1 SYSTEMPATH\CodeIgniter.php(919): App\Controllers\DatabasePPEController->updateInventory('271')
 2 SYSTEMPATH\CodeIgniter.php(494): CodeIgniter\CodeIgniter->runController(Object(App\Controllers\DatabasePPEController))
 3 SYSTEMPATH\CodeIgniter.php(353): CodeIgniter\CodeIgniter->handleRequest(null, Object(Config\Cache), false)
 4 FCPATH\index.php(86): CodeIgniter\CodeIgniter->run()
CRITICAL - 2024-02-25 17:40:39 --> Call to a member function isValid() on null
in APPPATH\Controllers\DatabasePPEController.php on line 140.
 1 SYSTEMPATH\CodeIgniter.php(919): App\Controllers\DatabasePPEController->updateInventory('271')
 2 SYSTEMPATH\CodeIgniter.php(494): CodeIgniter\CodeIgniter->runController(Object(App\Controllers\DatabasePPEController))
 3 SYSTEMPATH\CodeIgniter.php(353): CodeIgniter\CodeIgniter->handleRequest(null, Object(Config\Cache), false)
 4 FCPATH\index.php(86): CodeIgniter\CodeIgniter->run()
CRITICAL - 2024-02-25 17:41:13 --> Call to a member function isValid() on null
in APPPATH\Controllers\DatabasePPEController.php on line 140.
 1 SYSTEMPATH\CodeIgniter.php(919): App\Controllers\DatabasePPEController->updateInventory('271')
 2 SYSTEMPATH\CodeIgniter.php(494): CodeIgniter\CodeIgniter->runController(Object(App\Controllers\DatabasePPEController))
 3 SYSTEMPATH\CodeIgniter.php(353): CodeIgniter\CodeIgniter->handleRequest(null, Object(Config\Cache), false)
 4 FCPATH\index.php(86): CodeIgniter\CodeIgniter->run()
CRITICAL - 2024-02-25 17:42:24 --> Call to a member function isValid() on null
in APPPATH\Controllers\DatabasePPEController.php on line 137.
 1 SYSTEMPATH\CodeIgniter.php(919): App\Controllers\DatabasePPEController->updateInventory('271')
 2 SYSTEMPATH\CodeIgniter.php(494): CodeIgniter\CodeIgniter->runController(Object(App\Controllers\DatabasePPEController))
 3 SYSTEMPATH\CodeIgniter.php(353): CodeIgniter\CodeIgniter->handleRequest(null, Object(Config\Cache), false)
 4 FCPATH\index.php(86): CodeIgniter\CodeIgniter->run()
CRITICAL - 2024-02-25 17:43:46 --> Call to a member function isValid() on null
in APPPATH\Controllers\DatabasePPEController.php on line 140.
 1 SYSTEMPATH\CodeIgniter.php(919): App\Controllers\DatabasePPEController->updateInventory('276')
 2 SYSTEMPATH\CodeIgniter.php(494): CodeIgniter\CodeIgniter->runController(Object(App\Controllers\DatabasePPEController))
 3 SYSTEMPATH\CodeIgniter.php(353): CodeIgniter\CodeIgniter->handleRequest(null, Object(Config\Cache), false)
 4 FCPATH\index.php(86): CodeIgniter\CodeIgniter->run()
CRITICAL - 2024-02-25 17:43:49 --> Call to a member function isValid() on null
in APPPATH\Controllers\DatabasePPEController.php on line 140.
 1 SYSTEMPATH\CodeIgniter.php(919): App\Controllers\DatabasePPEController->updateInventory('276')
 2 SYSTEMPATH\CodeIgniter.php(494): CodeIgniter\CodeIgniter->runController(Object(App\Controllers\DatabasePPEController))
 3 SYSTEMPATH\CodeIgniter.php(353): CodeIgniter\CodeIgniter->handleRequest(null, Object(Config\Cache), false)
 4 FCPATH\index.php(86): CodeIgniter\CodeIgniter->run()
