CRITICAL - 2024-11-20 12:50:25 --> Too few arguments to function App\Controllers\DatabasePPEController::databaseListener(), 0 passed in C:\laragon\www\dilg\backend\backend\system\CodeIgniter.php on line 919 and exactly 1 expected
in APPPATH\Controllers\DatabasePPEController.php on line 2180.
 1 SYSTEMPATH\CodeIgniter.php(919): App\Controllers\DatabasePPEController->databaseListener()
 2 SYSTEMPATH\CodeIgniter.php(494): CodeIgniter\CodeIgniter->runController(Object(App\Controllers\DatabasePPEController))
 3 SYSTEMPATH\CodeIgniter.php(353): CodeIgniter\CodeIgniter->handleRequest(null, Object(Config\Cache), false)
 4 FCPATH\index.php(86): CodeIgniter\CodeIgniter->run()
CRITICAL - 2024-11-20 12:52:59 --> Too few arguments to function App\Controllers\DatabasePPEController::databaseListener(), 0 passed in C:\laragon\www\dilg\backend\backend\system\CodeIgniter.php on line 919 and exactly 1 expected
in APPPATH\Controllers\DatabasePPEController.php on line 2180.
 1 SYSTEMPATH\CodeIgniter.php(919): App\Controllers\DatabasePPEController->databaseListener()
 2 SYSTEMPATH\CodeIgniter.php(494): CodeIgniter\CodeIgniter->runController(Object(App\Controllers\DatabasePPEController))
 3 SYSTEMPATH\CodeIgniter.php(353): CodeIgniter\CodeIgniter->handleRequest(null, Object(Config\Cache), false)
 4 FCPATH\index.php(86): CodeIgniter\CodeIgniter->run()
CRITICAL - 2024-11-20 14:03:43 --> Too few arguments to function App\Controllers\DatabasePPEController::databaseListener(), 0 passed in C:\laragon\www\dilg\backend\backend\system\CodeIgniter.php on line 919 and exactly 1 expected
in APPPATH\Controllers\DatabasePPEController.php on line 2180.
 1 SYSTEMPATH\CodeIgniter.php(919): App\Controllers\DatabasePPEController->databaseListener()
 2 SYSTEMPATH\CodeIgniter.php(494): CodeIgniter\CodeIgniter->runController(Object(App\Controllers\DatabasePPEController))
 3 SYSTEMPATH\CodeIgniter.php(353): CodeIgniter\CodeIgniter->handleRequest(null, Object(Config\Cache), false)
 4 FCPATH\index.php(86): CodeIgniter\CodeIgniter->run()
CRITICAL - 2024-11-20 14:26:19 --> Too few arguments to function App\Controllers\DatabasePPEController::databaseListener(), 0 passed in C:\laragon\www\dilg\backend\backend\system\CodeIgniter.php on line 919 and exactly 1 expected
in APPPATH\Controllers\DatabasePPEController.php on line 2180.
 1 SYSTEMPATH\CodeIgniter.php(919): App\Controllers\DatabasePPEController->databaseListener()
 2 SYSTEMPATH\CodeIgniter.php(494): CodeIgniter\CodeIgniter->runController(Object(App\Controllers\DatabasePPEController))
 3 SYSTEMPATH\CodeIgniter.php(353): CodeIgniter\CodeIgniter->handleRequest(null, Object(Config\Cache), false)
 4 FCPATH\index.php(86): CodeIgniter\CodeIgniter->run()
CRITICAL - 2024-11-20 14:28:43 --> Too few arguments to function App\Controllers\DatabasePPEController::databaseListener(), 0 passed in C:\laragon\www\dilg\backend\backend\system\CodeIgniter.php on line 919 and exactly 1 expected
in APPPATH\Controllers\DatabasePPEController.php on line 2180.
 1 SYSTEMPATH\CodeIgniter.php(919): App\Controllers\DatabasePPEController->databaseListener()
 2 SYSTEMPATH\CodeIgniter.php(494): CodeIgniter\CodeIgniter->runController(Object(App\Controllers\DatabasePPEController))
 3 SYSTEMPATH\CodeIgniter.php(353): CodeIgniter\CodeIgniter->handleRequest(null, Object(Config\Cache), false)
 4 FCPATH\index.php(86): CodeIgniter\CodeIgniter->run()
CRITICAL - 2024-11-20 14:32:34 --> Too few arguments to function App\Controllers\DatabasePPEController::databaseListener(), 0 passed in C:\laragon\www\dilg\backend\backend\system\CodeIgniter.php on line 919 and exactly 1 expected
in APPPATH\Controllers\DatabasePPEController.php on line 2180.
 1 SYSTEMPATH\CodeIgniter.php(919): App\Controllers\DatabasePPEController->databaseListener()
 2 SYSTEMPATH\CodeIgniter.php(494): CodeIgniter\CodeIgniter->runController(Object(App\Controllers\DatabasePPEController))
 3 SYSTEMPATH\CodeIgniter.php(353): CodeIgniter\CodeIgniter->handleRequest(null, Object(Config\Cache), false)
 4 FCPATH\index.php(86): CodeIgniter\CodeIgniter->run()
CRITICAL - 2024-11-20 15:40:11 --> Undefined array key "balance_quantity"
in APPPATH\Views\StockCard.php on line 137.
 1 APPPATH\Views\StockCard.php(137): CodeIgniter\Debug\Exceptions->errorHandler(2, 'Undefined array key "balance_quantity"', 'C:\\laragon\\www\\dilg\\backend\\backend\\app\\Views\\StockCard.php', 137)
 2 SYSTEMPATH\View\View.php(226): include('C:\\laragon\\www\\dilg\\backend\\backend\\app\\Views\\StockCard.php')
 3 SYSTEMPATH\View\View.php(229): CodeIgniter\View\View->CodeIgniter\View\{closure}()
 4 SYSTEMPATH\Common.php(1188): CodeIgniter\View\View->render('StockCard', [], true)
 5 APPPATH\Controllers\SupplyController.php(426): view('StockCard', [...])
 6 SYSTEMPATH\CodeIgniter.php(919): App\Controllers\SupplyController->generateStockCard('1')
 7 SYSTEMPATH\CodeIgniter.php(494): CodeIgniter\CodeIgniter->runController(Object(App\Controllers\SupplyController))
 8 SYSTEMPATH\CodeIgniter.php(353): CodeIgniter\CodeIgniter->handleRequest(null, Object(Config\Cache), false)
 9 FCPATH\index.php(86): CodeIgniter\CodeIgniter->run()
CRITICAL - 2024-11-20 18:20:53 --> Undefined array key "imageverification"
in APPPATH\Controllers\OrderController.php on line 95.
 1 APPPATH\Controllers\OrderController.php(95): CodeIgniter\Debug\Exceptions->errorHandler(2, 'Undefined array key "imageverification"', 'C:\\laragon\\www\\dilg\\backend\\backend\\app\\Controllers\\OrderController.php', 95)
 2 SYSTEMPATH\CodeIgniter.php(919): App\Controllers\OrderController->updateReceipt('2')
 3 SYSTEMPATH\CodeIgniter.php(494): CodeIgniter\CodeIgniter->runController(Object(App\Controllers\OrderController))
 4 SYSTEMPATH\CodeIgniter.php(353): CodeIgniter\CodeIgniter->handleRequest(null, Object(Config\Cache), false)
 5 FCPATH\index.php(86): CodeIgniter\CodeIgniter->run()
CRITICAL - 2024-11-20 18:22:29 --> Undefined array key "imageverification"
in APPPATH\Controllers\OrderController.php on line 95.
 1 APPPATH\Controllers\OrderController.php(95): CodeIgniter\Debug\Exceptions->errorHandler(2, 'Undefined array key "imageverification"', 'C:\\laragon\\www\\dilg\\backend\\backend\\app\\Controllers\\OrderController.php', 95)
 2 SYSTEMPATH\CodeIgniter.php(919): App\Controllers\OrderController->updateReceipt('2')
 3 SYSTEMPATH\CodeIgniter.php(494): CodeIgniter\CodeIgniter->runController(Object(App\Controllers\OrderController))
 4 SYSTEMPATH\CodeIgniter.php(353): CodeIgniter\CodeIgniter->handleRequest(null, Object(Config\Cache), false)
 5 FCPATH\index.php(86): CodeIgniter\CodeIgniter->run()
CRITICAL - 2024-11-20 18:22:37 --> There is no data to update.
in SYSTEMPATH\BaseModel.php on line 1724.
 1 SYSTEMPATH\BaseModel.php(1724): CodeIgniter\Database\Exceptions\DataException::forEmptyDataset('update')
 2 SYSTEMPATH\BaseModel.php(916): CodeIgniter\BaseModel->transformDataToArray([], 'update')
 3 SYSTEMPATH\Model.php(776): CodeIgniter\BaseModel->update([...], [])
 4 APPPATH\Controllers\OrderController.php(118): CodeIgniter\Model->update('2', [])
 5 SYSTEMPATH\CodeIgniter.php(919): App\Controllers\OrderController->updateReceipt('2')
 6 SYSTEMPATH\CodeIgniter.php(494): CodeIgniter\CodeIgniter->runController(Object(App\Controllers\OrderController))
 7 SYSTEMPATH\CodeIgniter.php(353): CodeIgniter\CodeIgniter->handleRequest(null, Object(Config\Cache), false)
 8 FCPATH\index.php(86): CodeIgniter\CodeIgniter->run()
CRITICAL - 2024-11-20 18:50:23 --> There is no data to update.
in SYSTEMPATH\BaseModel.php on line 1724.
 1 SYSTEMPATH\BaseModel.php(1724): CodeIgniter\Database\Exceptions\DataException::forEmptyDataset('update')
 2 SYSTEMPATH\BaseModel.php(916): CodeIgniter\BaseModel->transformDataToArray([], 'update')
 3 SYSTEMPATH\Model.php(776): CodeIgniter\BaseModel->update([...], [])
 4 APPPATH\Controllers\OrderController.php(118): CodeIgniter\Model->update('2', [])
 5 SYSTEMPATH\CodeIgniter.php(919): App\Controllers\OrderController->updateReceipt('2')
 6 SYSTEMPATH\CodeIgniter.php(494): CodeIgniter\CodeIgniter->runController(Object(App\Controllers\OrderController))
 7 SYSTEMPATH\CodeIgniter.php(353): CodeIgniter\CodeIgniter->handleRequest(null, Object(Config\Cache), false)
 8 FCPATH\index.php(86): CodeIgniter\CodeIgniter->run()
