CRITICAL - 2023-12-10 13:12:27 --> Call to undefined method App\Controllers\RequestController::respond()
in APPPATH\Controllers\RequestController.php on line 21.
 1 SYSTEMPATH\CodeIgniter.php(919): App\Controllers\RequestController->getReq()
 2 SYSTEMPATH\CodeIgniter.php(494): CodeIgniter\CodeIgniter->runController(Object(App\Controllers\RequestController))
 3 SYSTEMPATH\CodeIgniter.php(353): CodeIgniter\CodeIgniter->handleRequest(null, Object(Config\Cache), false)
 4 FCPATH\index.php(86): CodeIgniter\CodeIgniter->run()
CRITICAL - 2023-12-10 13:12:31 --> Call to undefined method App\Controllers\RequestController::respond()
in APPPATH\Controllers\RequestController.php on line 21.
 1 SYSTEMPATH\CodeIgniter.php(919): App\Controllers\RequestController->getReq()
 2 SYSTEMPATH\CodeIgniter.php(494): CodeIgniter\CodeIgniter->runController(Object(App\Controllers\RequestController))
 3 SYSTEMPATH\CodeIgniter.php(353): CodeIgniter\CodeIgniter->handleRequest(null, Object(Config\Cache), false)
 4 FCPATH\index.php(86): CodeIgniter\CodeIgniter->run()
CRITICAL - 2023-12-10 13:27:05 --> Call to undefined method App\Controllers\RequestController::respond()
in APPPATH\Controllers\RequestController.php on line 21.
 1 SYSTEMPATH\CodeIgniter.php(919): App\Controllers\RequestController->getReq()
 2 SYSTEMPATH\CodeIgniter.php(494): CodeIgniter\CodeIgniter->runController(Object(App\Controllers\RequestController))
 3 SYSTEMPATH\CodeIgniter.php(353): CodeIgniter\CodeIgniter->handleRequest(null, Object(Config\Cache), false)
 4 FCPATH\index.php(86): CodeIgniter\CodeIgniter->run()
CRITICAL - 2023-12-10 13:37:25 --> Call to undefined method App\Controllers\RequestController::respond()
in APPPATH\Controllers\RequestController.php on line 21.
 1 SYSTEMPATH\CodeIgniter.php(919): App\Controllers\RequestController->getReq()
 2 SYSTEMPATH\CodeIgniter.php(494): CodeIgniter\CodeIgniter->runController(Object(App\Controllers\RequestController))
 3 SYSTEMPATH\CodeIgniter.php(353): CodeIgniter\CodeIgniter->handleRequest(null, Object(Config\Cache), false)
 4 FCPATH\index.php(86): CodeIgniter\CodeIgniter->run()
CRITICAL - 2023-12-10 13:42:05 --> Call to undefined method App\Controllers\RequestController::respond()
in APPPATH\Controllers\RequestController.php on line 21.
 1 SYSTEMPATH\CodeIgniter.php(919): App\Controllers\RequestController->getReq()
 2 SYSTEMPATH\CodeIgniter.php(494): CodeIgniter\CodeIgniter->runController(Object(App\Controllers\RequestController))
 3 SYSTEMPATH\CodeIgniter.php(353): CodeIgniter\CodeIgniter->handleRequest(null, Object(Config\Cache), false)
 4 FCPATH\index.php(86): CodeIgniter\CodeIgniter->run()
CRITICAL - 2023-12-10 13:42:38 --> Call to undefined method App\Controllers\RequestController::respond()
in APPPATH\Controllers\RequestController.php on line 33.
 1 SYSTEMPATH\CodeIgniter.php(919): App\Controllers\RequestController->send_request()
 2 SYSTEMPATH\CodeIgniter.php(494): CodeIgniter\CodeIgniter->runController(Object(App\Controllers\RequestController))
 3 SYSTEMPATH\CodeIgniter.php(353): CodeIgniter\CodeIgniter->handleRequest(null, Object(Config\Cache), false)
 4 FCPATH\index.php(86): CodeIgniter\CodeIgniter->run()
CRITICAL - 2023-12-10 13:42:39 --> Call to undefined method App\Controllers\RequestController::respond()
in APPPATH\Controllers\RequestController.php on line 33.
 1 SYSTEMPATH\CodeIgniter.php(919): App\Controllers\RequestController->send_request()
 2 SYSTEMPATH\CodeIgniter.php(494): CodeIgniter\CodeIgniter->runController(Object(App\Controllers\RequestController))
 3 SYSTEMPATH\CodeIgniter.php(353): CodeIgniter\CodeIgniter->handleRequest(null, Object(Config\Cache), false)
 4 FCPATH\index.php(86): CodeIgniter\CodeIgniter->run()
CRITICAL - 2023-12-10 13:42:39 --> Call to undefined method App\Controllers\RequestController::respond()
in APPPATH\Controllers\RequestController.php on line 33.
 1 SYSTEMPATH\CodeIgniter.php(919): App\Controllers\RequestController->send_request()
 2 SYSTEMPATH\CodeIgniter.php(494): CodeIgniter\CodeIgniter->runController(Object(App\Controllers\RequestController))
 3 SYSTEMPATH\CodeIgniter.php(353): CodeIgniter\CodeIgniter->handleRequest(null, Object(Config\Cache), false)
 4 FCPATH\index.php(86): CodeIgniter\CodeIgniter->run()
CRITICAL - 2023-12-10 13:42:43 --> Call to undefined method App\Controllers\RequestController::respond()
in APPPATH\Controllers\RequestController.php on line 33.
 1 SYSTEMPATH\CodeIgniter.php(919): App\Controllers\RequestController->send_request()
 2 SYSTEMPATH\CodeIgniter.php(494): CodeIgniter\CodeIgniter->runController(Object(App\Controllers\RequestController))
 3 SYSTEMPATH\CodeIgniter.php(353): CodeIgniter\CodeIgniter->handleRequest(null, Object(Config\Cache), false)
 4 FCPATH\index.php(86): CodeIgniter\CodeIgniter->run()
CRITICAL - 2023-12-10 13:42:43 --> Call to undefined method App\Controllers\RequestController::respond()
in APPPATH\Controllers\RequestController.php on line 33.
 1 SYSTEMPATH\CodeIgniter.php(919): App\Controllers\RequestController->send_request()
 2 SYSTEMPATH\CodeIgniter.php(494): CodeIgniter\CodeIgniter->runController(Object(App\Controllers\RequestController))
 3 SYSTEMPATH\CodeIgniter.php(353): CodeIgniter\CodeIgniter->handleRequest(null, Object(Config\Cache), false)
 4 FCPATH\index.php(86): CodeIgniter\CodeIgniter->run()
CRITICAL - 2023-12-10 13:44:43 --> Call to undefined method App\Controllers\RequestController::respond()
in APPPATH\Controllers\RequestController.php on line 21.
 1 SYSTEMPATH\CodeIgniter.php(919): App\Controllers\RequestController->getReq()
 2 SYSTEMPATH\CodeIgniter.php(494): CodeIgniter\CodeIgniter->runController(Object(App\Controllers\RequestController))
 3 SYSTEMPATH\CodeIgniter.php(353): CodeIgniter\CodeIgniter->handleRequest(null, Object(Config\Cache), false)
 4 FCPATH\index.php(86): CodeIgniter\CodeIgniter->run()
CRITICAL - 2023-12-10 13:44:51 --> Call to undefined method App\Controllers\RequestController::respond()
in APPPATH\Controllers\RequestController.php on line 21.
 1 SYSTEMPATH\CodeIgniter.php(919): App\Controllers\RequestController->getReq()
 2 SYSTEMPATH\CodeIgniter.php(494): CodeIgniter\CodeIgniter->runController(Object(App\Controllers\RequestController))
 3 SYSTEMPATH\CodeIgniter.php(353): CodeIgniter\CodeIgniter->handleRequest(null, Object(Config\Cache), false)
 4 FCPATH\index.php(86): CodeIgniter\CodeIgniter->run()
CRITICAL - 2023-12-10 13:53:09 --> Call to undefined method App\Controllers\RequestController::respond()
in APPPATH\Controllers\RequestController.php on line 21.
 1 SYSTEMPATH\CodeIgniter.php(919): App\Controllers\RequestController->getReq()
 2 SYSTEMPATH\CodeIgniter.php(494): CodeIgniter\CodeIgniter->runController(Object(App\Controllers\RequestController))
 3 SYSTEMPATH\CodeIgniter.php(353): CodeIgniter\CodeIgniter->handleRequest(null, Object(Config\Cache), false)
 4 FCPATH\index.php(86): CodeIgniter\CodeIgniter->run()
CRITICAL - 2023-12-10 13:53:11 --> Call to undefined method App\Controllers\RequestController::respond()
in APPPATH\Controllers\RequestController.php on line 21.
 1 SYSTEMPATH\CodeIgniter.php(919): App\Controllers\RequestController->getReq()
 2 SYSTEMPATH\CodeIgniter.php(494): CodeIgniter\CodeIgniter->runController(Object(App\Controllers\RequestController))
 3 SYSTEMPATH\CodeIgniter.php(353): CodeIgniter\CodeIgniter->handleRequest(null, Object(Config\Cache), false)
 4 FCPATH\index.php(86): CodeIgniter\CodeIgniter->run()
CRITICAL - 2023-12-10 13:54:27 --> Call to undefined method App\Controllers\RequestController::respond()
in APPPATH\Controllers\RequestController.php on line 21.
 1 SYSTEMPATH\CodeIgniter.php(919): App\Controllers\RequestController->getReq()
 2 SYSTEMPATH\CodeIgniter.php(494): CodeIgniter\CodeIgniter->runController(Object(App\Controllers\RequestController))
 3 SYSTEMPATH\CodeIgniter.php(353): CodeIgniter\CodeIgniter->handleRequest(null, Object(Config\Cache), false)
 4 FCPATH\index.php(86): CodeIgniter\CodeIgniter->run()
CRITICAL - 2023-12-10 13:54:30 --> Call to undefined method App\Controllers\RequestController::respond()
in APPPATH\Controllers\RequestController.php on line 21.
 1 SYSTEMPATH\CodeIgniter.php(919): App\Controllers\RequestController->getReq()
 2 SYSTEMPATH\CodeIgniter.php(494): CodeIgniter\CodeIgniter->runController(Object(App\Controllers\RequestController))
 3 SYSTEMPATH\CodeIgniter.php(353): CodeIgniter\CodeIgniter->handleRequest(null, Object(Config\Cache), false)
 4 FCPATH\index.php(86): CodeIgniter\CodeIgniter->run()
CRITICAL - 2023-12-10 13:59:30 --> Call to undefined method App\Controllers\RequestController::respond()
in APPPATH\Controllers\RequestController.php on line 21.
 1 SYSTEMPATH\CodeIgniter.php(919): App\Controllers\RequestController->getReq()
 2 SYSTEMPATH\CodeIgniter.php(494): CodeIgniter\CodeIgniter->runController(Object(App\Controllers\RequestController))
 3 SYSTEMPATH\CodeIgniter.php(353): CodeIgniter\CodeIgniter->handleRequest(null, Object(Config\Cache), false)
 4 FCPATH\index.php(86): CodeIgniter\CodeIgniter->run()
CRITICAL - 2023-12-10 13:59:47 --> Call to undefined method App\Controllers\RequestController::respond()
in APPPATH\Controllers\RequestController.php on line 21.
 1 SYSTEMPATH\CodeIgniter.php(919): App\Controllers\RequestController->getReq()
 2 SYSTEMPATH\CodeIgniter.php(494): CodeIgniter\CodeIgniter->runController(Object(App\Controllers\RequestController))
 3 SYSTEMPATH\CodeIgniter.php(353): CodeIgniter\CodeIgniter->handleRequest(null, Object(Config\Cache), false)
 4 FCPATH\index.php(86): CodeIgniter\CodeIgniter->run()
CRITICAL - 2023-12-10 13:59:54 --> Call to undefined method App\Controllers\RequestController::respond()
in APPPATH\Controllers\RequestController.php on line 21.
 1 SYSTEMPATH\CodeIgniter.php(919): App\Controllers\RequestController->getReq()
 2 SYSTEMPATH\CodeIgniter.php(494): CodeIgniter\CodeIgniter->runController(Object(App\Controllers\RequestController))
 3 SYSTEMPATH\CodeIgniter.php(353): CodeIgniter\CodeIgniter->handleRequest(null, Object(Config\Cache), false)
 4 FCPATH\index.php(86): CodeIgniter\CodeIgniter->run()
CRITICAL - 2023-12-10 14:02:17 --> Call to undefined method App\Controllers\RequestController::respond()
in APPPATH\Controllers\RequestController.php on line 21.
 1 SYSTEMPATH\CodeIgniter.php(919): App\Controllers\RequestController->getReq()
 2 SYSTEMPATH\CodeIgniter.php(494): CodeIgniter\CodeIgniter->runController(Object(App\Controllers\RequestController))
 3 SYSTEMPATH\CodeIgniter.php(353): CodeIgniter\CodeIgniter->handleRequest(null, Object(Config\Cache), false)
 4 FCPATH\index.php(86): CodeIgniter\CodeIgniter->run()
CRITICAL - 2023-12-10 14:10:33 --> Call to undefined method App\Controllers\RequestController::respond()
in APPPATH\Controllers\RequestController.php on line 21.
 1 SYSTEMPATH\CodeIgniter.php(919): App\Controllers\RequestController->getReq()
 2 SYSTEMPATH\CodeIgniter.php(494): CodeIgniter\CodeIgniter->runController(Object(App\Controllers\RequestController))
 3 SYSTEMPATH\CodeIgniter.php(353): CodeIgniter\CodeIgniter->handleRequest(null, Object(Config\Cache), false)
 4 FCPATH\index.php(86): CodeIgniter\CodeIgniter->run()
CRITICAL - 2023-12-10 14:13:04 --> Call to undefined method App\Controllers\RequestController::respond()
in APPPATH\Controllers\RequestController.php on line 21.
 1 SYSTEMPATH\CodeIgniter.php(919): App\Controllers\RequestController->getReq()
 2 SYSTEMPATH\CodeIgniter.php(494): CodeIgniter\CodeIgniter->runController(Object(App\Controllers\RequestController))
 3 SYSTEMPATH\CodeIgniter.php(353): CodeIgniter\CodeIgniter->handleRequest(null, Object(Config\Cache), false)
 4 FCPATH\index.php(86): CodeIgniter\CodeIgniter->run()
CRITICAL - 2023-12-10 14:15:27 --> Call to undefined method App\Controllers\RequestController::respond()
in APPPATH\Controllers\RequestController.php on line 21.
 1 SYSTEMPATH\CodeIgniter.php(919): App\Controllers\RequestController->getReq()
 2 SYSTEMPATH\CodeIgniter.php(494): CodeIgniter\CodeIgniter->runController(Object(App\Controllers\RequestController))
 3 SYSTEMPATH\CodeIgniter.php(353): CodeIgniter\CodeIgniter->handleRequest(null, Object(Config\Cache), false)
 4 FCPATH\index.php(86): CodeIgniter\CodeIgniter->run()
CRITICAL - 2023-12-10 14:34:23 --> Undefined property: stdClass::$empfullname
in APPPATH\Controllers\RequestController.php on line 27.
 1 APPPATH\Controllers\RequestController.php(27): CodeIgniter\Debug\Exceptions->errorHandler(2, 'Undefined property: stdClass::$empfullname', 'C:\\laragon\\www\\dilg\\backend\\app\\Controllers\\RequestController.php', 27)
 2 SYSTEMPATH\CodeIgniter.php(919): App\Controllers\RequestController->send_request()
 3 SYSTEMPATH\CodeIgniter.php(494): CodeIgniter\CodeIgniter->runController(Object(App\Controllers\RequestController))
 4 SYSTEMPATH\CodeIgniter.php(353): CodeIgniter\CodeIgniter->handleRequest(null, Object(Config\Cache), false)
 5 FCPATH\index.php(86): CodeIgniter\CodeIgniter->run()
CRITICAL - 2023-12-10 14:38:44 --> Call to undefined method App\Controllers\RequestController::respond()
in APPPATH\Controllers\RequestController.php on line 21.
 1 SYSTEMPATH\CodeIgniter.php(919): App\Controllers\RequestController->getReq()
 2 SYSTEMPATH\CodeIgniter.php(494): CodeIgniter\CodeIgniter->runController(Object(App\Controllers\RequestController))
 3 SYSTEMPATH\CodeIgniter.php(353): CodeIgniter\CodeIgniter->handleRequest(null, Object(Config\Cache), false)
 4 FCPATH\index.php(86): CodeIgniter\CodeIgniter->run()
CRITICAL - 2023-12-10 14:38:52 --> Call to undefined method App\Controllers\RequestController::respond()
in APPPATH\Controllers\RequestController.php on line 21.
 1 SYSTEMPATH\CodeIgniter.php(919): App\Controllers\RequestController->getReq()
 2 SYSTEMPATH\CodeIgniter.php(494): CodeIgniter\CodeIgniter->runController(Object(App\Controllers\RequestController))
 3 SYSTEMPATH\CodeIgniter.php(353): CodeIgniter\CodeIgniter->handleRequest(null, Object(Config\Cache), false)
 4 FCPATH\index.php(86): CodeIgniter\CodeIgniter->run()
CRITICAL - 2023-12-10 14:39:00 --> Call to undefined method App\Controllers\RequestController::respond()
in APPPATH\Controllers\RequestController.php on line 21.
 1 SYSTEMPATH\CodeIgniter.php(919): App\Controllers\RequestController->getReq()
 2 SYSTEMPATH\CodeIgniter.php(494): CodeIgniter\CodeIgniter->runController(Object(App\Controllers\RequestController))
 3 SYSTEMPATH\CodeIgniter.php(353): CodeIgniter\CodeIgniter->handleRequest(null, Object(Config\Cache), false)
 4 FCPATH\index.php(86): CodeIgniter\CodeIgniter->run()
CRITICAL - 2023-12-10 14:39:17 --> Call to undefined method App\Controllers\RequestController::respond()
in APPPATH\Controllers\RequestController.php on line 21.
 1 SYSTEMPATH\CodeIgniter.php(919): App\Controllers\RequestController->getReq()
 2 SYSTEMPATH\CodeIgniter.php(494): CodeIgniter\CodeIgniter->runController(Object(App\Controllers\RequestController))
 3 SYSTEMPATH\CodeIgniter.php(353): CodeIgniter\CodeIgniter->handleRequest(null, Object(Config\Cache), false)
 4 FCPATH\index.php(86): CodeIgniter\CodeIgniter->run()
CRITICAL - 2023-12-10 14:39:23 --> Call to undefined method App\Controllers\RequestController::respond()
in APPPATH\Controllers\RequestController.php on line 21.
 1 SYSTEMPATH\CodeIgniter.php(919): App\Controllers\RequestController->getReq()
 2 SYSTEMPATH\CodeIgniter.php(494): CodeIgniter\CodeIgniter->runController(Object(App\Controllers\RequestController))
 3 SYSTEMPATH\CodeIgniter.php(353): CodeIgniter\CodeIgniter->handleRequest(null, Object(Config\Cache), false)
 4 FCPATH\index.php(86): CodeIgniter\CodeIgniter->run()
CRITICAL - 2023-12-10 14:41:54 --> Call to undefined method App\Controllers\RequestController::respond()
in APPPATH\Controllers\RequestController.php on line 21.
 1 SYSTEMPATH\CodeIgniter.php(919): App\Controllers\RequestController->getReq()
 2 SYSTEMPATH\CodeIgniter.php(494): CodeIgniter\CodeIgniter->runController(Object(App\Controllers\RequestController))
 3 SYSTEMPATH\CodeIgniter.php(353): CodeIgniter\CodeIgniter->handleRequest(null, Object(Config\Cache), false)
 4 FCPATH\index.php(86): CodeIgniter\CodeIgniter->run()
CRITICAL - 2023-12-10 14:42:17 --> Call to undefined method App\Controllers\RequestController::respond()
in APPPATH\Controllers\RequestController.php on line 21.
 1 SYSTEMPATH\CodeIgniter.php(919): App\Controllers\RequestController->getReq()
 2 SYSTEMPATH\CodeIgniter.php(494): CodeIgniter\CodeIgniter->runController(Object(App\Controllers\RequestController))
 3 SYSTEMPATH\CodeIgniter.php(353): CodeIgniter\CodeIgniter->handleRequest(null, Object(Config\Cache), false)
 4 FCPATH\index.php(86): CodeIgniter\CodeIgniter->run()
CRITICAL - 2023-12-10 14:44:54 --> Call to undefined method App\Controllers\RequestController::respond()
in APPPATH\Controllers\RequestController.php on line 21.
 1 SYSTEMPATH\CodeIgniter.php(919): App\Controllers\RequestController->getReq()
 2 SYSTEMPATH\CodeIgniter.php(494): CodeIgniter\CodeIgniter->runController(Object(App\Controllers\RequestController))
 3 SYSTEMPATH\CodeIgniter.php(353): CodeIgniter\CodeIgniter->handleRequest(null, Object(Config\Cache), false)
 4 FCPATH\index.php(86): CodeIgniter\CodeIgniter->run()
CRITICAL - 2023-12-10 14:44:59 --> Call to undefined method App\Controllers\RequestController::respond()
in APPPATH\Controllers\RequestController.php on line 21.
 1 SYSTEMPATH\CodeIgniter.php(919): App\Controllers\RequestController->getReq()
 2 SYSTEMPATH\CodeIgniter.php(494): CodeIgniter\CodeIgniter->runController(Object(App\Controllers\RequestController))
 3 SYSTEMPATH\CodeIgniter.php(353): CodeIgniter\CodeIgniter->handleRequest(null, Object(Config\Cache), false)
 4 FCPATH\index.php(86): CodeIgniter\CodeIgniter->run()
CRITICAL - 2023-12-10 14:45:10 --> Call to undefined method App\Controllers\RequestController::respond()
in APPPATH\Controllers\RequestController.php on line 21.
 1 SYSTEMPATH\CodeIgniter.php(919): App\Controllers\RequestController->getReq()
 2 SYSTEMPATH\CodeIgniter.php(494): CodeIgniter\CodeIgniter->runController(Object(App\Controllers\RequestController))
 3 SYSTEMPATH\CodeIgniter.php(353): CodeIgniter\CodeIgniter->handleRequest(null, Object(Config\Cache), false)
 4 FCPATH\index.php(86): CodeIgniter\CodeIgniter->run()
CRITICAL - 2023-12-10 14:45:17 --> Call to undefined method App\Controllers\RequestController::respond()
in APPPATH\Controllers\RequestController.php on line 21.
 1 SYSTEMPATH\CodeIgniter.php(919): App\Controllers\RequestController->getReq()
 2 SYSTEMPATH\CodeIgniter.php(494): CodeIgniter\CodeIgniter->runController(Object(App\Controllers\RequestController))
 3 SYSTEMPATH\CodeIgniter.php(353): CodeIgniter\CodeIgniter->handleRequest(null, Object(Config\Cache), false)
 4 FCPATH\index.php(86): CodeIgniter\CodeIgniter->run()
CRITICAL - 2023-12-10 14:51:10 --> Call to undefined method App\Controllers\RequestController::respond()
in APPPATH\Controllers\RequestController.php on line 21.
 1 SYSTEMPATH\CodeIgniter.php(919): App\Controllers\RequestController->getReq()
 2 SYSTEMPATH\CodeIgniter.php(494): CodeIgniter\CodeIgniter->runController(Object(App\Controllers\RequestController))
 3 SYSTEMPATH\CodeIgniter.php(353): CodeIgniter\CodeIgniter->handleRequest(null, Object(Config\Cache), false)
 4 FCPATH\index.php(86): CodeIgniter\CodeIgniter->run()
CRITICAL - 2023-12-10 14:51:15 --> Call to undefined method App\Controllers\RequestController::respond()
in APPPATH\Controllers\RequestController.php on line 21.
 1 SYSTEMPATH\CodeIgniter.php(919): App\Controllers\RequestController->getReq()
 2 SYSTEMPATH\CodeIgniter.php(494): CodeIgniter\CodeIgniter->runController(Object(App\Controllers\RequestController))
 3 SYSTEMPATH\CodeIgniter.php(353): CodeIgniter\CodeIgniter->handleRequest(null, Object(Config\Cache), false)
 4 FCPATH\index.php(86): CodeIgniter\CodeIgniter->run()
CRITICAL - 2023-12-10 14:51:20 --> Call to undefined method App\Controllers\RequestController::respond()
in APPPATH\Controllers\RequestController.php on line 21.
 1 SYSTEMPATH\CodeIgniter.php(919): App\Controllers\RequestController->getReq()
 2 SYSTEMPATH\CodeIgniter.php(494): CodeIgniter\CodeIgniter->runController(Object(App\Controllers\RequestController))
 3 SYSTEMPATH\CodeIgniter.php(353): CodeIgniter\CodeIgniter->handleRequest(null, Object(Config\Cache), false)
 4 FCPATH\index.php(86): CodeIgniter\CodeIgniter->run()
CRITICAL - 2023-12-10 14:51:26 --> Call to undefined method App\Controllers\RequestController::respond()
in APPPATH\Controllers\RequestController.php on line 21.
 1 SYSTEMPATH\CodeIgniter.php(919): App\Controllers\RequestController->getReq()
 2 SYSTEMPATH\CodeIgniter.php(494): CodeIgniter\CodeIgniter->runController(Object(App\Controllers\RequestController))
 3 SYSTEMPATH\CodeIgniter.php(353): CodeIgniter\CodeIgniter->handleRequest(null, Object(Config\Cache), false)
 4 FCPATH\index.php(86): CodeIgniter\CodeIgniter->run()
CRITICAL - 2023-12-10 14:51:33 --> Call to undefined method App\Controllers\RequestController::respond()
in APPPATH\Controllers\RequestController.php on line 21.
 1 SYSTEMPATH\CodeIgniter.php(919): App\Controllers\RequestController->getReq()
 2 SYSTEMPATH\CodeIgniter.php(494): CodeIgniter\CodeIgniter->runController(Object(App\Controllers\RequestController))
 3 SYSTEMPATH\CodeIgniter.php(353): CodeIgniter\CodeIgniter->handleRequest(null, Object(Config\Cache), false)
 4 FCPATH\index.php(86): CodeIgniter\CodeIgniter->run()
CRITICAL - 2023-12-10 14:51:48 --> Call to undefined method App\Controllers\RequestController::respond()
in APPPATH\Controllers\RequestController.php on line 21.
 1 SYSTEMPATH\CodeIgniter.php(919): App\Controllers\RequestController->getReq()
 2 SYSTEMPATH\CodeIgniter.php(494): CodeIgniter\CodeIgniter->runController(Object(App\Controllers\RequestController))
 3 SYSTEMPATH\CodeIgniter.php(353): CodeIgniter\CodeIgniter->handleRequest(null, Object(Config\Cache), false)
 4 FCPATH\index.php(86): CodeIgniter\CodeIgniter->run()
CRITICAL - 2023-12-10 14:52:30 --> Call to undefined method App\Controllers\RequestController::respond()
in APPPATH\Controllers\RequestController.php on line 21.
 1 SYSTEMPATH\CodeIgniter.php(919): App\Controllers\RequestController->getReq()
 2 SYSTEMPATH\CodeIgniter.php(494): CodeIgniter\CodeIgniter->runController(Object(App\Controllers\RequestController))
 3 SYSTEMPATH\CodeIgniter.php(353): CodeIgniter\CodeIgniter->handleRequest(null, Object(Config\Cache), false)
 4 FCPATH\index.php(86): CodeIgniter\CodeIgniter->run()
CRITICAL - 2023-12-10 14:52:42 --> Call to undefined method App\Controllers\RequestController::respond()
in APPPATH\Controllers\RequestController.php on line 21.
 1 SYSTEMPATH\CodeIgniter.php(919): App\Controllers\RequestController->getReq()
 2 SYSTEMPATH\CodeIgniter.php(494): CodeIgniter\CodeIgniter->runController(Object(App\Controllers\RequestController))
 3 SYSTEMPATH\CodeIgniter.php(353): CodeIgniter\CodeIgniter->handleRequest(null, Object(Config\Cache), false)
 4 FCPATH\index.php(86): CodeIgniter\CodeIgniter->run()
CRITICAL - 2023-12-10 14:52:53 --> Call to undefined method App\Controllers\RequestController::respond()
in APPPATH\Controllers\RequestController.php on line 21.
 1 SYSTEMPATH\CodeIgniter.php(919): App\Controllers\RequestController->getReq()
 2 SYSTEMPATH\CodeIgniter.php(494): CodeIgniter\CodeIgniter->runController(Object(App\Controllers\RequestController))
 3 SYSTEMPATH\CodeIgniter.php(353): CodeIgniter\CodeIgniter->handleRequest(null, Object(Config\Cache), false)
 4 FCPATH\index.php(86): CodeIgniter\CodeIgniter->run()
CRITICAL - 2023-12-10 14:52:55 --> Call to undefined method App\Controllers\RequestController::respond()
in APPPATH\Controllers\RequestController.php on line 21.
 1 SYSTEMPATH\CodeIgniter.php(919): App\Controllers\RequestController->getReq()
 2 SYSTEMPATH\CodeIgniter.php(494): CodeIgniter\CodeIgniter->runController(Object(App\Controllers\RequestController))
 3 SYSTEMPATH\CodeIgniter.php(353): CodeIgniter\CodeIgniter->handleRequest(null, Object(Config\Cache), false)
 4 FCPATH\index.php(86): CodeIgniter\CodeIgniter->run()
CRITICAL - 2023-12-10 14:53:04 --> Call to undefined method App\Controllers\RequestController::respond()
in APPPATH\Controllers\RequestController.php on line 21.
 1 SYSTEMPATH\CodeIgniter.php(919): App\Controllers\RequestController->getReq()
 2 SYSTEMPATH\CodeIgniter.php(494): CodeIgniter\CodeIgniter->runController(Object(App\Controllers\RequestController))
 3 SYSTEMPATH\CodeIgniter.php(353): CodeIgniter\CodeIgniter->handleRequest(null, Object(Config\Cache), false)
 4 FCPATH\index.php(86): CodeIgniter\CodeIgniter->run()
CRITICAL - 2023-12-10 14:53:17 --> Call to undefined method App\Controllers\RequestController::respond()
in APPPATH\Controllers\RequestController.php on line 21.
 1 SYSTEMPATH\CodeIgniter.php(919): App\Controllers\RequestController->getReq()
 2 SYSTEMPATH\CodeIgniter.php(494): CodeIgniter\CodeIgniter->runController(Object(App\Controllers\RequestController))
 3 SYSTEMPATH\CodeIgniter.php(353): CodeIgniter\CodeIgniter->handleRequest(null, Object(Config\Cache), false)
 4 FCPATH\index.php(86): CodeIgniter\CodeIgniter->run()
CRITICAL - 2023-12-10 14:53:37 --> Call to undefined method App\Controllers\RequestController::respond()
in APPPATH\Controllers\RequestController.php on line 21.
 1 SYSTEMPATH\CodeIgniter.php(919): App\Controllers\RequestController->getReq()
 2 SYSTEMPATH\CodeIgniter.php(494): CodeIgniter\CodeIgniter->runController(Object(App\Controllers\RequestController))
 3 SYSTEMPATH\CodeIgniter.php(353): CodeIgniter\CodeIgniter->handleRequest(null, Object(Config\Cache), false)
 4 FCPATH\index.php(86): CodeIgniter\CodeIgniter->run()
CRITICAL - 2023-12-10 14:53:54 --> Call to undefined method App\Controllers\RequestController::respond()
in APPPATH\Controllers\RequestController.php on line 21.
 1 SYSTEMPATH\CodeIgniter.php(919): App\Controllers\RequestController->getReq()
 2 SYSTEMPATH\CodeIgniter.php(494): CodeIgniter\CodeIgniter->runController(Object(App\Controllers\RequestController))
 3 SYSTEMPATH\CodeIgniter.php(353): CodeIgniter\CodeIgniter->handleRequest(null, Object(Config\Cache), false)
 4 FCPATH\index.php(86): CodeIgniter\CodeIgniter->run()
CRITICAL - 2023-12-10 14:54:02 --> Call to undefined method App\Controllers\RequestController::respond()
in APPPATH\Controllers\RequestController.php on line 21.
 1 SYSTEMPATH\CodeIgniter.php(919): App\Controllers\RequestController->getReq()
 2 SYSTEMPATH\CodeIgniter.php(494): CodeIgniter\CodeIgniter->runController(Object(App\Controllers\RequestController))
 3 SYSTEMPATH\CodeIgniter.php(353): CodeIgniter\CodeIgniter->handleRequest(null, Object(Config\Cache), false)
 4 FCPATH\index.php(86): CodeIgniter\CodeIgniter->run()
CRITICAL - 2023-12-10 14:54:55 --> Call to undefined method App\Controllers\RequestController::respond()
in APPPATH\Controllers\RequestController.php on line 21.
 1 SYSTEMPATH\CodeIgniter.php(919): App\Controllers\RequestController->getReq()
 2 SYSTEMPATH\CodeIgniter.php(494): CodeIgniter\CodeIgniter->runController(Object(App\Controllers\RequestController))
 3 SYSTEMPATH\CodeIgniter.php(353): CodeIgniter\CodeIgniter->handleRequest(null, Object(Config\Cache), false)
 4 FCPATH\index.php(86): CodeIgniter\CodeIgniter->run()
CRITICAL - 2023-12-10 14:56:01 --> Call to undefined method App\Controllers\RequestController::respond()
in APPPATH\Controllers\RequestController.php on line 21.
 1 SYSTEMPATH\CodeIgniter.php(919): App\Controllers\RequestController->getReq()
 2 SYSTEMPATH\CodeIgniter.php(494): CodeIgniter\CodeIgniter->runController(Object(App\Controllers\RequestController))
 3 SYSTEMPATH\CodeIgniter.php(353): CodeIgniter\CodeIgniter->handleRequest(null, Object(Config\Cache), false)
 4 FCPATH\index.php(86): CodeIgniter\CodeIgniter->run()
CRITICAL - 2023-12-10 14:56:28 --> Call to undefined method App\Controllers\RequestController::respond()
in APPPATH\Controllers\RequestController.php on line 21.
 1 SYSTEMPATH\CodeIgniter.php(919): App\Controllers\RequestController->getReq()
 2 SYSTEMPATH\CodeIgniter.php(494): CodeIgniter\CodeIgniter->runController(Object(App\Controllers\RequestController))
 3 SYSTEMPATH\CodeIgniter.php(353): CodeIgniter\CodeIgniter->handleRequest(null, Object(Config\Cache), false)
 4 FCPATH\index.php(86): CodeIgniter\CodeIgniter->run()
CRITICAL - 2023-12-10 14:59:15 --> Call to undefined method App\Controllers\RequestController::respond()
in APPPATH\Controllers\RequestController.php on line 21.
 1 SYSTEMPATH\CodeIgniter.php(919): App\Controllers\RequestController->getReq()
 2 SYSTEMPATH\CodeIgniter.php(494): CodeIgniter\CodeIgniter->runController(Object(App\Controllers\RequestController))
 3 SYSTEMPATH\CodeIgniter.php(353): CodeIgniter\CodeIgniter->handleRequest(null, Object(Config\Cache), false)
 4 FCPATH\index.php(86): CodeIgniter\CodeIgniter->run()
CRITICAL - 2023-12-10 14:59:21 --> Call to undefined method App\Controllers\RequestController::respond()
in APPPATH\Controllers\RequestController.php on line 33.
 1 SYSTEMPATH\CodeIgniter.php(919): App\Controllers\RequestController->send_request()
 2 SYSTEMPATH\CodeIgniter.php(494): CodeIgniter\CodeIgniter->runController(Object(App\Controllers\RequestController))
 3 SYSTEMPATH\CodeIgniter.php(353): CodeIgniter\CodeIgniter->handleRequest(null, Object(Config\Cache), false)
 4 FCPATH\index.php(86): CodeIgniter\CodeIgniter->run()
CRITICAL - 2023-12-10 14:59:21 --> Call to undefined method App\Controllers\RequestController::respond()
in APPPATH\Controllers\RequestController.php on line 33.
 1 SYSTEMPATH\CodeIgniter.php(919): App\Controllers\RequestController->send_request()
 2 SYSTEMPATH\CodeIgniter.php(494): CodeIgniter\CodeIgniter->runController(Object(App\Controllers\RequestController))
 3 SYSTEMPATH\CodeIgniter.php(353): CodeIgniter\CodeIgniter->handleRequest(null, Object(Config\Cache), false)
 4 FCPATH\index.php(86): CodeIgniter\CodeIgniter->run()
CRITICAL - 2023-12-10 14:59:21 --> Call to undefined method App\Controllers\RequestController::respond()
in APPPATH\Controllers\RequestController.php on line 33.
 1 SYSTEMPATH\CodeIgniter.php(919): App\Controllers\RequestController->send_request()
 2 SYSTEMPATH\CodeIgniter.php(494): CodeIgniter\CodeIgniter->runController(Object(App\Controllers\RequestController))
 3 SYSTEMPATH\CodeIgniter.php(353): CodeIgniter\CodeIgniter->handleRequest(null, Object(Config\Cache), false)
 4 FCPATH\index.php(86): CodeIgniter\CodeIgniter->run()
CRITICAL - 2023-12-10 14:59:22 --> Call to undefined method App\Controllers\RequestController::respond()
in APPPATH\Controllers\RequestController.php on line 33.
 1 SYSTEMPATH\CodeIgniter.php(919): App\Controllers\RequestController->send_request()
 2 SYSTEMPATH\CodeIgniter.php(494): CodeIgniter\CodeIgniter->runController(Object(App\Controllers\RequestController))
 3 SYSTEMPATH\CodeIgniter.php(353): CodeIgniter\CodeIgniter->handleRequest(null, Object(Config\Cache), false)
 4 FCPATH\index.php(86): CodeIgniter\CodeIgniter->run()
CRITICAL - 2023-12-10 14:59:47 --> Call to undefined method App\Controllers\RequestController::respond()
in APPPATH\Controllers\RequestController.php on line 21.
 1 SYSTEMPATH\CodeIgniter.php(919): App\Controllers\RequestController->getReq()
 2 SYSTEMPATH\CodeIgniter.php(494): CodeIgniter\CodeIgniter->runController(Object(App\Controllers\RequestController))
 3 SYSTEMPATH\CodeIgniter.php(353): CodeIgniter\CodeIgniter->handleRequest(null, Object(Config\Cache), false)
 4 FCPATH\index.php(86): CodeIgniter\CodeIgniter->run()
CRITICAL - 2023-12-10 15:01:40 --> Call to undefined method App\Controllers\RequestController::respond()
in APPPATH\Controllers\RequestController.php on line 33.
 1 SYSTEMPATH\CodeIgniter.php(919): App\Controllers\RequestController->send_request()
 2 SYSTEMPATH\CodeIgniter.php(494): CodeIgniter\CodeIgniter->runController(Object(App\Controllers\RequestController))
 3 SYSTEMPATH\CodeIgniter.php(353): CodeIgniter\CodeIgniter->handleRequest(null, Object(Config\Cache), false)
 4 FCPATH\index.php(86): CodeIgniter\CodeIgniter->run()
CRITICAL - 2023-12-10 15:05:57 --> Undefined property: stdClass::$empfullname
in APPPATH\Controllers\RequestController.php on line 27.
 1 APPPATH\Controllers\RequestController.php(27): CodeIgniter\Debug\Exceptions->errorHandler(2, 'Undefined property: stdClass::$empfullname', 'C:\\laragon\\www\\dilg\\backend\\app\\Controllers\\RequestController.php', 27)
 2 SYSTEMPATH\CodeIgniter.php(919): App\Controllers\RequestController->send_request()
 3 SYSTEMPATH\CodeIgniter.php(494): CodeIgniter\CodeIgniter->runController(Object(App\Controllers\RequestController))
 4 SYSTEMPATH\CodeIgniter.php(353): CodeIgniter\CodeIgniter->handleRequest(null, Object(Config\Cache), false)
 5 FCPATH\index.php(86): CodeIgniter\CodeIgniter->run()
CRITICAL - 2023-12-10 15:05:57 --> Call to undefined method App\Controllers\RequestController::respond()
in APPPATH\Controllers\RequestController.php on line 21.
 1 SYSTEMPATH\CodeIgniter.php(919): App\Controllers\RequestController->getReq()
 2 SYSTEMPATH\CodeIgniter.php(494): CodeIgniter\CodeIgniter->runController(Object(App\Controllers\RequestController))
 3 SYSTEMPATH\CodeIgniter.php(353): CodeIgniter\CodeIgniter->handleRequest(null, Object(Config\Cache), false)
 4 FCPATH\index.php(86): CodeIgniter\CodeIgniter->run()
CRITICAL - 2023-12-10 15:06:01 --> Call to undefined method App\Controllers\RequestController::respond()
in APPPATH\Controllers\RequestController.php on line 33.
 1 SYSTEMPATH\CodeIgniter.php(919): App\Controllers\RequestController->send_request()
 2 SYSTEMPATH\CodeIgniter.php(494): CodeIgniter\CodeIgniter->runController(Object(App\Controllers\RequestController))
 3 SYSTEMPATH\CodeIgniter.php(353): CodeIgniter\CodeIgniter->handleRequest(null, Object(Config\Cache), false)
 4 FCPATH\index.php(86): CodeIgniter\CodeIgniter->run()
CRITICAL - 2023-12-10 15:06:03 --> Call to undefined method App\Controllers\RequestController::respond()
in APPPATH\Controllers\RequestController.php on line 33.
 1 SYSTEMPATH\CodeIgniter.php(919): App\Controllers\RequestController->send_request()
 2 SYSTEMPATH\CodeIgniter.php(494): CodeIgniter\CodeIgniter->runController(Object(App\Controllers\RequestController))
 3 SYSTEMPATH\CodeIgniter.php(353): CodeIgniter\CodeIgniter->handleRequest(null, Object(Config\Cache), false)
 4 FCPATH\index.php(86): CodeIgniter\CodeIgniter->run()
CRITICAL - 2023-12-10 15:06:10 --> Call to undefined method App\Controllers\RequestController::respond()
in APPPATH\Controllers\RequestController.php on line 33.
 1 SYSTEMPATH\CodeIgniter.php(919): App\Controllers\RequestController->send_request()
 2 SYSTEMPATH\CodeIgniter.php(494): CodeIgniter\CodeIgniter->runController(Object(App\Controllers\RequestController))
 3 SYSTEMPATH\CodeIgniter.php(353): CodeIgniter\CodeIgniter->handleRequest(null, Object(Config\Cache), false)
 4 FCPATH\index.php(86): CodeIgniter\CodeIgniter->run()
CRITICAL - 2023-12-10 15:08:17 --> Call to undefined method App\Controllers\RequestController::respond()
in APPPATH\Controllers\RequestController.php on line 21.
 1 SYSTEMPATH\CodeIgniter.php(919): App\Controllers\RequestController->getReq()
 2 SYSTEMPATH\CodeIgniter.php(494): CodeIgniter\CodeIgniter->runController(Object(App\Controllers\RequestController))
 3 SYSTEMPATH\CodeIgniter.php(353): CodeIgniter\CodeIgniter->handleRequest(null, Object(Config\Cache), false)
 4 FCPATH\index.php(86): CodeIgniter\CodeIgniter->run()
CRITICAL - 2023-12-10 15:08:24 --> Call to undefined method App\Controllers\RequestController::respond()
in APPPATH\Controllers\RequestController.php on line 33.
 1 SYSTEMPATH\CodeIgniter.php(919): App\Controllers\RequestController->send_request()
 2 SYSTEMPATH\CodeIgniter.php(494): CodeIgniter\CodeIgniter->runController(Object(App\Controllers\RequestController))
 3 SYSTEMPATH\CodeIgniter.php(353): CodeIgniter\CodeIgniter->handleRequest(null, Object(Config\Cache), false)
 4 FCPATH\index.php(86): CodeIgniter\CodeIgniter->run()
CRITICAL - 2023-12-10 15:10:20 --> Call to undefined method App\Controllers\RequestController::respond()
in APPPATH\Controllers\RequestController.php on line 21.
 1 SYSTEMPATH\CodeIgniter.php(919): App\Controllers\RequestController->getReq()
 2 SYSTEMPATH\CodeIgniter.php(494): CodeIgniter\CodeIgniter->runController(Object(App\Controllers\RequestController))
 3 SYSTEMPATH\CodeIgniter.php(353): CodeIgniter\CodeIgniter->handleRequest(null, Object(Config\Cache), false)
 4 FCPATH\index.php(86): CodeIgniter\CodeIgniter->run()
CRITICAL - 2023-12-10 15:10:25 --> Call to undefined method App\Controllers\RequestController::respond()
in APPPATH\Controllers\RequestController.php on line 33.
 1 SYSTEMPATH\CodeIgniter.php(919): App\Controllers\RequestController->send_request()
 2 SYSTEMPATH\CodeIgniter.php(494): CodeIgniter\CodeIgniter->runController(Object(App\Controllers\RequestController))
 3 SYSTEMPATH\CodeIgniter.php(353): CodeIgniter\CodeIgniter->handleRequest(null, Object(Config\Cache), false)
 4 FCPATH\index.php(86): CodeIgniter\CodeIgniter->run()
CRITICAL - 2023-12-10 15:10:52 --> Call to undefined method App\Controllers\RequestController::respond()
in APPPATH\Controllers\RequestController.php on line 21.
 1 SYSTEMPATH\CodeIgniter.php(919): App\Controllers\RequestController->getReq()
 2 SYSTEMPATH\CodeIgniter.php(494): CodeIgniter\CodeIgniter->runController(Object(App\Controllers\RequestController))
 3 SYSTEMPATH\CodeIgniter.php(353): CodeIgniter\CodeIgniter->handleRequest(null, Object(Config\Cache), false)
 4 FCPATH\index.php(86): CodeIgniter\CodeIgniter->run()
CRITICAL - 2023-12-10 15:10:56 --> Call to undefined method App\Controllers\RequestController::respond()
in APPPATH\Controllers\RequestController.php on line 33.
 1 SYSTEMPATH\CodeIgniter.php(919): App\Controllers\RequestController->send_request()
 2 SYSTEMPATH\CodeIgniter.php(494): CodeIgniter\CodeIgniter->runController(Object(App\Controllers\RequestController))
 3 SYSTEMPATH\CodeIgniter.php(353): CodeIgniter\CodeIgniter->handleRequest(null, Object(Config\Cache), false)
 4 FCPATH\index.php(86): CodeIgniter\CodeIgniter->run()
CRITICAL - 2023-12-10 15:11:02 --> Call to undefined method App\Controllers\RequestController::respond()
in APPPATH\Controllers\RequestController.php on line 21.
 1 SYSTEMPATH\CodeIgniter.php(919): App\Controllers\RequestController->getReq()
 2 SYSTEMPATH\CodeIgniter.php(494): CodeIgniter\CodeIgniter->runController(Object(App\Controllers\RequestController))
 3 SYSTEMPATH\CodeIgniter.php(353): CodeIgniter\CodeIgniter->handleRequest(null, Object(Config\Cache), false)
 4 FCPATH\index.php(86): CodeIgniter\CodeIgniter->run()
CRITICAL - 2023-12-10 15:11:19 --> Call to undefined method App\Controllers\RequestController::respond()
in APPPATH\Controllers\RequestController.php on line 21.
 1 SYSTEMPATH\CodeIgniter.php(919): App\Controllers\RequestController->getReq()
 2 SYSTEMPATH\CodeIgniter.php(494): CodeIgniter\CodeIgniter->runController(Object(App\Controllers\RequestController))
 3 SYSTEMPATH\CodeIgniter.php(353): CodeIgniter\CodeIgniter->handleRequest(null, Object(Config\Cache), false)
 4 FCPATH\index.php(86): CodeIgniter\CodeIgniter->run()
CRITICAL - 2023-12-10 15:11:23 --> Call to undefined method App\Controllers\RequestController::respond()
in APPPATH\Controllers\RequestController.php on line 33.
 1 SYSTEMPATH\CodeIgniter.php(919): App\Controllers\RequestController->send_request()
 2 SYSTEMPATH\CodeIgniter.php(494): CodeIgniter\CodeIgniter->runController(Object(App\Controllers\RequestController))
 3 SYSTEMPATH\CodeIgniter.php(353): CodeIgniter\CodeIgniter->handleRequest(null, Object(Config\Cache), false)
 4 FCPATH\index.php(86): CodeIgniter\CodeIgniter->run()
CRITICAL - 2023-12-10 15:13:10 --> Call to undefined method App\Controllers\RequestController::respond()
in APPPATH\Controllers\RequestController.php on line 21.
 1 SYSTEMPATH\CodeIgniter.php(919): App\Controllers\RequestController->getReq()
 2 SYSTEMPATH\CodeIgniter.php(494): CodeIgniter\CodeIgniter->runController(Object(App\Controllers\RequestController))
 3 SYSTEMPATH\CodeIgniter.php(353): CodeIgniter\CodeIgniter->handleRequest(null, Object(Config\Cache), false)
 4 FCPATH\index.php(86): CodeIgniter\CodeIgniter->run()
CRITICAL - 2023-12-10 15:13:22 --> Call to undefined method App\Controllers\RequestController::respond()
in APPPATH\Controllers\RequestController.php on line 21.
 1 SYSTEMPATH\CodeIgniter.php(919): App\Controllers\RequestController->getReq()
 2 SYSTEMPATH\CodeIgniter.php(494): CodeIgniter\CodeIgniter->runController(Object(App\Controllers\RequestController))
 3 SYSTEMPATH\CodeIgniter.php(353): CodeIgniter\CodeIgniter->handleRequest(null, Object(Config\Cache), false)
 4 FCPATH\index.php(86): CodeIgniter\CodeIgniter->run()
CRITICAL - 2023-12-10 15:13:31 --> Call to undefined method App\Controllers\RequestController::respond()
in APPPATH\Controllers\RequestController.php on line 21.
 1 SYSTEMPATH\CodeIgniter.php(919): App\Controllers\RequestController->getReq()
 2 SYSTEMPATH\CodeIgniter.php(494): CodeIgniter\CodeIgniter->runController(Object(App\Controllers\RequestController))
 3 SYSTEMPATH\CodeIgniter.php(353): CodeIgniter\CodeIgniter->handleRequest(null, Object(Config\Cache), false)
 4 FCPATH\index.php(86): CodeIgniter\CodeIgniter->run()
CRITICAL - 2023-12-10 15:14:26 --> Call to undefined method App\Controllers\RequestController::respond()
in APPPATH\Controllers\RequestController.php on line 21.
 1 SYSTEMPATH\CodeIgniter.php(919): App\Controllers\RequestController->getReq()
 2 SYSTEMPATH\CodeIgniter.php(494): CodeIgniter\CodeIgniter->runController(Object(App\Controllers\RequestController))
 3 SYSTEMPATH\CodeIgniter.php(353): CodeIgniter\CodeIgniter->handleRequest(null, Object(Config\Cache), false)
 4 FCPATH\index.php(86): CodeIgniter\CodeIgniter->run()
CRITICAL - 2023-12-10 15:14:29 --> Call to undefined method App\Controllers\RequestController::respond()
in APPPATH\Controllers\RequestController.php on line 21.
 1 SYSTEMPATH\CodeIgniter.php(919): App\Controllers\RequestController->getReq()
 2 SYSTEMPATH\CodeIgniter.php(494): CodeIgniter\CodeIgniter->runController(Object(App\Controllers\RequestController))
 3 SYSTEMPATH\CodeIgniter.php(353): CodeIgniter\CodeIgniter->handleRequest(null, Object(Config\Cache), false)
 4 FCPATH\index.php(86): CodeIgniter\CodeIgniter->run()
CRITICAL - 2023-12-10 15:21:09 --> Call to undefined method App\Controllers\RequestController::respond()
in APPPATH\Controllers\RequestController.php on line 21.
 1 SYSTEMPATH\CodeIgniter.php(919): App\Controllers\RequestController->getReq()
 2 SYSTEMPATH\CodeIgniter.php(494): CodeIgniter\CodeIgniter->runController(Object(App\Controllers\RequestController))
 3 SYSTEMPATH\CodeIgniter.php(353): CodeIgniter\CodeIgniter->handleRequest(null, Object(Config\Cache), false)
 4 FCPATH\index.php(86): CodeIgniter\CodeIgniter->run()
CRITICAL - 2023-12-10 15:25:44 --> Call to undefined method App\Controllers\RequestController::respond()
in APPPATH\Controllers\RequestController.php on line 21.
 1 SYSTEMPATH\CodeIgniter.php(919): App\Controllers\RequestController->getReq()
 2 SYSTEMPATH\CodeIgniter.php(494): CodeIgniter\CodeIgniter->runController(Object(App\Controllers\RequestController))
 3 SYSTEMPATH\CodeIgniter.php(353): CodeIgniter\CodeIgniter->handleRequest(null, Object(Config\Cache), false)
 4 FCPATH\index.php(86): CodeIgniter\CodeIgniter->run()
CRITICAL - 2023-12-10 15:25:52 --> Call to undefined method App\Controllers\RequestController::respond()
in APPPATH\Controllers\RequestController.php on line 21.
 1 SYSTEMPATH\CodeIgniter.php(919): App\Controllers\RequestController->getReq()
 2 SYSTEMPATH\CodeIgniter.php(494): CodeIgniter\CodeIgniter->runController(Object(App\Controllers\RequestController))
 3 SYSTEMPATH\CodeIgniter.php(353): CodeIgniter\CodeIgniter->handleRequest(null, Object(Config\Cache), false)
 4 FCPATH\index.php(86): CodeIgniter\CodeIgniter->run()
CRITICAL - 2023-12-10 15:26:00 --> Call to undefined method App\Controllers\RequestController::respond()
in APPPATH\Controllers\RequestController.php on line 21.
 1 SYSTEMPATH\CodeIgniter.php(919): App\Controllers\RequestController->getReq()
 2 SYSTEMPATH\CodeIgniter.php(494): CodeIgniter\CodeIgniter->runController(Object(App\Controllers\RequestController))
 3 SYSTEMPATH\CodeIgniter.php(353): CodeIgniter\CodeIgniter->handleRequest(null, Object(Config\Cache), false)
 4 FCPATH\index.php(86): CodeIgniter\CodeIgniter->run()
CRITICAL - 2023-12-10 15:26:05 --> Call to undefined method App\Controllers\RequestController::respond()
in APPPATH\Controllers\RequestController.php on line 21.
 1 SYSTEMPATH\CodeIgniter.php(919): App\Controllers\RequestController->getReq()
 2 SYSTEMPATH\CodeIgniter.php(494): CodeIgniter\CodeIgniter->runController(Object(App\Controllers\RequestController))
 3 SYSTEMPATH\CodeIgniter.php(353): CodeIgniter\CodeIgniter->handleRequest(null, Object(Config\Cache), false)
 4 FCPATH\index.php(86): CodeIgniter\CodeIgniter->run()
CRITICAL - 2023-12-10 15:26:23 --> Call to undefined method App\Controllers\RequestController::respond()
in APPPATH\Controllers\RequestController.php on line 21.
 1 SYSTEMPATH\CodeIgniter.php(919): App\Controllers\RequestController->getReq()
 2 SYSTEMPATH\CodeIgniter.php(494): CodeIgniter\CodeIgniter->runController(Object(App\Controllers\RequestController))
 3 SYSTEMPATH\CodeIgniter.php(353): CodeIgniter\CodeIgniter->handleRequest(null, Object(Config\Cache), false)
 4 FCPATH\index.php(86): CodeIgniter\CodeIgniter->run()
CRITICAL - 2023-12-10 15:30:44 --> Call to undefined method App\Controllers\RequestController::respond()
in APPPATH\Controllers\RequestController.php on line 21.
 1 SYSTEMPATH\CodeIgniter.php(919): App\Controllers\RequestController->getReq()
 2 SYSTEMPATH\CodeIgniter.php(494): CodeIgniter\CodeIgniter->runController(Object(App\Controllers\RequestController))
 3 SYSTEMPATH\CodeIgniter.php(353): CodeIgniter\CodeIgniter->handleRequest(null, Object(Config\Cache), false)
 4 FCPATH\index.php(86): CodeIgniter\CodeIgniter->run()
CRITICAL - 2023-12-10 15:31:00 --> Call to undefined method App\Controllers\RequestController::respond()
in APPPATH\Controllers\RequestController.php on line 21.
 1 SYSTEMPATH\CodeIgniter.php(919): App\Controllers\RequestController->getReq()
 2 SYSTEMPATH\CodeIgniter.php(494): CodeIgniter\CodeIgniter->runController(Object(App\Controllers\RequestController))
 3 SYSTEMPATH\CodeIgniter.php(353): CodeIgniter\CodeIgniter->handleRequest(null, Object(Config\Cache), false)
 4 FCPATH\index.php(86): CodeIgniter\CodeIgniter->run()
CRITICAL - 2023-12-10 15:31:22 --> Call to undefined method App\Controllers\RequestController::respond()
in APPPATH\Controllers\RequestController.php on line 21.
 1 SYSTEMPATH\CodeIgniter.php(919): App\Controllers\RequestController->getReq()
 2 SYSTEMPATH\CodeIgniter.php(494): CodeIgniter\CodeIgniter->runController(Object(App\Controllers\RequestController))
 3 SYSTEMPATH\CodeIgniter.php(353): CodeIgniter\CodeIgniter->handleRequest(null, Object(Config\Cache), false)
 4 FCPATH\index.php(86): CodeIgniter\CodeIgniter->run()
CRITICAL - 2023-12-10 15:31:24 --> Call to undefined method App\Controllers\RequestController::respond()
in APPPATH\Controllers\RequestController.php on line 21.
 1 SYSTEMPATH\CodeIgniter.php(919): App\Controllers\RequestController->getReq()
 2 SYSTEMPATH\CodeIgniter.php(494): CodeIgniter\CodeIgniter->runController(Object(App\Controllers\RequestController))
 3 SYSTEMPATH\CodeIgniter.php(353): CodeIgniter\CodeIgniter->handleRequest(null, Object(Config\Cache), false)
 4 FCPATH\index.php(86): CodeIgniter\CodeIgniter->run()
CRITICAL - 2023-12-10 15:37:24 --> Call to undefined method App\Controllers\RequestController::respond()
in APPPATH\Controllers\RequestController.php on line 21.
 1 SYSTEMPATH\CodeIgniter.php(919): App\Controllers\RequestController->getReq()
 2 SYSTEMPATH\CodeIgniter.php(494): CodeIgniter\CodeIgniter->runController(Object(App\Controllers\RequestController))
 3 SYSTEMPATH\CodeIgniter.php(353): CodeIgniter\CodeIgniter->handleRequest(null, Object(Config\Cache), false)
 4 FCPATH\index.php(86): CodeIgniter\CodeIgniter->run()
CRITICAL - 2023-12-10 15:37:28 --> Call to undefined method App\Controllers\RequestController::respond()
in APPPATH\Controllers\RequestController.php on line 21.
 1 SYSTEMPATH\CodeIgniter.php(919): App\Controllers\RequestController->getReq()
 2 SYSTEMPATH\CodeIgniter.php(494): CodeIgniter\CodeIgniter->runController(Object(App\Controllers\RequestController))
 3 SYSTEMPATH\CodeIgniter.php(353): CodeIgniter\CodeIgniter->handleRequest(null, Object(Config\Cache), false)
 4 FCPATH\index.php(86): CodeIgniter\CodeIgniter->run()
CRITICAL - 2023-12-10 15:37:31 --> Call to undefined method App\Controllers\RequestController::respond()
in APPPATH\Controllers\RequestController.php on line 21.
 1 SYSTEMPATH\CodeIgniter.php(919): App\Controllers\RequestController->getReq()
 2 SYSTEMPATH\CodeIgniter.php(494): CodeIgniter\CodeIgniter->runController(Object(App\Controllers\RequestController))
 3 SYSTEMPATH\CodeIgniter.php(353): CodeIgniter\CodeIgniter->handleRequest(null, Object(Config\Cache), false)
 4 FCPATH\index.php(86): CodeIgniter\CodeIgniter->run()
CRITICAL - 2023-12-10 15:37:34 --> Call to undefined method App\Controllers\RequestController::respond()
in APPPATH\Controllers\RequestController.php on line 21.
 1 SYSTEMPATH\CodeIgniter.php(919): App\Controllers\RequestController->getReq()
 2 SYSTEMPATH\CodeIgniter.php(494): CodeIgniter\CodeIgniter->runController(Object(App\Controllers\RequestController))
 3 SYSTEMPATH\CodeIgniter.php(353): CodeIgniter\CodeIgniter->handleRequest(null, Object(Config\Cache), false)
 4 FCPATH\index.php(86): CodeIgniter\CodeIgniter->run()
CRITICAL - 2023-12-10 15:39:49 --> Call to undefined method App\Controllers\RequestController::respond()
in APPPATH\Controllers\RequestController.php on line 21.
 1 SYSTEMPATH\CodeIgniter.php(919): App\Controllers\RequestController->getReq()
 2 SYSTEMPATH\CodeIgniter.php(494): CodeIgniter\CodeIgniter->runController(Object(App\Controllers\RequestController))
 3 SYSTEMPATH\CodeIgniter.php(353): CodeIgniter\CodeIgniter->handleRequest(null, Object(Config\Cache), false)
 4 FCPATH\index.php(86): CodeIgniter\CodeIgniter->run()
CRITICAL - 2023-12-10 15:40:01 --> Call to undefined method App\Controllers\RequestController::respond()
in APPPATH\Controllers\RequestController.php on line 21.
 1 SYSTEMPATH\CodeIgniter.php(919): App\Controllers\RequestController->getReq()
 2 SYSTEMPATH\CodeIgniter.php(494): CodeIgniter\CodeIgniter->runController(Object(App\Controllers\RequestController))
 3 SYSTEMPATH\CodeIgniter.php(353): CodeIgniter\CodeIgniter->handleRequest(null, Object(Config\Cache), false)
 4 FCPATH\index.php(86): CodeIgniter\CodeIgniter->run()
CRITICAL - 2023-12-10 15:40:30 --> Call to undefined method App\Controllers\RequestController::respond()
in APPPATH\Controllers\RequestController.php on line 21.
 1 SYSTEMPATH\CodeIgniter.php(919): App\Controllers\RequestController->getReq()
 2 SYSTEMPATH\CodeIgniter.php(494): CodeIgniter\CodeIgniter->runController(Object(App\Controllers\RequestController))
 3 SYSTEMPATH\CodeIgniter.php(353): CodeIgniter\CodeIgniter->handleRequest(null, Object(Config\Cache), false)
 4 FCPATH\index.php(86): CodeIgniter\CodeIgniter->run()
CRITICAL - 2023-12-10 15:40:41 --> Call to undefined method App\Controllers\RequestController::respond()
in APPPATH\Controllers\RequestController.php on line 21.
 1 SYSTEMPATH\CodeIgniter.php(919): App\Controllers\RequestController->getReq()
 2 SYSTEMPATH\CodeIgniter.php(494): CodeIgniter\CodeIgniter->runController(Object(App\Controllers\RequestController))
 3 SYSTEMPATH\CodeIgniter.php(353): CodeIgniter\CodeIgniter->handleRequest(null, Object(Config\Cache), false)
 4 FCPATH\index.php(86): CodeIgniter\CodeIgniter->run()
CRITICAL - 2023-12-10 15:40:43 --> Call to undefined method App\Controllers\RequestController::respond()
in APPPATH\Controllers\RequestController.php on line 21.
 1 SYSTEMPATH\CodeIgniter.php(919): App\Controllers\RequestController->getReq()
 2 SYSTEMPATH\CodeIgniter.php(494): CodeIgniter\CodeIgniter->runController(Object(App\Controllers\RequestController))
 3 SYSTEMPATH\CodeIgniter.php(353): CodeIgniter\CodeIgniter->handleRequest(null, Object(Config\Cache), false)
 4 FCPATH\index.php(86): CodeIgniter\CodeIgniter->run()
CRITICAL - 2023-12-10 15:41:15 --> Call to undefined method App\Controllers\RequestController::respond()
in APPPATH\Controllers\RequestController.php on line 21.
 1 SYSTEMPATH\CodeIgniter.php(919): App\Controllers\RequestController->getReq()
 2 SYSTEMPATH\CodeIgniter.php(494): CodeIgniter\CodeIgniter->runController(Object(App\Controllers\RequestController))
 3 SYSTEMPATH\CodeIgniter.php(353): CodeIgniter\CodeIgniter->handleRequest(null, Object(Config\Cache), false)
 4 FCPATH\index.php(86): CodeIgniter\CodeIgniter->run()
CRITICAL - 2023-12-10 15:41:17 --> Call to undefined method App\Controllers\RequestController::respond()
in APPPATH\Controllers\RequestController.php on line 21.
 1 SYSTEMPATH\CodeIgniter.php(919): App\Controllers\RequestController->getReq()
 2 SYSTEMPATH\CodeIgniter.php(494): CodeIgniter\CodeIgniter->runController(Object(App\Controllers\RequestController))
 3 SYSTEMPATH\CodeIgniter.php(353): CodeIgniter\CodeIgniter->handleRequest(null, Object(Config\Cache), false)
 4 FCPATH\index.php(86): CodeIgniter\CodeIgniter->run()
CRITICAL - 2023-12-10 15:41:27 --> Call to undefined method App\Controllers\RequestController::respond()
in APPPATH\Controllers\RequestController.php on line 21.
 1 SYSTEMPATH\CodeIgniter.php(919): App\Controllers\RequestController->getReq()
 2 SYSTEMPATH\CodeIgniter.php(494): CodeIgniter\CodeIgniter->runController(Object(App\Controllers\RequestController))
 3 SYSTEMPATH\CodeIgniter.php(353): CodeIgniter\CodeIgniter->handleRequest(null, Object(Config\Cache), false)
 4 FCPATH\index.php(86): CodeIgniter\CodeIgniter->run()
CRITICAL - 2023-12-10 15:41:30 --> Call to undefined method App\Controllers\RequestController::respond()
in APPPATH\Controllers\RequestController.php on line 21.
 1 SYSTEMPATH\CodeIgniter.php(919): App\Controllers\RequestController->getReq()
 2 SYSTEMPATH\CodeIgniter.php(494): CodeIgniter\CodeIgniter->runController(Object(App\Controllers\RequestController))
 3 SYSTEMPATH\CodeIgniter.php(353): CodeIgniter\CodeIgniter->handleRequest(null, Object(Config\Cache), false)
 4 FCPATH\index.php(86): CodeIgniter\CodeIgniter->run()
CRITICAL - 2023-12-10 15:42:02 --> Call to undefined method App\Controllers\RequestController::respond()
in APPPATH\Controllers\RequestController.php on line 21.
 1 SYSTEMPATH\CodeIgniter.php(919): App\Controllers\RequestController->getReq()
 2 SYSTEMPATH\CodeIgniter.php(494): CodeIgniter\CodeIgniter->runController(Object(App\Controllers\RequestController))
 3 SYSTEMPATH\CodeIgniter.php(353): CodeIgniter\CodeIgniter->handleRequest(null, Object(Config\Cache), false)
 4 FCPATH\index.php(86): CodeIgniter\CodeIgniter->run()
CRITICAL - 2023-12-10 15:42:16 --> Call to undefined method App\Controllers\RequestController::respond()
in APPPATH\Controllers\RequestController.php on line 21.
 1 SYSTEMPATH\CodeIgniter.php(919): App\Controllers\RequestController->getReq()
 2 SYSTEMPATH\CodeIgniter.php(494): CodeIgniter\CodeIgniter->runController(Object(App\Controllers\RequestController))
 3 SYSTEMPATH\CodeIgniter.php(353): CodeIgniter\CodeIgniter->handleRequest(null, Object(Config\Cache), false)
 4 FCPATH\index.php(86): CodeIgniter\CodeIgniter->run()
CRITICAL - 2023-12-10 15:42:20 --> Call to undefined method App\Controllers\RequestController::respond()
in APPPATH\Controllers\RequestController.php on line 21.
 1 SYSTEMPATH\CodeIgniter.php(919): App\Controllers\RequestController->getReq()
 2 SYSTEMPATH\CodeIgniter.php(494): CodeIgniter\CodeIgniter->runController(Object(App\Controllers\RequestController))
 3 SYSTEMPATH\CodeIgniter.php(353): CodeIgniter\CodeIgniter->handleRequest(null, Object(Config\Cache), false)
 4 FCPATH\index.php(86): CodeIgniter\CodeIgniter->run()
CRITICAL - 2023-12-10 16:14:50 --> Call to undefined method App\Controllers\RequestController::respond()
in APPPATH\Controllers\RequestController.php on line 21.
 1 SYSTEMPATH\CodeIgniter.php(919): App\Controllers\RequestController->getReq()
 2 SYSTEMPATH\CodeIgniter.php(494): CodeIgniter\CodeIgniter->runController(Object(App\Controllers\RequestController))
 3 SYSTEMPATH\CodeIgniter.php(353): CodeIgniter\CodeIgniter->handleRequest(null, Object(Config\Cache), false)
 4 FCPATH\index.php(86): CodeIgniter\CodeIgniter->run()
CRITICAL - 2023-12-10 16:22:59 --> Call to undefined method App\Controllers\RequestController::respond()
in APPPATH\Controllers\RequestController.php on line 28.
 1 SYSTEMPATH\CodeIgniter.php(919): App\Controllers\RequestController->getReq()
 2 SYSTEMPATH\CodeIgniter.php(494): CodeIgniter\CodeIgniter->runController(Object(App\Controllers\RequestController))
 3 SYSTEMPATH\CodeIgniter.php(353): CodeIgniter\CodeIgniter->handleRequest(null, Object(Config\Cache), false)
 4 FCPATH\index.php(86): CodeIgniter\CodeIgniter->run()
CRITICAL - 2023-12-10 16:22:59 --> Call to undefined method App\Controllers\RequestController::respond()
in APPPATH\Controllers\RequestController.php on line 28.
 1 SYSTEMPATH\CodeIgniter.php(919): App\Controllers\RequestController->getReq()
 2 SYSTEMPATH\CodeIgniter.php(494): CodeIgniter\CodeIgniter->runController(Object(App\Controllers\RequestController))
 3 SYSTEMPATH\CodeIgniter.php(353): CodeIgniter\CodeIgniter->handleRequest(null, Object(Config\Cache), false)
 4 FCPATH\index.php(86): CodeIgniter\CodeIgniter->run()
CRITICAL - 2023-12-10 16:23:00 --> Call to undefined method App\Controllers\RequestController::respond()
in APPPATH\Controllers\RequestController.php on line 28.
 1 SYSTEMPATH\CodeIgniter.php(919): App\Controllers\RequestController->getReq()
 2 SYSTEMPATH\CodeIgniter.php(494): CodeIgniter\CodeIgniter->runController(Object(App\Controllers\RequestController))
 3 SYSTEMPATH\CodeIgniter.php(353): CodeIgniter\CodeIgniter->handleRequest(null, Object(Config\Cache), false)
 4 FCPATH\index.php(86): CodeIgniter\CodeIgniter->run()
CRITICAL - 2023-12-10 16:23:06 --> Call to undefined method App\Controllers\RequestController::respond()
in APPPATH\Controllers\RequestController.php on line 28.
 1 SYSTEMPATH\CodeIgniter.php(919): App\Controllers\RequestController->getReq()
 2 SYSTEMPATH\CodeIgniter.php(494): CodeIgniter\CodeIgniter->runController(Object(App\Controllers\RequestController))
 3 SYSTEMPATH\CodeIgniter.php(353): CodeIgniter\CodeIgniter->handleRequest(null, Object(Config\Cache), false)
 4 FCPATH\index.php(86): CodeIgniter\CodeIgniter->run()
CRITICAL - 2023-12-10 16:23:08 --> Call to undefined method App\Controllers\RequestController::respond()
in APPPATH\Controllers\RequestController.php on line 28.
 1 SYSTEMPATH\CodeIgniter.php(919): App\Controllers\RequestController->getReq()
 2 SYSTEMPATH\CodeIgniter.php(494): CodeIgniter\CodeIgniter->runController(Object(App\Controllers\RequestController))
 3 SYSTEMPATH\CodeIgniter.php(353): CodeIgniter\CodeIgniter->handleRequest(null, Object(Config\Cache), false)
 4 FCPATH\index.php(86): CodeIgniter\CodeIgniter->run()
CRITICAL - 2023-12-10 16:28:26 --> Call to undefined method App\Controllers\RequestController::respond()
in APPPATH\Controllers\RequestController.php on line 28.
 1 SYSTEMPATH\CodeIgniter.php(919): App\Controllers\RequestController->getReq()
 2 SYSTEMPATH\CodeIgniter.php(494): CodeIgniter\CodeIgniter->runController(Object(App\Controllers\RequestController))
 3 SYSTEMPATH\CodeIgniter.php(353): CodeIgniter\CodeIgniter->handleRequest(null, Object(Config\Cache), false)
 4 FCPATH\index.php(86): CodeIgniter\CodeIgniter->run()
CRITICAL - 2023-12-10 16:28:51 --> Call to undefined method App\Controllers\RequestController::respond()
in APPPATH\Controllers\RequestController.php on line 28.
 1 SYSTEMPATH\CodeIgniter.php(919): App\Controllers\RequestController->getReq()
 2 SYSTEMPATH\CodeIgniter.php(494): CodeIgniter\CodeIgniter->runController(Object(App\Controllers\RequestController))
 3 SYSTEMPATH\CodeIgniter.php(353): CodeIgniter\CodeIgniter->handleRequest(null, Object(Config\Cache), false)
 4 FCPATH\index.php(86): CodeIgniter\CodeIgniter->run()
CRITICAL - 2023-12-10 16:28:59 --> Call to undefined method App\Controllers\RequestController::respond()
in APPPATH\Controllers\RequestController.php on line 28.
 1 SYSTEMPATH\CodeIgniter.php(919): App\Controllers\RequestController->getReq()
 2 SYSTEMPATH\CodeIgniter.php(494): CodeIgniter\CodeIgniter->runController(Object(App\Controllers\RequestController))
 3 SYSTEMPATH\CodeIgniter.php(353): CodeIgniter\CodeIgniter->handleRequest(null, Object(Config\Cache), false)
 4 FCPATH\index.php(86): CodeIgniter\CodeIgniter->run()
CRITICAL - 2023-12-10 16:57:47 --> Call to undefined method App\Controllers\RequestController::respond()
in APPPATH\Controllers\RequestController.php on line 28.
 1 SYSTEMPATH\CodeIgniter.php(919): App\Controllers\RequestController->getReq()
 2 SYSTEMPATH\CodeIgniter.php(494): CodeIgniter\CodeIgniter->runController(Object(App\Controllers\RequestController))
 3 SYSTEMPATH\CodeIgniter.php(353): CodeIgniter\CodeIgniter->handleRequest(null, Object(Config\Cache), false)
 4 FCPATH\index.php(86): CodeIgniter\CodeIgniter->run()
CRITICAL - 2023-12-10 16:58:49 --> Call to undefined method App\Controllers\RequestController::respond()
in APPPATH\Controllers\RequestController.php on line 28.
 1 SYSTEMPATH\CodeIgniter.php(919): App\Controllers\RequestController->getReq()
 2 SYSTEMPATH\CodeIgniter.php(494): CodeIgniter\CodeIgniter->runController(Object(App\Controllers\RequestController))
 3 SYSTEMPATH\CodeIgniter.php(353): CodeIgniter\CodeIgniter->handleRequest(null, Object(Config\Cache), false)
 4 FCPATH\index.php(86): CodeIgniter\CodeIgniter->run()
CRITICAL - 2023-12-10 16:58:49 --> Call to undefined method App\Controllers\RequestController::respond()
in APPPATH\Controllers\RequestController.php on line 28.
 1 SYSTEMPATH\CodeIgniter.php(919): App\Controllers\RequestController->getReq()
 2 SYSTEMPATH\CodeIgniter.php(494): CodeIgniter\CodeIgniter->runController(Object(App\Controllers\RequestController))
 3 SYSTEMPATH\CodeIgniter.php(353): CodeIgniter\CodeIgniter->handleRequest(null, Object(Config\Cache), false)
 4 FCPATH\index.php(86): CodeIgniter\CodeIgniter->run()
CRITICAL - 2023-12-10 16:59:29 --> Call to undefined method App\Controllers\RequestController::respond()
in APPPATH\Controllers\RequestController.php on line 28.
 1 SYSTEMPATH\CodeIgniter.php(919): App\Controllers\RequestController->getReq()
 2 SYSTEMPATH\CodeIgniter.php(494): CodeIgniter\CodeIgniter->runController(Object(App\Controllers\RequestController))
 3 SYSTEMPATH\CodeIgniter.php(353): CodeIgniter\CodeIgniter->handleRequest(null, Object(Config\Cache), false)
 4 FCPATH\index.php(86): CodeIgniter\CodeIgniter->run()
CRITICAL - 2023-12-10 17:01:09 --> Call to undefined method App\Controllers\RequestController::respond()
in APPPATH\Controllers\RequestController.php on line 28.
 1 SYSTEMPATH\CodeIgniter.php(919): App\Controllers\RequestController->getReq()
 2 SYSTEMPATH\CodeIgniter.php(494): CodeIgniter\CodeIgniter->runController(Object(App\Controllers\RequestController))
 3 SYSTEMPATH\CodeIgniter.php(353): CodeIgniter\CodeIgniter->handleRequest(null, Object(Config\Cache), false)
 4 FCPATH\index.php(86): CodeIgniter\CodeIgniter->run()
CRITICAL - 2023-12-10 17:02:07 --> Call to undefined method App\Controllers\RequestController::respond()
in APPPATH\Controllers\RequestController.php on line 28.
 1 SYSTEMPATH\CodeIgniter.php(919): App\Controllers\RequestController->getReq()
 2 SYSTEMPATH\CodeIgniter.php(494): CodeIgniter\CodeIgniter->runController(Object(App\Controllers\RequestController))
 3 SYSTEMPATH\CodeIgniter.php(353): CodeIgniter\CodeIgniter->handleRequest(null, Object(Config\Cache), false)
 4 FCPATH\index.php(86): CodeIgniter\CodeIgniter->run()
CRITICAL - 2023-12-10 17:05:53 --> Call to undefined method App\Controllers\RequestController::respond()
in APPPATH\Controllers\RequestController.php on line 28.
 1 SYSTEMPATH\CodeIgniter.php(919): App\Controllers\RequestController->getReq()
 2 SYSTEMPATH\CodeIgniter.php(494): CodeIgniter\CodeIgniter->runController(Object(App\Controllers\RequestController))
 3 SYSTEMPATH\CodeIgniter.php(353): CodeIgniter\CodeIgniter->handleRequest(null, Object(Config\Cache), false)
 4 FCPATH\index.php(86): CodeIgniter\CodeIgniter->run()
CRITICAL - 2023-12-10 17:06:18 --> Call to undefined method App\Controllers\RequestController::respond()
in APPPATH\Controllers\RequestController.php on line 28.
 1 SYSTEMPATH\CodeIgniter.php(919): App\Controllers\RequestController->getReq()
 2 SYSTEMPATH\CodeIgniter.php(494): CodeIgniter\CodeIgniter->runController(Object(App\Controllers\RequestController))
 3 SYSTEMPATH\CodeIgniter.php(353): CodeIgniter\CodeIgniter->handleRequest(null, Object(Config\Cache), false)
 4 FCPATH\index.php(86): CodeIgniter\CodeIgniter->run()
CRITICAL - 2023-12-10 17:10:28 --> Call to undefined method App\Controllers\RequestController::respond()
in APPPATH\Controllers\RequestController.php on line 28.
 1 SYSTEMPATH\CodeIgniter.php(919): App\Controllers\RequestController->getReq()
 2 SYSTEMPATH\CodeIgniter.php(494): CodeIgniter\CodeIgniter->runController(Object(App\Controllers\RequestController))
 3 SYSTEMPATH\CodeIgniter.php(353): CodeIgniter\CodeIgniter->handleRequest(null, Object(Config\Cache), false)
 4 FCPATH\index.php(86): CodeIgniter\CodeIgniter->run()
CRITICAL - 2023-12-10 17:10:31 --> Call to undefined method App\Controllers\RequestController::respond()
in APPPATH\Controllers\RequestController.php on line 28.
 1 SYSTEMPATH\CodeIgniter.php(919): App\Controllers\RequestController->getReq()
 2 SYSTEMPATH\CodeIgniter.php(494): CodeIgniter\CodeIgniter->runController(Object(App\Controllers\RequestController))
 3 SYSTEMPATH\CodeIgniter.php(353): CodeIgniter\CodeIgniter->handleRequest(null, Object(Config\Cache), false)
 4 FCPATH\index.php(86): CodeIgniter\CodeIgniter->run()
CRITICAL - 2023-12-10 17:13:43 --> Call to undefined method App\Controllers\RequestController::respond()
in APPPATH\Controllers\RequestController.php on line 28.
 1 SYSTEMPATH\CodeIgniter.php(919): App\Controllers\RequestController->getReq()
 2 SYSTEMPATH\CodeIgniter.php(494): CodeIgniter\CodeIgniter->runController(Object(App\Controllers\RequestController))
 3 SYSTEMPATH\CodeIgniter.php(353): CodeIgniter\CodeIgniter->handleRequest(null, Object(Config\Cache), false)
 4 FCPATH\index.php(86): CodeIgniter\CodeIgniter->run()
CRITICAL - 2023-12-10 17:13:54 --> Call to undefined method App\Controllers\RequestController::respond()
in APPPATH\Controllers\RequestController.php on line 28.
 1 SYSTEMPATH\CodeIgniter.php(919): App\Controllers\RequestController->getReq()
 2 SYSTEMPATH\CodeIgniter.php(494): CodeIgniter\CodeIgniter->runController(Object(App\Controllers\RequestController))
 3 SYSTEMPATH\CodeIgniter.php(353): CodeIgniter\CodeIgniter->handleRequest(null, Object(Config\Cache), false)
 4 FCPATH\index.php(86): CodeIgniter\CodeIgniter->run()
CRITICAL - 2023-12-10 17:14:05 --> Call to undefined method App\Controllers\RequestController::respond()
in APPPATH\Controllers\RequestController.php on line 28.
 1 SYSTEMPATH\CodeIgniter.php(919): App\Controllers\RequestController->getReq()
 2 SYSTEMPATH\CodeIgniter.php(494): CodeIgniter\CodeIgniter->runController(Object(App\Controllers\RequestController))
 3 SYSTEMPATH\CodeIgniter.php(353): CodeIgniter\CodeIgniter->handleRequest(null, Object(Config\Cache), false)
 4 FCPATH\index.php(86): CodeIgniter\CodeIgniter->run()
CRITICAL - 2023-12-10 17:14:07 --> Call to undefined method App\Controllers\RequestController::respond()
in APPPATH\Controllers\RequestController.php on line 28.
 1 SYSTEMPATH\CodeIgniter.php(919): App\Controllers\RequestController->getReq()
 2 SYSTEMPATH\CodeIgniter.php(494): CodeIgniter\CodeIgniter->runController(Object(App\Controllers\RequestController))
 3 SYSTEMPATH\CodeIgniter.php(353): CodeIgniter\CodeIgniter->handleRequest(null, Object(Config\Cache), false)
 4 FCPATH\index.php(86): CodeIgniter\CodeIgniter->run()
CRITICAL - 2023-12-10 17:15:37 --> Call to undefined method App\Controllers\RequestController::respond()
in APPPATH\Controllers\RequestController.php on line 28.
 1 SYSTEMPATH\CodeIgniter.php(919): App\Controllers\RequestController->getReq()
 2 SYSTEMPATH\CodeIgniter.php(494): CodeIgniter\CodeIgniter->runController(Object(App\Controllers\RequestController))
 3 SYSTEMPATH\CodeIgniter.php(353): CodeIgniter\CodeIgniter->handleRequest(null, Object(Config\Cache), false)
 4 FCPATH\index.php(86): CodeIgniter\CodeIgniter->run()
CRITICAL - 2023-12-10 17:16:36 --> Call to undefined method App\Controllers\RequestController::respond()
in APPPATH\Controllers\RequestController.php on line 28.
 1 SYSTEMPATH\CodeIgniter.php(919): App\Controllers\RequestController->getReq()
 2 SYSTEMPATH\CodeIgniter.php(494): CodeIgniter\CodeIgniter->runController(Object(App\Controllers\RequestController))
 3 SYSTEMPATH\CodeIgniter.php(353): CodeIgniter\CodeIgniter->handleRequest(null, Object(Config\Cache), false)
 4 FCPATH\index.php(86): CodeIgniter\CodeIgniter->run()
CRITICAL - 2023-12-10 17:16:40 --> Call to undefined method App\Controllers\RequestController::respond()
in APPPATH\Controllers\RequestController.php on line 28.
 1 SYSTEMPATH\CodeIgniter.php(919): App\Controllers\RequestController->getReq()
 2 SYSTEMPATH\CodeIgniter.php(494): CodeIgniter\CodeIgniter->runController(Object(App\Controllers\RequestController))
 3 SYSTEMPATH\CodeIgniter.php(353): CodeIgniter\CodeIgniter->handleRequest(null, Object(Config\Cache), false)
 4 FCPATH\index.php(86): CodeIgniter\CodeIgniter->run()
CRITICAL - 2023-12-10 17:16:53 --> Call to undefined method App\Controllers\RequestController::respond()
in APPPATH\Controllers\RequestController.php on line 28.
 1 SYSTEMPATH\CodeIgniter.php(919): App\Controllers\RequestController->getReq()
 2 SYSTEMPATH\CodeIgniter.php(494): CodeIgniter\CodeIgniter->runController(Object(App\Controllers\RequestController))
 3 SYSTEMPATH\CodeIgniter.php(353): CodeIgniter\CodeIgniter->handleRequest(null, Object(Config\Cache), false)
 4 FCPATH\index.php(86): CodeIgniter\CodeIgniter->run()
CRITICAL - 2023-12-10 17:16:56 --> Call to undefined method App\Controllers\RequestController::respond()
in APPPATH\Controllers\RequestController.php on line 28.
 1 SYSTEMPATH\CodeIgniter.php(919): App\Controllers\RequestController->getReq()
 2 SYSTEMPATH\CodeIgniter.php(494): CodeIgniter\CodeIgniter->runController(Object(App\Controllers\RequestController))
 3 SYSTEMPATH\CodeIgniter.php(353): CodeIgniter\CodeIgniter->handleRequest(null, Object(Config\Cache), false)
 4 FCPATH\index.php(86): CodeIgniter\CodeIgniter->run()
CRITICAL - 2023-12-10 17:17:02 --> Call to undefined method App\Controllers\RequestController::respond()
in APPPATH\Controllers\RequestController.php on line 28.
 1 SYSTEMPATH\CodeIgniter.php(919): App\Controllers\RequestController->getReq()
 2 SYSTEMPATH\CodeIgniter.php(494): CodeIgniter\CodeIgniter->runController(Object(App\Controllers\RequestController))
 3 SYSTEMPATH\CodeIgniter.php(353): CodeIgniter\CodeIgniter->handleRequest(null, Object(Config\Cache), false)
 4 FCPATH\index.php(86): CodeIgniter\CodeIgniter->run()
CRITICAL - 2023-12-10 17:17:12 --> Call to undefined method App\Controllers\RequestController::respond()
in APPPATH\Controllers\RequestController.php on line 28.
 1 SYSTEMPATH\CodeIgniter.php(919): App\Controllers\RequestController->getReq()
 2 SYSTEMPATH\CodeIgniter.php(494): CodeIgniter\CodeIgniter->runController(Object(App\Controllers\RequestController))
 3 SYSTEMPATH\CodeIgniter.php(353): CodeIgniter\CodeIgniter->handleRequest(null, Object(Config\Cache), false)
 4 FCPATH\index.php(86): CodeIgniter\CodeIgniter->run()
CRITICAL - 2023-12-10 17:17:14 --> Call to undefined method App\Controllers\RequestController::respond()
in APPPATH\Controllers\RequestController.php on line 28.
 1 SYSTEMPATH\CodeIgniter.php(919): App\Controllers\RequestController->getReq()
 2 SYSTEMPATH\CodeIgniter.php(494): CodeIgniter\CodeIgniter->runController(Object(App\Controllers\RequestController))
 3 SYSTEMPATH\CodeIgniter.php(353): CodeIgniter\CodeIgniter->handleRequest(null, Object(Config\Cache), false)
 4 FCPATH\index.php(86): CodeIgniter\CodeIgniter->run()
CRITICAL - 2023-12-10 17:18:13 --> Call to undefined method App\Controllers\RequestController::respond()
in APPPATH\Controllers\RequestController.php on line 28.
 1 SYSTEMPATH\CodeIgniter.php(919): App\Controllers\RequestController->getReq()
 2 SYSTEMPATH\CodeIgniter.php(494): CodeIgniter\CodeIgniter->runController(Object(App\Controllers\RequestController))
 3 SYSTEMPATH\CodeIgniter.php(353): CodeIgniter\CodeIgniter->handleRequest(null, Object(Config\Cache), false)
 4 FCPATH\index.php(86): CodeIgniter\CodeIgniter->run()
CRITICAL - 2023-12-10 17:18:33 --> Call to undefined method App\Controllers\RequestController::respond()
in APPPATH\Controllers\RequestController.php on line 28.
 1 SYSTEMPATH\CodeIgniter.php(919): App\Controllers\RequestController->getReq()
 2 SYSTEMPATH\CodeIgniter.php(494): CodeIgniter\CodeIgniter->runController(Object(App\Controllers\RequestController))
 3 SYSTEMPATH\CodeIgniter.php(353): CodeIgniter\CodeIgniter->handleRequest(null, Object(Config\Cache), false)
 4 FCPATH\index.php(86): CodeIgniter\CodeIgniter->run()
CRITICAL - 2023-12-10 17:18:48 --> Call to undefined method App\Controllers\RequestController::respond()
in APPPATH\Controllers\RequestController.php on line 28.
 1 SYSTEMPATH\CodeIgniter.php(919): App\Controllers\RequestController->getReq()
 2 SYSTEMPATH\CodeIgniter.php(494): CodeIgniter\CodeIgniter->runController(Object(App\Controllers\RequestController))
 3 SYSTEMPATH\CodeIgniter.php(353): CodeIgniter\CodeIgniter->handleRequest(null, Object(Config\Cache), false)
 4 FCPATH\index.php(86): CodeIgniter\CodeIgniter->run()
CRITICAL - 2023-12-10 17:19:41 --> Call to undefined method App\Controllers\RequestController::respond()
in APPPATH\Controllers\RequestController.php on line 28.
 1 SYSTEMPATH\CodeIgniter.php(919): App\Controllers\RequestController->getReq()
 2 SYSTEMPATH\CodeIgniter.php(494): CodeIgniter\CodeIgniter->runController(Object(App\Controllers\RequestController))
 3 SYSTEMPATH\CodeIgniter.php(353): CodeIgniter\CodeIgniter->handleRequest(null, Object(Config\Cache), false)
 4 FCPATH\index.php(86): CodeIgniter\CodeIgniter->run()
CRITICAL - 2023-12-10 17:19:44 --> Call to undefined method App\Controllers\RequestController::respond()
in APPPATH\Controllers\RequestController.php on line 28.
 1 SYSTEMPATH\CodeIgniter.php(919): App\Controllers\RequestController->getReq()
 2 SYSTEMPATH\CodeIgniter.php(494): CodeIgniter\CodeIgniter->runController(Object(App\Controllers\RequestController))
 3 SYSTEMPATH\CodeIgniter.php(353): CodeIgniter\CodeIgniter->handleRequest(null, Object(Config\Cache), false)
 4 FCPATH\index.php(86): CodeIgniter\CodeIgniter->run()
CRITICAL - 2023-12-10 17:19:44 --> Call to undefined method App\Controllers\RequestController::respond()
in APPPATH\Controllers\RequestController.php on line 28.
 1 SYSTEMPATH\CodeIgniter.php(919): App\Controllers\RequestController->getReq()
 2 SYSTEMPATH\CodeIgniter.php(494): CodeIgniter\CodeIgniter->runController(Object(App\Controllers\RequestController))
 3 SYSTEMPATH\CodeIgniter.php(353): CodeIgniter\CodeIgniter->handleRequest(null, Object(Config\Cache), false)
 4 FCPATH\index.php(86): CodeIgniter\CodeIgniter->run()
CRITICAL - 2023-12-10 17:20:30 --> Call to undefined method App\Controllers\RequestController::respond()
in APPPATH\Controllers\RequestController.php on line 28.
 1 SYSTEMPATH\CodeIgniter.php(919): App\Controllers\RequestController->getReq()
 2 SYSTEMPATH\CodeIgniter.php(494): CodeIgniter\CodeIgniter->runController(Object(App\Controllers\RequestController))
 3 SYSTEMPATH\CodeIgniter.php(353): CodeIgniter\CodeIgniter->handleRequest(null, Object(Config\Cache), false)
 4 FCPATH\index.php(86): CodeIgniter\CodeIgniter->run()
CRITICAL - 2023-12-10 17:20:33 --> Call to undefined method App\Controllers\RequestController::respond()
in APPPATH\Controllers\RequestController.php on line 28.
 1 SYSTEMPATH\CodeIgniter.php(919): App\Controllers\RequestController->getReq()
 2 SYSTEMPATH\CodeIgniter.php(494): CodeIgniter\CodeIgniter->runController(Object(App\Controllers\RequestController))
 3 SYSTEMPATH\CodeIgniter.php(353): CodeIgniter\CodeIgniter->handleRequest(null, Object(Config\Cache), false)
 4 FCPATH\index.php(86): CodeIgniter\CodeIgniter->run()
CRITICAL - 2023-12-10 17:20:35 --> Call to undefined method App\Controllers\RequestController::respond()
in APPPATH\Controllers\RequestController.php on line 28.
 1 SYSTEMPATH\CodeIgniter.php(919): App\Controllers\RequestController->getReq()
 2 SYSTEMPATH\CodeIgniter.php(494): CodeIgniter\CodeIgniter->runController(Object(App\Controllers\RequestController))
 3 SYSTEMPATH\CodeIgniter.php(353): CodeIgniter\CodeIgniter->handleRequest(null, Object(Config\Cache), false)
 4 FCPATH\index.php(86): CodeIgniter\CodeIgniter->run()
CRITICAL - 2023-12-10 17:20:50 --> Call to undefined method App\Controllers\RequestController::respond()
in APPPATH\Controllers\RequestController.php on line 28.
 1 SYSTEMPATH\CodeIgniter.php(919): App\Controllers\RequestController->getReq()
 2 SYSTEMPATH\CodeIgniter.php(494): CodeIgniter\CodeIgniter->runController(Object(App\Controllers\RequestController))
 3 SYSTEMPATH\CodeIgniter.php(353): CodeIgniter\CodeIgniter->handleRequest(null, Object(Config\Cache), false)
 4 FCPATH\index.php(86): CodeIgniter\CodeIgniter->run()
CRITICAL - 2023-12-10 17:20:52 --> Call to undefined method App\Controllers\RequestController::respond()
in APPPATH\Controllers\RequestController.php on line 28.
 1 SYSTEMPATH\CodeIgniter.php(919): App\Controllers\RequestController->getReq()
 2 SYSTEMPATH\CodeIgniter.php(494): CodeIgniter\CodeIgniter->runController(Object(App\Controllers\RequestController))
 3 SYSTEMPATH\CodeIgniter.php(353): CodeIgniter\CodeIgniter->handleRequest(null, Object(Config\Cache), false)
 4 FCPATH\index.php(86): CodeIgniter\CodeIgniter->run()
CRITICAL - 2023-12-10 17:22:56 --> Call to undefined method App\Controllers\RequestController::respond()
in APPPATH\Controllers\RequestController.php on line 28.
 1 SYSTEMPATH\CodeIgniter.php(919): App\Controllers\RequestController->getReq()
 2 SYSTEMPATH\CodeIgniter.php(494): CodeIgniter\CodeIgniter->runController(Object(App\Controllers\RequestController))
 3 SYSTEMPATH\CodeIgniter.php(353): CodeIgniter\CodeIgniter->handleRequest(null, Object(Config\Cache), false)
 4 FCPATH\index.php(86): CodeIgniter\CodeIgniter->run()
CRITICAL - 2023-12-10 17:26:38 --> Call to undefined method App\Controllers\RequestController::respond()
in APPPATH\Controllers\RequestController.php on line 28.
 1 SYSTEMPATH\CodeIgniter.php(919): App\Controllers\RequestController->getReq()
 2 SYSTEMPATH\CodeIgniter.php(494): CodeIgniter\CodeIgniter->runController(Object(App\Controllers\RequestController))
 3 SYSTEMPATH\CodeIgniter.php(353): CodeIgniter\CodeIgniter->handleRequest(null, Object(Config\Cache), false)
 4 FCPATH\index.php(86): CodeIgniter\CodeIgniter->run()
CRITICAL - 2023-12-10 17:34:04 --> Call to undefined method App\Controllers\RequestController::respond()
in APPPATH\Controllers\RequestController.php on line 28.
 1 SYSTEMPATH\CodeIgniter.php(919): App\Controllers\RequestController->getReq()
 2 SYSTEMPATH\CodeIgniter.php(494): CodeIgniter\CodeIgniter->runController(Object(App\Controllers\RequestController))
 3 SYSTEMPATH\CodeIgniter.php(353): CodeIgniter\CodeIgniter->handleRequest(null, Object(Config\Cache), false)
 4 FCPATH\index.php(86): CodeIgniter\CodeIgniter->run()
CRITICAL - 2023-12-10 17:34:31 --> Call to undefined method App\Controllers\RequestController::respond()
in APPPATH\Controllers\RequestController.php on line 28.
 1 SYSTEMPATH\CodeIgniter.php(919): App\Controllers\RequestController->getReq()
 2 SYSTEMPATH\CodeIgniter.php(494): CodeIgniter\CodeIgniter->runController(Object(App\Controllers\RequestController))
 3 SYSTEMPATH\CodeIgniter.php(353): CodeIgniter\CodeIgniter->handleRequest(null, Object(Config\Cache), false)
 4 FCPATH\index.php(86): CodeIgniter\CodeIgniter->run()
CRITICAL - 2023-12-10 17:34:38 --> Call to undefined method App\Controllers\RequestController::respond()
in APPPATH\Controllers\RequestController.php on line 28.
 1 SYSTEMPATH\CodeIgniter.php(919): App\Controllers\RequestController->getReq()
 2 SYSTEMPATH\CodeIgniter.php(494): CodeIgniter\CodeIgniter->runController(Object(App\Controllers\RequestController))
 3 SYSTEMPATH\CodeIgniter.php(353): CodeIgniter\CodeIgniter->handleRequest(null, Object(Config\Cache), false)
 4 FCPATH\index.php(86): CodeIgniter\CodeIgniter->run()
