CRITICAL - 2024-09-06 10:14:02 --> Unsupported operand types: string * string
in APPPATH\Controllers\DatabasePPEController.php on line 136.
 1 SYSTEMPATH\CodeIgniter.php(919): App\Controllers\DatabasePPEController->save()
 2 SYSTEMPATH\CodeIgniter.php(494): CodeIgniter\CodeIgniter->runController(Object(App\Controllers\DatabasePPEController))
 3 SYSTEMPATH\CodeIgniter.php(353): CodeIgniter\CodeIgniter->handleRequest(null, Object(Config\Cache), false)
 4 FCPATH\index.php(86): CodeIgniter\CodeIgniter->run()
CRITICAL - 2024-09-06 10:14:29 --> Unsupported operand types: string * string
in APPPATH\Controllers\DatabasePPEController.php on line 136.
 1 SYSTEMPATH\CodeIgniter.php(919): App\Controllers\DatabasePPEController->save()
 2 SYSTEMPATH\CodeIgniter.php(494): CodeIgniter\CodeIgniter->runController(Object(App\Controllers\DatabasePPEController))
 3 SYSTEMPATH\CodeIgniter.php(353): CodeIgniter\CodeIgniter->handleRequest(null, Object(Config\Cache), false)
 4 FCPATH\index.php(86): CodeIgniter\CodeIgniter->run()
CRITICAL - 2024-09-06 10:14:31 --> Unsupported operand types: string * string
in APPPATH\Controllers\DatabasePPEController.php on line 136.
 1 SYSTEMPATH\CodeIgniter.php(919): App\Controllers\DatabasePPEController->save()
 2 SYSTEMPATH\CodeIgniter.php(494): CodeIgniter\CodeIgniter->runController(Object(App\Controllers\DatabasePPEController))
 3 SYSTEMPATH\CodeIgniter.php(353): CodeIgniter\CodeIgniter->handleRequest(null, Object(Config\Cache), false)
 4 FCPATH\index.php(86): CodeIgniter\CodeIgniter->run()
CRITICAL - 2024-09-06 10:14:33 --> Unsupported operand types: string * string
in APPPATH\Controllers\DatabasePPEController.php on line 136.
 1 SYSTEMPATH\CodeIgniter.php(919): App\Controllers\DatabasePPEController->save()
 2 SYSTEMPATH\CodeIgniter.php(494): CodeIgniter\CodeIgniter->runController(Object(App\Controllers\DatabasePPEController))
 3 SYSTEMPATH\CodeIgniter.php(353): CodeIgniter\CodeIgniter->handleRequest(null, Object(Config\Cache), false)
 4 FCPATH\index.php(86): CodeIgniter\CodeIgniter->run()
CRITICAL - 2024-09-06 10:14:36 --> Unsupported operand types: string * string
in APPPATH\Controllers\DatabasePPEController.php on line 136.
 1 SYSTEMPATH\CodeIgniter.php(919): App\Controllers\DatabasePPEController->save()
 2 SYSTEMPATH\CodeIgniter.php(494): CodeIgniter\CodeIgniter->runController(Object(App\Controllers\DatabasePPEController))
 3 SYSTEMPATH\CodeIgniter.php(353): CodeIgniter\CodeIgniter->handleRequest(null, Object(Config\Cache), false)
 4 FCPATH\index.php(86): CodeIgniter\CodeIgniter->run()
