CRITICAL - 2024-02-20 01:41:28 --> Undefined variable $imageFile
in APPPATH\Controllers\DatabasePPEController.php on line 247.
 1 APPPATH\Controllers\DatabasePPEController.php(247): CodeIgniter\Debug\Exceptions->errorHandler(2, 'Undefined variable $imageFile', 'C:\\laragon\\www\\dilg\\backend\\backend\\app\\Controllers\\DatabasePPEController.php', 247)
 2 SYSTEMPATH\CodeIgniter.php(919): App\Controllers\DatabasePPEController->saveInventory()
 3 SYSTEMPATH\CodeIgniter.php(494): CodeIgniter\CodeIgniter->runController(Object(App\Controllers\DatabasePPEController))
 4 SYSTEMPATH\CodeIgniter.php(353): CodeIgniter\CodeIgniter->handleRequest(null, Object(Config\Cache), false)
 5 FCPATH\index.php(86): CodeIgniter\CodeIgniter->run()
CRITICAL - 2024-02-20 01:41:30 --> Undefined variable $imageFile
in APPPATH\Controllers\DatabasePPEController.php on line 247.
 1 APPPATH\Controllers\DatabasePPEController.php(247): CodeIgniter\Debug\Exceptions->errorHandler(2, 'Undefined variable $imageFile', 'C:\\laragon\\www\\dilg\\backend\\backend\\app\\Controllers\\DatabasePPEController.php', 247)
 2 SYSTEMPATH\CodeIgniter.php(919): App\Controllers\DatabasePPEController->saveInventory()
 3 SYSTEMPATH\CodeIgniter.php(494): CodeIgniter\CodeIgniter->runController(Object(App\Controllers\DatabasePPEController))
 4 SYSTEMPATH\CodeIgniter.php(353): CodeIgniter\CodeIgniter->handleRequest(null, Object(Config\Cache), false)
 5 FCPATH\index.php(86): CodeIgniter\CodeIgniter->run()
CRITICAL - 2024-02-20 14:56:23 --> Attempt to read property "entityname" on null
in APPPATH\Controllers\DatabasePPEController.php on line 124.
 1 APPPATH\Controllers\DatabasePPEController.php(124): CodeIgniter\Debug\Exceptions->errorHandler(2, 'Attempt to read property "entityname" on null', 'C:\\laragon\\www\\dilg\\backend\\backend\\app\\Controllers\\DatabasePPEController.php', 124)
 2 SYSTEMPATH\CodeIgniter.php(919): App\Controllers\DatabasePPEController->updateInventory('199')
 3 SYSTEMPATH\CodeIgniter.php(494): CodeIgniter\CodeIgniter->runController(Object(App\Controllers\DatabasePPEController))
 4 SYSTEMPATH\CodeIgniter.php(353): CodeIgniter\CodeIgniter->handleRequest(null, Object(Config\Cache), false)
 5 FCPATH\index.php(86): CodeIgniter\CodeIgniter->run()
CRITICAL - 2024-02-20 14:56:44 --> Attempt to read property "entityname" on null
in APPPATH\Controllers\DatabasePPEController.php on line 124.
 1 APPPATH\Controllers\DatabasePPEController.php(124): CodeIgniter\Debug\Exceptions->errorHandler(2, 'Attempt to read property "entityname" on null', 'C:\\laragon\\www\\dilg\\backend\\backend\\app\\Controllers\\DatabasePPEController.php', 124)
 2 SYSTEMPATH\CodeIgniter.php(919): App\Controllers\DatabasePPEController->updateInventory('199')
 3 SYSTEMPATH\CodeIgniter.php(494): CodeIgniter\CodeIgniter->runController(Object(App\Controllers\DatabasePPEController))
 4 SYSTEMPATH\CodeIgniter.php(353): CodeIgniter\CodeIgniter->handleRequest(null, Object(Config\Cache), false)
 5 FCPATH\index.php(86): CodeIgniter\CodeIgniter->run()
