ERROR - 2024-03-31 07:24:59 --> mysqli_sql_exception: Field 'propertynumber' doesn't have a default value in C:\laragon\www\dilg\backend\backend\system\Database\MySQLi\Connection.php:306
Stack trace:
#0 C:\laragon\www\dilg\backend\backend\system\Database\MySQLi\Connection.php(306): mysqli->query('UPDATE `officer...', 0)
#1 C:\laragon\www\dilg\backend\backend\system\Database\BaseConnection.php(692): CodeIgniter\Database\MySQLi\Connection->execute('UPDATE `officer...')
#2 C:\laragon\www\dilg\backend\backend\system\Database\BaseConnection.php(606): CodeIgniter\Database\BaseConnection->simpleQuery('UPDATE `officer...')
#3 C:\laragon\www\dilg\backend\backend\system\Database\BaseBuilder.php(2475): CodeIgniter\Database\BaseConnection->query('UPDATE `officer...', Array, false)
#4 C:\laragon\www\dilg\backend\backend\system\Model.php(385): CodeIgniter\Database\BaseBuilder->update()
#5 C:\laragon\www\dilg\backend\backend\system\BaseModel.php(949): CodeIgniter\Model->doUpdate(Array, Array)
#6 C:\laragon\www\dilg\backend\backend\system\Model.php(776): CodeIgniter\BaseModel->update(Array, Array)
#7 C:\laragon\www\dilg\backend\backend\app\Controllers\OfficerVerifyController.php(65): CodeIgniter\Model->update('18', Array)
#8 C:\laragon\www\dilg\backend\backend\system\CodeIgniter.php(919): App\Controllers\OfficerVerifyController->updateVerification('18')
#9 C:\laragon\www\dilg\backend\backend\system\CodeIgniter.php(494): CodeIgniter\CodeIgniter->runController(Object(App\Controllers\OfficerVerifyController))
#10 C:\laragon\www\dilg\backend\backend\system\CodeIgniter.php(353): CodeIgniter\CodeIgniter->handleRequest(NULL, Object(Config\Cache), false)
#11 C:\laragon\www\dilg\backend\index.php(86): CodeIgniter\CodeIgniter->run()
#12 {main}
CRITICAL - 2024-03-31 07:24:59 --> Field 'propertynumber' doesn't have a default value
in SYSTEMPATH\Database\BaseConnection.php on line 646.
 1 SYSTEMPATH\Database\BaseBuilder.php(2475): CodeIgniter\Database\BaseConnection->query('UPDATE `officerverifyppe` SET `imageverification` = :imageverification:
WHERE `officerverifyppe`.`id` IN :officerverifyppe.id:', [...], false)
 2 SYSTEMPATH\Model.php(385): CodeIgniter\Database\BaseBuilder->update()
 3 SYSTEMPATH\BaseModel.php(949): CodeIgniter\Model->doUpdate([...], [...])
 4 SYSTEMPATH\Model.php(776): CodeIgniter\BaseModel->update([...], [...])
 5 APPPATH\Controllers\OfficerVerifyController.php(65): CodeIgniter\Model->update('18', [...])
 6 SYSTEMPATH\CodeIgniter.php(919): App\Controllers\OfficerVerifyController->updateVerification('18')
 7 SYSTEMPATH\CodeIgniter.php(494): CodeIgniter\CodeIgniter->runController(Object(App\Controllers\OfficerVerifyController))
 8 SYSTEMPATH\CodeIgniter.php(353): CodeIgniter\CodeIgniter->handleRequest(null, Object(Config\Cache), false)
 9 FCPATH\index.php(86): CodeIgniter\CodeIgniter->run()
ERROR - 2024-03-31 09:50:37 --> mysqli_sql_exception: Unknown column 'token' in 'where clause' in C:\laragon\www\dilg\backend\backend\system\Database\MySQLi\Connection.php:306
Stack trace:
#0 C:\laragon\www\dilg\backend\backend\system\Database\MySQLi\Connection.php(306): mysqli->query('SELECT *\nFROM `...', 0)
#1 C:\laragon\www\dilg\backend\backend\system\Database\BaseConnection.php(692): CodeIgniter\Database\MySQLi\Connection->execute('SELECT *\nFROM `...')
#2 C:\laragon\www\dilg\backend\backend\system\Database\BaseConnection.php(606): CodeIgniter\Database\BaseConnection->simpleQuery('SELECT *\nFROM `...')
#3 C:\laragon\www\dilg\backend\backend\system\Database\BaseBuilder.php(1615): CodeIgniter\Database\BaseConnection->query('SELECT *\nFROM `...', Array, false)
#4 C:\laragon\www\dilg\backend\backend\system\Model.php(264): CodeIgniter\Database\BaseBuilder->get()
#5 C:\laragon\www\dilg\backend\backend\system\BaseModel.php(662): CodeIgniter\Model->doFirst()
#6 C:\laragon\www\dilg\backend\backend\app\Controllers\RequestController.php(22): CodeIgniter\BaseModel->first()
#7 C:\laragon\www\dilg\backend\backend\system\CodeIgniter.php(919): App\Controllers\RequestController->users('lYXbzf5uCUOZ3t1...')
#8 C:\laragon\www\dilg\backend\backend\system\CodeIgniter.php(494): CodeIgniter\CodeIgniter->runController(Object(App\Controllers\RequestController))
#9 C:\laragon\www\dilg\backend\backend\system\CodeIgniter.php(353): CodeIgniter\CodeIgniter->handleRequest(NULL, Object(Config\Cache), false)
#10 C:\laragon\www\dilg\backend\index.php(86): CodeIgniter\CodeIgniter->run()
#11 {main}
CRITICAL - 2024-03-31 09:50:37 --> Unknown column 'token' in 'where clause'
in SYSTEMPATH\Database\BaseConnection.php on line 646.
 1 SYSTEMPATH\Database\BaseBuilder.php(1615): CodeIgniter\Database\BaseConnection->query('SELECT *
FROM `employee`
WHERE `token` = :token:
 LIMIT 1', [...], false)
 2 SYSTEMPATH\Model.php(264): CodeIgniter\Database\BaseBuilder->get()
 3 SYSTEMPATH\BaseModel.php(662): CodeIgniter\Model->doFirst()
 4 APPPATH\Controllers\RequestController.php(22): CodeIgniter\BaseModel->first()
 5 SYSTEMPATH\CodeIgniter.php(919): App\Controllers\RequestController->users('lYXbzf5uCUOZ3t1caKRDqGdVyJxeFiMk7gTWL0NAPj6n9B42Qm')
 6 SYSTEMPATH\CodeIgniter.php(494): CodeIgniter\CodeIgniter->runController(Object(App\Controllers\RequestController))
 7 SYSTEMPATH\CodeIgniter.php(353): CodeIgniter\CodeIgniter->handleRequest(null, Object(Config\Cache), false)
 8 FCPATH\index.php(86): CodeIgniter\CodeIgniter->run()
CRITICAL - 2024-03-31 12:32:39 --> Trying to access array offset on value of type null
in APPPATH\Controllers\DatabasePPEController.php on line 184.
 1 APPPATH\Controllers\DatabasePPEController.php(184): CodeIgniter\Debug\Exceptions->errorHandler(2, 'Trying to access array offset on value of type null', 'C:\\laragon\\www\\dilg\\backend\\backend\\app\\Controllers\\DatabasePPEController.php', 184)
 2 SYSTEMPATH\CodeIgniter.php(919): App\Controllers\DatabasePPEController->updateInventory('lYXbzf5uCUOZ3t1caKRDqGdVyJxeFiMk7gTWL0NAPj6n9B42Qm')
 3 SYSTEMPATH\CodeIgniter.php(494): CodeIgniter\CodeIgniter->runController(Object(App\Controllers\DatabasePPEController))
 4 SYSTEMPATH\CodeIgniter.php(353): CodeIgniter\CodeIgniter->handleRequest(null, Object(Config\Cache), false)
 5 FCPATH\index.php(86): CodeIgniter\CodeIgniter->run()
CRITICAL - 2024-03-31 12:32:48 --> Trying to access array offset on value of type null
in APPPATH\Controllers\DatabasePPEController.php on line 184.
 1 APPPATH\Controllers\DatabasePPEController.php(184): CodeIgniter\Debug\Exceptions->errorHandler(2, 'Trying to access array offset on value of type null', 'C:\\laragon\\www\\dilg\\backend\\backend\\app\\Controllers\\DatabasePPEController.php', 184)
 2 SYSTEMPATH\CodeIgniter.php(919): App\Controllers\DatabasePPEController->updateInventory('lYXbzf5uCUOZ3t1caKRDqGdVyJxeFiMk7gTWL0NAPj6n9B42Qm')
 3 SYSTEMPATH\CodeIgniter.php(494): CodeIgniter\CodeIgniter->runController(Object(App\Controllers\DatabasePPEController))
 4 SYSTEMPATH\CodeIgniter.php(353): CodeIgniter\CodeIgniter->handleRequest(null, Object(Config\Cache), false)
 5 FCPATH\index.php(86): CodeIgniter\CodeIgniter->run()
CRITICAL - 2024-03-31 12:33:32 --> Trying to access array offset on value of type null
in APPPATH\Controllers\DatabasePPEController.php on line 184.
 1 APPPATH\Controllers\DatabasePPEController.php(184): CodeIgniter\Debug\Exceptions->errorHandler(2, 'Trying to access array offset on value of type null', 'C:\\laragon\\www\\dilg\\backend\\backend\\app\\Controllers\\DatabasePPEController.php', 184)
 2 SYSTEMPATH\CodeIgniter.php(919): App\Controllers\DatabasePPEController->updateInventory('lYXbzf5uCUOZ3t1caKRDqGdVyJxeFiMk7gTWL0NAPj6n9B42Qm')
 3 SYSTEMPATH\CodeIgniter.php(494): CodeIgniter\CodeIgniter->runController(Object(App\Controllers\DatabasePPEController))
 4 SYSTEMPATH\CodeIgniter.php(353): CodeIgniter\CodeIgniter->handleRequest(null, Object(Config\Cache), false)
 5 FCPATH\index.php(86): CodeIgniter\CodeIgniter->run()
CRITICAL - 2024-03-31 12:34:17 --> Trying to access array offset on value of type null
in APPPATH\Controllers\DatabasePPEController.php on line 184.
 1 APPPATH\Controllers\DatabasePPEController.php(184): CodeIgniter\Debug\Exceptions->errorHandler(2, 'Trying to access array offset on value of type null', 'C:\\laragon\\www\\dilg\\backend\\backend\\app\\Controllers\\DatabasePPEController.php', 184)
 2 SYSTEMPATH\CodeIgniter.php(919): App\Controllers\DatabasePPEController->updateInventory('lYXbzf5uCUOZ3t1caKRDqGdVyJxeFiMk7gTWL0NAPj6n9B42Qm')
 3 SYSTEMPATH\CodeIgniter.php(494): CodeIgniter\CodeIgniter->runController(Object(App\Controllers\DatabasePPEController))
 4 SYSTEMPATH\CodeIgniter.php(353): CodeIgniter\CodeIgniter->handleRequest(null, Object(Config\Cache), false)
 5 FCPATH\index.php(86): CodeIgniter\CodeIgniter->run()
ERROR - 2024-03-31 17:23:09 --> mysqli_sql_exception: Field 'propertynumber' doesn't have a default value in C:\laragon\www\dilg\backend\backend\system\Database\MySQLi\Connection.php:306
Stack trace:
#0 C:\laragon\www\dilg\backend\backend\system\Database\MySQLi\Connection.php(306): mysqli->query('UPDATE `officer...', 0)
#1 C:\laragon\www\dilg\backend\backend\system\Database\BaseConnection.php(692): CodeIgniter\Database\MySQLi\Connection->execute('UPDATE `officer...')
#2 C:\laragon\www\dilg\backend\backend\system\Database\BaseConnection.php(606): CodeIgniter\Database\BaseConnection->simpleQuery('UPDATE `officer...')
#3 C:\laragon\www\dilg\backend\backend\system\Database\BaseBuilder.php(2475): CodeIgniter\Database\BaseConnection->query('UPDATE `officer...', Array, false)
#4 C:\laragon\www\dilg\backend\backend\system\Model.php(385): CodeIgniter\Database\BaseBuilder->update()
#5 C:\laragon\www\dilg\backend\backend\system\BaseModel.php(949): CodeIgniter\Model->doUpdate(Array, Array)
#6 C:\laragon\www\dilg\backend\backend\system\Model.php(776): CodeIgniter\BaseModel->update(Array, Array)
#7 C:\laragon\www\dilg\backend\backend\app\Controllers\OfficerVerifyController.php(65): CodeIgniter\Model->update('8', Array)
#8 C:\laragon\www\dilg\backend\backend\system\CodeIgniter.php(919): App\Controllers\OfficerVerifyController->updateVerification('8')
#9 C:\laragon\www\dilg\backend\backend\system\CodeIgniter.php(494): CodeIgniter\CodeIgniter->runController(Object(App\Controllers\OfficerVerifyController))
#10 C:\laragon\www\dilg\backend\backend\system\CodeIgniter.php(353): CodeIgniter\CodeIgniter->handleRequest(NULL, Object(Config\Cache), false)
#11 C:\laragon\www\dilg\backend\index.php(86): CodeIgniter\CodeIgniter->run()
#12 {main}
CRITICAL - 2024-03-31 17:23:09 --> Field 'propertynumber' doesn't have a default value
in SYSTEMPATH\Database\BaseConnection.php on line 646.
 1 SYSTEMPATH\Database\BaseBuilder.php(2475): CodeIgniter\Database\BaseConnection->query('UPDATE `officerverifyppe` SET `imageverification` = :imageverification:
WHERE `officerverifyppe`.`id` IN :officerverifyppe.id:', [...], false)
 2 SYSTEMPATH\Model.php(385): CodeIgniter\Database\BaseBuilder->update()
 3 SYSTEMPATH\BaseModel.php(949): CodeIgniter\Model->doUpdate([...], [...])
 4 SYSTEMPATH\Model.php(776): CodeIgniter\BaseModel->update([...], [...])
 5 APPPATH\Controllers\OfficerVerifyController.php(65): CodeIgniter\Model->update('8', [...])
 6 SYSTEMPATH\CodeIgniter.php(919): App\Controllers\OfficerVerifyController->updateVerification('8')
 7 SYSTEMPATH\CodeIgniter.php(494): CodeIgniter\CodeIgniter->runController(Object(App\Controllers\OfficerVerifyController))
 8 SYSTEMPATH\CodeIgniter.php(353): CodeIgniter\CodeIgniter->handleRequest(null, Object(Config\Cache), false)
 9 FCPATH\index.php(86): CodeIgniter\CodeIgniter->run()
CRITICAL - 2024-03-31 17:23:30 --> unlink(C:\laragon\www\dilg\backend\backend\../uploads/1709698896_3098646cc923a453545a.png): No such file or directory
in APPPATH\Controllers\OfficerVerifyController.php on line 51.
 1 [internal function]: CodeIgniter\Debug\Exceptions->errorHandler(2, 'unlink(C:\\laragon\\www\\dilg\\backend\\backend\\../uploads/1709698896_3098646cc923a453545a.png): No such file or directory', 'C:\\laragon\\www\\dilg\\backend\\backend\\app\\Controllers\\OfficerVerifyController.php', 51)
 2 APPPATH\Controllers\OfficerVerifyController.php(51): unlink('C:\\laragon\\www\\dilg\\backend\\backend\\../uploads/1709698896_3098646cc923a453545a.png')
 3 SYSTEMPATH\CodeIgniter.php(919): App\Controllers\OfficerVerifyController->updateVerification('16')
 4 SYSTEMPATH\CodeIgniter.php(494): CodeIgniter\CodeIgniter->runController(Object(App\Controllers\OfficerVerifyController))
 5 SYSTEMPATH\CodeIgniter.php(353): CodeIgniter\CodeIgniter->handleRequest(null, Object(Config\Cache), false)
 6 FCPATH\index.php(86): CodeIgniter\CodeIgniter->run()
ERROR - 2024-03-31 17:26:37 --> mysqli_sql_exception: Field 'propertynumber' doesn't have a default value in C:\laragon\www\dilg\backend\backend\system\Database\MySQLi\Connection.php:306
Stack trace:
#0 C:\laragon\www\dilg\backend\backend\system\Database\MySQLi\Connection.php(306): mysqli->query('UPDATE `officer...', 0)
#1 C:\laragon\www\dilg\backend\backend\system\Database\BaseConnection.php(692): CodeIgniter\Database\MySQLi\Connection->execute('UPDATE `officer...')
#2 C:\laragon\www\dilg\backend\backend\system\Database\BaseConnection.php(606): CodeIgniter\Database\BaseConnection->simpleQuery('UPDATE `officer...')
#3 C:\laragon\www\dilg\backend\backend\system\Database\BaseBuilder.php(2475): CodeIgniter\Database\BaseConnection->query('UPDATE `officer...', Array, false)
#4 C:\laragon\www\dilg\backend\backend\system\Model.php(385): CodeIgniter\Database\BaseBuilder->update()
#5 C:\laragon\www\dilg\backend\backend\system\BaseModel.php(949): CodeIgniter\Model->doUpdate(Array, Array)
#6 C:\laragon\www\dilg\backend\backend\system\Model.php(776): CodeIgniter\BaseModel->update(Array, Array)
#7 C:\laragon\www\dilg\backend\backend\app\Controllers\OfficerVerifyController.php(65): CodeIgniter\Model->update('18', Array)
#8 C:\laragon\www\dilg\backend\backend\system\CodeIgniter.php(919): App\Controllers\OfficerVerifyController->updateVerification('18')
#9 C:\laragon\www\dilg\backend\backend\system\CodeIgniter.php(494): CodeIgniter\CodeIgniter->runController(Object(App\Controllers\OfficerVerifyController))
#10 C:\laragon\www\dilg\backend\backend\system\CodeIgniter.php(353): CodeIgniter\CodeIgniter->handleRequest(NULL, Object(Config\Cache), false)
#11 C:\laragon\www\dilg\backend\index.php(86): CodeIgniter\CodeIgniter->run()
#12 {main}
CRITICAL - 2024-03-31 17:26:37 --> Field 'propertynumber' doesn't have a default value
in SYSTEMPATH\Database\BaseConnection.php on line 646.
 1 SYSTEMPATH\Database\BaseBuilder.php(2475): CodeIgniter\Database\BaseConnection->query('UPDATE `officerverifyppe` SET `imageverification` = :imageverification:
WHERE `officerverifyppe`.`id` IN :officerverifyppe.id:', [...], false)
 2 SYSTEMPATH\Model.php(385): CodeIgniter\Database\BaseBuilder->update()
 3 SYSTEMPATH\BaseModel.php(949): CodeIgniter\Model->doUpdate([...], [...])
 4 SYSTEMPATH\Model.php(776): CodeIgniter\BaseModel->update([...], [...])
 5 APPPATH\Controllers\OfficerVerifyController.php(65): CodeIgniter\Model->update('18', [...])
 6 SYSTEMPATH\CodeIgniter.php(919): App\Controllers\OfficerVerifyController->updateVerification('18')
 7 SYSTEMPATH\CodeIgniter.php(494): CodeIgniter\CodeIgniter->runController(Object(App\Controllers\OfficerVerifyController))
 8 SYSTEMPATH\CodeIgniter.php(353): CodeIgniter\CodeIgniter->handleRequest(null, Object(Config\Cache), false)
 9 FCPATH\index.php(86): CodeIgniter\CodeIgniter->run()
CRITICAL - 2024-03-31 17:28:36 --> unlink(C:\laragon\www\dilg\backend\backend\../uploads/1710252990_101901581bb653f63be8.png): No such file or directory
in APPPATH\Controllers\OfficerVerifyController.php on line 51.
 1 [internal function]: CodeIgniter\Debug\Exceptions->errorHandler(2, 'unlink(C:\\laragon\\www\\dilg\\backend\\backend\\../uploads/1710252990_101901581bb653f63be8.png): No such file or directory', 'C:\\laragon\\www\\dilg\\backend\\backend\\app\\Controllers\\OfficerVerifyController.php', 51)
 2 APPPATH\Controllers\OfficerVerifyController.php(51): unlink('C:\\laragon\\www\\dilg\\backend\\backend\\../uploads/1710252990_101901581bb653f63be8.png')
 3 SYSTEMPATH\CodeIgniter.php(919): App\Controllers\OfficerVerifyController->updateVerification('8')
 4 SYSTEMPATH\CodeIgniter.php(494): CodeIgniter\CodeIgniter->runController(Object(App\Controllers\OfficerVerifyController))
 5 SYSTEMPATH\CodeIgniter.php(353): CodeIgniter\CodeIgniter->handleRequest(null, Object(Config\Cache), false)
 6 FCPATH\index.php(86): CodeIgniter\CodeIgniter->run()
CRITICAL - 2024-03-31 17:28:43 --> unlink(C:\laragon\www\dilg\backend\backend\../uploads/1710252990_101901581bb653f63be8.png): No such file or directory
in APPPATH\Controllers\OfficerVerifyController.php on line 51.
 1 [internal function]: CodeIgniter\Debug\Exceptions->errorHandler(2, 'unlink(C:\\laragon\\www\\dilg\\backend\\backend\\../uploads/1710252990_101901581bb653f63be8.png): No such file or directory', 'C:\\laragon\\www\\dilg\\backend\\backend\\app\\Controllers\\OfficerVerifyController.php', 51)
 2 APPPATH\Controllers\OfficerVerifyController.php(51): unlink('C:\\laragon\\www\\dilg\\backend\\backend\\../uploads/1710252990_101901581bb653f63be8.png')
 3 SYSTEMPATH\CodeIgniter.php(919): App\Controllers\OfficerVerifyController->updateVerification('8')
 4 SYSTEMPATH\CodeIgniter.php(494): CodeIgniter\CodeIgniter->runController(Object(App\Controllers\OfficerVerifyController))
 5 SYSTEMPATH\CodeIgniter.php(353): CodeIgniter\CodeIgniter->handleRequest(null, Object(Config\Cache), false)
 6 FCPATH\index.php(86): CodeIgniter\CodeIgniter->run()
CRITICAL - 2024-03-31 17:31:57 --> unlink(C:\laragon\www\dilg\backend\backend\./uploads/1710252990_101901581bb653f63be8.png): No such file or directory
in APPPATH\Controllers\OfficerVerifyController.php on line 51.
 1 [internal function]: CodeIgniter\Debug\Exceptions->errorHandler(2, 'unlink(C:\\laragon\\www\\dilg\\backend\\backend\\./uploads/1710252990_101901581bb653f63be8.png): No such file or directory', 'C:\\laragon\\www\\dilg\\backend\\backend\\app\\Controllers\\OfficerVerifyController.php', 51)
 2 APPPATH\Controllers\OfficerVerifyController.php(51): unlink('C:\\laragon\\www\\dilg\\backend\\backend\\./uploads/1710252990_101901581bb653f63be8.png')
 3 SYSTEMPATH\CodeIgniter.php(919): App\Controllers\OfficerVerifyController->updateVerification('8')
 4 SYSTEMPATH\CodeIgniter.php(494): CodeIgniter\CodeIgniter->runController(Object(App\Controllers\OfficerVerifyController))
 5 SYSTEMPATH\CodeIgniter.php(353): CodeIgniter\CodeIgniter->handleRequest(null, Object(Config\Cache), false)
 6 FCPATH\index.php(86): CodeIgniter\CodeIgniter->run()
CRITICAL - 2024-03-31 17:32:09 --> unlink(C:\laragon\www\dilg\backend\backend\../uploads/1710252990_101901581bb653f63be8.png): No such file or directory
in APPPATH\Controllers\OfficerVerifyController.php on line 51.
 1 [internal function]: CodeIgniter\Debug\Exceptions->errorHandler(2, 'unlink(C:\\laragon\\www\\dilg\\backend\\backend\\../uploads/1710252990_101901581bb653f63be8.png): No such file or directory', 'C:\\laragon\\www\\dilg\\backend\\backend\\app\\Controllers\\OfficerVerifyController.php', 51)
 2 APPPATH\Controllers\OfficerVerifyController.php(51): unlink('C:\\laragon\\www\\dilg\\backend\\backend\\../uploads/1710252990_101901581bb653f63be8.png')
 3 SYSTEMPATH\CodeIgniter.php(919): App\Controllers\OfficerVerifyController->updateVerification('8')
 4 SYSTEMPATH\CodeIgniter.php(494): CodeIgniter\CodeIgniter->runController(Object(App\Controllers\OfficerVerifyController))
 5 SYSTEMPATH\CodeIgniter.php(353): CodeIgniter\CodeIgniter->handleRequest(null, Object(Config\Cache), false)
 6 FCPATH\index.php(86): CodeIgniter\CodeIgniter->run()
CRITICAL - 2024-03-31 17:32:19 --> Undefined variable $data
in APPPATH\Controllers\OfficerVerifyController.php on line 65.
 1 APPPATH\Controllers\OfficerVerifyController.php(65): CodeIgniter\Debug\Exceptions->errorHandler(2, 'Undefined variable $data', 'C:\\laragon\\www\\dilg\\backend\\backend\\app\\Controllers\\OfficerVerifyController.php', 65)
 2 SYSTEMPATH\CodeIgniter.php(919): App\Controllers\OfficerVerifyController->updateVerification('9')
 3 SYSTEMPATH\CodeIgniter.php(494): CodeIgniter\CodeIgniter->runController(Object(App\Controllers\OfficerVerifyController))
 4 SYSTEMPATH\CodeIgniter.php(353): CodeIgniter\CodeIgniter->handleRequest(null, Object(Config\Cache), false)
 5 FCPATH\index.php(86): CodeIgniter\CodeIgniter->run()
ERROR - 2024-03-31 17:32:32 --> mysqli_sql_exception: Field 'propertynumber' doesn't have a default value in C:\laragon\www\dilg\backend\backend\system\Database\MySQLi\Connection.php:306
Stack trace:
#0 C:\laragon\www\dilg\backend\backend\system\Database\MySQLi\Connection.php(306): mysqli->query('UPDATE `officer...', 0)
#1 C:\laragon\www\dilg\backend\backend\system\Database\BaseConnection.php(692): CodeIgniter\Database\MySQLi\Connection->execute('UPDATE `officer...')
#2 C:\laragon\www\dilg\backend\backend\system\Database\BaseConnection.php(606): CodeIgniter\Database\BaseConnection->simpleQuery('UPDATE `officer...')
#3 C:\laragon\www\dilg\backend\backend\system\Database\BaseBuilder.php(2475): CodeIgniter\Database\BaseConnection->query('UPDATE `officer...', Array, false)
#4 C:\laragon\www\dilg\backend\backend\system\Model.php(385): CodeIgniter\Database\BaseBuilder->update()
#5 C:\laragon\www\dilg\backend\backend\system\BaseModel.php(949): CodeIgniter\Model->doUpdate(Array, Array)
#6 C:\laragon\www\dilg\backend\backend\system\Model.php(776): CodeIgniter\BaseModel->update(Array, Array)
#7 C:\laragon\www\dilg\backend\backend\app\Controllers\OfficerVerifyController.php(65): CodeIgniter\Model->update('18', Array)
#8 C:\laragon\www\dilg\backend\backend\system\CodeIgniter.php(919): App\Controllers\OfficerVerifyController->updateVerification('18')
#9 C:\laragon\www\dilg\backend\backend\system\CodeIgniter.php(494): CodeIgniter\CodeIgniter->runController(Object(App\Controllers\OfficerVerifyController))
#10 C:\laragon\www\dilg\backend\backend\system\CodeIgniter.php(353): CodeIgniter\CodeIgniter->handleRequest(NULL, Object(Config\Cache), false)
#11 C:\laragon\www\dilg\backend\index.php(86): CodeIgniter\CodeIgniter->run()
#12 {main}
CRITICAL - 2024-03-31 17:32:32 --> Field 'propertynumber' doesn't have a default value
in SYSTEMPATH\Database\BaseConnection.php on line 646.
 1 SYSTEMPATH\Database\BaseBuilder.php(2475): CodeIgniter\Database\BaseConnection->query('UPDATE `officerverifyppe` SET `imageverification` = :imageverification:
WHERE `officerverifyppe`.`id` IN :officerverifyppe.id:', [...], false)
 2 SYSTEMPATH\Model.php(385): CodeIgniter\Database\BaseBuilder->update()
 3 SYSTEMPATH\BaseModel.php(949): CodeIgniter\Model->doUpdate([...], [...])
 4 SYSTEMPATH\Model.php(776): CodeIgniter\BaseModel->update([...], [...])
 5 APPPATH\Controllers\OfficerVerifyController.php(65): CodeIgniter\Model->update('18', [...])
 6 SYSTEMPATH\CodeIgniter.php(919): App\Controllers\OfficerVerifyController->updateVerification('18')
 7 SYSTEMPATH\CodeIgniter.php(494): CodeIgniter\CodeIgniter->runController(Object(App\Controllers\OfficerVerifyController))
 8 SYSTEMPATH\CodeIgniter.php(353): CodeIgniter\CodeIgniter->handleRequest(null, Object(Config\Cache), false)
 9 FCPATH\index.php(86): CodeIgniter\CodeIgniter->run()
CRITICAL - 2024-03-31 17:32:44 --> Undefined variable $data
in APPPATH\Controllers\OfficerVerifyController.php on line 65.
 1 APPPATH\Controllers\OfficerVerifyController.php(65): CodeIgniter\Debug\Exceptions->errorHandler(2, 'Undefined variable $data', 'C:\\laragon\\www\\dilg\\backend\\backend\\app\\Controllers\\OfficerVerifyController.php', 65)
 2 SYSTEMPATH\CodeIgniter.php(919): App\Controllers\OfficerVerifyController->updateVerification('18')
 3 SYSTEMPATH\CodeIgniter.php(494): CodeIgniter\CodeIgniter->runController(Object(App\Controllers\OfficerVerifyController))
 4 SYSTEMPATH\CodeIgniter.php(353): CodeIgniter\CodeIgniter->handleRequest(null, Object(Config\Cache), false)
 5 FCPATH\index.php(86): CodeIgniter\CodeIgniter->run()
ERROR - 2024-03-31 17:35:55 --> mysqli_sql_exception: Field 'propertynumber' doesn't have a default value in C:\laragon\www\dilg\backend\backend\system\Database\MySQLi\Connection.php:306
Stack trace:
#0 C:\laragon\www\dilg\backend\backend\system\Database\MySQLi\Connection.php(306): mysqli->query('UPDATE `officer...', 0)
#1 C:\laragon\www\dilg\backend\backend\system\Database\BaseConnection.php(692): CodeIgniter\Database\MySQLi\Connection->execute('UPDATE `officer...')
#2 C:\laragon\www\dilg\backend\backend\system\Database\BaseConnection.php(606): CodeIgniter\Database\BaseConnection->simpleQuery('UPDATE `officer...')
#3 C:\laragon\www\dilg\backend\backend\system\Database\BaseBuilder.php(2475): CodeIgniter\Database\BaseConnection->query('UPDATE `officer...', Array, false)
#4 C:\laragon\www\dilg\backend\backend\system\Model.php(385): CodeIgniter\Database\BaseBuilder->update()
#5 C:\laragon\www\dilg\backend\backend\system\BaseModel.php(949): CodeIgniter\Model->doUpdate(Array, Array)
#6 C:\laragon\www\dilg\backend\backend\system\Model.php(776): CodeIgniter\BaseModel->update(Array, Array)
#7 C:\laragon\www\dilg\backend\backend\app\Controllers\OfficerVerifyController.php(65): CodeIgniter\Model->update('18', Array)
#8 C:\laragon\www\dilg\backend\backend\system\CodeIgniter.php(919): App\Controllers\OfficerVerifyController->updateVerification('18')
#9 C:\laragon\www\dilg\backend\backend\system\CodeIgniter.php(494): CodeIgniter\CodeIgniter->runController(Object(App\Controllers\OfficerVerifyController))
#10 C:\laragon\www\dilg\backend\backend\system\CodeIgniter.php(353): CodeIgniter\CodeIgniter->handleRequest(NULL, Object(Config\Cache), false)
#11 C:\laragon\www\dilg\backend\index.php(86): CodeIgniter\CodeIgniter->run()
#12 {main}
CRITICAL - 2024-03-31 17:35:55 --> Field 'propertynumber' doesn't have a default value
in SYSTEMPATH\Database\BaseConnection.php on line 646.
 1 SYSTEMPATH\Database\BaseBuilder.php(2475): CodeIgniter\Database\BaseConnection->query('UPDATE `officerverifyppe` SET `imageverification` = :imageverification:
WHERE `officerverifyppe`.`id` IN :officerverifyppe.id:', [...], false)
 2 SYSTEMPATH\Model.php(385): CodeIgniter\Database\BaseBuilder->update()
 3 SYSTEMPATH\BaseModel.php(949): CodeIgniter\Model->doUpdate([...], [...])
 4 SYSTEMPATH\Model.php(776): CodeIgniter\BaseModel->update([...], [...])
 5 APPPATH\Controllers\OfficerVerifyController.php(65): CodeIgniter\Model->update('18', [...])
 6 SYSTEMPATH\CodeIgniter.php(919): App\Controllers\OfficerVerifyController->updateVerification('18')
 7 SYSTEMPATH\CodeIgniter.php(494): CodeIgniter\CodeIgniter->runController(Object(App\Controllers\OfficerVerifyController))
 8 SYSTEMPATH\CodeIgniter.php(353): CodeIgniter\CodeIgniter->handleRequest(null, Object(Config\Cache), false)
 9 FCPATH\index.php(86): CodeIgniter\CodeIgniter->run()
CRITICAL - 2024-03-31 17:37:26 --> unlink(C:\laragon\www\dilg\backend\backend\../uploads/): Is a directory
in APPPATH\Controllers\OfficerVerifyController.php on line 59.
 1 [internal function]: CodeIgniter\Debug\Exceptions->errorHandler(2, 'unlink(C:\\laragon\\www\\dilg\\backend\\backend\\../uploads/): Is a directory', 'C:\\laragon\\www\\dilg\\backend\\backend\\app\\Controllers\\OfficerVerifyController.php', 59)
 2 APPPATH\Controllers\OfficerVerifyController.php(59): unlink('C:\\laragon\\www\\dilg\\backend\\backend\\../uploads/')
 3 SYSTEMPATH\CodeIgniter.php(919): App\Controllers\OfficerVerifyController->updateVerification('18')
 4 SYSTEMPATH\CodeIgniter.php(494): CodeIgniter\CodeIgniter->runController(Object(App\Controllers\OfficerVerifyController))
 5 SYSTEMPATH\CodeIgniter.php(353): CodeIgniter\CodeIgniter->handleRequest(null, Object(Config\Cache), false)
 6 FCPATH\index.php(86): CodeIgniter\CodeIgniter->run()
CRITICAL - 2024-03-31 17:37:41 --> unlink(C:\laragon\www\dilg\backend\backend\../uploads/1710252990_101901581bb653f63be8.png): No such file or directory
in APPPATH\Controllers\OfficerVerifyController.php on line 59.
 1 [internal function]: CodeIgniter\Debug\Exceptions->errorHandler(2, 'unlink(C:\\laragon\\www\\dilg\\backend\\backend\\../uploads/1710252990_101901581bb653f63be8.png): No such file or directory', 'C:\\laragon\\www\\dilg\\backend\\backend\\app\\Controllers\\OfficerVerifyController.php', 59)
 2 APPPATH\Controllers\OfficerVerifyController.php(59): unlink('C:\\laragon\\www\\dilg\\backend\\backend\\../uploads/1710252990_101901581bb653f63be8.png')
 3 SYSTEMPATH\CodeIgniter.php(919): App\Controllers\OfficerVerifyController->updateVerification('8')
 4 SYSTEMPATH\CodeIgniter.php(494): CodeIgniter\CodeIgniter->runController(Object(App\Controllers\OfficerVerifyController))
 5 SYSTEMPATH\CodeIgniter.php(353): CodeIgniter\CodeIgniter->handleRequest(null, Object(Config\Cache), false)
 6 FCPATH\index.php(86): CodeIgniter\CodeIgniter->run()
CRITICAL - 2024-03-31 17:39:35 --> Undefined variable $data
in APPPATH\Controllers\OfficerVerifyController.php on line 67.
 1 APPPATH\Controllers\OfficerVerifyController.php(67): CodeIgniter\Debug\Exceptions->errorHandler(2, 'Undefined variable $data', 'C:\\laragon\\www\\dilg\\backend\\backend\\app\\Controllers\\OfficerVerifyController.php', 67)
 2 SYSTEMPATH\CodeIgniter.php(919): App\Controllers\OfficerVerifyController->updateVerification('18')
 3 SYSTEMPATH\CodeIgniter.php(494): CodeIgniter\CodeIgniter->runController(Object(App\Controllers\OfficerVerifyController))
 4 SYSTEMPATH\CodeIgniter.php(353): CodeIgniter\CodeIgniter->handleRequest(null, Object(Config\Cache), false)
 5 FCPATH\index.php(86): CodeIgniter\CodeIgniter->run()
CRITICAL - 2024-03-31 17:39:36 --> Undefined variable $data
in APPPATH\Controllers\OfficerVerifyController.php on line 67.
 1 APPPATH\Controllers\OfficerVerifyController.php(67): CodeIgniter\Debug\Exceptions->errorHandler(2, 'Undefined variable $data', 'C:\\laragon\\www\\dilg\\backend\\backend\\app\\Controllers\\OfficerVerifyController.php', 67)
 2 SYSTEMPATH\CodeIgniter.php(919): App\Controllers\OfficerVerifyController->updateVerification('18')
 3 SYSTEMPATH\CodeIgniter.php(494): CodeIgniter\CodeIgniter->runController(Object(App\Controllers\OfficerVerifyController))
 4 SYSTEMPATH\CodeIgniter.php(353): CodeIgniter\CodeIgniter->handleRequest(null, Object(Config\Cache), false)
 5 FCPATH\index.php(86): CodeIgniter\CodeIgniter->run()
