CRITICAL - 2024-02-19 15:11:48 --> Attempt to read property "image" on array
in APPPATH\Controllers\DatabasePPEController.php on line 217.
 1 APPPATH\Controllers\DatabasePPEController.php(217): CodeIgniter\Debug\Exceptions->errorHandler(2, 'Attempt to read property "image" on array', 'C:\\laragon\\www\\dilg\\backend\\backend\\app\\Controllers\\DatabasePPEController.php', 217)
 2 SYSTEMPATH\CodeIgniter.php(919): App\Controllers\DatabasePPEController->getInventory()
 3 SYSTEMPATH\CodeIgniter.php(494): CodeIgniter\CodeIgniter->runController(Object(App\Controllers\DatabasePPEController))
 4 SYSTEMPATH\CodeIgniter.php(353): CodeIgniter\CodeIgniter->handleRequest(null, Object(Config\Cache), false)
 5 FCPATH\index.php(86): CodeIgniter\CodeIgniter->run()
CRITICAL - 2024-02-19 15:11:51 --> Attempt to read property "image" on array
in APPPATH\Controllers\DatabasePPEController.php on line 217.
 1 APPPATH\Controllers\DatabasePPEController.php(217): CodeIgniter\Debug\Exceptions->errorHandler(2, 'Attempt to read property "image" on array', 'C:\\laragon\\www\\dilg\\backend\\backend\\app\\Controllers\\DatabasePPEController.php', 217)
 2 SYSTEMPATH\CodeIgniter.php(919): App\Controllers\DatabasePPEController->getInventory()
 3 SYSTEMPATH\CodeIgniter.php(494): CodeIgniter\CodeIgniter->runController(Object(App\Controllers\DatabasePPEController))
 4 SYSTEMPATH\CodeIgniter.php(353): CodeIgniter\CodeIgniter->handleRequest(null, Object(Config\Cache), false)
 5 FCPATH\index.php(86): CodeIgniter\CodeIgniter->run()
CRITICAL - 2024-02-19 15:11:53 --> Attempt to read property "image" on array
in APPPATH\Controllers\DatabasePPEController.php on line 217.
 1 APPPATH\Controllers\DatabasePPEController.php(217): CodeIgniter\Debug\Exceptions->errorHandler(2, 'Attempt to read property "image" on array', 'C:\\laragon\\www\\dilg\\backend\\backend\\app\\Controllers\\DatabasePPEController.php', 217)
 2 SYSTEMPATH\CodeIgniter.php(919): App\Controllers\DatabasePPEController->getInventory()
 3 SYSTEMPATH\CodeIgniter.php(494): CodeIgniter\CodeIgniter->runController(Object(App\Controllers\DatabasePPEController))
 4 SYSTEMPATH\CodeIgniter.php(353): CodeIgniter\CodeIgniter->handleRequest(null, Object(Config\Cache), false)
 5 FCPATH\index.php(86): CodeIgniter\CodeIgniter->run()
CRITICAL - 2024-02-19 15:12:10 --> Attempt to read property "image" on array
in APPPATH\Controllers\DatabasePPEController.php on line 217.
 1 APPPATH\Controllers\DatabasePPEController.php(217): CodeIgniter\Debug\Exceptions->errorHandler(2, 'Attempt to read property "image" on array', 'C:\\laragon\\www\\dilg\\backend\\backend\\app\\Controllers\\DatabasePPEController.php', 217)
 2 SYSTEMPATH\CodeIgniter.php(919): App\Controllers\DatabasePPEController->getInventory()
 3 SYSTEMPATH\CodeIgniter.php(494): CodeIgniter\CodeIgniter->runController(Object(App\Controllers\DatabasePPEController))
 4 SYSTEMPATH\CodeIgniter.php(353): CodeIgniter\CodeIgniter->handleRequest(null, Object(Config\Cache), false)
 5 FCPATH\index.php(86): CodeIgniter\CodeIgniter->run()
CRITICAL - 2024-02-19 15:12:21 --> Attempt to read property "image" on array
in APPPATH\Controllers\DatabasePPEController.php on line 217.
 1 APPPATH\Controllers\DatabasePPEController.php(217): CodeIgniter\Debug\Exceptions->errorHandler(2, 'Attempt to read property "image" on array', 'C:\\laragon\\www\\dilg\\backend\\backend\\app\\Controllers\\DatabasePPEController.php', 217)
 2 SYSTEMPATH\CodeIgniter.php(919): App\Controllers\DatabasePPEController->getInventory()
 3 SYSTEMPATH\CodeIgniter.php(494): CodeIgniter\CodeIgniter->runController(Object(App\Controllers\DatabasePPEController))
 4 SYSTEMPATH\CodeIgniter.php(353): CodeIgniter\CodeIgniter->handleRequest(null, Object(Config\Cache), false)
 5 FCPATH\index.php(86): CodeIgniter\CodeIgniter->run()
CRITICAL - 2024-02-19 15:12:41 --> Attempt to read property "image" on array
in APPPATH\Controllers\DatabasePPEController.php on line 217.
 1 APPPATH\Controllers\DatabasePPEController.php(217): CodeIgniter\Debug\Exceptions->errorHandler(2, 'Attempt to read property "image" on array', 'C:\\laragon\\www\\dilg\\backend\\backend\\app\\Controllers\\DatabasePPEController.php', 217)
 2 SYSTEMPATH\CodeIgniter.php(919): App\Controllers\DatabasePPEController->getInventory()
 3 SYSTEMPATH\CodeIgniter.php(494): CodeIgniter\CodeIgniter->runController(Object(App\Controllers\DatabasePPEController))
 4 SYSTEMPATH\CodeIgniter.php(353): CodeIgniter\CodeIgniter->handleRequest(null, Object(Config\Cache), false)
 5 FCPATH\index.php(86): CodeIgniter\CodeIgniter->run()
CRITICAL - 2024-02-19 15:14:04 --> Undefined variable $image
in APPPATH\Controllers\DatabasePPEController.php on line 220.
 1 APPPATH\Controllers\DatabasePPEController.php(220): CodeIgniter\Debug\Exceptions->errorHandler(2, 'Undefined variable $image', 'C:\\laragon\\www\\dilg\\backend\\backend\\app\\Controllers\\DatabasePPEController.php', 220)
 2 SYSTEMPATH\CodeIgniter.php(919): App\Controllers\DatabasePPEController->getInventory()
 3 SYSTEMPATH\CodeIgniter.php(494): CodeIgniter\CodeIgniter->runController(Object(App\Controllers\DatabasePPEController))
 4 SYSTEMPATH\CodeIgniter.php(353): CodeIgniter\CodeIgniter->handleRequest(null, Object(Config\Cache), false)
 5 FCPATH\index.php(86): CodeIgniter\CodeIgniter->run()
CRITICAL - 2024-02-19 16:18:19 --> Too few arguments to function App\Controllers\DatabasePPEController::getInventory(), 0 passed in C:\laragon\www\dilg\backend\backend\system\CodeIgniter.php on line 919 and exactly 1 expected
in APPPATH\Controllers\DatabasePPEController.php on line 212.
 1 SYSTEMPATH\CodeIgniter.php(919): App\Controllers\DatabasePPEController->getInventory()
 2 SYSTEMPATH\CodeIgniter.php(494): CodeIgniter\CodeIgniter->runController(Object(App\Controllers\DatabasePPEController))
 3 SYSTEMPATH\CodeIgniter.php(353): CodeIgniter\CodeIgniter->handleRequest(null, Object(Config\Cache), false)
 4 FCPATH\index.php(86): CodeIgniter\CodeIgniter->run()
CRITICAL - 2024-02-19 16:24:01 --> Cannot use object of type App\Models\InventoryModel as array
in APPPATH\Controllers\DatabasePPEController.php on line 216.
 1 SYSTEMPATH\CodeIgniter.php(919): App\Controllers\DatabasePPEController->getInventory('null')
 2 SYSTEMPATH\CodeIgniter.php(494): CodeIgniter\CodeIgniter->runController(Object(App\Controllers\DatabasePPEController))
 3 SYSTEMPATH\CodeIgniter.php(353): CodeIgniter\CodeIgniter->handleRequest(null, Object(Config\Cache), false)
 4 FCPATH\index.php(86): CodeIgniter\CodeIgniter->run()
