CRITICAL - 2024-08-21 11:21:10 --> Unsupported operand types: string * string
in APPPATH\Controllers\DatabasePPEController.php on line 136.
 1 SYSTEMPATH\CodeIgniter.php(919): App\Controllers\DatabasePPEController->save()
 2 SYSTEMPATH\CodeIgniter.php(494): CodeIgniter\CodeIgniter->runController(Object(App\Controllers\DatabasePPEController))
 3 SYSTEMPATH\CodeIgniter.php(353): CodeIgniter\CodeIgniter->handleRequest(null, Object(Config\Cache), false)
 4 FCPATH\index.php(86): CodeIgniter\CodeIgniter->run()
CRITICAL - 2024-08-21 11:21:11 --> Unsupported operand types: string * string
in APPPATH\Controllers\DatabasePPEController.php on line 136.
 1 SYSTEMPATH\CodeIgniter.php(919): App\Controllers\DatabasePPEController->save()
 2 SYSTEMPATH\CodeIgniter.php(494): CodeIgniter\CodeIgniter->runController(Object(App\Controllers\DatabasePPEController))
 3 SYSTEMPATH\CodeIgniter.php(353): CodeIgniter\CodeIgniter->handleRequest(null, Object(Config\Cache), false)
 4 FCPATH\index.php(86): CodeIgniter\CodeIgniter->run()
CRITICAL - 2024-08-21 11:21:12 --> Unsupported operand types: string * string
in APPPATH\Controllers\DatabasePPEController.php on line 136.
 1 SYSTEMPATH\CodeIgniter.php(919): App\Controllers\DatabasePPEController->save()
 2 SYSTEMPATH\CodeIgniter.php(494): CodeIgniter\CodeIgniter->runController(Object(App\Controllers\DatabasePPEController))
 3 SYSTEMPATH\CodeIgniter.php(353): CodeIgniter\CodeIgniter->handleRequest(null, Object(Config\Cache), false)
 4 FCPATH\index.php(86): CodeIgniter\CodeIgniter->run()
CRITICAL - 2024-08-21 11:21:13 --> Unsupported operand types: string * string
in APPPATH\Controllers\DatabasePPEController.php on line 136.
 1 SYSTEMPATH\CodeIgniter.php(919): App\Controllers\DatabasePPEController->save()
 2 SYSTEMPATH\CodeIgniter.php(494): CodeIgniter\CodeIgniter->runController(Object(App\Controllers\DatabasePPEController))
 3 SYSTEMPATH\CodeIgniter.php(353): CodeIgniter\CodeIgniter->handleRequest(null, Object(Config\Cache), false)
 4 FCPATH\index.php(86): CodeIgniter\CodeIgniter->run()
CRITICAL - 2024-08-21 11:26:03 --> Unsupported operand types: string * string
in APPPATH\Controllers\DatabasePPEController.php on line 136.
 1 SYSTEMPATH\CodeIgniter.php(919): App\Controllers\DatabasePPEController->save()
 2 SYSTEMPATH\CodeIgniter.php(494): CodeIgniter\CodeIgniter->runController(Object(App\Controllers\DatabasePPEController))
 3 SYSTEMPATH\CodeIgniter.php(353): CodeIgniter\CodeIgniter->handleRequest(null, Object(Config\Cache), false)
 4 FCPATH\index.php(86): CodeIgniter\CodeIgniter->run()
CRITICAL - 2024-08-21 11:26:24 --> Unsupported operand types: string * string
in APPPATH\Controllers\DatabasePPEController.php on line 136.
 1 SYSTEMPATH\CodeIgniter.php(919): App\Controllers\DatabasePPEController->save()
 2 SYSTEMPATH\CodeIgniter.php(494): CodeIgniter\CodeIgniter->runController(Object(App\Controllers\DatabasePPEController))
 3 SYSTEMPATH\CodeIgniter.php(353): CodeIgniter\CodeIgniter->handleRequest(null, Object(Config\Cache), false)
 4 FCPATH\index.php(86): CodeIgniter\CodeIgniter->run()
CRITICAL - 2024-08-21 11:26:26 --> Unsupported operand types: string * string
in APPPATH\Controllers\DatabasePPEController.php on line 136.
 1 SYSTEMPATH\CodeIgniter.php(919): App\Controllers\DatabasePPEController->save()
 2 SYSTEMPATH\CodeIgniter.php(494): CodeIgniter\CodeIgniter->runController(Object(App\Controllers\DatabasePPEController))
 3 SYSTEMPATH\CodeIgniter.php(353): CodeIgniter\CodeIgniter->handleRequest(null, Object(Config\Cache), false)
 4 FCPATH\index.php(86): CodeIgniter\CodeIgniter->run()
CRITICAL - 2024-08-21 11:59:19 --> Unsupported operand types: string * string
in APPPATH\Controllers\DatabasePPEController.php on line 136.
 1 SYSTEMPATH\CodeIgniter.php(919): App\Controllers\DatabasePPEController->save()
 2 SYSTEMPATH\CodeIgniter.php(494): CodeIgniter\CodeIgniter->runController(Object(App\Controllers\DatabasePPEController))
 3 SYSTEMPATH\CodeIgniter.php(353): CodeIgniter\CodeIgniter->handleRequest(null, Object(Config\Cache), false)
 4 FCPATH\index.php(86): CodeIgniter\CodeIgniter->run()
CRITICAL - 2024-08-21 11:59:20 --> Unsupported operand types: string * string
in APPPATH\Controllers\DatabasePPEController.php on line 136.
 1 SYSTEMPATH\CodeIgniter.php(919): App\Controllers\DatabasePPEController->save()
 2 SYSTEMPATH\CodeIgniter.php(494): CodeIgniter\CodeIgniter->runController(Object(App\Controllers\DatabasePPEController))
 3 SYSTEMPATH\CodeIgniter.php(353): CodeIgniter\CodeIgniter->handleRequest(null, Object(Config\Cache), false)
 4 FCPATH\index.php(86): CodeIgniter\CodeIgniter->run()
CRITICAL - 2024-08-21 11:59:20 --> Unsupported operand types: string * string
in APPPATH\Controllers\DatabasePPEController.php on line 136.
 1 SYSTEMPATH\CodeIgniter.php(919): App\Controllers\DatabasePPEController->save()
 2 SYSTEMPATH\CodeIgniter.php(494): CodeIgniter\CodeIgniter->runController(Object(App\Controllers\DatabasePPEController))
 3 SYSTEMPATH\CodeIgniter.php(353): CodeIgniter\CodeIgniter->handleRequest(null, Object(Config\Cache), false)
 4 FCPATH\index.php(86): CodeIgniter\CodeIgniter->run()
CRITICAL - 2024-08-21 11:59:21 --> Unsupported operand types: string * string
in APPPATH\Controllers\DatabasePPEController.php on line 136.
 1 SYSTEMPATH\CodeIgniter.php(919): App\Controllers\DatabasePPEController->save()
 2 SYSTEMPATH\CodeIgniter.php(494): CodeIgniter\CodeIgniter->runController(Object(App\Controllers\DatabasePPEController))
 3 SYSTEMPATH\CodeIgniter.php(353): CodeIgniter\CodeIgniter->handleRequest(null, Object(Config\Cache), false)
 4 FCPATH\index.php(86): CodeIgniter\CodeIgniter->run()
CRITICAL - 2024-08-21 11:59:21 --> Unsupported operand types: string * string
in APPPATH\Controllers\DatabasePPEController.php on line 136.
 1 SYSTEMPATH\CodeIgniter.php(919): App\Controllers\DatabasePPEController->save()
 2 SYSTEMPATH\CodeIgniter.php(494): CodeIgniter\CodeIgniter->runController(Object(App\Controllers\DatabasePPEController))
 3 SYSTEMPATH\CodeIgniter.php(353): CodeIgniter\CodeIgniter->handleRequest(null, Object(Config\Cache), false)
 4 FCPATH\index.php(86): CodeIgniter\CodeIgniter->run()
CRITICAL - 2024-08-21 11:59:24 --> Unsupported operand types: string * string
in APPPATH\Controllers\DatabasePPEController.php on line 136.
 1 SYSTEMPATH\CodeIgniter.php(919): App\Controllers\DatabasePPEController->save()
 2 SYSTEMPATH\CodeIgniter.php(494): CodeIgniter\CodeIgniter->runController(Object(App\Controllers\DatabasePPEController))
 3 SYSTEMPATH\CodeIgniter.php(353): CodeIgniter\CodeIgniter->handleRequest(null, Object(Config\Cache), false)
 4 FCPATH\index.php(86): CodeIgniter\CodeIgniter->run()
CRITICAL - 2024-08-21 11:59:24 --> Unsupported operand types: string * string
in APPPATH\Controllers\DatabasePPEController.php on line 136.
 1 SYSTEMPATH\CodeIgniter.php(919): App\Controllers\DatabasePPEController->save()
 2 SYSTEMPATH\CodeIgniter.php(494): CodeIgniter\CodeIgniter->runController(Object(App\Controllers\DatabasePPEController))
 3 SYSTEMPATH\CodeIgniter.php(353): CodeIgniter\CodeIgniter->handleRequest(null, Object(Config\Cache), false)
 4 FCPATH\index.php(86): CodeIgniter\CodeIgniter->run()
CRITICAL - 2024-08-21 11:59:25 --> Unsupported operand types: string * string
in APPPATH\Controllers\DatabasePPEController.php on line 136.
 1 SYSTEMPATH\CodeIgniter.php(919): App\Controllers\DatabasePPEController->save()
 2 SYSTEMPATH\CodeIgniter.php(494): CodeIgniter\CodeIgniter->runController(Object(App\Controllers\DatabasePPEController))
 3 SYSTEMPATH\CodeIgniter.php(353): CodeIgniter\CodeIgniter->handleRequest(null, Object(Config\Cache), false)
 4 FCPATH\index.php(86): CodeIgniter\CodeIgniter->run()
CRITICAL - 2024-08-21 11:59:25 --> Unsupported operand types: string * string
in APPPATH\Controllers\DatabasePPEController.php on line 136.
 1 SYSTEMPATH\CodeIgniter.php(919): App\Controllers\DatabasePPEController->save()
 2 SYSTEMPATH\CodeIgniter.php(494): CodeIgniter\CodeIgniter->runController(Object(App\Controllers\DatabasePPEController))
 3 SYSTEMPATH\CodeIgniter.php(353): CodeIgniter\CodeIgniter->handleRequest(null, Object(Config\Cache), false)
 4 FCPATH\index.php(86): CodeIgniter\CodeIgniter->run()
CRITICAL - 2024-08-21 14:55:13 --> Unsupported operand types: string * string
in APPPATH\Controllers\DatabasePPEController.php on line 136.
 1 SYSTEMPATH\CodeIgniter.php(919): App\Controllers\DatabasePPEController->save()
 2 SYSTEMPATH\CodeIgniter.php(494): CodeIgniter\CodeIgniter->runController(Object(App\Controllers\DatabasePPEController))
 3 SYSTEMPATH\CodeIgniter.php(353): CodeIgniter\CodeIgniter->handleRequest(null, Object(Config\Cache), false)
 4 FCPATH\index.php(86): CodeIgniter\CodeIgniter->run()
CRITICAL - 2024-08-21 14:55:13 --> Unsupported operand types: string * string
in APPPATH\Controllers\DatabasePPEController.php on line 136.
 1 SYSTEMPATH\CodeIgniter.php(919): App\Controllers\DatabasePPEController->save()
 2 SYSTEMPATH\CodeIgniter.php(494): CodeIgniter\CodeIgniter->runController(Object(App\Controllers\DatabasePPEController))
 3 SYSTEMPATH\CodeIgniter.php(353): CodeIgniter\CodeIgniter->handleRequest(null, Object(Config\Cache), false)
 4 FCPATH\index.php(86): CodeIgniter\CodeIgniter->run()
CRITICAL - 2024-08-21 14:55:14 --> Unsupported operand types: string * string
in APPPATH\Controllers\DatabasePPEController.php on line 136.
 1 SYSTEMPATH\CodeIgniter.php(919): App\Controllers\DatabasePPEController->save()
 2 SYSTEMPATH\CodeIgniter.php(494): CodeIgniter\CodeIgniter->runController(Object(App\Controllers\DatabasePPEController))
 3 SYSTEMPATH\CodeIgniter.php(353): CodeIgniter\CodeIgniter->handleRequest(null, Object(Config\Cache), false)
 4 FCPATH\index.php(86): CodeIgniter\CodeIgniter->run()
CRITICAL - 2024-08-21 14:55:14 --> Unsupported operand types: string * string
in APPPATH\Controllers\DatabasePPEController.php on line 136.
 1 SYSTEMPATH\CodeIgniter.php(919): App\Controllers\DatabasePPEController->save()
 2 SYSTEMPATH\CodeIgniter.php(494): CodeIgniter\CodeIgniter->runController(Object(App\Controllers\DatabasePPEController))
 3 SYSTEMPATH\CodeIgniter.php(353): CodeIgniter\CodeIgniter->handleRequest(null, Object(Config\Cache), false)
 4 FCPATH\index.php(86): CodeIgniter\CodeIgniter->run()
